<?xml version="1.0" encoding="UTF-8"?>
<testsuites name="Pension Details" time="39" tests="1" failures="0" errors="0">
   <testsuite name="Pension Details" tests="1" failures="0" errors="0" time="39" timestamp="2018-05-18 14:48:44" hostname="ROOPNARAS01 - 5CG7200TWH.SD.DIKA.BE" id="Test Suites/Pension Details">
      <properties>
         <property name="deviceName" value=""/>
         <property name="devicePlatform" value=""/>
         <property name="logFolder" value="C:\\Users\\ROOPNARAS01\\Katalon Studio\\TestAutomation\\Reports\\Pension Details\\20180518_144841"/>
         <property name="logFiles" value="C:\\Users\\ROOPNARAS01\\Katalon Studio\\TestAutomation\\Reports\\Pension Details\\20180518_144841\\execution0.log"/>
         <property name="attachments" value=""/>
         <property name="hostName" value="ROOPNARAS01 - 5CG7200TWH.SD.DIKA.BE"/>
         <property name="os" value="Windows 10 64bit"/>
         <property name="katalonVersion" value="5.3.0.1"/>
         <property name="browser" value="Chrome 66.0.3359.181"/>
         <property name="hostAddress" value="10.136.81.57"/>
         <property name="sessionId" value="0704c78c3f6e10326ef1b5e689d0e2e2"/>
         <property name="seleniumVersion" value="3.7.1"/>
         <property name="proxyInformation" value="ProxyInformation{proxyOption=NO_PROXY, proxyServerType=HTTP, password=, proxyServerAddress=, proxyServerPort=0}"/>
         <property name="platform" value="Windows 10"/>
      </properties>
      <testcase name="Test Cases/Misc/Login" classname="Test Cases/Misc/Login" status="PASSED">
         <system-out><![CDATA[2018-05-18 14:48:45 - [TEST_CASE][PASSED] - Test Cases/Misc/Login: Test Cases/Misc/Login

2018-05-18 14:48:45 - [TEST_STEP][PASSED] - openBrowser: Browser is opened with url: 'https://implementationtoolkit.azurewebsites.net/'

2018-05-18 14:48:53 - [MESSAGE][PASSED] - Browser is opened with url: 'https://implementationtoolkit.azurewebsites.net/'

2018-05-18 14:48:53 - [TEST_STEP][PASSED] - navigateToUrl: Navigate to 'https://implementationtoolkit.azurewebsites.net/' successfully

2018-05-18 14:48:56 - [MESSAGE][PASSED] - Navigate to 'https://implementationtoolkit.azurewebsites.net/' successfully

2018-05-18 14:48:56 - [TEST_STEP][PASSED] - setText: Text 'Sanjeev@sdworx.com' is set on object 'Object Repository/Login/input_loginfmt (1)'

2018-05-18 14:48:57 - [MESSAGE][PASSED] - Text 'Sanjeev@sdworx.com' is set on object 'Object Repository/Login/input_loginfmt (1)'

2018-05-18 14:48:57 - [TEST_STEP][PASSED] - click: Object: 'Object Repository/Login/input_idSIButton9 (1)' is clicked on

2018-05-18 14:48:57 - [MESSAGE][PASSED] - Object: 'Object Repository/Login/input_idSIButton9 (1)' is clicked on

2018-05-18 14:48:57 - [TEST_STEP][PASSED] - delay: Delayed 5 second(s)

2018-05-18 14:49:02 - [MESSAGE][PASSED] - Delayed 5 second(s)

2018-05-18 14:49:02 - [TEST_STEP][PASSED] - mouseOver: Object: 'Object Repository/Login/button_Your Setup' is hovered

2018-05-18 14:49:06 - [MESSAGE][PASSED] - Object: 'Object Repository/Login/button_Your Setup' is hovered

2018-05-18 14:49:06 - [TEST_STEP][PASSED] - delay: Delayed 5 second(s)

2018-05-18 14:49:11 - [MESSAGE][PASSED] - Delayed 5 second(s)

2018-05-18 14:49:11 - [TEST_STEP][PASSED] - click: Object: 'Object Repository/Login/button_Your Setup' is clicked on

2018-05-18 14:49:11 - [MESSAGE][PASSED] - Object: 'Object Repository/Login/button_Your Setup' is clicked on

2018-05-18 14:49:11 - [TEST_STEP][PASSED] - delay: Delayed 5 second(s)

2018-05-18 14:49:16 - [MESSAGE][PASSED] - Delayed 5 second(s)

2018-05-18 14:49:16 - [TEST_STEP][PASSED] - mouseOver: Object: 'Object Repository/Login/a_Your Pay  Benefits' is hovered

2018-05-18 14:49:16 - [MESSAGE][PASSED] - Object: 'Object Repository/Login/a_Your Pay  Benefits' is hovered

2018-05-18 14:49:16 - [TEST_STEP][PASSED] - delay: Delayed 5 second(s)

2018-05-18 14:49:21 - [MESSAGE][PASSED] - Delayed 5 second(s)

2018-05-18 14:49:21 - [TEST_STEP][PASSED] - click: Object: 'Object Repository/Login/a_Pension' is clicked on

2018-05-18 14:49:23 - [MESSAGE][PASSED] - Object: 'Object Repository/Login/a_Pension' is clicked on]]></system-out>
         <system-err><![CDATA[]]></system-err>
      </testcase>
      <system-out><![CDATA[2018-05-18 14:48:44 - [TEST_SUITE][PASSED] - Pension Details: Test Cases/Misc/Login]]></system-out>
      <system-err><![CDATA[]]></system-err>
   </testsuite>
</testsuites>
