<?xml version="1.0" encoding="UTF-8"?>
<testsuites name="Smoke Test" time="582" tests="9" failures="4" errors="0">
   <testsuite name="Smoke Test" tests="9" failures="4" errors="0" time="582" timestamp="2019-02-18 16:16:46" hostname="SD466525 - PC0871RF.SD.DIKA.BE" id="Test Suites/Smoke Test">
      <properties>
         <property name="deviceName" value=""/>
         <property name="devicePlatform" value=""/>
         <property name="logFolder" value="C:\\Users\\SD466525.DAN001\\git\\Test-Automation_ToolkitVersion2\\Reports\\Smoke Test\\20190218_161638"/>
         <property name="logFiles" value="C:\\Users\\SD466525.DAN001\\git\\Test-Automation_ToolkitVersion2\\Reports\\Smoke Test\\20190218_161638\\execution0.log"/>
         <property name="attachments" value="C:\\Users\\SD466525.DAN001\\git\\Test-Automation_ToolkitVersion2\\Reports\\Smoke Test\\20190218_161638\\1550492366876.png, C:\\Users\\SD466525.DAN001\\git\\Test-Automation_ToolkitVersion2\\Reports\\Smoke Test\\20190218_161638\\1550492663604.png, C:\\Users\\SD466525.DAN001\\git\\Test-Automation_ToolkitVersion2\\Reports\\Smoke Test\\20190218_161638\\1550492744795.png"/>
         <property name="hostName" value="SD466525 - PC0871RF.SD.DIKA.BE"/>
         <property name="os" value="Windows 10 64bit"/>
         <property name="katalonVersion" value="5.10.0.1"/>
         <property name="browser" value="Chrome 72.0.3626.109"/>
         <property name="hostAddress" value="192.168.97.1"/>
         <property name="sessionId" value="4639bb98b51d482e540f90cf289fe16e"/>
         <property name="seleniumVersion" value="3.7.1"/>
         <property name="proxyInformation" value="ProxyInformation{proxyOption=NO_PROXY, proxyServerType=HTTP, password=, proxyServerAddress=, proxyServerPort=0}"/>
         <property name="platform" value="Windows 10"/>
      </properties>
      <testcase name="Test Cases/Smoke Test/ValidLogin" classname="Test Cases/Smoke Test/ValidLogin" status="PASSED">
         <system-out><![CDATA[2019-02-18 16:16:47 - [TEST_CASE][PASSED] - Test Cases/Smoke Test/ValidLogin: Test Cases/Smoke Test/ValidLogin

2019-02-18 16:16:48 - [TEST_STEP][PASSED] - openBrowser(findTestData("Environment").getValue("URL", 1)): Browser is opened with url: 'https://implementationuat.sdworx.co.uk/'

2019-02-18 16:16:50 - [MESSAGE][INFO] - Starting 'Chrome' driver

2019-02-18 16:16:50 - [MESSAGE][INFO] - Action delay is set to 0 seconds

2019-02-18 16:16:57 - [MESSAGE][PASSED] - Browser is opened with url: 'https://implementationuat.sdworx.co.uk/'

2019-02-18 16:16:57 - [TEST_STEP][PASSED] - maximizeWindow(): Current window maximized

2019-02-18 16:16:58 - [MESSAGE][PASSED] - Current window maximized

2019-02-18 16:16:58 - [TEST_STEP][PASSED] - navigateToUrl(findTestData("Environment").getValue("URL", 1)): Navigate to 'https://implementationuat.sdworx.co.uk/' successfully

2019-02-18 16:16:59 - [MESSAGE][PASSED] - Navigate to 'https://implementationuat.sdworx.co.uk/' successfully

2019-02-18 16:16:59 - [TEST_STEP][PASSED] - setText(findTestObject("Object Repository/Login/input_Email"), findTestData("Login").getValue("Username", 1)): Text 'purmanand.roopnah@sdworx.com' is set on object 'Object Repository/Login/input_Email'

2019-02-18 16:16:59 - [MESSAGE][PASSED] - Text 'purmanand.roopnah@sdworx.com' is set on object 'Object Repository/Login/input_Email'

2019-02-18 16:16:59 - [TEST_STEP][PASSED] - setText(findTestObject("Object Repository/Login/input_Password"), findTestData("Login").getValue("Password", 1)): Text 'Manish_2505' is set on object 'Object Repository/Login/input_Password'

2019-02-18 16:17:00 - [MESSAGE][PASSED] - Text 'Manish_2505' is set on object 'Object Repository/Login/input_Password'

2019-02-18 16:17:00 - [TEST_STEP][PASSED] - click(findTestObject("Object Repository/Login/input_btn btn-default")): Object: 'Object Repository/Login/input_btn btn-default' is clicked on

2019-02-18 16:17:02 - [MESSAGE][PASSED] - Object: 'Object Repository/Login/input_btn btn-default' is clicked on

2019-02-18 16:17:02 - [TEST_STEP][NOT_RUN] - selectOptionByLabel(findTestObject("Dropdown Lists/Select Organisation/Select Org"), "Panasonic Mauritius", true): NOT_RUN: selectOptionByLabel(findTestObject("Dropdown Lists/Select Organisation/Select Org"), "Panasonic Mauritius", true)

2019-02-18 16:17:02 - [MESSAGE][NOT_RUN] - NOT_RUN: selectOptionByLabel(findTestObject("Dropdown Lists/Select Organisation/Select Org"), "Panasonic Mauritius", true)

2019-02-18 16:17:02 - [TEST_STEP][NOT_RUN] - verifyElementPresent(findTestObject("Logout/Logout_dropdown"), 10, CONTINUE_ON_FAILURE): NOT_RUN: verifyElementPresent(findTestObject("Logout/Logout_dropdown"), 10, CONTINUE_ON_FAILURE)

2019-02-18 16:17:02 - [MESSAGE][NOT_RUN] - NOT_RUN: verifyElementPresent(findTestObject("Logout/Logout_dropdown"), 10, CONTINUE_ON_FAILURE)

2019-02-18 16:17:02 - [TEST_STEP][NOT_RUN] - click(findTestObject("Logout/Logout_dropdown")): NOT_RUN: click(findTestObject("Logout/Logout_dropdown"))

2019-02-18 16:17:02 - [MESSAGE][NOT_RUN] - NOT_RUN: click(findTestObject("Logout/Logout_dropdown"))

2019-02-18 16:17:02 - [TEST_STEP][NOT_RUN] - verifyElementPresent(findTestObject("Logout/a_Logout"), 10, CONTINUE_ON_FAILURE): NOT_RUN: verifyElementPresent(findTestObject("Logout/a_Logout"), 10, CONTINUE_ON_FAILURE)

2019-02-18 16:17:02 - [MESSAGE][NOT_RUN] - NOT_RUN: verifyElementPresent(findTestObject("Logout/a_Logout"), 10, CONTINUE_ON_FAILURE)

2019-02-18 16:17:02 - [TEST_STEP][NOT_RUN] - click(findTestObject("Logout/a_Logout")): NOT_RUN: click(findTestObject("Logout/a_Logout"))

2019-02-18 16:17:02 - [MESSAGE][NOT_RUN] - NOT_RUN: click(findTestObject("Logout/a_Logout"))

2019-02-18 16:17:02 - [TEST_STEP][NOT_RUN] - closeBrowser(): NOT_RUN: closeBrowser()

2019-02-18 16:17:02 - [MESSAGE][NOT_RUN] - NOT_RUN: closeBrowser()

2019-02-18 16:17:02 - [TEST_STEP][NOT_RUN] - toolkit.MySql.connectDB("CERRSQL2UTIL.aspnc.local", "ImplementationToolkit ", "4413", "ImpToolkit", "0E47iz93"): NOT_RUN: toolkit.MySql.connectDB("CERRSQL2UTIL.aspnc.local", "ImplementationToolkit ", "4413", "ImpToolkit", "0E47iz93")

2019-02-18 16:17:02 - [MESSAGE][NOT_RUN] - NOT_RUN: toolkit.MySql.connectDB("CERRSQL2UTIL.aspnc.local", "ImplementationToolkit ", "4413", "ImpToolkit", "0E47iz93")

2019-02-18 16:17:02 - [TEST_STEP][NOT_RUN] - Data = toolkit.MySql.executeQuery("select id from AspNetUsers where Email='purmanand.roopnah@sdworx.com';"): NOT_RUN: Data = toolkit.MySql.executeQuery("select id from AspNetUsers where Email='purmanand.roopnah@sdworx.com';")

2019-02-18 16:17:02 - [MESSAGE][NOT_RUN] - NOT_RUN: Data = toolkit.MySql.executeQuery("select id from AspNetUsers where Email='purmanand.roopnah@sdworx.com';")

2019-02-18 16:17:02 - [TEST_STEP][NOT_RUN] - PrintLn("Data"): NOT_RUN: PrintLn("Data")

2019-02-18 16:17:02 - [MESSAGE][NOT_RUN] - NOT_RUN: PrintLn("Data")]]></system-out>
         <system-err><![CDATA[]]></system-err>
      </testcase>
      <testcase name="Test Cases/Smoke Test/InvalidLogin" classname="Test Cases/Smoke Test/InvalidLogin" status="PASSED">
         <system-out><![CDATA[2019-02-18 16:17:02 - [TEST_CASE][PASSED] - Test Cases/Smoke Test/InvalidLogin: Test Cases/Smoke Test/InvalidLogin

2019-02-18 16:17:03 - [TEST_STEP][PASSED] - openBrowser(findTestData("Environment").getValue("URL", 1)): Browser is opened with url: 'https://implementationuat.sdworx.co.uk/'

2019-02-18 16:17:03 - [MESSAGE][WARNING] - A browser is already opened. Closing browser and opening a new one

2019-02-18 16:17:04 - [MESSAGE][INFO] - Starting 'Chrome' driver

2019-02-18 16:17:09 - [MESSAGE][PASSED] - Browser is opened with url: 'https://implementationuat.sdworx.co.uk/'

2019-02-18 16:17:09 - [TEST_STEP][PASSED] - maximizeWindow(): Current window maximized

2019-02-18 16:17:10 - [MESSAGE][PASSED] - Current window maximized

2019-02-18 16:17:10 - [TEST_STEP][PASSED] - navigateToUrl(findTestData("Environment").getValue("URL", 1)): Navigate to 'https://implementationuat.sdworx.co.uk/' successfully

2019-02-18 16:17:11 - [MESSAGE][PASSED] - Navigate to 'https://implementationuat.sdworx.co.uk/' successfully

2019-02-18 16:17:11 - [TEST_STEP][PASSED] - setText(findTestObject("Object Repository/Login/input_Email"), findTestData("Login").getValue("Username", 5)): Text 'purmanand.roopnah@sdworx.com' is set on object 'Object Repository/Login/input_Email'

2019-02-18 16:17:11 - [MESSAGE][PASSED] - Text 'purmanand.roopnah@sdworx.com' is set on object 'Object Repository/Login/input_Email'

2019-02-18 16:17:11 - [TEST_STEP][PASSED] - setText(findTestObject("Object Repository/Login/input_Password"), findTestData("Login").getValue("Password", 5)): Text 'tttt' is set on object 'Object Repository/Login/input_Password'

2019-02-18 16:17:11 - [MESSAGE][PASSED] - Text 'tttt' is set on object 'Object Repository/Login/input_Password'

2019-02-18 16:17:11 - [TEST_STEP][PASSED] - click(findTestObject("Object Repository/Login/input_btn btn-default")): Object: 'Object Repository/Login/input_btn btn-default' is clicked on

2019-02-18 16:17:12 - [MESSAGE][PASSED] - Object: 'Object Repository/Login/input_btn btn-default' is clicked on

2019-02-18 16:17:12 - [TEST_STEP][PASSED] - verifyElementPresent(findTestObject("Fields Validation/Login/InvalidLogin"), 0, CONTINUE_ON_FAILURE): Object 'Object Repository/Fields Validation/Login/InvalidLogin' is present

2019-02-18 16:17:12 - [MESSAGE][WARNING] - Timeout '0' is invalid. Using default page load timeout: '30'

2019-02-18 16:17:13 - [MESSAGE][PASSED] - Object 'Object Repository/Fields Validation/Login/InvalidLogin' is present

2019-02-18 16:17:13 - [TEST_STEP][PASSED] - closeBrowser(): Browser is closed

2019-02-18 16:17:13 - [MESSAGE][PASSED] - Browser is closed]]></system-out>
         <system-err><![CDATA[]]></system-err>
      </testcase>
      <testcase name="Test Cases/Smoke Test/Navigation Your Payroll Rules" classname="Test Cases/Smoke Test/Navigation Your Payroll Rules" status="PASSED">
         <system-out><![CDATA[2019-02-18 16:17:13 - [TEST_CASE][PASSED] - Test Cases/Smoke Test/Navigation Your Payroll Rules: Test Cases/Smoke Test/Navigation Your Payroll Rules

2019-02-18 16:17:14 - [TEST_STEP][PASSED] - callTestCase(findTestCase("Smoke Test/ValidLogin"), [:], CONTINUE_ON_FAILURE): Call Test Case 'Test Cases/Smoke Test/ValidLogin' successfully

2019-02-18 16:17:14 - [TEST_CASE][PASSED] - Test Cases/Smoke Test/ValidLogin: Test Cases/Smoke Test/ValidLogin

2019-02-18 16:17:14 - [TEST_STEP][PASSED] - openBrowser(findTestData("Environment").getValue("URL", 1)): Browser is opened with url: 'https://implementationuat.sdworx.co.uk/'

2019-02-18 16:17:14 - [MESSAGE][INFO] - Starting 'Chrome' driver

2019-02-18 16:17:21 - [MESSAGE][PASSED] - Browser is opened with url: 'https://implementationuat.sdworx.co.uk/'

2019-02-18 16:17:21 - [TEST_STEP][PASSED] - maximizeWindow(): Current window maximized

2019-02-18 16:17:23 - [MESSAGE][PASSED] - Current window maximized

2019-02-18 16:17:23 - [TEST_STEP][PASSED] - navigateToUrl(findTestData("Environment").getValue("URL", 1)): Navigate to 'https://implementationuat.sdworx.co.uk/' successfully

2019-02-18 16:17:24 - [MESSAGE][PASSED] - Navigate to 'https://implementationuat.sdworx.co.uk/' successfully

2019-02-18 16:17:24 - [TEST_STEP][PASSED] - setText(findTestObject("Object Repository/Login/input_Email"), findTestData("Login").getValue("Username", 1)): Text 'purmanand.roopnah@sdworx.com' is set on object 'Object Repository/Login/input_Email'

2019-02-18 16:17:24 - [MESSAGE][PASSED] - Text 'purmanand.roopnah@sdworx.com' is set on object 'Object Repository/Login/input_Email'

2019-02-18 16:17:24 - [TEST_STEP][PASSED] - setText(findTestObject("Object Repository/Login/input_Password"), findTestData("Login").getValue("Password", 1)): Text 'Manish_2505' is set on object 'Object Repository/Login/input_Password'

2019-02-18 16:17:24 - [MESSAGE][PASSED] - Text 'Manish_2505' is set on object 'Object Repository/Login/input_Password'

2019-02-18 16:17:24 - [TEST_STEP][PASSED] - click(findTestObject("Object Repository/Login/input_btn btn-default")): Object: 'Object Repository/Login/input_btn btn-default' is clicked on

2019-02-18 16:17:26 - [MESSAGE][PASSED] - Object: 'Object Repository/Login/input_btn btn-default' is clicked on

2019-02-18 16:17:26 - [TEST_STEP][NOT_RUN] - selectOptionByLabel(findTestObject("Dropdown Lists/Select Organisation/Select Org"), "Panasonic Mauritius", true): NOT_RUN: selectOptionByLabel(findTestObject("Dropdown Lists/Select Organisation/Select Org"), "Panasonic Mauritius", true)

2019-02-18 16:17:26 - [MESSAGE][NOT_RUN] - NOT_RUN: selectOptionByLabel(findTestObject("Dropdown Lists/Select Organisation/Select Org"), "Panasonic Mauritius", true)

2019-02-18 16:17:26 - [TEST_STEP][NOT_RUN] - verifyElementPresent(findTestObject("Logout/Logout_dropdown"), 10, CONTINUE_ON_FAILURE): NOT_RUN: verifyElementPresent(findTestObject("Logout/Logout_dropdown"), 10, CONTINUE_ON_FAILURE)

2019-02-18 16:17:26 - [MESSAGE][NOT_RUN] - NOT_RUN: verifyElementPresent(findTestObject("Logout/Logout_dropdown"), 10, CONTINUE_ON_FAILURE)

2019-02-18 16:17:26 - [TEST_STEP][NOT_RUN] - click(findTestObject("Logout/Logout_dropdown")): NOT_RUN: click(findTestObject("Logout/Logout_dropdown"))

2019-02-18 16:17:26 - [MESSAGE][NOT_RUN] - NOT_RUN: click(findTestObject("Logout/Logout_dropdown"))

2019-02-18 16:17:26 - [TEST_STEP][NOT_RUN] - verifyElementPresent(findTestObject("Logout/a_Logout"), 10, CONTINUE_ON_FAILURE): NOT_RUN: verifyElementPresent(findTestObject("Logout/a_Logout"), 10, CONTINUE_ON_FAILURE)

2019-02-18 16:17:26 - [MESSAGE][NOT_RUN] - NOT_RUN: verifyElementPresent(findTestObject("Logout/a_Logout"), 10, CONTINUE_ON_FAILURE)

2019-02-18 16:17:26 - [TEST_STEP][NOT_RUN] - click(findTestObject("Logout/a_Logout")): NOT_RUN: click(findTestObject("Logout/a_Logout"))

2019-02-18 16:17:26 - [MESSAGE][NOT_RUN] - NOT_RUN: click(findTestObject("Logout/a_Logout"))

2019-02-18 16:17:26 - [TEST_STEP][NOT_RUN] - closeBrowser(): NOT_RUN: closeBrowser()

2019-02-18 16:17:26 - [MESSAGE][NOT_RUN] - NOT_RUN: closeBrowser()

2019-02-18 16:17:26 - [TEST_STEP][NOT_RUN] - toolkit.MySql.connectDB("CERRSQL2UTIL.aspnc.local", "ImplementationToolkit ", "4413", "ImpToolkit", "0E47iz93"): NOT_RUN: toolkit.MySql.connectDB("CERRSQL2UTIL.aspnc.local", "ImplementationToolkit ", "4413", "ImpToolkit", "0E47iz93")

2019-02-18 16:17:26 - [MESSAGE][NOT_RUN] - NOT_RUN: toolkit.MySql.connectDB("CERRSQL2UTIL.aspnc.local", "ImplementationToolkit ", "4413", "ImpToolkit", "0E47iz93")

2019-02-18 16:17:26 - [TEST_STEP][NOT_RUN] - Data = toolkit.MySql.executeQuery("select id from AspNetUsers where Email='purmanand.roopnah@sdworx.com';"): NOT_RUN: Data = toolkit.MySql.executeQuery("select id from AspNetUsers where Email='purmanand.roopnah@sdworx.com';")

2019-02-18 16:17:26 - [MESSAGE][NOT_RUN] - NOT_RUN: Data = toolkit.MySql.executeQuery("select id from AspNetUsers where Email='purmanand.roopnah@sdworx.com';")

2019-02-18 16:17:26 - [TEST_STEP][NOT_RUN] - PrintLn("Data"): NOT_RUN: PrintLn("Data")

2019-02-18 16:17:26 - [MESSAGE][NOT_RUN] - NOT_RUN: PrintLn("Data")

2019-02-18 16:17:26 - [MESSAGE][PASSED] - Call Test Case 'Test Cases/Smoke Test/ValidLogin' successfully

2019-02-18 16:17:26 - [TEST_STEP][PASSED] - callTestCase(findTestCase("Navigations/Navigation - Basic Details"), [:], CONTINUE_ON_FAILURE): Call Test Case 'Test Cases/Navigations/Navigation - Basic Details' successfully

2019-02-18 16:17:26 - [TEST_CASE][PASSED] - Test Cases/Navigations/Navigation - Basic Details: Test Cases/Navigations/Navigation - Basic Details

2019-02-18 16:17:27 - [TEST_STEP][PASSED] - delay(5): Delayed 5 second(s)

2019-02-18 16:17:32 - [MESSAGE][PASSED] - Delayed 5 second(s)

2019-02-18 16:17:32 - [TEST_STEP][PASSED] - click(findTestObject("Navigations/Navigation - Basics Details/Page_Implementation Toolkit/span_Your Payroll Rules")): Object: 'Object Repository/Navigations/Navigation - Basics Details/Page_Implementation Toolkit/span_Your Payroll Rules' is clicked on

2019-02-18 16:17:32 - [MESSAGE][PASSED] - Object: 'Object Repository/Navigations/Navigation - Basics Details/Page_Implementation Toolkit/span_Your Payroll Rules' is clicked on

2019-02-18 16:17:32 - [TEST_STEP][PASSED] - delay(2): Delayed 2 second(s)

2019-02-18 16:17:34 - [MESSAGE][PASSED] - Delayed 2 second(s)

2019-02-18 16:17:34 - [TEST_STEP][PASSED] - click(findTestObject("Navigations/Navigation - Basics Details/Page_Implementation Toolkit/a_Payroll Basic Details")): Object: 'Object Repository/Navigations/Navigation - Basics Details/Page_Implementation Toolkit/a_Payroll Basic Details' is clicked on

2019-02-18 16:17:38 - [MESSAGE][PASSED] - Object: 'Object Repository/Navigations/Navigation - Basics Details/Page_Implementation Toolkit/a_Payroll Basic Details' is clicked on

2019-02-18 16:17:38 - [TEST_STEP][PASSED] - delay(2): Delayed 2 second(s)

2019-02-18 16:17:40 - [MESSAGE][PASSED] - Delayed 2 second(s)

2019-02-18 16:17:40 - [TEST_STEP][PASSED] - mouseOver(findTestObject("Navigations/Navigation - Basics Details/Page_Implementation Toolkit/button_Next")): Object: 'Object Repository/Navigations/Navigation - Basics Details/Page_Implementation Toolkit/button_Next' is hovered

2019-02-18 16:17:40 - [MESSAGE][PASSED] - Object: 'Object Repository/Navigations/Navigation - Basics Details/Page_Implementation Toolkit/button_Next' is hovered

2019-02-18 16:17:40 - [TEST_STEP][PASSED] - click(findTestObject("Navigations/Navigation - Basics Details/Page_Implementation Toolkit/h3_Payroll Number")): Object: 'Object Repository/Navigations/Navigation - Basics Details/Page_Implementation Toolkit/h3_Payroll Number' is clicked on

2019-02-18 16:17:40 - [MESSAGE][PASSED] - Object: 'Object Repository/Navigations/Navigation - Basics Details/Page_Implementation Toolkit/h3_Payroll Number' is clicked on

2019-02-18 16:17:40 - [MESSAGE][PASSED] - Call Test Case 'Test Cases/Navigations/Navigation - Basic Details' successfully

2019-02-18 16:17:40 - [TEST_STEP][PASSED] - callTestCase(findTestCase("Navigations/Navigation - Tax Groups"), [:], CONTINUE_ON_FAILURE): Call Test Case 'Test Cases/Navigations/Navigation - Tax Groups' successfully

2019-02-18 16:17:40 - [TEST_CASE][PASSED] - Test Cases/Navigations/Navigation - Tax Groups: Test Cases/Navigations/Navigation - Tax Groups

2019-02-18 16:17:41 - [TEST_STEP][PASSED] - delay(2): Delayed 2 second(s)

2019-02-18 16:17:43 - [MESSAGE][PASSED] - Delayed 2 second(s)

2019-02-18 16:17:43 - [TEST_STEP][PASSED] - click(findTestObject("Navigations/Navigation - Basics Details/Page_Implementation Toolkit/span_Your Payroll Rules")): Object: 'Object Repository/Navigations/Navigation - Basics Details/Page_Implementation Toolkit/span_Your Payroll Rules' is clicked on

2019-02-18 16:17:43 - [MESSAGE][PASSED] - Object: 'Object Repository/Navigations/Navigation - Basics Details/Page_Implementation Toolkit/span_Your Payroll Rules' is clicked on

2019-02-18 16:17:43 - [TEST_STEP][PASSED] - delay(3): Delayed 3 second(s)

2019-02-18 16:17:46 - [MESSAGE][PASSED] - Delayed 3 second(s)

2019-02-18 16:17:46 - [TEST_STEP][PASSED] - click(findTestObject("Navigations/Navigation - Tax Groups/a_Tax Groups")): Object: 'Object Repository/Navigations/Navigation - Tax Groups/a_Tax Groups' is clicked on

2019-02-18 16:17:49 - [MESSAGE][PASSED] - Object: 'Object Repository/Navigations/Navigation - Tax Groups/a_Tax Groups' is clicked on

2019-02-18 16:17:49 - [TEST_STEP][PASSED] - delay(2): Delayed 2 second(s)

2019-02-18 16:17:51 - [MESSAGE][PASSED] - Delayed 2 second(s)

2019-02-18 16:17:51 - [TEST_STEP][PASSED] - verifyElementPresent(findTestObject("Navigations/Navigation - Tax Groups/a_Add Tax Group"), 0, CONTINUE_ON_FAILURE): Object 'Object Repository/Navigations/Navigation - Tax Groups/a_Add Tax Group' is present

2019-02-18 16:17:51 - [MESSAGE][WARNING] - Timeout '0' is invalid. Using default page load timeout: '30'

2019-02-18 16:17:51 - [MESSAGE][PASSED] - Object 'Object Repository/Navigations/Navigation - Tax Groups/a_Add Tax Group' is present

2019-02-18 16:17:51 - [TEST_STEP][PASSED] - click(findTestObject("Navigations/Navigation - Tax Groups/SearchButton")): Object: 'Object Repository/Navigations/Navigation - Tax Groups/SearchButton' is clicked on

2019-02-18 16:17:51 - [MESSAGE][PASSED] - Object: 'Object Repository/Navigations/Navigation - Tax Groups/SearchButton' is clicked on

2019-02-18 16:17:51 - [MESSAGE][PASSED] - Call Test Case 'Test Cases/Navigations/Navigation - Tax Groups' successfully

2019-02-18 16:17:51 - [TEST_STEP][PASSED] - callTestCase(findTestCase("Navigations/Navigation - Pay Groups"), [:], CONTINUE_ON_FAILURE): Call Test Case 'Test Cases/Navigations/Navigation - Pay Groups' successfully

2019-02-18 16:17:51 - [TEST_CASE][PASSED] - Test Cases/Navigations/Navigation - Pay Groups: Test Cases/Navigations/Navigation - Pay Groups

2019-02-18 16:17:51 - [TEST_STEP][PASSED] - click(findTestObject("Navigations/Navigation - Pay Groups/a_Your Payroll Rules")): Object: 'Object Repository/Navigations/Navigation - Pay Groups/a_Your Payroll Rules' is clicked on

2019-02-18 16:17:52 - [MESSAGE][PASSED] - Object: 'Object Repository/Navigations/Navigation - Pay Groups/a_Your Payroll Rules' is clicked on

2019-02-18 16:17:52 - [TEST_STEP][PASSED] - delay(2): Delayed 2 second(s)

2019-02-18 16:17:54 - [MESSAGE][PASSED] - Delayed 2 second(s)

2019-02-18 16:17:54 - [TEST_STEP][PASSED] - click(findTestObject("Navigations/Navigation - Pay Groups/a_Pay Groups")): Object: 'Object Repository/Navigations/Navigation - Pay Groups/a_Pay Groups' is clicked on

2019-02-18 16:17:56 - [MESSAGE][PASSED] - Object: 'Object Repository/Navigations/Navigation - Pay Groups/a_Pay Groups' is clicked on

2019-02-18 16:17:56 - [TEST_STEP][PASSED] - verifyElementPresent(findTestObject("Navigations/Navigation - Pay Groups/a_Add Paygroup"), 0): Object 'Object Repository/Navigations/Navigation - Pay Groups/a_Add Paygroup' is present

2019-02-18 16:17:56 - [MESSAGE][WARNING] - Timeout '0' is invalid. Using default page load timeout: '30'

2019-02-18 16:17:56 - [MESSAGE][PASSED] - Object 'Object Repository/Navigations/Navigation - Pay Groups/a_Add Paygroup' is present

2019-02-18 16:17:56 - [TEST_STEP][PASSED] - click(findTestObject("Navigations/Navigation - Tax Groups/SearchButton")): Object: 'Object Repository/Navigations/Navigation - Tax Groups/SearchButton' is clicked on

2019-02-18 16:17:57 - [MESSAGE][PASSED] - Object: 'Object Repository/Navigations/Navigation - Tax Groups/SearchButton' is clicked on

2019-02-18 16:17:57 - [MESSAGE][PASSED] - Call Test Case 'Test Cases/Navigations/Navigation - Pay Groups' successfully

2019-02-18 16:17:57 - [TEST_STEP][PASSED] - callTestCase(findTestCase("Navigations/Navigation - Department"), [:], CONTINUE_ON_FAILURE): Call Test Case 'Test Cases/Navigations/Navigation - Department' successfully

2019-02-18 16:17:57 - [TEST_CASE][PASSED] - Test Cases/Navigations/Navigation - Department: Test Cases/Navigations/Navigation - Department

2019-02-18 16:17:57 - [TEST_STEP][PASSED] - delay(2): Delayed 2 second(s)

2019-02-18 16:17:59 - [MESSAGE][PASSED] - Delayed 2 second(s)

2019-02-18 16:17:59 - [TEST_STEP][PASSED] - click(findTestObject("Navigations/Navigation - Departments/a_Your Payroll Rules")): Object: 'Object Repository/Navigations/Navigation - Departments/a_Your Payroll Rules' is clicked on

2019-02-18 16:17:59 - [MESSAGE][PASSED] - Object: 'Object Repository/Navigations/Navigation - Departments/a_Your Payroll Rules' is clicked on

2019-02-18 16:17:59 - [TEST_STEP][PASSED] - delay(2): Delayed 2 second(s)

2019-02-18 16:18:01 - [MESSAGE][PASSED] - Delayed 2 second(s)

2019-02-18 16:18:01 - [TEST_STEP][PASSED] - click(findTestObject("Navigations/Navigation - Departments/a_Departments")): Object: 'Object Repository/Navigations/Navigation - Departments/a_Departments' is clicked on

2019-02-18 16:18:05 - [MESSAGE][PASSED] - Object: 'Object Repository/Navigations/Navigation - Departments/a_Departments' is clicked on

2019-02-18 16:18:05 - [TEST_STEP][PASSED] - delay(2): Delayed 2 second(s)

2019-02-18 16:18:07 - [MESSAGE][PASSED] - Delayed 2 second(s)

2019-02-18 16:18:07 - [TEST_STEP][PASSED] - verifyElementPresent(findTestObject("Navigations/Navigation - Departments/button_Add Department"), 0, CONTINUE_ON_FAILURE): Object 'Object Repository/Navigations/Navigation - Departments/button_Add Department' is present

2019-02-18 16:18:07 - [MESSAGE][WARNING] - Timeout '0' is invalid. Using default page load timeout: '30'

2019-02-18 16:18:07 - [MESSAGE][PASSED] - Object 'Object Repository/Navigations/Navigation - Departments/button_Add Department' is present

2019-02-18 16:18:07 - [TEST_STEP][PASSED] - click(findTestObject("Navigations/Navigation - Departments/button_Add Department")): Object: 'Object Repository/Navigations/Navigation - Departments/button_Add Department' is clicked on

2019-02-18 16:18:07 - [MESSAGE][PASSED] - Object: 'Object Repository/Navigations/Navigation - Departments/button_Add Department' is clicked on

2019-02-18 16:18:07 - [TEST_STEP][PASSED] - verifyTextPresent("Action", false): Text 'Action' is present on page 

2019-02-18 16:18:07 - [MESSAGE][PASSED] - Text 'Action' is present on page 

2019-02-18 16:18:07 - [MESSAGE][PASSED] - Call Test Case 'Test Cases/Navigations/Navigation - Department' successfully

2019-02-18 16:18:07 - [TEST_STEP][PASSED] - callTestCase(findTestCase("Navigations/Navigation - Cost Code"), [:], CONTINUE_ON_FAILURE): Call Test Case 'Test Cases/Navigations/Navigation - Cost Code' successfully

2019-02-18 16:18:07 - [TEST_CASE][PASSED] - Test Cases/Navigations/Navigation - Cost Code: Test Cases/Navigations/Navigation - Cost Code

2019-02-18 16:18:08 - [TEST_STEP][PASSED] - delay(2): Delayed 2 second(s)

2019-02-18 16:18:10 - [MESSAGE][PASSED] - Delayed 2 second(s)

2019-02-18 16:18:10 - [TEST_STEP][PASSED] - click(findTestObject("Navigations/Navigation - Cost Code/a_Your Payroll Rules")): Object: 'Object Repository/Navigations/Navigation - Cost Code/a_Your Payroll Rules' is clicked on

2019-02-18 16:18:10 - [MESSAGE][PASSED] - Object: 'Object Repository/Navigations/Navigation - Cost Code/a_Your Payroll Rules' is clicked on

2019-02-18 16:18:10 - [TEST_STEP][PASSED] - delay(2): Delayed 2 second(s)

2019-02-18 16:18:12 - [MESSAGE][PASSED] - Delayed 2 second(s)

2019-02-18 16:18:12 - [TEST_STEP][PASSED] - click(findTestObject("Navigations/Navigation - Cost Code/a_Cost Codes")): Object: 'Object Repository/Navigations/Navigation - Cost Code/a_Cost Codes' is clicked on

2019-02-18 16:18:15 - [MESSAGE][PASSED] - Object: 'Object Repository/Navigations/Navigation - Cost Code/a_Cost Codes' is clicked on

2019-02-18 16:18:15 - [TEST_STEP][PASSED] - delay(2): Delayed 2 second(s)

2019-02-18 16:18:17 - [MESSAGE][PASSED] - Delayed 2 second(s)

2019-02-18 16:18:17 - [TEST_STEP][PASSED] - click(findTestObject("Navigations/Navigation - Cost Code/a_Add Cost Code")): Object: 'Object Repository/Navigations/Navigation - Cost Code/a_Add Cost Code' is clicked on

2019-02-18 16:18:17 - [MESSAGE][PASSED] - Object: 'Object Repository/Navigations/Navigation - Cost Code/a_Add Cost Code' is clicked on

2019-02-18 16:18:17 - [TEST_STEP][PASSED] - verifyTextPresent("Action", false): Text 'Action' is present on page 

2019-02-18 16:18:17 - [MESSAGE][PASSED] - Text 'Action' is present on page 

2019-02-18 16:18:17 - [MESSAGE][PASSED] - Call Test Case 'Test Cases/Navigations/Navigation - Cost Code' successfully

2019-02-18 16:18:17 - [TEST_STEP][PASSED] - callTestCase(findTestCase("Navigations/Navigation - Payroll Disbursements"), [:], CONTINUE_ON_FAILURE): Call Test Case 'Test Cases/Navigations/Navigation - Payroll Disbursements' successfully

2019-02-18 16:18:17 - [TEST_CASE][PASSED] - Test Cases/Navigations/Navigation - Payroll Disbursements: Test Cases/Navigations/Navigation - Payroll Disbursements

2019-02-18 16:18:17 - [TEST_STEP][PASSED] - delay(2): Delayed 2 second(s)

2019-02-18 16:18:19 - [MESSAGE][PASSED] - Delayed 2 second(s)

2019-02-18 16:18:19 - [TEST_STEP][PASSED] - click(findTestObject("Navigations/Navigation - Payroll Disbursements/span_Your Payroll Rules")): Object: 'Object Repository/Navigations/Navigation - Payroll Disbursements/span_Your Payroll Rules' is clicked on

2019-02-18 16:18:19 - [MESSAGE][PASSED] - Object: 'Object Repository/Navigations/Navigation - Payroll Disbursements/span_Your Payroll Rules' is clicked on

2019-02-18 16:18:19 - [TEST_STEP][PASSED] - delay(2): Delayed 2 second(s)

2019-02-18 16:18:21 - [MESSAGE][PASSED] - Delayed 2 second(s)

2019-02-18 16:18:21 - [TEST_STEP][PASSED] - click(findTestObject("Navigations/Navigation - Payroll Disbursements/a_Payroll Disbursements")): Object: 'Object Repository/Navigations/Navigation - Payroll Disbursements/a_Payroll Disbursements' is clicked on

2019-02-18 16:18:26 - [MESSAGE][PASSED] - Object: 'Object Repository/Navigations/Navigation - Payroll Disbursements/a_Payroll Disbursements' is clicked on

2019-02-18 16:18:26 - [TEST_STEP][PASSED] - delay(2): Delayed 2 second(s)

2019-02-18 16:18:28 - [MESSAGE][PASSED] - Delayed 2 second(s)

2019-02-18 16:18:28 - [TEST_STEP][PASSED] - click(findTestObject("Navigations/Navigation - Payroll Disbursements/a_Add Disbursement")): Object: 'Object Repository/Navigations/Navigation - Payroll Disbursements/a_Add Disbursement' is clicked on

2019-02-18 16:18:28 - [MESSAGE][PASSED] - Object: 'Object Repository/Navigations/Navigation - Payroll Disbursements/a_Add Disbursement' is clicked on

2019-02-18 16:18:28 - [TEST_STEP][PASSED] - verifyTextPresent("Action", false): Text 'Action' is present on page 

2019-02-18 16:18:28 - [MESSAGE][PASSED] - Text 'Action' is present on page 

2019-02-18 16:18:28 - [MESSAGE][PASSED] - Call Test Case 'Test Cases/Navigations/Navigation - Payroll Disbursements' successfully

2019-02-18 16:18:28 - [TEST_STEP][PASSED] - callTestCase(findTestCase("Navigations/Navigation - Personal Data Codes"), [:], CONTINUE_ON_FAILURE): Call Test Case 'Test Cases/Navigations/Navigation - Personal Data Codes' successfully

2019-02-18 16:18:28 - [TEST_CASE][PASSED] - Test Cases/Navigations/Navigation - Personal Data Codes: Test Cases/Navigations/Navigation - Personal Data Codes

2019-02-18 16:18:29 - [TEST_STEP][PASSED] - delay(2): Delayed 2 second(s)

2019-02-18 16:18:31 - [MESSAGE][PASSED] - Delayed 2 second(s)

2019-02-18 16:18:31 - [TEST_STEP][PASSED] - click(findTestObject("Navigations/Navigation - Personal Data Codes/a_Your Payroll Rules")): Object: 'Object Repository/Navigations/Navigation - Personal Data Codes/a_Your Payroll Rules' is clicked on

2019-02-18 16:18:31 - [MESSAGE][PASSED] - Object: 'Object Repository/Navigations/Navigation - Personal Data Codes/a_Your Payroll Rules' is clicked on

2019-02-18 16:18:31 - [TEST_STEP][PASSED] - delay(2): Delayed 2 second(s)

2019-02-18 16:18:33 - [MESSAGE][PASSED] - Delayed 2 second(s)

2019-02-18 16:18:33 - [TEST_STEP][PASSED] - click(findTestObject("Navigations/Navigation - Personal Data Codes/a_Personnel Data Codes")): Object: 'Object Repository/Navigations/Navigation - Personal Data Codes/a_Personnel Data Codes' is clicked on

2019-02-18 16:18:36 - [MESSAGE][PASSED] - Object: 'Object Repository/Navigations/Navigation - Personal Data Codes/a_Personnel Data Codes' is clicked on

2019-02-18 16:18:36 - [TEST_STEP][PASSED] - delay(2): Delayed 2 second(s)

2019-02-18 16:18:38 - [MESSAGE][PASSED] - Delayed 2 second(s)

2019-02-18 16:18:38 - [TEST_STEP][PASSED] - click(findTestObject("Navigations/Navigation - Personal Data Codes/a_Add Data Code")): Object: 'Object Repository/Navigations/Navigation - Personal Data Codes/a_Add Data Code' is clicked on

2019-02-18 16:18:38 - [MESSAGE][PASSED] - Object: 'Object Repository/Navigations/Navigation - Personal Data Codes/a_Add Data Code' is clicked on

2019-02-18 16:18:38 - [TEST_STEP][PASSED] - verifyTextPresent("Action", false): Text 'Action' is present on page 

2019-02-18 16:18:38 - [MESSAGE][PASSED] - Text 'Action' is present on page 

2019-02-18 16:18:38 - [MESSAGE][PASSED] - Call Test Case 'Test Cases/Navigations/Navigation - Personal Data Codes' successfully

2019-02-18 16:18:38 - [TEST_STEP][PASSED] - callTestCase(findTestCase("Navigations/Navigation - Payroll Class"), [:], CONTINUE_ON_FAILURE): Call Test Case 'Test Cases/Navigations/Navigation - Payroll Class' successfully

2019-02-18 16:18:38 - [TEST_CASE][PASSED] - Test Cases/Navigations/Navigation - Payroll Class: Test Cases/Navigations/Navigation - Payroll Class

2019-02-18 16:18:38 - [TEST_STEP][PASSED] - delay(2): Delayed 2 second(s)

2019-02-18 16:18:40 - [MESSAGE][PASSED] - Delayed 2 second(s)

2019-02-18 16:18:40 - [TEST_STEP][PASSED] - click(findTestObject("Navigations/Navigation - Payroll Class/span_Your Payroll Rules")): Object: 'Object Repository/Navigations/Navigation - Payroll Class/span_Your Payroll Rules' is clicked on

2019-02-18 16:18:40 - [MESSAGE][PASSED] - Object: 'Object Repository/Navigations/Navigation - Payroll Class/span_Your Payroll Rules' is clicked on

2019-02-18 16:18:40 - [TEST_STEP][PASSED] - delay(2): Delayed 2 second(s)

2019-02-18 16:18:42 - [MESSAGE][PASSED] - Delayed 2 second(s)

2019-02-18 16:18:42 - [TEST_STEP][PASSED] - click(findTestObject("Navigations/Navigation - Payroll Class/a_Payroll Class")): Object: 'Object Repository/Navigations/Navigation - Payroll Class/a_Payroll Class' is clicked on

2019-02-18 16:18:45 - [MESSAGE][PASSED] - Object: 'Object Repository/Navigations/Navigation - Payroll Class/a_Payroll Class' is clicked on

2019-02-18 16:18:45 - [TEST_STEP][PASSED] - delay(2): Delayed 2 second(s)

2019-02-18 16:18:47 - [MESSAGE][PASSED] - Delayed 2 second(s)

2019-02-18 16:18:47 - [TEST_STEP][PASSED] - click(findTestObject("Navigations/Navigation - Payroll Class/a_Add Class")): Object: 'Object Repository/Navigations/Navigation - Payroll Class/a_Add Class' is clicked on

2019-02-18 16:18:47 - [MESSAGE][PASSED] - Object: 'Object Repository/Navigations/Navigation - Payroll Class/a_Add Class' is clicked on

2019-02-18 16:18:47 - [TEST_STEP][PASSED] - verifyTextPresent("Action", false): Text 'Action' is present on page 

2019-02-18 16:18:48 - [MESSAGE][PASSED] - Text 'Action' is present on page 

2019-02-18 16:18:48 - [MESSAGE][PASSED] - Call Test Case 'Test Cases/Navigations/Navigation - Payroll Class' successfully

2019-02-18 16:18:48 - [TEST_STEP][PASSED] - callTestCase(findTestCase("Navigations/Navigation - Payroll Category"), [:], CONTINUE_ON_FAILURE): Call Test Case 'Test Cases/Navigations/Navigation - Payroll Category' successfully

2019-02-18 16:18:48 - [TEST_CASE][PASSED] - Test Cases/Navigations/Navigation - Payroll Category: Test Cases/Navigations/Navigation - Payroll Category

2019-02-18 16:18:48 - [TEST_STEP][PASSED] - delay(2): Delayed 2 second(s)

2019-02-18 16:18:50 - [MESSAGE][PASSED] - Delayed 2 second(s)

2019-02-18 16:18:50 - [TEST_STEP][PASSED] - click(findTestObject("Navigations/Navigation - Tax Groups/a_Your Payroll Rules")): Object: 'Object Repository/Navigations/Navigation - Tax Groups/a_Your Payroll Rules' is clicked on

2019-02-18 16:18:50 - [MESSAGE][PASSED] - Object: 'Object Repository/Navigations/Navigation - Tax Groups/a_Your Payroll Rules' is clicked on

2019-02-18 16:18:50 - [TEST_STEP][PASSED] - delay(2): Delayed 2 second(s)

2019-02-18 16:18:52 - [MESSAGE][PASSED] - Delayed 2 second(s)

2019-02-18 16:18:52 - [TEST_STEP][PASSED] - click(findTestObject("Navigations/Navigation - Payroll Category/a_Payroll Category")): Object: 'Object Repository/Navigations/Navigation - Payroll Category/a_Payroll Category' is clicked on

2019-02-18 16:18:55 - [MESSAGE][PASSED] - Object: 'Object Repository/Navigations/Navigation - Payroll Category/a_Payroll Category' is clicked on

2019-02-18 16:18:55 - [TEST_STEP][PASSED] - delay(2): Delayed 2 second(s)

2019-02-18 16:18:57 - [MESSAGE][PASSED] - Delayed 2 second(s)

2019-02-18 16:18:57 - [TEST_STEP][PASSED] - click(findTestObject("Navigations/Navigation - Payroll Category/a_Add Category"), STOP_ON_FAILURE): Object: 'Object Repository/Navigations/Navigation - Payroll Category/a_Add Category' is clicked on

2019-02-18 16:18:57 - [MESSAGE][PASSED] - Object: 'Object Repository/Navigations/Navigation - Payroll Category/a_Add Category' is clicked on

2019-02-18 16:18:57 - [TEST_STEP][PASSED] - verifyTextPresent("Action", false): Text 'Action' is present on page 

2019-02-18 16:18:57 - [MESSAGE][PASSED] - Text 'Action' is present on page 

2019-02-18 16:18:57 - [MESSAGE][PASSED] - Call Test Case 'Test Cases/Navigations/Navigation - Payroll Category' successfully

2019-02-18 16:18:57 - [TEST_STEP][PASSED] - callTestCase(findTestCase("Navigations/Navigation - Holiday Rate Calculation"), [:], CONTINUE_ON_FAILURE): Call Test Case 'Test Cases/Navigations/Navigation - Holiday Rate Calculation' successfully

2019-02-18 16:18:57 - [TEST_CASE][PASSED] - Test Cases/Navigations/Navigation - Holiday Rate Calculation: Test Cases/Navigations/Navigation - Holiday Rate Calculation

2019-02-18 16:18:57 - [TEST_STEP][PASSED] - click(findTestObject("Navigations/Navigation - Holiday Rate Calculation/a_Your Payroll Rules")): Object: 'Object Repository/Navigations/Navigation - Holiday Rate Calculation/a_Your Payroll Rules' is clicked on

2019-02-18 16:18:57 - [MESSAGE][PASSED] - Object: 'Object Repository/Navigations/Navigation - Holiday Rate Calculation/a_Your Payroll Rules' is clicked on

2019-02-18 16:18:57 - [TEST_STEP][PASSED] - delay(2): Delayed 2 second(s)

2019-02-18 16:18:59 - [MESSAGE][PASSED] - Delayed 2 second(s)

2019-02-18 16:18:59 - [TEST_STEP][PASSED] - click(findTestObject("Navigations/Navigation - Holiday Rate Calculation/a_Holiday Rate Calculation")): Object: 'Object Repository/Navigations/Navigation - Holiday Rate Calculation/a_Holiday Rate Calculation' is clicked on

2019-02-18 16:19:03 - [MESSAGE][PASSED] - Object: 'Object Repository/Navigations/Navigation - Holiday Rate Calculation/a_Holiday Rate Calculation' is clicked on

2019-02-18 16:19:03 - [TEST_STEP][PASSED] - delay(2): Delayed 2 second(s)

2019-02-18 16:19:05 - [MESSAGE][PASSED] - Delayed 2 second(s)

2019-02-18 16:19:05 - [TEST_STEP][PASSED] - verifyElementPresent(findTestObject("Navigations/Navigation - Holiday Rate Calculation/button_Save"), 0): Object 'Object Repository/Navigations/Navigation - Holiday Rate Calculation/button_Save' is present

2019-02-18 16:19:06 - [MESSAGE][WARNING] - Timeout '0' is invalid. Using default page load timeout: '30'

2019-02-18 16:19:06 - [MESSAGE][PASSED] - Object 'Object Repository/Navigations/Navigation - Holiday Rate Calculation/button_Save' is present

2019-02-18 16:19:06 - [MESSAGE][PASSED] - Call Test Case 'Test Cases/Navigations/Navigation - Holiday Rate Calculation' successfully

2019-02-18 16:19:06 - [TEST_STEP][NOT_RUN] - callTestCase(findTestCase("Logout/Logout"), [:], STOP_ON_FAILURE): NOT_RUN: callTestCase(findTestCase("Logout/Logout"), [:], STOP_ON_FAILURE)

2019-02-18 16:19:06 - [MESSAGE][NOT_RUN] - NOT_RUN: callTestCase(findTestCase("Logout/Logout"), [:], STOP_ON_FAILURE)]]></system-out>
         <system-err><![CDATA[]]></system-err>
      </testcase>
      <testcase name="Test Cases/Smoke Test/NavigationYourPayAndBenefits" classname="Test Cases/Smoke Test/NavigationYourPayAndBenefits" status="FAILED">
         <failure type="FAILED" message="Test Cases/Smoke Test/NavigationYourPayAndBenefits FAILED.
Reason:
com.kms.katalon.core.exception.StepFailedException: Unable to click on object 'Object Repository/Add Records/Add Records - Allowances/button_Add Allowance' (Root cause: org.openqa.selenium.WebDriverException: unknown error: Element &lt;button class=&quot;add btn btn-success&quot; id=&quot;addAllowanceDetailsButton&quot; style=&quot;margin-bottom:5px;&quot;>...&lt;/button> is not clickable at point (159, 331). Other element would receive the click: &lt;div id=&quot;loader&quot;>&lt;/div>
  (Session info: chrome=72.0.3626.109)
  (Driver info: chromedriver=2.43.600210 (68dcf5eebde37173d4027fa8635e332711d2874a),platform=Windows NT 10.0.16299 x86_64) (WARNING: The server did not provide any stacktrace information)
Command duration or timeout: 0 milliseconds
Build info: version: '3.7.1', revision: '8a0099a', time: '2017-11-06T21:07:36.161Z'
System info: host: 'PC0871RF', ip: '192.168.97.1', os.name: 'Windows 10', os.arch: 'amd64', os.version: '10.0', java.version: '1.8.0_181'
Driver info: com.kms.katalon.selenium.driver.CChromeDriver
Capabilities {acceptInsecureCerts: false, acceptSslCerts: false, applicationCacheEnabled: false, browserConnectionEnabled: false, browserName: chrome, chrome: {chromedriverVersion: 2.43.600210 (68dcf5eebde371..., userDataDir: C:\Users\SD4665~1.DAN\AppDa...}, cssSelectorsEnabled: true, databaseEnabled: false, goog:chromeOptions: {debuggerAddress: localhost:65020}, handlesAlerts: true, hasTouchScreen: false, javascriptEnabled: true, locationContextEnabled: true, mobileEmulationEnabled: false, nativeEvents: true, networkConnectionEnabled: false, pageLoadStrategy: normal, platform: XP, platformName: XP, rotatable: false, setWindowRect: true, takesHeapSnapshot: true, takesScreenshot: true, unexpectedAlertBehaviour: , unhandledPromptBehavior: , version: 72.0.3626.109, webStorageEnabled: true}
Session ID: 74b9049ef46b2057f83b5a02c950d192)
	at com.kms.katalon.core.keyword.internal.KeywordMain.stepFailed(KeywordMain.groovy:36)
	at com.kms.katalon.core.webui.keyword.internal.WebUIKeywordMain.stepFailed(WebUIKeywordMain.groovy:65)
	at com.kms.katalon.core.webui.keyword.internal.WebUIKeywordMain.runKeyword(WebUIKeywordMain.groovy:27)
	at com.kms.katalon.core.webui.keyword.builtin.ClickKeyword.click(ClickKeyword.groovy:86)
	at com.kms.katalon.core.webui.keyword.builtin.ClickKeyword.execute(ClickKeyword.groovy:67)
	at com.kms.katalon.core.keyword.internal.KeywordExecutor.executeKeywordForPlatform(KeywordExecutor.groovy:53)
	at com.kms.katalon.core.webui.keyword.WebUiBuiltInKeywords.click(WebUiBuiltInKeywords.groovy:604)
	at com.kms.katalon.core.webui.keyword.WebUiBuiltInKeywords$click$9.call(Unknown Source)
	at Navigation - Allowances.run(Navigation - Allowances:38)
	at com.kms.katalon.core.main.ScriptEngine.run(ScriptEngine.java:194)
	at com.kms.katalon.core.main.ScriptEngine.runScriptAsRawText(ScriptEngine.java:119)
	at com.kms.katalon.core.main.TestCaseExecutor.runScript(TestCaseExecutor.java:328)
	at com.kms.katalon.core.main.TestCaseExecutor.doExecute(TestCaseExecutor.java:319)
	at com.kms.katalon.core.main.TestCaseExecutor.processExecutionPhase(TestCaseExecutor.java:298)
	at com.kms.katalon.core.main.TestCaseExecutor.accessMainPhase(TestCaseExecutor.java:290)
	at com.kms.katalon.core.main.TestCaseExecutor.execute(TestCaseExecutor.java:224)
	at com.kms.katalon.core.main.TestCaseMain.runTestCase(TestCaseMain.java:106)
	at com.kms.katalon.core.keyword.builtin.CallTestCaseKeyword$_callTestCase_closure1.doCall(CallTestCaseKeyword.groovy:59)
	at com.kms.katalon.core.keyword.builtin.CallTestCaseKeyword$_callTestCase_closure1.call(CallTestCaseKeyword.groovy)
	at com.kms.katalon.core.keyword.internal.KeywordMain.runKeyword(KeywordMain.groovy:54)
	at com.kms.katalon.core.keyword.builtin.CallTestCaseKeyword.callTestCase(CallTestCaseKeyword.groovy:80)
	at com.kms.katalon.core.keyword.builtin.CallTestCaseKeyword.execute(CallTestCaseKeyword.groovy:44)
	at com.kms.katalon.core.keyword.internal.KeywordExecutor.executeKeywordForPlatform(KeywordExecutor.groovy:53)
	at com.kms.katalon.core.keyword.BuiltinKeywords.callTestCase(BuiltinKeywords.groovy:334)
	at NavigationYourPayAndBenefits.run(NavigationYourPayAndBenefits:18)
	at com.kms.katalon.core.main.ScriptEngine.run(ScriptEngine.java:194)
	at com.kms.katalon.core.main.ScriptEngine.runScriptAsRawText(ScriptEngine.java:119)
	at com.kms.katalon.core.main.TestCaseExecutor.runScript(TestCaseExecutor.java:328)
	at com.kms.katalon.core.main.TestCaseExecutor.doExecute(TestCaseExecutor.java:319)
	at com.kms.katalon.core.main.TestCaseExecutor.processExecutionPhase(TestCaseExecutor.java:298)
	at com.kms.katalon.core.main.TestCaseExecutor.accessMainPhase(TestCaseExecutor.java:290)
	at com.kms.katalon.core.main.TestCaseExecutor.execute(TestCaseExecutor.java:224)
	at com.kms.katalon.core.main.TestSuiteExecutor.accessTestCaseMainPhase(TestSuiteExecutor.java:129)
	at com.kms.katalon.core.main.TestSuiteExecutor.accessTestSuiteMainPhase(TestSuiteExecutor.java:112)
	at com.kms.katalon.core.main.TestSuiteExecutor.execute(TestSuiteExecutor.java:81)
	at com.kms.katalon.core.main.TestCaseMain.startTestSuite(TestCaseMain.java:149)
	at com.kms.katalon.core.main.TestCaseMain$startTestSuite$0.call(Unknown Source)
	at TempTestSuite1550492203213.run(TempTestSuite1550492203213.groovy:36)
"/>
         <system-out><![CDATA[2019-02-18 16:19:06 - [TEST_CASE][FAILED] - Test Cases/Smoke Test/NavigationYourPayAndBenefits: Test Cases/Smoke Test/NavigationYourPayAndBenefits FAILED.
Reason:
com.kms.katalon.core.exception.StepFailedException: Unable to click on object 'Object Repository/Add Records/Add Records - Allowances/button_Add Allowance' (Root cause: org.openqa.selenium.WebDriverException: unknown error: Element <button class="add btn btn-success" id="addAllowanceDetailsButton" style="margin-bottom:5px;">...</button> is not clickable at point (159, 331). Other element would receive the click: <div id="loader"></div>
  (Session info: chrome=72.0.3626.109)
  (Driver info: chromedriver=2.43.600210 (68dcf5eebde37173d4027fa8635e332711d2874a),platform=Windows NT 10.0.16299 x86_64) (WARNING: The server did not provide any stacktrace information)
Command duration or timeout: 0 milliseconds
Build info: version: '3.7.1', revision: '8a0099a', time: '2017-11-06T21:07:36.161Z'
System info: host: 'PC0871RF', ip: '192.168.97.1', os.name: 'Windows 10', os.arch: 'amd64', os.version: '10.0', java.version: '1.8.0_181'
Driver info: com.kms.katalon.selenium.driver.CChromeDriver
Capabilities {acceptInsecureCerts: false, acceptSslCerts: false, applicationCacheEnabled: false, browserConnectionEnabled: false, browserName: chrome, chrome: {chromedriverVersion: 2.43.600210 (68dcf5eebde371..., userDataDir: C:\Users\SD4665~1.DAN\AppDa...}, cssSelectorsEnabled: true, databaseEnabled: false, goog:chromeOptions: {debuggerAddress: localhost:65020}, handlesAlerts: true, hasTouchScreen: false, javascriptEnabled: true, locationContextEnabled: true, mobileEmulationEnabled: false, nativeEvents: true, networkConnectionEnabled: false, pageLoadStrategy: normal, platform: XP, platformName: XP, rotatable: false, setWindowRect: true, takesHeapSnapshot: true, takesScreenshot: true, unexpectedAlertBehaviour: , unhandledPromptBehavior: , version: 72.0.3626.109, webStorageEnabled: true}
Session ID: 74b9049ef46b2057f83b5a02c950d192)
	at com.kms.katalon.core.keyword.internal.KeywordMain.stepFailed(KeywordMain.groovy:36)
	at com.kms.katalon.core.webui.keyword.internal.WebUIKeywordMain.stepFailed(WebUIKeywordMain.groovy:65)
	at com.kms.katalon.core.webui.keyword.internal.WebUIKeywordMain.runKeyword(WebUIKeywordMain.groovy:27)
	at com.kms.katalon.core.webui.keyword.builtin.ClickKeyword.click(ClickKeyword.groovy:86)
	at com.kms.katalon.core.webui.keyword.builtin.ClickKeyword.execute(ClickKeyword.groovy:67)
	at com.kms.katalon.core.keyword.internal.KeywordExecutor.executeKeywordForPlatform(KeywordExecutor.groovy:53)
	at com.kms.katalon.core.webui.keyword.WebUiBuiltInKeywords.click(WebUiBuiltInKeywords.groovy:604)
	at com.kms.katalon.core.webui.keyword.WebUiBuiltInKeywords$click$9.call(Unknown Source)
	at Navigation - Allowances.run(Navigation - Allowances:38)
	at com.kms.katalon.core.main.ScriptEngine.run(ScriptEngine.java:194)
	at com.kms.katalon.core.main.ScriptEngine.runScriptAsRawText(ScriptEngine.java:119)
	at com.kms.katalon.core.main.TestCaseExecutor.runScript(TestCaseExecutor.java:328)
	at com.kms.katalon.core.main.TestCaseExecutor.doExecute(TestCaseExecutor.java:319)
	at com.kms.katalon.core.main.TestCaseExecutor.processExecutionPhase(TestCaseExecutor.java:298)
	at com.kms.katalon.core.main.TestCaseExecutor.accessMainPhase(TestCaseExecutor.java:290)
	at com.kms.katalon.core.main.TestCaseExecutor.execute(TestCaseExecutor.java:224)
	at com.kms.katalon.core.main.TestCaseMain.runTestCase(TestCaseMain.java:106)
	at com.kms.katalon.core.keyword.builtin.CallTestCaseKeyword$_callTestCase_closure1.doCall(CallTestCaseKeyword.groovy:59)
	at com.kms.katalon.core.keyword.builtin.CallTestCaseKeyword$_callTestCase_closure1.call(CallTestCaseKeyword.groovy)
	at com.kms.katalon.core.keyword.internal.KeywordMain.runKeyword(KeywordMain.groovy:54)
	at com.kms.katalon.core.keyword.builtin.CallTestCaseKeyword.callTestCase(CallTestCaseKeyword.groovy:80)
	at com.kms.katalon.core.keyword.builtin.CallTestCaseKeyword.execute(CallTestCaseKeyword.groovy:44)
	at com.kms.katalon.core.keyword.internal.KeywordExecutor.executeKeywordForPlatform(KeywordExecutor.groovy:53)
	at com.kms.katalon.core.keyword.BuiltinKeywords.callTestCase(BuiltinKeywords.groovy:334)
	at NavigationYourPayAndBenefits.run(NavigationYourPayAndBenefits:18)
	at com.kms.katalon.core.main.ScriptEngine.run(ScriptEngine.java:194)
	at com.kms.katalon.core.main.ScriptEngine.runScriptAsRawText(ScriptEngine.java:119)
	at com.kms.katalon.core.main.TestCaseExecutor.runScript(TestCaseExecutor.java:328)
	at com.kms.katalon.core.main.TestCaseExecutor.doExecute(TestCaseExecutor.java:319)
	at com.kms.katalon.core.main.TestCaseExecutor.processExecutionPhase(TestCaseExecutor.java:298)
	at com.kms.katalon.core.main.TestCaseExecutor.accessMainPhase(TestCaseExecutor.java:290)
	at com.kms.katalon.core.main.TestCaseExecutor.execute(TestCaseExecutor.java:224)
	at com.kms.katalon.core.main.TestSuiteExecutor.accessTestCaseMainPhase(TestSuiteExecutor.java:129)
	at com.kms.katalon.core.main.TestSuiteExecutor.accessTestSuiteMainPhase(TestSuiteExecutor.java:112)
	at com.kms.katalon.core.main.TestSuiteExecutor.execute(TestSuiteExecutor.java:81)
	at com.kms.katalon.core.main.TestCaseMain.startTestSuite(TestCaseMain.java:149)
	at com.kms.katalon.core.main.TestCaseMain$startTestSuite$0.call(Unknown Source)
	at TempTestSuite1550492203213.run(TempTestSuite1550492203213.groovy:36)


2019-02-18 16:19:06 - [TEST_STEP][PASSED] - callTestCase(findTestCase("Smoke Test/ValidLogin"), [:], STOP_ON_FAILURE): Call Test Case 'Test Cases/Smoke Test/ValidLogin' successfully

2019-02-18 16:19:06 - [TEST_CASE][PASSED] - Test Cases/Smoke Test/ValidLogin: Test Cases/Smoke Test/ValidLogin

2019-02-18 16:19:06 - [TEST_STEP][PASSED] - openBrowser(findTestData("Environment").getValue("URL", 1)): Browser is opened with url: 'https://implementationuat.sdworx.co.uk/'

2019-02-18 16:19:06 - [MESSAGE][WARNING] - A browser is already opened. Closing browser and opening a new one

2019-02-18 16:19:07 - [MESSAGE][INFO] - Starting 'Chrome' driver

2019-02-18 16:19:12 - [MESSAGE][PASSED] - Browser is opened with url: 'https://implementationuat.sdworx.co.uk/'

2019-02-18 16:19:12 - [TEST_STEP][PASSED] - maximizeWindow(): Current window maximized

2019-02-18 16:19:13 - [MESSAGE][PASSED] - Current window maximized

2019-02-18 16:19:13 - [TEST_STEP][PASSED] - navigateToUrl(findTestData("Environment").getValue("URL", 1)): Navigate to 'https://implementationuat.sdworx.co.uk/' successfully

2019-02-18 16:19:14 - [MESSAGE][PASSED] - Navigate to 'https://implementationuat.sdworx.co.uk/' successfully

2019-02-18 16:19:14 - [TEST_STEP][PASSED] - setText(findTestObject("Object Repository/Login/input_Email"), findTestData("Login").getValue("Username", 1)): Text 'purmanand.roopnah@sdworx.com' is set on object 'Object Repository/Login/input_Email'

2019-02-18 16:19:14 - [MESSAGE][PASSED] - Text 'purmanand.roopnah@sdworx.com' is set on object 'Object Repository/Login/input_Email'

2019-02-18 16:19:14 - [TEST_STEP][PASSED] - setText(findTestObject("Object Repository/Login/input_Password"), findTestData("Login").getValue("Password", 1)): Text 'Manish_2505' is set on object 'Object Repository/Login/input_Password'

2019-02-18 16:19:14 - [MESSAGE][PASSED] - Text 'Manish_2505' is set on object 'Object Repository/Login/input_Password'

2019-02-18 16:19:14 - [TEST_STEP][PASSED] - click(findTestObject("Object Repository/Login/input_btn btn-default")): Object: 'Object Repository/Login/input_btn btn-default' is clicked on

2019-02-18 16:19:16 - [MESSAGE][PASSED] - Object: 'Object Repository/Login/input_btn btn-default' is clicked on

2019-02-18 16:19:16 - [TEST_STEP][NOT_RUN] - selectOptionByLabel(findTestObject("Dropdown Lists/Select Organisation/Select Org"), "Panasonic Mauritius", true): NOT_RUN: selectOptionByLabel(findTestObject("Dropdown Lists/Select Organisation/Select Org"), "Panasonic Mauritius", true)

2019-02-18 16:19:16 - [MESSAGE][NOT_RUN] - NOT_RUN: selectOptionByLabel(findTestObject("Dropdown Lists/Select Organisation/Select Org"), "Panasonic Mauritius", true)

2019-02-18 16:19:16 - [TEST_STEP][NOT_RUN] - verifyElementPresent(findTestObject("Logout/Logout_dropdown"), 10, CONTINUE_ON_FAILURE): NOT_RUN: verifyElementPresent(findTestObject("Logout/Logout_dropdown"), 10, CONTINUE_ON_FAILURE)

2019-02-18 16:19:16 - [MESSAGE][NOT_RUN] - NOT_RUN: verifyElementPresent(findTestObject("Logout/Logout_dropdown"), 10, CONTINUE_ON_FAILURE)

2019-02-18 16:19:16 - [TEST_STEP][NOT_RUN] - click(findTestObject("Logout/Logout_dropdown")): NOT_RUN: click(findTestObject("Logout/Logout_dropdown"))

2019-02-18 16:19:16 - [MESSAGE][NOT_RUN] - NOT_RUN: click(findTestObject("Logout/Logout_dropdown"))

2019-02-18 16:19:16 - [TEST_STEP][NOT_RUN] - verifyElementPresent(findTestObject("Logout/a_Logout"), 10, CONTINUE_ON_FAILURE): NOT_RUN: verifyElementPresent(findTestObject("Logout/a_Logout"), 10, CONTINUE_ON_FAILURE)

2019-02-18 16:19:16 - [MESSAGE][NOT_RUN] - NOT_RUN: verifyElementPresent(findTestObject("Logout/a_Logout"), 10, CONTINUE_ON_FAILURE)

2019-02-18 16:19:16 - [TEST_STEP][NOT_RUN] - click(findTestObject("Logout/a_Logout")): NOT_RUN: click(findTestObject("Logout/a_Logout"))

2019-02-18 16:19:16 - [MESSAGE][NOT_RUN] - NOT_RUN: click(findTestObject("Logout/a_Logout"))

2019-02-18 16:19:16 - [TEST_STEP][NOT_RUN] - closeBrowser(): NOT_RUN: closeBrowser()

2019-02-18 16:19:16 - [MESSAGE][NOT_RUN] - NOT_RUN: closeBrowser()

2019-02-18 16:19:16 - [TEST_STEP][NOT_RUN] - toolkit.MySql.connectDB("CERRSQL2UTIL.aspnc.local", "ImplementationToolkit ", "4413", "ImpToolkit", "0E47iz93"): NOT_RUN: toolkit.MySql.connectDB("CERRSQL2UTIL.aspnc.local", "ImplementationToolkit ", "4413", "ImpToolkit", "0E47iz93")

2019-02-18 16:19:16 - [MESSAGE][NOT_RUN] - NOT_RUN: toolkit.MySql.connectDB("CERRSQL2UTIL.aspnc.local", "ImplementationToolkit ", "4413", "ImpToolkit", "0E47iz93")

2019-02-18 16:19:16 - [TEST_STEP][NOT_RUN] - Data = toolkit.MySql.executeQuery("select id from AspNetUsers where Email='purmanand.roopnah@sdworx.com';"): NOT_RUN: Data = toolkit.MySql.executeQuery("select id from AspNetUsers where Email='purmanand.roopnah@sdworx.com';")

2019-02-18 16:19:16 - [MESSAGE][NOT_RUN] - NOT_RUN: Data = toolkit.MySql.executeQuery("select id from AspNetUsers where Email='purmanand.roopnah@sdworx.com';")

2019-02-18 16:19:16 - [TEST_STEP][NOT_RUN] - PrintLn("Data"): NOT_RUN: PrintLn("Data")

2019-02-18 16:19:16 - [MESSAGE][NOT_RUN] - NOT_RUN: PrintLn("Data")

2019-02-18 16:19:16 - [MESSAGE][PASSED] - Call Test Case 'Test Cases/Smoke Test/ValidLogin' successfully

2019-02-18 16:19:16 - [TEST_STEP][FAILED] - callTestCase(findTestCase("Navigations/Navigation - Allowances"), [:], STOP_ON_FAILURE): callTestCase(findTestCase("Navigations/Navigation - Allowances"), [:], STOP_ON_FAILURE) FAILED.
Reason:
com.kms.katalon.core.exception.StepFailedException: Unable to click on object 'Object Repository/Add Records/Add Records - Allowances/button_Add Allowance' (Root cause: org.openqa.selenium.WebDriverException: unknown error: Element <button class="add btn btn-success" id="addAllowanceDetailsButton" style="margin-bottom:5px;">...</button> is not clickable at point (159, 331). Other element would receive the click: <div id="loader"></div>
  (Session info: chrome=72.0.3626.109)
  (Driver info: chromedriver=2.43.600210 (68dcf5eebde37173d4027fa8635e332711d2874a),platform=Windows NT 10.0.16299 x86_64) (WARNING: The server did not provide any stacktrace information)
Command duration or timeout: 0 milliseconds
Build info: version: '3.7.1', revision: '8a0099a', time: '2017-11-06T21:07:36.161Z'
System info: host: 'PC0871RF', ip: '192.168.97.1', os.name: 'Windows 10', os.arch: 'amd64', os.version: '10.0', java.version: '1.8.0_181'
Driver info: com.kms.katalon.selenium.driver.CChromeDriver
Capabilities {acceptInsecureCerts: false, acceptSslCerts: false, applicationCacheEnabled: false, browserConnectionEnabled: false, browserName: chrome, chrome: {chromedriverVersion: 2.43.600210 (68dcf5eebde371..., userDataDir: C:\Users\SD4665~1.DAN\AppDa...}, cssSelectorsEnabled: true, databaseEnabled: false, goog:chromeOptions: {debuggerAddress: localhost:65020}, handlesAlerts: true, hasTouchScreen: false, javascriptEnabled: true, locationContextEnabled: true, mobileEmulationEnabled: false, nativeEvents: true, networkConnectionEnabled: false, pageLoadStrategy: normal, platform: XP, platformName: XP, rotatable: false, setWindowRect: true, takesHeapSnapshot: true, takesScreenshot: true, unexpectedAlertBehaviour: , unhandledPromptBehavior: , version: 72.0.3626.109, webStorageEnabled: true}
Session ID: 74b9049ef46b2057f83b5a02c950d192)
	at com.kms.katalon.core.keyword.internal.KeywordMain.stepFailed(KeywordMain.groovy:36)
	at com.kms.katalon.core.webui.keyword.internal.WebUIKeywordMain.stepFailed(WebUIKeywordMain.groovy:65)
	at com.kms.katalon.core.webui.keyword.internal.WebUIKeywordMain.runKeyword(WebUIKeywordMain.groovy:27)
	at com.kms.katalon.core.webui.keyword.builtin.ClickKeyword.click(ClickKeyword.groovy:86)
	at com.kms.katalon.core.webui.keyword.builtin.ClickKeyword.execute(ClickKeyword.groovy:67)
	at com.kms.katalon.core.keyword.internal.KeywordExecutor.executeKeywordForPlatform(KeywordExecutor.groovy:53)
	at com.kms.katalon.core.webui.keyword.WebUiBuiltInKeywords.click(WebUiBuiltInKeywords.groovy:604)
	at com.kms.katalon.core.webui.keyword.WebUiBuiltInKeywords$click$9.call(Unknown Source)
	at Navigation - Allowances.run(Navigation - Allowances:38)
	at com.kms.katalon.core.main.ScriptEngine.run(ScriptEngine.java:194)
	at com.kms.katalon.core.main.ScriptEngine.runScriptAsRawText(ScriptEngine.java:119)
	at com.kms.katalon.core.main.TestCaseExecutor.runScript(TestCaseExecutor.java:328)
	at com.kms.katalon.core.main.TestCaseExecutor.doExecute(TestCaseExecutor.java:319)
	at com.kms.katalon.core.main.TestCaseExecutor.processExecutionPhase(TestCaseExecutor.java:298)
	at com.kms.katalon.core.main.TestCaseExecutor.accessMainPhase(TestCaseExecutor.java:290)
	at com.kms.katalon.core.main.TestCaseExecutor.execute(TestCaseExecutor.java:224)
	at com.kms.katalon.core.main.TestCaseMain.runTestCase(TestCaseMain.java:106)
	at com.kms.katalon.core.keyword.builtin.CallTestCaseKeyword$_callTestCase_closure1.doCall(CallTestCaseKeyword.groovy:59)
	at com.kms.katalon.core.keyword.builtin.CallTestCaseKeyword$_callTestCase_closure1.call(CallTestCaseKeyword.groovy)
	at com.kms.katalon.core.keyword.internal.KeywordMain.runKeyword(KeywordMain.groovy:54)
	at com.kms.katalon.core.keyword.builtin.CallTestCaseKeyword.callTestCase(CallTestCaseKeyword.groovy:80)
	at com.kms.katalon.core.keyword.builtin.CallTestCaseKeyword.execute(CallTestCaseKeyword.groovy:44)
	at com.kms.katalon.core.keyword.internal.KeywordExecutor.executeKeywordForPlatform(KeywordExecutor.groovy:53)
	at com.kms.katalon.core.keyword.BuiltinKeywords.callTestCase(BuiltinKeywords.groovy:334)
	at NavigationYourPayAndBenefits.run(NavigationYourPayAndBenefits:18)
	at com.kms.katalon.core.main.ScriptEngine.run(ScriptEngine.java:194)
	at com.kms.katalon.core.main.ScriptEngine.runScriptAsRawText(ScriptEngine.java:119)
	at com.kms.katalon.core.main.TestCaseExecutor.runScript(TestCaseExecutor.java:328)
	at com.kms.katalon.core.main.TestCaseExecutor.doExecute(TestCaseExecutor.java:319)
	at com.kms.katalon.core.main.TestCaseExecutor.processExecutionPhase(TestCaseExecutor.java:298)
	at com.kms.katalon.core.main.TestCaseExecutor.accessMainPhase(TestCaseExecutor.java:290)
	at com.kms.katalon.core.main.TestCaseExecutor.execute(TestCaseExecutor.java:224)
	at com.kms.katalon.core.main.TestSuiteExecutor.accessTestCaseMainPhase(TestSuiteExecutor.java:129)
	at com.kms.katalon.core.main.TestSuiteExecutor.accessTestSuiteMainPhase(TestSuiteExecutor.java:112)
	at com.kms.katalon.core.main.TestSuiteExecutor.execute(TestSuiteExecutor.java:81)
	at com.kms.katalon.core.main.TestCaseMain.startTestSuite(TestCaseMain.java:149)
	at com.kms.katalon.core.main.TestCaseMain$startTestSuite$0.call(Unknown Source)
	at TempTestSuite1550492203213.run(TempTestSuite1550492203213.groovy:36)


2019-02-18 16:19:16 - [TEST_CASE][FAILED] - Test Cases/Navigations/Navigation - Allowances: Test Cases/Navigations/Navigation - Allowances FAILED.
Reason:
com.kms.katalon.core.exception.StepFailedException: Unable to click on object 'Object Repository/Add Records/Add Records - Allowances/button_Add Allowance' (Root cause: org.openqa.selenium.WebDriverException: unknown error: Element <button class="add btn btn-success" id="addAllowanceDetailsButton" style="margin-bottom:5px;">...</button> is not clickable at point (159, 331). Other element would receive the click: <div id="loader"></div>
  (Session info: chrome=72.0.3626.109)
  (Driver info: chromedriver=2.43.600210 (68dcf5eebde37173d4027fa8635e332711d2874a),platform=Windows NT 10.0.16299 x86_64) (WARNING: The server did not provide any stacktrace information)
Command duration or timeout: 0 milliseconds
Build info: version: '3.7.1', revision: '8a0099a', time: '2017-11-06T21:07:36.161Z'
System info: host: 'PC0871RF', ip: '192.168.97.1', os.name: 'Windows 10', os.arch: 'amd64', os.version: '10.0', java.version: '1.8.0_181'
Driver info: com.kms.katalon.selenium.driver.CChromeDriver
Capabilities {acceptInsecureCerts: false, acceptSslCerts: false, applicationCacheEnabled: false, browserConnectionEnabled: false, browserName: chrome, chrome: {chromedriverVersion: 2.43.600210 (68dcf5eebde371..., userDataDir: C:\Users\SD4665~1.DAN\AppDa...}, cssSelectorsEnabled: true, databaseEnabled: false, goog:chromeOptions: {debuggerAddress: localhost:65020}, handlesAlerts: true, hasTouchScreen: false, javascriptEnabled: true, locationContextEnabled: true, mobileEmulationEnabled: false, nativeEvents: true, networkConnectionEnabled: false, pageLoadStrategy: normal, platform: XP, platformName: XP, rotatable: false, setWindowRect: true, takesHeapSnapshot: true, takesScreenshot: true, unexpectedAlertBehaviour: , unhandledPromptBehavior: , version: 72.0.3626.109, webStorageEnabled: true}
Session ID: 74b9049ef46b2057f83b5a02c950d192)
	at com.kms.katalon.core.keyword.internal.KeywordMain.stepFailed(KeywordMain.groovy:36)
	at com.kms.katalon.core.webui.keyword.internal.WebUIKeywordMain.stepFailed(WebUIKeywordMain.groovy:65)
	at com.kms.katalon.core.webui.keyword.internal.WebUIKeywordMain.runKeyword(WebUIKeywordMain.groovy:27)
	at com.kms.katalon.core.webui.keyword.builtin.ClickKeyword.click(ClickKeyword.groovy:86)
	at com.kms.katalon.core.webui.keyword.builtin.ClickKeyword.execute(ClickKeyword.groovy:67)
	at com.kms.katalon.core.keyword.internal.KeywordExecutor.executeKeywordForPlatform(KeywordExecutor.groovy:53)
	at com.kms.katalon.core.webui.keyword.WebUiBuiltInKeywords.click(WebUiBuiltInKeywords.groovy:604)
	at com.kms.katalon.core.webui.keyword.WebUiBuiltInKeywords$click$9.call(Unknown Source)
	at Navigation - Allowances.run(Navigation - Allowances:38)
	at com.kms.katalon.core.main.ScriptEngine.run(ScriptEngine.java:194)
	at com.kms.katalon.core.main.ScriptEngine.runScriptAsRawText(ScriptEngine.java:119)
	at com.kms.katalon.core.main.TestCaseExecutor.runScript(TestCaseExecutor.java:328)
	at com.kms.katalon.core.main.TestCaseExecutor.doExecute(TestCaseExecutor.java:319)
	at com.kms.katalon.core.main.TestCaseExecutor.processExecutionPhase(TestCaseExecutor.java:298)
	at com.kms.katalon.core.main.TestCaseExecutor.accessMainPhase(TestCaseExecutor.java:290)
	at com.kms.katalon.core.main.TestCaseExecutor.execute(TestCaseExecutor.java:224)
	at com.kms.katalon.core.main.TestCaseMain.runTestCase(TestCaseMain.java:106)
	at com.kms.katalon.core.keyword.builtin.CallTestCaseKeyword$_callTestCase_closure1.doCall(CallTestCaseKeyword.groovy:59)
	at com.kms.katalon.core.keyword.builtin.CallTestCaseKeyword$_callTestCase_closure1.call(CallTestCaseKeyword.groovy)
	at com.kms.katalon.core.keyword.internal.KeywordMain.runKeyword(KeywordMain.groovy:54)
	at com.kms.katalon.core.keyword.builtin.CallTestCaseKeyword.callTestCase(CallTestCaseKeyword.groovy:80)
	at com.kms.katalon.core.keyword.builtin.CallTestCaseKeyword.execute(CallTestCaseKeyword.groovy:44)
	at com.kms.katalon.core.keyword.internal.KeywordExecutor.executeKeywordForPlatform(KeywordExecutor.groovy:53)
	at com.kms.katalon.core.keyword.BuiltinKeywords.callTestCase(BuiltinKeywords.groovy:334)
	at NavigationYourPayAndBenefits.run(NavigationYourPayAndBenefits:18)
	at com.kms.katalon.core.main.ScriptEngine.run(ScriptEngine.java:194)
	at com.kms.katalon.core.main.ScriptEngine.runScriptAsRawText(ScriptEngine.java:119)
	at com.kms.katalon.core.main.TestCaseExecutor.runScript(TestCaseExecutor.java:328)
	at com.kms.katalon.core.main.TestCaseExecutor.doExecute(TestCaseExecutor.java:319)
	at com.kms.katalon.core.main.TestCaseExecutor.processExecutionPhase(TestCaseExecutor.java:298)
	at com.kms.katalon.core.main.TestCaseExecutor.accessMainPhase(TestCaseExecutor.java:290)
	at com.kms.katalon.core.main.TestCaseExecutor.execute(TestCaseExecutor.java:224)
	at com.kms.katalon.core.main.TestSuiteExecutor.accessTestCaseMainPhase(TestSuiteExecutor.java:129)
	at com.kms.katalon.core.main.TestSuiteExecutor.accessTestSuiteMainPhase(TestSuiteExecutor.java:112)
	at com.kms.katalon.core.main.TestSuiteExecutor.execute(TestSuiteExecutor.java:81)
	at com.kms.katalon.core.main.TestCaseMain.startTestSuite(TestCaseMain.java:149)
	at com.kms.katalon.core.main.TestCaseMain$startTestSuite$0.call(Unknown Source)
	at TempTestSuite1550492203213.run(TempTestSuite1550492203213.groovy:36)


2019-02-18 16:19:17 - [TEST_STEP][PASSED] - delay(5): Delayed 5 second(s)

2019-02-18 16:19:22 - [MESSAGE][PASSED] - Delayed 5 second(s)

2019-02-18 16:19:22 - [TEST_STEP][PASSED] - click(findTestObject("Navigations/Navigation - Allowances/Your Pay  Benefits")): Object: 'Object Repository/Navigations/Navigation - Allowances/Your Pay  Benefits' is clicked on

2019-02-18 16:19:22 - [MESSAGE][PASSED] - Object: 'Object Repository/Navigations/Navigation - Allowances/Your Pay  Benefits' is clicked on

2019-02-18 16:19:22 - [TEST_STEP][PASSED] - delay(2): Delayed 2 second(s)

2019-02-18 16:19:24 - [MESSAGE][PASSED] - Delayed 2 second(s)

2019-02-18 16:19:24 - [TEST_STEP][PASSED] - click(findTestObject("Navigations/Navigation - Allowances/Allowances")): Object: 'Object Repository/Navigations/Navigation - Allowances/Allowances' is clicked on

2019-02-18 16:19:26 - [MESSAGE][PASSED] - Object: 'Object Repository/Navigations/Navigation - Allowances/Allowances' is clicked on

2019-02-18 16:19:26 - [TEST_STEP][PASSED] - verifyElementPresent(findTestObject("Add Records/Add Records - Allowances/button_Add Allowance"), 0): Object 'Object Repository/Add Records/Add Records - Allowances/button_Add Allowance' is present

2019-02-18 16:19:26 - [MESSAGE][WARNING] - Timeout '0' is invalid. Using default page load timeout: '30'

2019-02-18 16:19:26 - [MESSAGE][PASSED] - Object 'Object Repository/Add Records/Add Records - Allowances/button_Add Allowance' is present

2019-02-18 16:19:26 - [TEST_STEP][FAILED] - click(findTestObject("Add Records/Add Records - Allowances/button_Add Allowance"), STOP_ON_FAILURE): click(findTestObject("Add Records/Add Records - Allowances/button_Add Allowance"), STOP_ON_FAILURE) FAILED.
Reason:
com.kms.katalon.core.exception.StepFailedException: Unable to click on object 'Object Repository/Add Records/Add Records - Allowances/button_Add Allowance' (Root cause: org.openqa.selenium.WebDriverException: unknown error: Element <button class="add btn btn-success" id="addAllowanceDetailsButton" style="margin-bottom:5px;">...</button> is not clickable at point (159, 331). Other element would receive the click: <div id="loader"></div>
  (Session info: chrome=72.0.3626.109)
  (Driver info: chromedriver=2.43.600210 (68dcf5eebde37173d4027fa8635e332711d2874a),platform=Windows NT 10.0.16299 x86_64) (WARNING: The server did not provide any stacktrace information)
Command duration or timeout: 0 milliseconds
Build info: version: '3.7.1', revision: '8a0099a', time: '2017-11-06T21:07:36.161Z'
System info: host: 'PC0871RF', ip: '192.168.97.1', os.name: 'Windows 10', os.arch: 'amd64', os.version: '10.0', java.version: '1.8.0_181'
Driver info: com.kms.katalon.selenium.driver.CChromeDriver
Capabilities {acceptInsecureCerts: false, acceptSslCerts: false, applicationCacheEnabled: false, browserConnectionEnabled: false, browserName: chrome, chrome: {chromedriverVersion: 2.43.600210 (68dcf5eebde371..., userDataDir: C:\Users\SD4665~1.DAN\AppDa...}, cssSelectorsEnabled: true, databaseEnabled: false, goog:chromeOptions: {debuggerAddress: localhost:65020}, handlesAlerts: true, hasTouchScreen: false, javascriptEnabled: true, locationContextEnabled: true, mobileEmulationEnabled: false, nativeEvents: true, networkConnectionEnabled: false, pageLoadStrategy: normal, platform: XP, platformName: XP, rotatable: false, setWindowRect: true, takesHeapSnapshot: true, takesScreenshot: true, unexpectedAlertBehaviour: , unhandledPromptBehavior: , version: 72.0.3626.109, webStorageEnabled: true}
Session ID: 74b9049ef46b2057f83b5a02c950d192)
	at com.kms.katalon.core.keyword.internal.KeywordMain.stepFailed(KeywordMain.groovy:36)
	at com.kms.katalon.core.webui.keyword.internal.WebUIKeywordMain.stepFailed(WebUIKeywordMain.groovy:65)
	at com.kms.katalon.core.webui.keyword.internal.WebUIKeywordMain.runKeyword(WebUIKeywordMain.groovy:27)
	at com.kms.katalon.core.webui.keyword.builtin.ClickKeyword.click(ClickKeyword.groovy:86)
	at com.kms.katalon.core.webui.keyword.builtin.ClickKeyword.execute(ClickKeyword.groovy:67)
	at com.kms.katalon.core.keyword.internal.KeywordExecutor.executeKeywordForPlatform(KeywordExecutor.groovy:53)
	at com.kms.katalon.core.webui.keyword.WebUiBuiltInKeywords.click(WebUiBuiltInKeywords.groovy:604)
	at com.kms.katalon.core.webui.keyword.WebUiBuiltInKeywords$click$9.call(Unknown Source)
	at Navigation - Allowances.run(Navigation - Allowances:38)
	at com.kms.katalon.core.main.ScriptEngine.run(ScriptEngine.java:194)
	at com.kms.katalon.core.main.ScriptEngine.runScriptAsRawText(ScriptEngine.java:119)
	at com.kms.katalon.core.main.TestCaseExecutor.runScript(TestCaseExecutor.java:328)
	at com.kms.katalon.core.main.TestCaseExecutor.doExecute(TestCaseExecutor.java:319)
	at com.kms.katalon.core.main.TestCaseExecutor.processExecutionPhase(TestCaseExecutor.java:298)
	at com.kms.katalon.core.main.TestCaseExecutor.accessMainPhase(TestCaseExecutor.java:290)
	at com.kms.katalon.core.main.TestCaseExecutor.execute(TestCaseExecutor.java:224)
	at com.kms.katalon.core.main.TestCaseMain.runTestCase(TestCaseMain.java:106)
	at com.kms.katalon.core.keyword.builtin.CallTestCaseKeyword$_callTestCase_closure1.doCall(CallTestCaseKeyword.groovy:59)
	at com.kms.katalon.core.keyword.builtin.CallTestCaseKeyword$_callTestCase_closure1.call(CallTestCaseKeyword.groovy)
	at com.kms.katalon.core.keyword.internal.KeywordMain.runKeyword(KeywordMain.groovy:54)
	at com.kms.katalon.core.keyword.builtin.CallTestCaseKeyword.callTestCase(CallTestCaseKeyword.groovy:80)
	at com.kms.katalon.core.keyword.builtin.CallTestCaseKeyword.execute(CallTestCaseKeyword.groovy:44)
	at com.kms.katalon.core.keyword.internal.KeywordExecutor.executeKeywordForPlatform(KeywordExecutor.groovy:53)
	at com.kms.katalon.core.keyword.BuiltinKeywords.callTestCase(BuiltinKeywords.groovy:334)
	at NavigationYourPayAndBenefits.run(NavigationYourPayAndBenefits:18)
	at com.kms.katalon.core.main.ScriptEngine.run(ScriptEngine.java:194)
	at com.kms.katalon.core.main.ScriptEngine.runScriptAsRawText(ScriptEngine.java:119)
	at com.kms.katalon.core.main.TestCaseExecutor.runScript(TestCaseExecutor.java:328)
	at com.kms.katalon.core.main.TestCaseExecutor.doExecute(TestCaseExecutor.java:319)
	at com.kms.katalon.core.main.TestCaseExecutor.processExecutionPhase(TestCaseExecutor.java:298)
	at com.kms.katalon.core.main.TestCaseExecutor.accessMainPhase(TestCaseExecutor.java:290)
	at com.kms.katalon.core.main.TestCaseExecutor.execute(TestCaseExecutor.java:224)
	at com.kms.katalon.core.main.TestSuiteExecutor.accessTestCaseMainPhase(TestSuiteExecutor.java:129)
	at com.kms.katalon.core.main.TestSuiteExecutor.accessTestSuiteMainPhase(TestSuiteExecutor.java:112)
	at com.kms.katalon.core.main.TestSuiteExecutor.execute(TestSuiteExecutor.java:81)
	at com.kms.katalon.core.main.TestCaseMain.startTestSuite(TestCaseMain.java:149)
	at com.kms.katalon.core.main.TestCaseMain$startTestSuite$0.call(Unknown Source)
	at TempTestSuite1550492203213.run(TempTestSuite1550492203213.groovy:36)


2019-02-18 16:19:27 - [MESSAGE][FAILED] - Unable to click on object 'Object Repository/Add Records/Add Records - Allowances/button_Add Allowance' (Root cause: org.openqa.selenium.WebDriverException: unknown error: Element <button class="add btn btn-success" id="addAllowanceDetailsButton" style="margin-bottom:5px;">...</button> is not clickable at point (159, 331). Other element would receive the click: <div id="loader"></div>
  (Session info: chrome=72.0.3626.109)
  (Driver info: chromedriver=2.43.600210 (68dcf5eebde37173d4027fa8635e332711d2874a),platform=Windows NT 10.0.16299 x86_64) (WARNING: The server did not provide any stacktrace information)
Command duration or timeout: 0 milliseconds
Build info: version: '3.7.1', revision: '8a0099a', time: '2017-11-06T21:07:36.161Z'
System info: host: 'PC0871RF', ip: '192.168.97.1', os.name: 'Windows 10', os.arch: 'amd64', os.version: '10.0', java.version: '1.8.0_181'
Driver info: com.kms.katalon.selenium.driver.CChromeDriver
Capabilities {acceptInsecureCerts: false, acceptSslCerts: false, applicationCacheEnabled: false, browserConnectionEnabled: false, browserName: chrome, chrome: {chromedriverVersion: 2.43.600210 (68dcf5eebde371..., userDataDir: C:\Users\SD4665~1.DAN\AppDa...}, cssSelectorsEnabled: true, databaseEnabled: false, goog:chromeOptions: {debuggerAddress: localhost:65020}, handlesAlerts: true, hasTouchScreen: false, javascriptEnabled: true, locationContextEnabled: true, mobileEmulationEnabled: false, nativeEvents: true, networkConnectionEnabled: false, pageLoadStrategy: normal, platform: XP, platformName: XP, rotatable: false, setWindowRect: true, takesHeapSnapshot: true, takesScreenshot: true, unexpectedAlertBehaviour: , unhandledPromptBehavior: , version: 72.0.3626.109, webStorageEnabled: true}
Session ID: 74b9049ef46b2057f83b5a02c950d192)
[[ATTACHMENT|C:\\Users\\SD466525.DAN001\\git\\Test-Automation_ToolkitVersion2\\Reports\\Smoke Test\\20190218_161638\\1550492366876.png]]

2019-02-18 16:19:27 - [MESSAGE][FAILED] - click(findTestObject("Add Records/Add Records - Allowances/button_Add Allowance"), STOP_ON_FAILURE) FAILED.
Reason:
com.kms.katalon.core.exception.StepFailedException: Unable to click on object 'Object Repository/Add Records/Add Records - Allowances/button_Add Allowance' (Root cause: org.openqa.selenium.WebDriverException: unknown error: Element <button class="add btn btn-success" id="addAllowanceDetailsButton" style="margin-bottom:5px;">...</button> is not clickable at point (159, 331). Other element would receive the click: <div id="loader"></div>
  (Session info: chrome=72.0.3626.109)
  (Driver info: chromedriver=2.43.600210 (68dcf5eebde37173d4027fa8635e332711d2874a),platform=Windows NT 10.0.16299 x86_64) (WARNING: The server did not provide any stacktrace information)
Command duration or timeout: 0 milliseconds
Build info: version: '3.7.1', revision: '8a0099a', time: '2017-11-06T21:07:36.161Z'
System info: host: 'PC0871RF', ip: '192.168.97.1', os.name: 'Windows 10', os.arch: 'amd64', os.version: '10.0', java.version: '1.8.0_181'
Driver info: com.kms.katalon.selenium.driver.CChromeDriver
Capabilities {acceptInsecureCerts: false, acceptSslCerts: false, applicationCacheEnabled: false, browserConnectionEnabled: false, browserName: chrome, chrome: {chromedriverVersion: 2.43.600210 (68dcf5eebde371..., userDataDir: C:\Users\SD4665~1.DAN\AppDa...}, cssSelectorsEnabled: true, databaseEnabled: false, goog:chromeOptions: {debuggerAddress: localhost:65020}, handlesAlerts: true, hasTouchScreen: false, javascriptEnabled: true, locationContextEnabled: true, mobileEmulationEnabled: false, nativeEvents: true, networkConnectionEnabled: false, pageLoadStrategy: normal, platform: XP, platformName: XP, rotatable: false, setWindowRect: true, takesHeapSnapshot: true, takesScreenshot: true, unexpectedAlertBehaviour: , unhandledPromptBehavior: , version: 72.0.3626.109, webStorageEnabled: true}
Session ID: 74b9049ef46b2057f83b5a02c950d192)
	at com.kms.katalon.core.keyword.internal.KeywordMain.stepFailed(KeywordMain.groovy:36)
	at com.kms.katalon.core.webui.keyword.internal.WebUIKeywordMain.stepFailed(WebUIKeywordMain.groovy:65)
	at com.kms.katalon.core.webui.keyword.internal.WebUIKeywordMain.runKeyword(WebUIKeywordMain.groovy:27)
	at com.kms.katalon.core.webui.keyword.builtin.ClickKeyword.click(ClickKeyword.groovy:86)
	at com.kms.katalon.core.webui.keyword.builtin.ClickKeyword.execute(ClickKeyword.groovy:67)
	at com.kms.katalon.core.keyword.internal.KeywordExecutor.executeKeywordForPlatform(KeywordExecutor.groovy:53)
	at com.kms.katalon.core.webui.keyword.WebUiBuiltInKeywords.click(WebUiBuiltInKeywords.groovy:604)
	at com.kms.katalon.core.webui.keyword.WebUiBuiltInKeywords$click$9.call(Unknown Source)
	at Navigation - Allowances.run(Navigation - Allowances:38)
	at com.kms.katalon.core.main.ScriptEngine.run(ScriptEngine.java:194)
	at com.kms.katalon.core.main.ScriptEngine.runScriptAsRawText(ScriptEngine.java:119)
	at com.kms.katalon.core.main.TestCaseExecutor.runScript(TestCaseExecutor.java:328)
	at com.kms.katalon.core.main.TestCaseExecutor.doExecute(TestCaseExecutor.java:319)
	at com.kms.katalon.core.main.TestCaseExecutor.processExecutionPhase(TestCaseExecutor.java:298)
	at com.kms.katalon.core.main.TestCaseExecutor.accessMainPhase(TestCaseExecutor.java:290)
	at com.kms.katalon.core.main.TestCaseExecutor.execute(TestCaseExecutor.java:224)
	at com.kms.katalon.core.main.TestCaseMain.runTestCase(TestCaseMain.java:106)
	at com.kms.katalon.core.keyword.builtin.CallTestCaseKeyword$_callTestCase_closure1.doCall(CallTestCaseKeyword.groovy:59)
	at com.kms.katalon.core.keyword.builtin.CallTestCaseKeyword$_callTestCase_closure1.call(CallTestCaseKeyword.groovy)
	at com.kms.katalon.core.keyword.internal.KeywordMain.runKeyword(KeywordMain.groovy:54)
	at com.kms.katalon.core.keyword.builtin.CallTestCaseKeyword.callTestCase(CallTestCaseKeyword.groovy:80)
	at com.kms.katalon.core.keyword.builtin.CallTestCaseKeyword.execute(CallTestCaseKeyword.groovy:44)
	at com.kms.katalon.core.keyword.internal.KeywordExecutor.executeKeywordForPlatform(KeywordExecutor.groovy:53)
	at com.kms.katalon.core.keyword.BuiltinKeywords.callTestCase(BuiltinKeywords.groovy:334)
	at NavigationYourPayAndBenefits.run(NavigationYourPayAndBenefits:18)
	at com.kms.katalon.core.main.ScriptEngine.run(ScriptEngine.java:194)
	at com.kms.katalon.core.main.ScriptEngine.runScriptAsRawText(ScriptEngine.java:119)
	at com.kms.katalon.core.main.TestCaseExecutor.runScript(TestCaseExecutor.java:328)
	at com.kms.katalon.core.main.TestCaseExecutor.doExecute(TestCaseExecutor.java:319)
	at com.kms.katalon.core.main.TestCaseExecutor.processExecutionPhase(TestCaseExecutor.java:298)
	at com.kms.katalon.core.main.TestCaseExecutor.accessMainPhase(TestCaseExecutor.java:290)
	at com.kms.katalon.core.main.TestCaseExecutor.execute(TestCaseExecutor.java:224)
	at com.kms.katalon.core.main.TestSuiteExecutor.accessTestCaseMainPhase(TestSuiteExecutor.java:129)
	at com.kms.katalon.core.main.TestSuiteExecutor.accessTestSuiteMainPhase(TestSuiteExecutor.java:112)
	at com.kms.katalon.core.main.TestSuiteExecutor.execute(TestSuiteExecutor.java:81)
	at com.kms.katalon.core.main.TestCaseMain.startTestSuite(TestCaseMain.java:149)
	at com.kms.katalon.core.main.TestCaseMain$startTestSuite$0.call(Unknown Source)
	at TempTestSuite1550492203213.run(TempTestSuite1550492203213.groovy:36)


2019-02-18 16:19:27 - [MESSAGE][FAILED] - Unable to call Test Case 'Test Cases/Navigations/Navigation - Allowances' (Root cause: com.kms.katalon.core.exception.StepFailedException: Call Test Case 'Test Cases/Navigations/Navigation - Allowances' failed)

2019-02-18 16:19:27 - [MESSAGE][FAILED] - callTestCase(findTestCase("Navigations/Navigation - Allowances"), [:], STOP_ON_FAILURE) FAILED.
Reason:
com.kms.katalon.core.exception.StepFailedException: Unable to click on object 'Object Repository/Add Records/Add Records - Allowances/button_Add Allowance' (Root cause: org.openqa.selenium.WebDriverException: unknown error: Element <button class="add btn btn-success" id="addAllowanceDetailsButton" style="margin-bottom:5px;">...</button> is not clickable at point (159, 331). Other element would receive the click: <div id="loader"></div>
  (Session info: chrome=72.0.3626.109)
  (Driver info: chromedriver=2.43.600210 (68dcf5eebde37173d4027fa8635e332711d2874a),platform=Windows NT 10.0.16299 x86_64) (WARNING: The server did not provide any stacktrace information)
Command duration or timeout: 0 milliseconds
Build info: version: '3.7.1', revision: '8a0099a', time: '2017-11-06T21:07:36.161Z'
System info: host: 'PC0871RF', ip: '192.168.97.1', os.name: 'Windows 10', os.arch: 'amd64', os.version: '10.0', java.version: '1.8.0_181'
Driver info: com.kms.katalon.selenium.driver.CChromeDriver
Capabilities {acceptInsecureCerts: false, acceptSslCerts: false, applicationCacheEnabled: false, browserConnectionEnabled: false, browserName: chrome, chrome: {chromedriverVersion: 2.43.600210 (68dcf5eebde371..., userDataDir: C:\Users\SD4665~1.DAN\AppDa...}, cssSelectorsEnabled: true, databaseEnabled: false, goog:chromeOptions: {debuggerAddress: localhost:65020}, handlesAlerts: true, hasTouchScreen: false, javascriptEnabled: true, locationContextEnabled: true, mobileEmulationEnabled: false, nativeEvents: true, networkConnectionEnabled: false, pageLoadStrategy: normal, platform: XP, platformName: XP, rotatable: false, setWindowRect: true, takesHeapSnapshot: true, takesScreenshot: true, unexpectedAlertBehaviour: , unhandledPromptBehavior: , version: 72.0.3626.109, webStorageEnabled: true}
Session ID: 74b9049ef46b2057f83b5a02c950d192)
	at com.kms.katalon.core.keyword.internal.KeywordMain.stepFailed(KeywordMain.groovy:36)
	at com.kms.katalon.core.webui.keyword.internal.WebUIKeywordMain.stepFailed(WebUIKeywordMain.groovy:65)
	at com.kms.katalon.core.webui.keyword.internal.WebUIKeywordMain.runKeyword(WebUIKeywordMain.groovy:27)
	at com.kms.katalon.core.webui.keyword.builtin.ClickKeyword.click(ClickKeyword.groovy:86)
	at com.kms.katalon.core.webui.keyword.builtin.ClickKeyword.execute(ClickKeyword.groovy:67)
	at com.kms.katalon.core.keyword.internal.KeywordExecutor.executeKeywordForPlatform(KeywordExecutor.groovy:53)
	at com.kms.katalon.core.webui.keyword.WebUiBuiltInKeywords.click(WebUiBuiltInKeywords.groovy:604)
	at com.kms.katalon.core.webui.keyword.WebUiBuiltInKeywords$click$9.call(Unknown Source)
	at Navigation - Allowances.run(Navigation - Allowances:38)
	at com.kms.katalon.core.main.ScriptEngine.run(ScriptEngine.java:194)
	at com.kms.katalon.core.main.ScriptEngine.runScriptAsRawText(ScriptEngine.java:119)
	at com.kms.katalon.core.main.TestCaseExecutor.runScript(TestCaseExecutor.java:328)
	at com.kms.katalon.core.main.TestCaseExecutor.doExecute(TestCaseExecutor.java:319)
	at com.kms.katalon.core.main.TestCaseExecutor.processExecutionPhase(TestCaseExecutor.java:298)
	at com.kms.katalon.core.main.TestCaseExecutor.accessMainPhase(TestCaseExecutor.java:290)
	at com.kms.katalon.core.main.TestCaseExecutor.execute(TestCaseExecutor.java:224)
	at com.kms.katalon.core.main.TestCaseMain.runTestCase(TestCaseMain.java:106)
	at com.kms.katalon.core.keyword.builtin.CallTestCaseKeyword$_callTestCase_closure1.doCall(CallTestCaseKeyword.groovy:59)
	at com.kms.katalon.core.keyword.builtin.CallTestCaseKeyword$_callTestCase_closure1.call(CallTestCaseKeyword.groovy)
	at com.kms.katalon.core.keyword.internal.KeywordMain.runKeyword(KeywordMain.groovy:54)
	at com.kms.katalon.core.keyword.builtin.CallTestCaseKeyword.callTestCase(CallTestCaseKeyword.groovy:80)
	at com.kms.katalon.core.keyword.builtin.CallTestCaseKeyword.execute(CallTestCaseKeyword.groovy:44)
	at com.kms.katalon.core.keyword.internal.KeywordExecutor.executeKeywordForPlatform(KeywordExecutor.groovy:53)
	at com.kms.katalon.core.keyword.BuiltinKeywords.callTestCase(BuiltinKeywords.groovy:334)
	at NavigationYourPayAndBenefits.run(NavigationYourPayAndBenefits:18)
	at com.kms.katalon.core.main.ScriptEngine.run(ScriptEngine.java:194)
	at com.kms.katalon.core.main.ScriptEngine.runScriptAsRawText(ScriptEngine.java:119)
	at com.kms.katalon.core.main.TestCaseExecutor.runScript(TestCaseExecutor.java:328)
	at com.kms.katalon.core.main.TestCaseExecutor.doExecute(TestCaseExecutor.java:319)
	at com.kms.katalon.core.main.TestCaseExecutor.processExecutionPhase(TestCaseExecutor.java:298)
	at com.kms.katalon.core.main.TestCaseExecutor.accessMainPhase(TestCaseExecutor.java:290)
	at com.kms.katalon.core.main.TestCaseExecutor.execute(TestCaseExecutor.java:224)
	at com.kms.katalon.core.main.TestSuiteExecutor.accessTestCaseMainPhase(TestSuiteExecutor.java:129)
	at com.kms.katalon.core.main.TestSuiteExecutor.accessTestSuiteMainPhase(TestSuiteExecutor.java:112)
	at com.kms.katalon.core.main.TestSuiteExecutor.execute(TestSuiteExecutor.java:81)
	at com.kms.katalon.core.main.TestCaseMain.startTestSuite(TestCaseMain.java:149)
	at com.kms.katalon.core.main.TestCaseMain$startTestSuite$0.call(Unknown Source)
	at TempTestSuite1550492203213.run(TempTestSuite1550492203213.groovy:36)]]></system-out>
         <system-err><![CDATA[2019-02-18 16:19:06 - [TEST_CASE][FAILED] - Test Cases/Smoke Test/NavigationYourPayAndBenefits: Test Cases/Smoke Test/NavigationYourPayAndBenefits FAILED.
Reason:
com.kms.katalon.core.exception.StepFailedException: Unable to click on object 'Object Repository/Add Records/Add Records - Allowances/button_Add Allowance' (Root cause: org.openqa.selenium.WebDriverException: unknown error: Element <button class="add btn btn-success" id="addAllowanceDetailsButton" style="margin-bottom:5px;">...</button> is not clickable at point (159, 331). Other element would receive the click: <div id="loader"></div>
  (Session info: chrome=72.0.3626.109)
  (Driver info: chromedriver=2.43.600210 (68dcf5eebde37173d4027fa8635e332711d2874a),platform=Windows NT 10.0.16299 x86_64) (WARNING: The server did not provide any stacktrace information)
Command duration or timeout: 0 milliseconds
Build info: version: '3.7.1', revision: '8a0099a', time: '2017-11-06T21:07:36.161Z'
System info: host: 'PC0871RF', ip: '192.168.97.1', os.name: 'Windows 10', os.arch: 'amd64', os.version: '10.0', java.version: '1.8.0_181'
Driver info: com.kms.katalon.selenium.driver.CChromeDriver
Capabilities {acceptInsecureCerts: false, acceptSslCerts: false, applicationCacheEnabled: false, browserConnectionEnabled: false, browserName: chrome, chrome: {chromedriverVersion: 2.43.600210 (68dcf5eebde371..., userDataDir: C:\Users\SD4665~1.DAN\AppDa...}, cssSelectorsEnabled: true, databaseEnabled: false, goog:chromeOptions: {debuggerAddress: localhost:65020}, handlesAlerts: true, hasTouchScreen: false, javascriptEnabled: true, locationContextEnabled: true, mobileEmulationEnabled: false, nativeEvents: true, networkConnectionEnabled: false, pageLoadStrategy: normal, platform: XP, platformName: XP, rotatable: false, setWindowRect: true, takesHeapSnapshot: true, takesScreenshot: true, unexpectedAlertBehaviour: , unhandledPromptBehavior: , version: 72.0.3626.109, webStorageEnabled: true}
Session ID: 74b9049ef46b2057f83b5a02c950d192)
	at com.kms.katalon.core.keyword.internal.KeywordMain.stepFailed(KeywordMain.groovy:36)
	at com.kms.katalon.core.webui.keyword.internal.WebUIKeywordMain.stepFailed(WebUIKeywordMain.groovy:65)
	at com.kms.katalon.core.webui.keyword.internal.WebUIKeywordMain.runKeyword(WebUIKeywordMain.groovy:27)
	at com.kms.katalon.core.webui.keyword.builtin.ClickKeyword.click(ClickKeyword.groovy:86)
	at com.kms.katalon.core.webui.keyword.builtin.ClickKeyword.execute(ClickKeyword.groovy:67)
	at com.kms.katalon.core.keyword.internal.KeywordExecutor.executeKeywordForPlatform(KeywordExecutor.groovy:53)
	at com.kms.katalon.core.webui.keyword.WebUiBuiltInKeywords.click(WebUiBuiltInKeywords.groovy:604)
	at com.kms.katalon.core.webui.keyword.WebUiBuiltInKeywords$click$9.call(Unknown Source)
	at Navigation - Allowances.run(Navigation - Allowances:38)
	at com.kms.katalon.core.main.ScriptEngine.run(ScriptEngine.java:194)
	at com.kms.katalon.core.main.ScriptEngine.runScriptAsRawText(ScriptEngine.java:119)
	at com.kms.katalon.core.main.TestCaseExecutor.runScript(TestCaseExecutor.java:328)
	at com.kms.katalon.core.main.TestCaseExecutor.doExecute(TestCaseExecutor.java:319)
	at com.kms.katalon.core.main.TestCaseExecutor.processExecutionPhase(TestCaseExecutor.java:298)
	at com.kms.katalon.core.main.TestCaseExecutor.accessMainPhase(TestCaseExecutor.java:290)
	at com.kms.katalon.core.main.TestCaseExecutor.execute(TestCaseExecutor.java:224)
	at com.kms.katalon.core.main.TestCaseMain.runTestCase(TestCaseMain.java:106)
	at com.kms.katalon.core.keyword.builtin.CallTestCaseKeyword$_callTestCase_closure1.doCall(CallTestCaseKeyword.groovy:59)
	at com.kms.katalon.core.keyword.builtin.CallTestCaseKeyword$_callTestCase_closure1.call(CallTestCaseKeyword.groovy)
	at com.kms.katalon.core.keyword.internal.KeywordMain.runKeyword(KeywordMain.groovy:54)
	at com.kms.katalon.core.keyword.builtin.CallTestCaseKeyword.callTestCase(CallTestCaseKeyword.groovy:80)
	at com.kms.katalon.core.keyword.builtin.CallTestCaseKeyword.execute(CallTestCaseKeyword.groovy:44)
	at com.kms.katalon.core.keyword.internal.KeywordExecutor.executeKeywordForPlatform(KeywordExecutor.groovy:53)
	at com.kms.katalon.core.keyword.BuiltinKeywords.callTestCase(BuiltinKeywords.groovy:334)
	at NavigationYourPayAndBenefits.run(NavigationYourPayAndBenefits:18)
	at com.kms.katalon.core.main.ScriptEngine.run(ScriptEngine.java:194)
	at com.kms.katalon.core.main.ScriptEngine.runScriptAsRawText(ScriptEngine.java:119)
	at com.kms.katalon.core.main.TestCaseExecutor.runScript(TestCaseExecutor.java:328)
	at com.kms.katalon.core.main.TestCaseExecutor.doExecute(TestCaseExecutor.java:319)
	at com.kms.katalon.core.main.TestCaseExecutor.processExecutionPhase(TestCaseExecutor.java:298)
	at com.kms.katalon.core.main.TestCaseExecutor.accessMainPhase(TestCaseExecutor.java:290)
	at com.kms.katalon.core.main.TestCaseExecutor.execute(TestCaseExecutor.java:224)
	at com.kms.katalon.core.main.TestSuiteExecutor.accessTestCaseMainPhase(TestSuiteExecutor.java:129)
	at com.kms.katalon.core.main.TestSuiteExecutor.accessTestSuiteMainPhase(TestSuiteExecutor.java:112)
	at com.kms.katalon.core.main.TestSuiteExecutor.execute(TestSuiteExecutor.java:81)
	at com.kms.katalon.core.main.TestCaseMain.startTestSuite(TestCaseMain.java:149)
	at com.kms.katalon.core.main.TestCaseMain$startTestSuite$0.call(Unknown Source)
	at TempTestSuite1550492203213.run(TempTestSuite1550492203213.groovy:36)]]></system-err>
      </testcase>
      <testcase name="Test Cases/Smoke Test/NavigationYourAbsenceRules" classname="Test Cases/Smoke Test/NavigationYourAbsenceRules" status="PASSED">
         <system-out><![CDATA[2019-02-18 16:19:27 - [TEST_CASE][PASSED] - Test Cases/Smoke Test/NavigationYourAbsenceRules: Test Cases/Smoke Test/NavigationYourAbsenceRules

2019-02-18 16:19:27 - [TEST_STEP][PASSED] - callTestCase(findTestCase("Smoke Test/ValidLogin"), [:], STOP_ON_FAILURE): Call Test Case 'Test Cases/Smoke Test/ValidLogin' successfully

2019-02-18 16:19:27 - [TEST_CASE][PASSED] - Test Cases/Smoke Test/ValidLogin: Test Cases/Smoke Test/ValidLogin

2019-02-18 16:19:27 - [TEST_STEP][PASSED] - openBrowser(findTestData("Environment").getValue("URL", 1)): Browser is opened with url: 'https://implementationuat.sdworx.co.uk/'

2019-02-18 16:19:27 - [MESSAGE][WARNING] - A browser is already opened. Closing browser and opening a new one

2019-02-18 16:19:28 - [MESSAGE][INFO] - Starting 'Chrome' driver

2019-02-18 16:19:33 - [MESSAGE][PASSED] - Browser is opened with url: 'https://implementationuat.sdworx.co.uk/'

2019-02-18 16:19:33 - [TEST_STEP][PASSED] - maximizeWindow(): Current window maximized

2019-02-18 16:19:34 - [MESSAGE][PASSED] - Current window maximized

2019-02-18 16:19:34 - [TEST_STEP][PASSED] - navigateToUrl(findTestData("Environment").getValue("URL", 1)): Navigate to 'https://implementationuat.sdworx.co.uk/' successfully

2019-02-18 16:19:35 - [MESSAGE][PASSED] - Navigate to 'https://implementationuat.sdworx.co.uk/' successfully

2019-02-18 16:19:35 - [TEST_STEP][PASSED] - setText(findTestObject("Object Repository/Login/input_Email"), findTestData("Login").getValue("Username", 1)): Text 'purmanand.roopnah@sdworx.com' is set on object 'Object Repository/Login/input_Email'

2019-02-18 16:19:35 - [MESSAGE][PASSED] - Text 'purmanand.roopnah@sdworx.com' is set on object 'Object Repository/Login/input_Email'

2019-02-18 16:19:35 - [TEST_STEP][PASSED] - setText(findTestObject("Object Repository/Login/input_Password"), findTestData("Login").getValue("Password", 1)): Text 'Manish_2505' is set on object 'Object Repository/Login/input_Password'

2019-02-18 16:19:36 - [MESSAGE][PASSED] - Text 'Manish_2505' is set on object 'Object Repository/Login/input_Password'

2019-02-18 16:19:36 - [TEST_STEP][PASSED] - click(findTestObject("Object Repository/Login/input_btn btn-default")): Object: 'Object Repository/Login/input_btn btn-default' is clicked on

2019-02-18 16:19:38 - [MESSAGE][PASSED] - Object: 'Object Repository/Login/input_btn btn-default' is clicked on

2019-02-18 16:19:38 - [TEST_STEP][NOT_RUN] - selectOptionByLabel(findTestObject("Dropdown Lists/Select Organisation/Select Org"), "Panasonic Mauritius", true): NOT_RUN: selectOptionByLabel(findTestObject("Dropdown Lists/Select Organisation/Select Org"), "Panasonic Mauritius", true)

2019-02-18 16:19:38 - [MESSAGE][NOT_RUN] - NOT_RUN: selectOptionByLabel(findTestObject("Dropdown Lists/Select Organisation/Select Org"), "Panasonic Mauritius", true)

2019-02-18 16:19:38 - [TEST_STEP][NOT_RUN] - verifyElementPresent(findTestObject("Logout/Logout_dropdown"), 10, CONTINUE_ON_FAILURE): NOT_RUN: verifyElementPresent(findTestObject("Logout/Logout_dropdown"), 10, CONTINUE_ON_FAILURE)

2019-02-18 16:19:38 - [MESSAGE][NOT_RUN] - NOT_RUN: verifyElementPresent(findTestObject("Logout/Logout_dropdown"), 10, CONTINUE_ON_FAILURE)

2019-02-18 16:19:38 - [TEST_STEP][NOT_RUN] - click(findTestObject("Logout/Logout_dropdown")): NOT_RUN: click(findTestObject("Logout/Logout_dropdown"))

2019-02-18 16:19:38 - [MESSAGE][NOT_RUN] - NOT_RUN: click(findTestObject("Logout/Logout_dropdown"))

2019-02-18 16:19:38 - [TEST_STEP][NOT_RUN] - verifyElementPresent(findTestObject("Logout/a_Logout"), 10, CONTINUE_ON_FAILURE): NOT_RUN: verifyElementPresent(findTestObject("Logout/a_Logout"), 10, CONTINUE_ON_FAILURE)

2019-02-18 16:19:38 - [MESSAGE][NOT_RUN] - NOT_RUN: verifyElementPresent(findTestObject("Logout/a_Logout"), 10, CONTINUE_ON_FAILURE)

2019-02-18 16:19:38 - [TEST_STEP][NOT_RUN] - click(findTestObject("Logout/a_Logout")): NOT_RUN: click(findTestObject("Logout/a_Logout"))

2019-02-18 16:19:38 - [MESSAGE][NOT_RUN] - NOT_RUN: click(findTestObject("Logout/a_Logout"))

2019-02-18 16:19:38 - [TEST_STEP][NOT_RUN] - closeBrowser(): NOT_RUN: closeBrowser()

2019-02-18 16:19:38 - [MESSAGE][NOT_RUN] - NOT_RUN: closeBrowser()

2019-02-18 16:19:38 - [TEST_STEP][NOT_RUN] - toolkit.MySql.connectDB("CERRSQL2UTIL.aspnc.local", "ImplementationToolkit ", "4413", "ImpToolkit", "0E47iz93"): NOT_RUN: toolkit.MySql.connectDB("CERRSQL2UTIL.aspnc.local", "ImplementationToolkit ", "4413", "ImpToolkit", "0E47iz93")

2019-02-18 16:19:38 - [MESSAGE][NOT_RUN] - NOT_RUN: toolkit.MySql.connectDB("CERRSQL2UTIL.aspnc.local", "ImplementationToolkit ", "4413", "ImpToolkit", "0E47iz93")

2019-02-18 16:19:38 - [TEST_STEP][NOT_RUN] - Data = toolkit.MySql.executeQuery("select id from AspNetUsers where Email='purmanand.roopnah@sdworx.com';"): NOT_RUN: Data = toolkit.MySql.executeQuery("select id from AspNetUsers where Email='purmanand.roopnah@sdworx.com';")

2019-02-18 16:19:38 - [MESSAGE][NOT_RUN] - NOT_RUN: Data = toolkit.MySql.executeQuery("select id from AspNetUsers where Email='purmanand.roopnah@sdworx.com';")

2019-02-18 16:19:38 - [TEST_STEP][NOT_RUN] - PrintLn("Data"): NOT_RUN: PrintLn("Data")

2019-02-18 16:19:38 - [MESSAGE][NOT_RUN] - NOT_RUN: PrintLn("Data")

2019-02-18 16:19:38 - [MESSAGE][PASSED] - Call Test Case 'Test Cases/Smoke Test/ValidLogin' successfully

2019-02-18 16:19:38 - [TEST_STEP][PASSED] - callTestCase(findTestCase("Navigations/Navigation - Absence Parameters"), [:], CONTINUE_ON_FAILURE): Call Test Case 'Test Cases/Navigations/Navigation - Absence Parameters' successfully

2019-02-18 16:19:38 - [TEST_CASE][PASSED] - Test Cases/Navigations/Navigation - Absence Parameters: Test Cases/Navigations/Navigation - Absence Parameters

2019-02-18 16:19:38 - [TEST_STEP][PASSED] - delay(2): Delayed 2 second(s)

2019-02-18 16:19:40 - [MESSAGE][PASSED] - Delayed 2 second(s)

2019-02-18 16:19:40 - [TEST_STEP][PASSED] - click(findTestObject("Object Repository/Navigations/Navigation - Absence Parameters/span_Your Absence Rules")): Object: 'Object Repository/Navigations/Navigation - Absence Parameters/span_Your Absence Rules' is clicked on

2019-02-18 16:19:40 - [MESSAGE][PASSED] - Object: 'Object Repository/Navigations/Navigation - Absence Parameters/span_Your Absence Rules' is clicked on

2019-02-18 16:19:40 - [TEST_STEP][PASSED] - delay(2): Delayed 2 second(s)

2019-02-18 16:19:42 - [MESSAGE][PASSED] - Delayed 2 second(s)

2019-02-18 16:19:42 - [TEST_STEP][PASSED] - click(findTestObject("Object Repository/Navigations/Navigation - Absence Parameters/a_Absence Parameters")): Object: 'Object Repository/Navigations/Navigation - Absence Parameters/a_Absence Parameters' is clicked on

2019-02-18 16:19:45 - [MESSAGE][PASSED] - Object: 'Object Repository/Navigations/Navigation - Absence Parameters/a_Absence Parameters' is clicked on

2019-02-18 16:19:45 - [TEST_STEP][PASSED] - waitForPageLoad(2): Wait for page load successfully

2019-02-18 16:19:45 - [MESSAGE][PASSED] - Wait for page load successfully

2019-02-18 16:19:45 - [TEST_STEP][PASSED] - verifyTextPresent("ABSENCE PARAMETERS", false): Text 'ABSENCE PARAMETERS' is present on page 

2019-02-18 16:19:45 - [MESSAGE][PASSED] - Text 'ABSENCE PARAMETERS' is present on page 

2019-02-18 16:19:45 - [TEST_STEP][PASSED] - click(findTestObject("Navigations/Navigation - Absence Parameters/input_Holiday year start date_")): Object: 'Object Repository/Navigations/Navigation - Absence Parameters/input_Holiday year start date_' is clicked on

2019-02-18 16:19:45 - [MESSAGE][PASSED] - Object: 'Object Repository/Navigations/Navigation - Absence Parameters/input_Holiday year start date_' is clicked on

2019-02-18 16:19:45 - [TEST_STEP][PASSED] - verifyTextPresent("Holiday year start date:", false): Text 'Holiday year start date:' is present on page 

2019-02-18 16:19:46 - [MESSAGE][PASSED] - Text 'Holiday year start date:' is present on page 

2019-02-18 16:19:46 - [MESSAGE][PASSED] - Call Test Case 'Test Cases/Navigations/Navigation - Absence Parameters' successfully

2019-02-18 16:19:46 - [TEST_STEP][PASSED] - callTestCase(findTestCase("Navigations/Navigation - Public Holiday Schemes"), [:], CONTINUE_ON_FAILURE): Call Test Case 'Test Cases/Navigations/Navigation - Public Holiday Schemes' successfully

2019-02-18 16:19:46 - [TEST_CASE][PASSED] - Test Cases/Navigations/Navigation - Public Holiday Schemes: Test Cases/Navigations/Navigation - Public Holiday Schemes

2019-02-18 16:19:46 - [TEST_STEP][PASSED] - delay(2): Delayed 2 second(s)

2019-02-18 16:19:48 - [MESSAGE][PASSED] - Delayed 2 second(s)

2019-02-18 16:19:48 - [TEST_STEP][PASSED] - click(findTestObject("Object Repository/Navigations/Navigation - Public Holiday Dates/span_Your Absence Rules")): Object: 'Object Repository/Navigations/Navigation - Public Holiday Dates/span_Your Absence Rules' is clicked on

2019-02-18 16:19:48 - [MESSAGE][PASSED] - Object: 'Object Repository/Navigations/Navigation - Public Holiday Dates/span_Your Absence Rules' is clicked on

2019-02-18 16:19:48 - [TEST_STEP][PASSED] - delay(2): Delayed 2 second(s)

2019-02-18 16:19:50 - [MESSAGE][PASSED] - Delayed 2 second(s)

2019-02-18 16:19:50 - [TEST_STEP][PASSED] - click(findTestObject("Object Repository/Navigations/Navigation - Public Holiday Dates/a_Public Holiday Calendars")): Object: 'Object Repository/Navigations/Navigation - Public Holiday Dates/a_Public Holiday Calendars' is clicked on

2019-02-18 16:19:53 - [MESSAGE][PASSED] - Object: 'Object Repository/Navigations/Navigation - Public Holiday Dates/a_Public Holiday Calendars' is clicked on

2019-02-18 16:19:53 - [TEST_STEP][PASSED] - click(findTestObject("Navigations/Navigation - Public Holiday Schemes/a_Public Holiday Schemes")): Object: 'Object Repository/Navigations/Navigation - Public Holiday Schemes/a_Public Holiday Schemes' is clicked on

2019-02-18 16:19:53 - [MESSAGE][PASSED] - Object: 'Object Repository/Navigations/Navigation - Public Holiday Schemes/a_Public Holiday Schemes' is clicked on

2019-02-18 16:19:53 - [TEST_STEP][PASSED] - verifyTextPresent("PUBLIC HOLIDAY SCHEMES", false): Text 'PUBLIC HOLIDAY SCHEMES' is present on page 

2019-02-18 16:19:53 - [MESSAGE][PASSED] - Text 'PUBLIC HOLIDAY SCHEMES' is present on page 

2019-02-18 16:19:53 - [TEST_STEP][PASSED] - doubleClick(findTestObject("Navigations/Navigation - Public Holiday Schemes/Search")): Object: 'Object Repository/Navigations/Navigation - Public Holiday Schemes/Search' is double clicked on

2019-02-18 16:19:54 - [MESSAGE][PASSED] - Object: 'Object Repository/Navigations/Navigation - Public Holiday Schemes/Search' is double clicked on

2019-02-18 16:19:54 - [TEST_STEP][PASSED] - verifyTextPresent("PUBLIC HOLIDAY SCHEMES", false): Text 'PUBLIC HOLIDAY SCHEMES' is present on page 

2019-02-18 16:19:54 - [MESSAGE][PASSED] - Text 'PUBLIC HOLIDAY SCHEMES' is present on page 

2019-02-18 16:19:54 - [MESSAGE][PASSED] - Call Test Case 'Test Cases/Navigations/Navigation - Public Holiday Schemes' successfully

2019-02-18 16:19:54 - [TEST_STEP][PASSED] - callTestCase(findTestCase("Navigations/Navigation - Public Holiday Dates"), [:], CONTINUE_ON_FAILURE): Call Test Case 'Test Cases/Navigations/Navigation - Public Holiday Dates' successfully

2019-02-18 16:19:54 - [TEST_CASE][PASSED] - Test Cases/Navigations/Navigation - Public Holiday Dates: Test Cases/Navigations/Navigation - Public Holiday Dates

2019-02-18 16:19:54 - [TEST_STEP][PASSED] - delay(2): Delayed 2 second(s)

2019-02-18 16:19:56 - [MESSAGE][PASSED] - Delayed 2 second(s)

2019-02-18 16:19:56 - [TEST_STEP][PASSED] - click(findTestObject("Object Repository/Navigations/Navigation - Public Holiday Dates/span_Your Absence Rules")): Object: 'Object Repository/Navigations/Navigation - Public Holiday Dates/span_Your Absence Rules' is clicked on

2019-02-18 16:19:56 - [MESSAGE][PASSED] - Object: 'Object Repository/Navigations/Navigation - Public Holiday Dates/span_Your Absence Rules' is clicked on

2019-02-18 16:19:56 - [TEST_STEP][PASSED] - delay(2): Delayed 2 second(s)

2019-02-18 16:19:58 - [MESSAGE][PASSED] - Delayed 2 second(s)

2019-02-18 16:19:58 - [TEST_STEP][PASSED] - click(findTestObject("Object Repository/Navigations/Navigation - Public Holiday Dates/a_Public Holiday Calendars")): Object: 'Object Repository/Navigations/Navigation - Public Holiday Dates/a_Public Holiday Calendars' is clicked on

2019-02-18 16:19:59 - [MESSAGE][PASSED] - Object: 'Object Repository/Navigations/Navigation - Public Holiday Dates/a_Public Holiday Calendars' is clicked on

2019-02-18 16:19:59 - [TEST_STEP][PASSED] - click(findTestObject("Object Repository/Navigations/Navigation - Public Holiday Dates/a_Public Holiday Dates tab")): Object: 'Object Repository/Navigations/Navigation - Public Holiday Dates/a_Public Holiday Dates tab' is clicked on

2019-02-18 16:19:59 - [MESSAGE][PASSED] - Object: 'Object Repository/Navigations/Navigation - Public Holiday Dates/a_Public Holiday Dates tab' is clicked on

2019-02-18 16:19:59 - [TEST_STEP][PASSED] - verifyTextPresent("BANK / PUBLIC HOLIDAY DATES", false): Text 'BANK / PUBLIC HOLIDAY DATES' is present on page 

2019-02-18 16:19:59 - [MESSAGE][PASSED] - Text 'BANK / PUBLIC HOLIDAY DATES' is present on page 

2019-02-18 16:19:59 - [TEST_STEP][PASSED] - doubleClick(findTestObject("Navigations/Navigation - Public Holiday Dates/Search")): Object: 'Object Repository/Navigations/Navigation - Public Holiday Dates/Search' is double clicked on

2019-02-18 16:19:59 - [MESSAGE][PASSED] - Object: 'Object Repository/Navigations/Navigation - Public Holiday Dates/Search' is double clicked on

2019-02-18 16:19:59 - [TEST_STEP][PASSED] - verifyElementPresent(findTestObject("Navigations/Navigation - Public Holiday Dates/a_Add Holiday Date"), 2): Object 'Object Repository/Navigations/Navigation - Public Holiday Dates/a_Add Holiday Date' is present

2019-02-18 16:19:59 - [MESSAGE][PASSED] - Object 'Object Repository/Navigations/Navigation - Public Holiday Dates/a_Add Holiday Date' is present

2019-02-18 16:19:59 - [MESSAGE][PASSED] - Call Test Case 'Test Cases/Navigations/Navigation - Public Holiday Dates' successfully

2019-02-18 16:19:59 - [TEST_STEP][PASSED] - callTestCase(findTestCase("Navigations/Navigation - Primary Sickness"), [:], CONTINUE_ON_FAILURE): Call Test Case 'Test Cases/Navigations/Navigation - Primary Sickness' successfully

2019-02-18 16:19:59 - [TEST_CASE][PASSED] - Test Cases/Navigations/Navigation - Primary Sickness: Test Cases/Navigations/Navigation - Primary Sickness

2019-02-18 16:20:00 - [TEST_STEP][PASSED] - delay(2): Delayed 2 second(s)

2019-02-18 16:20:02 - [MESSAGE][PASSED] - Delayed 2 second(s)

2019-02-18 16:20:02 - [TEST_STEP][PASSED] - click(findTestObject("Object Repository/Navigations/Navigation - Primary Sickness/span_Your Absence Rules")): Object: 'Object Repository/Navigations/Navigation - Primary Sickness/span_Your Absence Rules' is clicked on

2019-02-18 16:20:02 - [MESSAGE][PASSED] - Object: 'Object Repository/Navigations/Navigation - Primary Sickness/span_Your Absence Rules' is clicked on

2019-02-18 16:20:02 - [TEST_STEP][PASSED] - delay(2): Delayed 2 second(s)

2019-02-18 16:20:04 - [MESSAGE][PASSED] - Delayed 2 second(s)

2019-02-18 16:20:04 - [TEST_STEP][PASSED] - click(findTestObject("Navigations/Navigation - Primary Sickness/a_Sickness")): Object: 'Object Repository/Navigations/Navigation - Primary Sickness/a_Sickness' is clicked on

2019-02-18 16:20:07 - [MESSAGE][PASSED] - Object: 'Object Repository/Navigations/Navigation - Primary Sickness/a_Sickness' is clicked on

2019-02-18 16:20:07 - [TEST_STEP][PASSED] - delay(2): Delayed 2 second(s)

2019-02-18 16:20:09 - [MESSAGE][PASSED] - Delayed 2 second(s)

2019-02-18 16:20:09 - [TEST_STEP][PASSED] - click(findTestObject("Navigations/Navigation - Primary Sickness/a_Primary Sickness Reasons")): Object: 'Object Repository/Navigations/Navigation - Primary Sickness/a_Primary Sickness Reasons' is clicked on

2019-02-18 16:20:09 - [MESSAGE][PASSED] - Object: 'Object Repository/Navigations/Navigation - Primary Sickness/a_Primary Sickness Reasons' is clicked on

2019-02-18 16:20:09 - [TEST_STEP][PASSED] - verifyTextPresent("PRIMARY SICKNESS REASONS", false): Text 'PRIMARY SICKNESS REASONS' is present on page 

2019-02-18 16:20:10 - [MESSAGE][PASSED] - Text 'PRIMARY SICKNESS REASONS' is present on page 

2019-02-18 16:20:10 - [TEST_STEP][PASSED] - verifyElementPresent(findTestObject("Navigations/Navigation - Primary Sickness/a_Add Primary Sickness"), 10): Object 'Object Repository/Navigations/Navigation - Primary Sickness/a_Add Primary Sickness' is present

2019-02-18 16:20:10 - [MESSAGE][PASSED] - Object 'Object Repository/Navigations/Navigation - Primary Sickness/a_Add Primary Sickness' is present

2019-02-18 16:20:10 - [TEST_STEP][PASSED] - doubleClick(findTestObject("Navigations/Navigation - Primary Sickness/Search")): Object: 'Object Repository/Navigations/Navigation - Primary Sickness/Search' is double clicked on

2019-02-18 16:20:10 - [MESSAGE][PASSED] - Object: 'Object Repository/Navigations/Navigation - Primary Sickness/Search' is double clicked on

2019-02-18 16:20:10 - [TEST_STEP][PASSED] - verifyElementPresent(findTestObject("Navigations/Navigation - Primary Sickness/a_Add Primary Sickness"), 0): Object 'Object Repository/Navigations/Navigation - Primary Sickness/a_Add Primary Sickness' is present

2019-02-18 16:20:10 - [MESSAGE][WARNING] - Timeout '0' is invalid. Using default page load timeout: '30'

2019-02-18 16:20:10 - [MESSAGE][PASSED] - Object 'Object Repository/Navigations/Navigation - Primary Sickness/a_Add Primary Sickness' is present

2019-02-18 16:20:10 - [MESSAGE][PASSED] - Call Test Case 'Test Cases/Navigations/Navigation - Primary Sickness' successfully

2019-02-18 16:20:10 - [TEST_STEP][PASSED] - callTestCase(findTestCase("Navigations/Navigation - Secondary Sickness"), [:], CONTINUE_ON_FAILURE): Call Test Case 'Test Cases/Navigations/Navigation - Secondary Sickness' successfully

2019-02-18 16:20:10 - [TEST_CASE][PASSED] - Test Cases/Navigations/Navigation - Secondary Sickness: Test Cases/Navigations/Navigation - Secondary Sickness

2019-02-18 16:20:10 - [TEST_STEP][PASSED] - click(findTestObject("Object Repository/Navigations/Navigation - Secondary Sickness/span_Your Absence Rules")): Object: 'Object Repository/Navigations/Navigation - Secondary Sickness/span_Your Absence Rules' is clicked on

2019-02-18 16:20:10 - [MESSAGE][PASSED] - Object: 'Object Repository/Navigations/Navigation - Secondary Sickness/span_Your Absence Rules' is clicked on

2019-02-18 16:20:10 - [TEST_STEP][PASSED] - delay(2): Delayed 2 second(s)

2019-02-18 16:20:12 - [MESSAGE][PASSED] - Delayed 2 second(s)

2019-02-18 16:20:12 - [TEST_STEP][PASSED] - click(findTestObject("Navigations/Navigation - Primary Sickness/a_Sickness")): Object: 'Object Repository/Navigations/Navigation - Primary Sickness/a_Sickness' is clicked on

2019-02-18 16:20:13 - [MESSAGE][PASSED] - Object: 'Object Repository/Navigations/Navigation - Primary Sickness/a_Sickness' is clicked on

2019-02-18 16:20:13 - [TEST_STEP][PASSED] - waitForPageLoad(5): Wait for page load successfully

2019-02-18 16:20:13 - [MESSAGE][PASSED] - Wait for page load successfully

2019-02-18 16:20:13 - [TEST_STEP][PASSED] - click(findTestObject("Navigations/Navigation - Secondary Sickness/a_Secondary Sickness Reasons")): Object: 'Object Repository/Navigations/Navigation - Secondary Sickness/a_Secondary Sickness Reasons' is clicked on

2019-02-18 16:20:14 - [MESSAGE][PASSED] - Object: 'Object Repository/Navigations/Navigation - Secondary Sickness/a_Secondary Sickness Reasons' is clicked on

2019-02-18 16:20:14 - [TEST_STEP][PASSED] - verifyTextPresent("SECONDARY SICKNESS REASONS", false): Text 'SECONDARY SICKNESS REASONS' is present on page 

2019-02-18 16:20:14 - [MESSAGE][PASSED] - Text 'SECONDARY SICKNESS REASONS' is present on page 

2019-02-18 16:20:14 - [TEST_STEP][PASSED] - doubleClick(findTestObject("Navigations/Navigation - Secondary Sickness/Search")): Object: 'Object Repository/Navigations/Navigation - Secondary Sickness/Search' is double clicked on

2019-02-18 16:20:14 - [MESSAGE][PASSED] - Object: 'Object Repository/Navigations/Navigation - Secondary Sickness/Search' is double clicked on

2019-02-18 16:20:14 - [TEST_STEP][PASSED] - verifyElementPresent(findTestObject("Navigations/Navigation - Secondary Sickness/a_Add Secondary Sickness"), 5): Object 'Object Repository/Navigations/Navigation - Secondary Sickness/a_Add Secondary Sickness' is present

2019-02-18 16:20:14 - [MESSAGE][PASSED] - Object 'Object Repository/Navigations/Navigation - Secondary Sickness/a_Add Secondary Sickness' is present

2019-02-18 16:20:14 - [MESSAGE][PASSED] - Call Test Case 'Test Cases/Navigations/Navigation - Secondary Sickness' successfully

2019-02-18 16:20:14 - [TEST_STEP][PASSED] - callTestCase(findTestCase("Navigations/Navigation - OSP Scheme Details"), [:], CONTINUE_ON_FAILURE): Call Test Case 'Test Cases/Navigations/Navigation - OSP Scheme Details' successfully

2019-02-18 16:20:14 - [TEST_CASE][PASSED] - Test Cases/Navigations/Navigation - OSP Scheme Details: Test Cases/Navigations/Navigation - OSP Scheme Details

2019-02-18 16:20:14 - [TEST_STEP][PASSED] - delay(2): Delayed 2 second(s)

2019-02-18 16:20:16 - [MESSAGE][PASSED] - Delayed 2 second(s)

2019-02-18 16:20:16 - [TEST_STEP][PASSED] - click(findTestObject("Object Repository/Navigations/Navigation - OSP Scheme Details/span_Your Absence Rules")): Object: 'Object Repository/Navigations/Navigation - OSP Scheme Details/span_Your Absence Rules' is clicked on

2019-02-18 16:20:16 - [MESSAGE][PASSED] - Object: 'Object Repository/Navigations/Navigation - OSP Scheme Details/span_Your Absence Rules' is clicked on

2019-02-18 16:20:16 - [TEST_STEP][PASSED] - delay(2): Delayed 2 second(s)

2019-02-18 16:20:18 - [MESSAGE][PASSED] - Delayed 2 second(s)

2019-02-18 16:20:18 - [TEST_STEP][PASSED] - click(findTestObject("Navigations/Navigation - OSP Scheme Details/a_OSP Schemes")): Object: 'Object Repository/Navigations/Navigation - OSP Scheme Details/a_OSP Schemes' is clicked on

2019-02-18 16:20:22 - [MESSAGE][PASSED] - Object: 'Object Repository/Navigations/Navigation - OSP Scheme Details/a_OSP Schemes' is clicked on

2019-02-18 16:20:22 - [TEST_STEP][PASSED] - verifyTextPresent("OSP SCHEME DETAILS", false): Text 'OSP SCHEME DETAILS' is present on page 

2019-02-18 16:20:23 - [MESSAGE][PASSED] - Text 'OSP SCHEME DETAILS' is present on page 

2019-02-18 16:20:23 - [TEST_STEP][PASSED] - doubleClick(findTestObject("Navigations/Navigation - OSP Scheme Details/Search")): Object: 'Object Repository/Navigations/Navigation - OSP Scheme Details/Search' is double clicked on

2019-02-18 16:20:23 - [MESSAGE][PASSED] - Object: 'Object Repository/Navigations/Navigation - OSP Scheme Details/Search' is double clicked on

2019-02-18 16:20:23 - [TEST_STEP][PASSED] - verifyTextPresent("OSP SCHEME DETAILS", false): Text 'OSP SCHEME DETAILS' is present on page 

2019-02-18 16:20:23 - [MESSAGE][PASSED] - Text 'OSP SCHEME DETAILS' is present on page 

2019-02-18 16:20:23 - [MESSAGE][PASSED] - Call Test Case 'Test Cases/Navigations/Navigation - OSP Scheme Details' successfully

2019-02-18 16:20:23 - [TEST_STEP][PASSED] - callTestCase(findTestCase("Navigations/Navigation - OSP Scheme Service Bands"), [:], CONTINUE_ON_FAILURE): Call Test Case 'Test Cases/Navigations/Navigation - OSP Scheme Service Bands' successfully

2019-02-18 16:20:23 - [TEST_CASE][PASSED] - Test Cases/Navigations/Navigation - OSP Scheme Service Bands: Test Cases/Navigations/Navigation - OSP Scheme Service Bands

2019-02-18 16:20:23 - [TEST_STEP][PASSED] - delay(2): Delayed 2 second(s)

2019-02-18 16:20:25 - [MESSAGE][PASSED] - Delayed 2 second(s)

2019-02-18 16:20:25 - [TEST_STEP][PASSED] - click(findTestObject("Object Repository/Navigations/Navigation - OSP Scheme Details/span_Your Absence Rules")): Object: 'Object Repository/Navigations/Navigation - OSP Scheme Details/span_Your Absence Rules' is clicked on

2019-02-18 16:20:25 - [MESSAGE][PASSED] - Object: 'Object Repository/Navigations/Navigation - OSP Scheme Details/span_Your Absence Rules' is clicked on

2019-02-18 16:20:25 - [TEST_STEP][PASSED] - delay(2): Delayed 2 second(s)

2019-02-18 16:20:27 - [MESSAGE][PASSED] - Delayed 2 second(s)

2019-02-18 16:20:27 - [TEST_STEP][PASSED] - click(findTestObject("Object Repository/Navigations/Navigation - OSP Scheme Details/a_OSP Schemes")): Object: 'Object Repository/Navigations/Navigation - OSP Scheme Details/a_OSP Schemes' is clicked on

2019-02-18 16:20:29 - [MESSAGE][PASSED] - Object: 'Object Repository/Navigations/Navigation - OSP Scheme Details/a_OSP Schemes' is clicked on

2019-02-18 16:20:29 - [TEST_STEP][PASSED] - click(findTestObject("Object Repository/Navigations/Navigation - OSP Scheme Service Bands/a_Service band tab")): Object: 'Object Repository/Navigations/Navigation - OSP Scheme Service Bands/a_Service band tab' is clicked on

2019-02-18 16:20:29 - [MESSAGE][PASSED] - Object: 'Object Repository/Navigations/Navigation - OSP Scheme Service Bands/a_Service band tab' is clicked on

2019-02-18 16:20:29 - [TEST_STEP][PASSED] - delay(2): Delayed 2 second(s)

2019-02-18 16:20:31 - [MESSAGE][PASSED] - Delayed 2 second(s)

2019-02-18 16:20:31 - [TEST_STEP][PASSED] - verifyTextPresent("Select Scheme to maintain ", false): Text 'Select Scheme to maintain ' is present on page 

2019-02-18 16:20:31 - [MESSAGE][PASSED] - Text 'Select Scheme to maintain ' is present on page 

2019-02-18 16:20:31 - [TEST_STEP][PASSED] - doubleClick(findTestObject("Navigations/Navigation - OSP Scheme Service Bands/Search")): Object: 'Object Repository/Navigations/Navigation - OSP Scheme Service Bands/Search' is double clicked on

2019-02-18 16:20:31 - [MESSAGE][PASSED] - Object: 'Object Repository/Navigations/Navigation - OSP Scheme Service Bands/Search' is double clicked on

2019-02-18 16:20:31 - [TEST_STEP][PASSED] - verifyTextPresent("Select Scheme to maintain ", false): Text 'Select Scheme to maintain ' is present on page 

2019-02-18 16:20:31 - [MESSAGE][PASSED] - Text 'Select Scheme to maintain ' is present on page 

2019-02-18 16:20:31 - [MESSAGE][PASSED] - Call Test Case 'Test Cases/Navigations/Navigation - OSP Scheme Service Bands' successfully

2019-02-18 16:20:31 - [TEST_STEP][PASSED] - callTestCase(findTestCase("Navigations/Navigation - Statutory Absence Parameters"), [:], CONTINUE_ON_FAILURE): Call Test Case 'Test Cases/Navigations/Navigation - Statutory Absence Parameters' successfully

2019-02-18 16:20:31 - [TEST_CASE][PASSED] - Test Cases/Navigations/Navigation - Statutory Absence Parameters: Test Cases/Navigations/Navigation - Statutory Absence Parameters

2019-02-18 16:20:32 - [TEST_STEP][PASSED] - waitForPageLoad(10): Wait for page load successfully

2019-02-18 16:20:32 - [MESSAGE][PASSED] - Wait for page load successfully

2019-02-18 16:20:32 - [TEST_STEP][PASSED] - click(findTestObject("Object Repository/Navigations/Navigation - Statutory Absence Parameters/span_Your Absence Rules")): Object: 'Object Repository/Navigations/Navigation - Statutory Absence Parameters/span_Your Absence Rules' is clicked on

2019-02-18 16:20:32 - [MESSAGE][PASSED] - Object: 'Object Repository/Navigations/Navigation - Statutory Absence Parameters/span_Your Absence Rules' is clicked on

2019-02-18 16:20:32 - [TEST_STEP][PASSED] - delay(2): Delayed 2 second(s)

2019-02-18 16:20:34 - [MESSAGE][PASSED] - Delayed 2 second(s)

2019-02-18 16:20:34 - [TEST_STEP][PASSED] - click(findTestObject("Object Repository/Navigations/Navigation - Statutory Absence Parameters/a_Statutory Absence")): Object: 'Object Repository/Navigations/Navigation - Statutory Absence Parameters/a_Statutory Absence' is clicked on

2019-02-18 16:20:37 - [MESSAGE][PASSED] - Object: 'Object Repository/Navigations/Navigation - Statutory Absence Parameters/a_Statutory Absence' is clicked on

2019-02-18 16:20:37 - [TEST_STEP][PASSED] - waitForPageLoad(10): Wait for page load successfully

2019-02-18 16:20:37 - [MESSAGE][PASSED] - Wait for page load successfully

2019-02-18 16:20:37 - [TEST_STEP][PASSED] - verifyTextPresent("Statutory Absence Parameters", false): Text 'Statutory Absence Parameters' is present on page 

2019-02-18 16:20:37 - [MESSAGE][PASSED] - Text 'Statutory Absence Parameters' is present on page 

2019-02-18 16:20:37 - [TEST_STEP][PASSED] - doubleClick(findTestObject("Navigations/Navigation - Statutory Absence Parameters/input_Default Qualifying Days_")): Object: 'Object Repository/Navigations/Navigation - Statutory Absence Parameters/input_Default Qualifying Days_' is double clicked on

2019-02-18 16:20:37 - [MESSAGE][PASSED] - Object: 'Object Repository/Navigations/Navigation - Statutory Absence Parameters/input_Default Qualifying Days_' is double clicked on

2019-02-18 16:20:37 - [TEST_STEP][PASSED] - verifyTextPresent("Statutory Absence Parameters", false): Text 'Statutory Absence Parameters' is present on page 

2019-02-18 16:20:37 - [MESSAGE][PASSED] - Text 'Statutory Absence Parameters' is present on page 

2019-02-18 16:20:37 - [MESSAGE][PASSED] - Call Test Case 'Test Cases/Navigations/Navigation - Statutory Absence Parameters' successfully

2019-02-18 16:20:37 - [TEST_STEP][PASSED] - callTestCase(findTestCase("Navigations/Navigation - Statutory Absence Notifications"), [:], CONTINUE_ON_FAILURE): Call Test Case 'Test Cases/Navigations/Navigation - Statutory Absence Notifications' successfully

2019-02-18 16:20:37 - [TEST_CASE][PASSED] - Test Cases/Navigations/Navigation - Statutory Absence Notifications: Test Cases/Navigations/Navigation - Statutory Absence Notifications

2019-02-18 16:20:37 - [TEST_STEP][PASSED] - waitForPageLoad(10): Wait for page load successfully

2019-02-18 16:20:37 - [MESSAGE][PASSED] - Wait for page load successfully

2019-02-18 16:20:37 - [TEST_STEP][PASSED] - click(findTestObject("Object Repository/Navigations/Navigation - Statutory Absence Parameters/span_Your Absence Rules")): Object: 'Object Repository/Navigations/Navigation - Statutory Absence Parameters/span_Your Absence Rules' is clicked on

2019-02-18 16:20:38 - [MESSAGE][PASSED] - Object: 'Object Repository/Navigations/Navigation - Statutory Absence Parameters/span_Your Absence Rules' is clicked on

2019-02-18 16:20:38 - [TEST_STEP][PASSED] - delay(2): Delayed 2 second(s)

2019-02-18 16:20:40 - [MESSAGE][PASSED] - Delayed 2 second(s)

2019-02-18 16:20:40 - [TEST_STEP][PASSED] - click(findTestObject("Object Repository/Navigations/Navigation - Statutory Absence Parameters/a_Statutory Absence")): Object: 'Object Repository/Navigations/Navigation - Statutory Absence Parameters/a_Statutory Absence' is clicked on

2019-02-18 16:20:40 - [MESSAGE][PASSED] - Object: 'Object Repository/Navigations/Navigation - Statutory Absence Parameters/a_Statutory Absence' is clicked on

2019-02-18 16:20:40 - [TEST_STEP][PASSED] - delay(2): Delayed 2 second(s)

2019-02-18 16:20:42 - [MESSAGE][PASSED] - Delayed 2 second(s)

2019-02-18 16:20:42 - [TEST_STEP][PASSED] - click(findTestObject("Navigations/Navigation - Statutory Absence Notifications/a_Statutory Absence Notificati")): Object: 'Object Repository/Navigations/Navigation - Statutory Absence Notifications/a_Statutory Absence Notificati' is clicked on

2019-02-18 16:20:43 - [MESSAGE][PASSED] - Object: 'Object Repository/Navigations/Navigation - Statutory Absence Notifications/a_Statutory Absence Notificati' is clicked on

2019-02-18 16:20:43 - [TEST_STEP][PASSED] - delay(2): Delayed 2 second(s)

2019-02-18 16:20:45 - [MESSAGE][PASSED] - Delayed 2 second(s)

2019-02-18 16:20:45 - [TEST_STEP][PASSED] - verifyElementPresent(findTestObject("Navigations/Navigation - Statutory Absence Notifications/button_Save"), 0): Object 'Object Repository/Navigations/Navigation - Statutory Absence Notifications/button_Save' is present

2019-02-18 16:20:45 - [MESSAGE][WARNING] - Timeout '0' is invalid. Using default page load timeout: '30'

2019-02-18 16:20:45 - [MESSAGE][PASSED] - Object 'Object Repository/Navigations/Navigation - Statutory Absence Notifications/button_Save' is present

2019-02-18 16:20:45 - [TEST_STEP][PASSED] - verifyTextPresent("Statutory Absence Notifications", false, CONTINUE_ON_FAILURE): Text 'Statutory Absence Notifications' is present on page 

2019-02-18 16:20:45 - [MESSAGE][PASSED] - Text 'Statutory Absence Notifications' is present on page 

2019-02-18 16:20:45 - [TEST_STEP][PASSED] - scrollToElement(findTestObject("Navigations/Navigation - Statutory Absence Notifications/button_Save"), 5): Scroll to object 'Object Repository/Navigations/Navigation - Statutory Absence Notifications/button_Save' successfully

2019-02-18 16:20:45 - [MESSAGE][PASSED] - Scroll to object 'Object Repository/Navigations/Navigation - Statutory Absence Notifications/button_Save' successfully

2019-02-18 16:20:45 - [TEST_STEP][PASSED] - click(findTestObject("Navigations/Navigation - Statutory Absence Notifications/button_Save")): Object: 'Object Repository/Navigations/Navigation - Statutory Absence Notifications/button_Save' is clicked on

2019-02-18 16:20:45 - [MESSAGE][PASSED] - Object: 'Object Repository/Navigations/Navigation - Statutory Absence Notifications/button_Save' is clicked on

2019-02-18 16:20:45 - [TEST_STEP][PASSED] - verifyTextPresent("Statutory Absence Notifications", false, CONTINUE_ON_FAILURE): Text 'Statutory Absence Notifications' is present on page 

2019-02-18 16:20:45 - [MESSAGE][PASSED] - Text 'Statutory Absence Notifications' is present on page 

2019-02-18 16:20:45 - [MESSAGE][PASSED] - Call Test Case 'Test Cases/Navigations/Navigation - Statutory Absence Notifications' successfully

2019-02-18 16:20:45 - [TEST_STEP][PASSED] - callTestCase(findTestCase("Navigations/Navigation - Holiday Entitlements"), [:], STOP_ON_FAILURE): Call Test Case 'Test Cases/Navigations/Navigation - Holiday Entitlements' successfully

2019-02-18 16:20:45 - [TEST_CASE][PASSED] - Test Cases/Navigations/Navigation - Holiday Entitlements: Test Cases/Navigations/Navigation - Holiday Entitlements

2019-02-18 16:20:45 - [TEST_STEP][PASSED] - delay(2): Delayed 2 second(s)

2019-02-18 16:20:47 - [MESSAGE][PASSED] - Delayed 2 second(s)

2019-02-18 16:20:47 - [TEST_STEP][PASSED] - click(findTestObject("Object Repository/Navigations/Navigation - Holiday Entitlements/span_Your Absence Rules")): Object: 'Object Repository/Navigations/Navigation - Holiday Entitlements/span_Your Absence Rules' is clicked on

2019-02-18 16:20:47 - [MESSAGE][PASSED] - Object: 'Object Repository/Navigations/Navigation - Holiday Entitlements/span_Your Absence Rules' is clicked on

2019-02-18 16:20:47 - [TEST_STEP][PASSED] - delay(2): Delayed 2 second(s)

2019-02-18 16:20:49 - [MESSAGE][PASSED] - Delayed 2 second(s)

2019-02-18 16:20:49 - [TEST_STEP][PASSED] - click(findTestObject("Object Repository/Navigations/Navigation - Holiday Entitlements/a_Holiday Entitlements")): Object: 'Object Repository/Navigations/Navigation - Holiday Entitlements/a_Holiday Entitlements' is clicked on

2019-02-18 16:20:53 - [MESSAGE][PASSED] - Object: 'Object Repository/Navigations/Navigation - Holiday Entitlements/a_Holiday Entitlements' is clicked on

2019-02-18 16:20:53 - [TEST_STEP][PASSED] - verifyTextPresent("HOLIDAY ENTITLEMENT SCHEMES", false): Text 'HOLIDAY ENTITLEMENT SCHEMES' is present on page 

2019-02-18 16:20:53 - [MESSAGE][PASSED] - Text 'HOLIDAY ENTITLEMENT SCHEMES' is present on page 

2019-02-18 16:20:53 - [TEST_STEP][PASSED] - click(findTestObject("Navigations/Navigation - Holiday Entitlements/Search")): Object: 'Object Repository/Navigations/Navigation - Holiday Entitlements/Search' is clicked on

2019-02-18 16:20:53 - [MESSAGE][PASSED] - Object: 'Object Repository/Navigations/Navigation - Holiday Entitlements/Search' is clicked on

2019-02-18 16:20:53 - [TEST_STEP][PASSED] - verifyTextPresent("HOLIDAY ENTITLEMENT SCHEMES", false): Text 'HOLIDAY ENTITLEMENT SCHEMES' is present on page 

2019-02-18 16:20:53 - [MESSAGE][PASSED] - Text 'HOLIDAY ENTITLEMENT SCHEMES' is present on page 

2019-02-18 16:20:53 - [MESSAGE][PASSED] - Call Test Case 'Test Cases/Navigations/Navigation - Holiday Entitlements' successfully

2019-02-18 16:20:53 - [TEST_STEP][PASSED] - callTestCase(findTestCase("Navigations/Navigation - Length of Service"), [:], STOP_ON_FAILURE): Call Test Case 'Test Cases/Navigations/Navigation - Length of Service' successfully

2019-02-18 16:20:53 - [TEST_CASE][PASSED] - Test Cases/Navigations/Navigation - Length of Service: Test Cases/Navigations/Navigation - Length of Service

2019-02-18 16:20:54 - [TEST_STEP][PASSED] - delay(2): Delayed 2 second(s)

2019-02-18 16:20:56 - [MESSAGE][PASSED] - Delayed 2 second(s)

2019-02-18 16:20:56 - [TEST_STEP][PASSED] - click(findTestObject("Object Repository/Navigations/Navigation - Holiday Entitlements/span_Your Absence Rules")): Object: 'Object Repository/Navigations/Navigation - Holiday Entitlements/span_Your Absence Rules' is clicked on

2019-02-18 16:20:56 - [MESSAGE][PASSED] - Object: 'Object Repository/Navigations/Navigation - Holiday Entitlements/span_Your Absence Rules' is clicked on

2019-02-18 16:20:56 - [TEST_STEP][PASSED] - delay(2): Delayed 2 second(s)

2019-02-18 16:20:58 - [MESSAGE][PASSED] - Delayed 2 second(s)

2019-02-18 16:20:58 - [TEST_STEP][PASSED] - click(findTestObject("Object Repository/Navigations/Navigation - Holiday Entitlements/a_Holiday Entitlements")): Object: 'Object Repository/Navigations/Navigation - Holiday Entitlements/a_Holiday Entitlements' is clicked on

2019-02-18 16:20:59 - [MESSAGE][PASSED] - Object: 'Object Repository/Navigations/Navigation - Holiday Entitlements/a_Holiday Entitlements' is clicked on

2019-02-18 16:20:59 - [TEST_STEP][PASSED] - click(findTestObject("Object Repository/Navigations/Navigation - Length of Service/a_Length Of Service Bands")): Object: 'Object Repository/Navigations/Navigation - Length of Service/a_Length Of Service Bands' is clicked on

2019-02-18 16:20:59 - [MESSAGE][PASSED] - Object: 'Object Repository/Navigations/Navigation - Length of Service/a_Length Of Service Bands' is clicked on

2019-02-18 16:20:59 - [TEST_STEP][PASSED] - verifyTextPresent("LENGTH OF SERVICE", false): Text 'LENGTH OF SERVICE' is present on page 

2019-02-18 16:20:59 - [MESSAGE][PASSED] - Text 'LENGTH OF SERVICE' is present on page 

2019-02-18 16:20:59 - [TEST_STEP][PASSED] - doubleClick(findTestObject("Navigations/Navigation - Length of Service/Search")): Object: 'Object Repository/Navigations/Navigation - Length of Service/Search' is double clicked on

2019-02-18 16:20:59 - [MESSAGE][PASSED] - Object: 'Object Repository/Navigations/Navigation - Length of Service/Search' is double clicked on

2019-02-18 16:20:59 - [TEST_STEP][PASSED] - verifyTextPresent("LENGTH OF SERVICE", false): Text 'LENGTH OF SERVICE' is present on page 

2019-02-18 16:20:59 - [MESSAGE][PASSED] - Text 'LENGTH OF SERVICE' is present on page 

2019-02-18 16:20:59 - [MESSAGE][PASSED] - Call Test Case 'Test Cases/Navigations/Navigation - Length of Service' successfully]]></system-out>
         <system-err><![CDATA[]]></system-err>
      </testcase>
      <testcase name="Test Cases/Smoke Test/NavigationYourStarterLeavers" classname="Test Cases/Smoke Test/NavigationYourStarterLeavers" status="PASSED">
         <system-out><![CDATA[2019-02-18 16:20:59 - [TEST_CASE][PASSED] - Test Cases/Smoke Test/NavigationYourStarterLeavers: Test Cases/Smoke Test/NavigationYourStarterLeavers

2019-02-18 16:21:00 - [TEST_STEP][PASSED] - callTestCase(findTestCase("Smoke Test/ValidLogin"), [:], STOP_ON_FAILURE): Call Test Case 'Test Cases/Smoke Test/ValidLogin' successfully

2019-02-18 16:21:00 - [TEST_CASE][PASSED] - Test Cases/Smoke Test/ValidLogin: Test Cases/Smoke Test/ValidLogin

2019-02-18 16:21:00 - [TEST_STEP][PASSED] - openBrowser(findTestData("Environment").getValue("URL", 1)): Browser is opened with url: 'https://implementationuat.sdworx.co.uk/'

2019-02-18 16:21:00 - [MESSAGE][WARNING] - A browser is already opened. Closing browser and opening a new one

2019-02-18 16:21:01 - [MESSAGE][INFO] - Starting 'Chrome' driver

2019-02-18 16:21:08 - [MESSAGE][PASSED] - Browser is opened with url: 'https://implementationuat.sdworx.co.uk/'

2019-02-18 16:21:08 - [TEST_STEP][PASSED] - maximizeWindow(): Current window maximized

2019-02-18 16:21:09 - [MESSAGE][PASSED] - Current window maximized

2019-02-18 16:21:09 - [TEST_STEP][PASSED] - navigateToUrl(findTestData("Environment").getValue("URL", 1)): Navigate to 'https://implementationuat.sdworx.co.uk/' successfully

2019-02-18 16:21:10 - [MESSAGE][PASSED] - Navigate to 'https://implementationuat.sdworx.co.uk/' successfully

2019-02-18 16:21:10 - [TEST_STEP][PASSED] - setText(findTestObject("Object Repository/Login/input_Email"), findTestData("Login").getValue("Username", 1)): Text 'purmanand.roopnah@sdworx.com' is set on object 'Object Repository/Login/input_Email'

2019-02-18 16:21:10 - [MESSAGE][PASSED] - Text 'purmanand.roopnah@sdworx.com' is set on object 'Object Repository/Login/input_Email'

2019-02-18 16:21:10 - [TEST_STEP][PASSED] - setText(findTestObject("Object Repository/Login/input_Password"), findTestData("Login").getValue("Password", 1)): Text 'Manish_2505' is set on object 'Object Repository/Login/input_Password'

2019-02-18 16:21:11 - [MESSAGE][PASSED] - Text 'Manish_2505' is set on object 'Object Repository/Login/input_Password'

2019-02-18 16:21:11 - [TEST_STEP][PASSED] - click(findTestObject("Object Repository/Login/input_btn btn-default")): Object: 'Object Repository/Login/input_btn btn-default' is clicked on

2019-02-18 16:21:13 - [MESSAGE][PASSED] - Object: 'Object Repository/Login/input_btn btn-default' is clicked on

2019-02-18 16:21:13 - [TEST_STEP][NOT_RUN] - selectOptionByLabel(findTestObject("Dropdown Lists/Select Organisation/Select Org"), "Panasonic Mauritius", true): NOT_RUN: selectOptionByLabel(findTestObject("Dropdown Lists/Select Organisation/Select Org"), "Panasonic Mauritius", true)

2019-02-18 16:21:13 - [MESSAGE][NOT_RUN] - NOT_RUN: selectOptionByLabel(findTestObject("Dropdown Lists/Select Organisation/Select Org"), "Panasonic Mauritius", true)

2019-02-18 16:21:13 - [TEST_STEP][NOT_RUN] - verifyElementPresent(findTestObject("Logout/Logout_dropdown"), 10, CONTINUE_ON_FAILURE): NOT_RUN: verifyElementPresent(findTestObject("Logout/Logout_dropdown"), 10, CONTINUE_ON_FAILURE)

2019-02-18 16:21:13 - [MESSAGE][NOT_RUN] - NOT_RUN: verifyElementPresent(findTestObject("Logout/Logout_dropdown"), 10, CONTINUE_ON_FAILURE)

2019-02-18 16:21:13 - [TEST_STEP][NOT_RUN] - click(findTestObject("Logout/Logout_dropdown")): NOT_RUN: click(findTestObject("Logout/Logout_dropdown"))

2019-02-18 16:21:13 - [MESSAGE][NOT_RUN] - NOT_RUN: click(findTestObject("Logout/Logout_dropdown"))

2019-02-18 16:21:13 - [TEST_STEP][NOT_RUN] - verifyElementPresent(findTestObject("Logout/a_Logout"), 10, CONTINUE_ON_FAILURE): NOT_RUN: verifyElementPresent(findTestObject("Logout/a_Logout"), 10, CONTINUE_ON_FAILURE)

2019-02-18 16:21:13 - [MESSAGE][NOT_RUN] - NOT_RUN: verifyElementPresent(findTestObject("Logout/a_Logout"), 10, CONTINUE_ON_FAILURE)

2019-02-18 16:21:13 - [TEST_STEP][NOT_RUN] - click(findTestObject("Logout/a_Logout")): NOT_RUN: click(findTestObject("Logout/a_Logout"))

2019-02-18 16:21:13 - [MESSAGE][NOT_RUN] - NOT_RUN: click(findTestObject("Logout/a_Logout"))

2019-02-18 16:21:13 - [TEST_STEP][NOT_RUN] - closeBrowser(): NOT_RUN: closeBrowser()

2019-02-18 16:21:13 - [MESSAGE][NOT_RUN] - NOT_RUN: closeBrowser()

2019-02-18 16:21:13 - [TEST_STEP][NOT_RUN] - toolkit.MySql.connectDB("CERRSQL2UTIL.aspnc.local", "ImplementationToolkit ", "4413", "ImpToolkit", "0E47iz93"): NOT_RUN: toolkit.MySql.connectDB("CERRSQL2UTIL.aspnc.local", "ImplementationToolkit ", "4413", "ImpToolkit", "0E47iz93")

2019-02-18 16:21:13 - [MESSAGE][NOT_RUN] - NOT_RUN: toolkit.MySql.connectDB("CERRSQL2UTIL.aspnc.local", "ImplementationToolkit ", "4413", "ImpToolkit", "0E47iz93")

2019-02-18 16:21:13 - [TEST_STEP][NOT_RUN] - Data = toolkit.MySql.executeQuery("select id from AspNetUsers where Email='purmanand.roopnah@sdworx.com';"): NOT_RUN: Data = toolkit.MySql.executeQuery("select id from AspNetUsers where Email='purmanand.roopnah@sdworx.com';")

2019-02-18 16:21:13 - [MESSAGE][NOT_RUN] - NOT_RUN: Data = toolkit.MySql.executeQuery("select id from AspNetUsers where Email='purmanand.roopnah@sdworx.com';")

2019-02-18 16:21:13 - [TEST_STEP][NOT_RUN] - PrintLn("Data"): NOT_RUN: PrintLn("Data")

2019-02-18 16:21:13 - [MESSAGE][NOT_RUN] - NOT_RUN: PrintLn("Data")

2019-02-18 16:21:13 - [MESSAGE][PASSED] - Call Test Case 'Test Cases/Smoke Test/ValidLogin' successfully

2019-02-18 16:21:13 - [TEST_STEP][PASSED] - callTestCase(findTestCase("Navigations/Navigation - Starters"), [:], CONTINUE_ON_FAILURE): Call Test Case 'Test Cases/Navigations/Navigation - Starters' successfully

2019-02-18 16:21:13 - [TEST_CASE][PASSED] - Test Cases/Navigations/Navigation - Starters: Test Cases/Navigations/Navigation - Starters

2019-02-18 16:21:14 - [TEST_STEP][PASSED] - delay(2): Delayed 2 second(s)

2019-02-18 16:21:16 - [MESSAGE][PASSED] - Delayed 2 second(s)

2019-02-18 16:21:16 - [TEST_STEP][PASSED] - click(findTestObject("Navigations/Navigation - Starters/span_Your Starter  Leavers")): Object: 'Object Repository/Navigations/Navigation - Starters/span_Your Starter  Leavers' is clicked on

2019-02-18 16:21:16 - [MESSAGE][PASSED] - Object: 'Object Repository/Navigations/Navigation - Starters/span_Your Starter  Leavers' is clicked on

2019-02-18 16:21:16 - [TEST_STEP][PASSED] - click(findTestObject("Navigations/Navigation - Starters/a_Starters")): Object: 'Object Repository/Navigations/Navigation - Starters/a_Starters' is clicked on

2019-02-18 16:21:18 - [MESSAGE][PASSED] - Object: 'Object Repository/Navigations/Navigation - Starters/a_Starters' is clicked on

2019-02-18 16:21:18 - [TEST_STEP][PASSED] - verifyTextPresent("NEW STARTERS", false): Text 'NEW STARTERS' is present on page 

2019-02-18 16:21:18 - [MESSAGE][PASSED] - Text 'NEW STARTERS' is present on page 

2019-02-18 16:21:18 - [TEST_STEP][PASSED] - scrollToElement(findTestObject("Navigations/Navigation - Starters/button_Save"), 5): Scroll to object 'Object Repository/Navigations/Navigation - Starters/button_Save' successfully

2019-02-18 16:21:18 - [MESSAGE][PASSED] - Scroll to object 'Object Repository/Navigations/Navigation - Starters/button_Save' successfully

2019-02-18 16:21:18 - [TEST_STEP][PASSED] - click(findTestObject("Navigations/Navigation - Starters/button_Save")): Object: 'Object Repository/Navigations/Navigation - Starters/button_Save' is clicked on

2019-02-18 16:21:18 - [MESSAGE][PASSED] - Object: 'Object Repository/Navigations/Navigation - Starters/button_Save' is clicked on

2019-02-18 16:21:18 - [TEST_STEP][PASSED] - verifyTextPresent("NEW STARTERS", false, CONTINUE_ON_FAILURE): Text 'NEW STARTERS' is present on page 

2019-02-18 16:21:18 - [MESSAGE][PASSED] - Text 'NEW STARTERS' is present on page 

2019-02-18 16:21:18 - [MESSAGE][PASSED] - Call Test Case 'Test Cases/Navigations/Navigation - Starters' successfully

2019-02-18 16:21:18 - [TEST_STEP][PASSED] - callTestCase(findTestCase("Navigations/Navigation - Probation Review"), [:], CONTINUE_ON_FAILURE): Call Test Case 'Test Cases/Navigations/Navigation - Probation Review' successfully

2019-02-18 16:21:18 - [TEST_CASE][PASSED] - Test Cases/Navigations/Navigation - Probation Review: Test Cases/Navigations/Navigation - Probation Review

2019-02-18 16:21:19 - [TEST_STEP][PASSED] - delay(2): Delayed 2 second(s)

2019-02-18 16:21:21 - [MESSAGE][PASSED] - Delayed 2 second(s)

2019-02-18 16:21:21 - [TEST_STEP][PASSED] - click(findTestObject("Navigations/Navigation - Starters/span_Your Starter  Leavers")): Object: 'Object Repository/Navigations/Navigation - Starters/span_Your Starter  Leavers' is clicked on

2019-02-18 16:21:21 - [MESSAGE][PASSED] - Object: 'Object Repository/Navigations/Navigation - Starters/span_Your Starter  Leavers' is clicked on

2019-02-18 16:21:21 - [TEST_STEP][PASSED] - delay(2): Delayed 2 second(s)

2019-02-18 16:21:23 - [MESSAGE][PASSED] - Delayed 2 second(s)

2019-02-18 16:21:23 - [TEST_STEP][PASSED] - click(findTestObject("Navigations/Navigation - Probation Review/a_Probation")): Object: 'Object Repository/Navigations/Navigation - Probation Review/a_Probation' is clicked on

2019-02-18 16:21:26 - [MESSAGE][PASSED] - Object: 'Object Repository/Navigations/Navigation - Probation Review/a_Probation' is clicked on

2019-02-18 16:21:26 - [TEST_STEP][PASSED] - verifyTextPresent("Probation Review Settings", false): Text 'Probation Review Settings' is present on page 

2019-02-18 16:21:26 - [MESSAGE][PASSED] - Text 'Probation Review Settings' is present on page 

2019-02-18 16:21:26 - [MESSAGE][PASSED] - Call Test Case 'Test Cases/Navigations/Navigation - Probation Review' successfully

2019-02-18 16:21:26 - [TEST_STEP][PASSED] - callTestCase(findTestCase("Navigations/Navigation - Probation Label"), [:], CONTINUE_ON_FAILURE): Call Test Case 'Test Cases/Navigations/Navigation - Probation Label' successfully

2019-02-18 16:21:26 - [TEST_CASE][PASSED] - Test Cases/Navigations/Navigation - Probation Label: Test Cases/Navigations/Navigation - Probation Label

2019-02-18 16:21:26 - [TEST_STEP][PASSED] - delay(2): Delayed 2 second(s)

2019-02-18 16:21:28 - [MESSAGE][PASSED] - Delayed 2 second(s)

2019-02-18 16:21:28 - [TEST_STEP][PASSED] - click(findTestObject("Navigations/Navigation - Starters/span_Your Starter  Leavers")): Object: 'Object Repository/Navigations/Navigation - Starters/span_Your Starter  Leavers' is clicked on

2019-02-18 16:21:28 - [MESSAGE][PASSED] - Object: 'Object Repository/Navigations/Navigation - Starters/span_Your Starter  Leavers' is clicked on

2019-02-18 16:21:28 - [TEST_STEP][PASSED] - delay(2): Delayed 2 second(s)

2019-02-18 16:21:30 - [MESSAGE][PASSED] - Delayed 2 second(s)

2019-02-18 16:21:30 - [TEST_STEP][PASSED] - click(findTestObject("Navigations/Navigation - Probation Label/Page_Implementation Toolkit/a_Probation")): Object: 'Object Repository/Navigations/Navigation - Probation Label/Page_Implementation Toolkit/a_Probation' is clicked on

2019-02-18 16:21:31 - [MESSAGE][PASSED] - Object: 'Object Repository/Navigations/Navigation - Probation Label/Page_Implementation Toolkit/a_Probation' is clicked on

2019-02-18 16:21:31 - [TEST_STEP][PASSED] - delay(2): Delayed 2 second(s)

2019-02-18 16:21:33 - [MESSAGE][PASSED] - Delayed 2 second(s)

2019-02-18 16:21:33 - [TEST_STEP][PASSED] - click(findTestObject("Navigations/Navigation - Probation Label/Page_Implementation Toolkit/a_Probation Labels")): Object: 'Object Repository/Navigations/Navigation - Probation Label/Page_Implementation Toolkit/a_Probation Labels' is clicked on

2019-02-18 16:21:33 - [MESSAGE][PASSED] - Object: 'Object Repository/Navigations/Navigation - Probation Label/Page_Implementation Toolkit/a_Probation Labels' is clicked on

2019-02-18 16:21:33 - [TEST_STEP][PASSED] - delay(2): Delayed 2 second(s)

2019-02-18 16:21:35 - [MESSAGE][PASSED] - Delayed 2 second(s)

2019-02-18 16:21:35 - [TEST_STEP][PASSED] - click(findTestObject("Navigations/Navigation - Probation Label/Page_Implementation Toolkit/button_Save")): Object: 'Object Repository/Navigations/Navigation - Probation Label/Page_Implementation Toolkit/button_Save' is clicked on

2019-02-18 16:21:36 - [MESSAGE][PASSED] - Object: 'Object Repository/Navigations/Navigation - Probation Label/Page_Implementation Toolkit/button_Save' is clicked on

2019-02-18 16:21:36 - [TEST_STEP][PASSED] - delay(5): Delayed 5 second(s)

2019-02-18 16:21:41 - [MESSAGE][PASSED] - Delayed 5 second(s)

2019-02-18 16:21:41 - [TEST_STEP][PASSED] - verifyTextPresent("Probation Labels", false): Text 'Probation Labels' is present on page 

2019-02-18 16:21:41 - [MESSAGE][PASSED] - Text 'Probation Labels' is present on page 

2019-02-18 16:21:41 - [MESSAGE][PASSED] - Call Test Case 'Test Cases/Navigations/Navigation - Probation Label' successfully

2019-02-18 16:21:41 - [TEST_STEP][PASSED] - callTestCase(findTestCase("Navigations/Navigation - Reason For Leaving"), [:], CONTINUE_ON_FAILURE): Call Test Case 'Test Cases/Navigations/Navigation - Reason For Leaving' successfully

2019-02-18 16:21:41 - [TEST_CASE][PASSED] - Test Cases/Navigations/Navigation - Reason For Leaving: Test Cases/Navigations/Navigation - Reason For Leaving

2019-02-18 16:21:41 - [TEST_STEP][PASSED] - delay(2): Delayed 2 second(s)

2019-02-18 16:21:43 - [MESSAGE][PASSED] - Delayed 2 second(s)

2019-02-18 16:21:43 - [TEST_STEP][PASSED] - click(findTestObject("Navigations/Navigation - Starters/span_Your Starter  Leavers")): Object: 'Object Repository/Navigations/Navigation - Starters/span_Your Starter  Leavers' is clicked on

2019-02-18 16:21:43 - [MESSAGE][PASSED] - Object: 'Object Repository/Navigations/Navigation - Starters/span_Your Starter  Leavers' is clicked on

2019-02-18 16:21:43 - [TEST_STEP][PASSED] - delay(2): Delayed 2 second(s)

2019-02-18 16:21:45 - [MESSAGE][PASSED] - Delayed 2 second(s)

2019-02-18 16:21:45 - [TEST_STEP][PASSED] - click(findTestObject("Navigations/Navigation - Reason For Leaving/a_Leaving Reasons")): Object: 'Object Repository/Navigations/Navigation - Reason For Leaving/a_Leaving Reasons' is clicked on

2019-02-18 16:21:49 - [MESSAGE][PASSED] - Object: 'Object Repository/Navigations/Navigation - Reason For Leaving/a_Leaving Reasons' is clicked on

2019-02-18 16:21:49 - [TEST_STEP][PASSED] - delay(3): Delayed 3 second(s)

2019-02-18 16:21:52 - [MESSAGE][PASSED] - Delayed 3 second(s)

2019-02-18 16:21:52 - [TEST_STEP][PASSED] - click(findTestObject("Navigations/Navigation - Reason For Leaving/a_Reasons For Leaving")): Object: 'Object Repository/Navigations/Navigation - Reason For Leaving/a_Reasons For Leaving' is clicked on

2019-02-18 16:21:52 - [MESSAGE][PASSED] - Object: 'Object Repository/Navigations/Navigation - Reason For Leaving/a_Reasons For Leaving' is clicked on

2019-02-18 16:21:52 - [TEST_STEP][PASSED] - waitForElementPresent(findTestObject("Navigations/Navigation - Reason For Leaving/a_Add Reason of Leaving"), 0): Object 'Object Repository/Navigations/Navigation - Reason For Leaving/a_Add Reason of Leaving' is present

2019-02-18 16:21:52 - [MESSAGE][WARNING] - Timeout '0' is invalid. Using default page load timeout: '30'

2019-02-18 16:21:52 - [MESSAGE][PASSED] - Object 'Object Repository/Navigations/Navigation - Reason For Leaving/a_Add Reason of Leaving' is present

2019-02-18 16:21:52 - [TEST_STEP][PASSED] - doubleClick(findTestObject("Navigations/Navigation - Reason For Leaving/Search")): Object: 'Object Repository/Navigations/Navigation - Reason For Leaving/Search' is double clicked on

2019-02-18 16:21:52 - [MESSAGE][PASSED] - Object: 'Object Repository/Navigations/Navigation - Reason For Leaving/Search' is double clicked on

2019-02-18 16:21:52 - [TEST_STEP][PASSED] - verifyTextPresent("Reasons For Leaving", false): Text 'Reasons For Leaving' is present on page 

2019-02-18 16:21:52 - [MESSAGE][PASSED] - Text 'Reasons For Leaving' is present on page 

2019-02-18 16:21:52 - [MESSAGE][PASSED] - Call Test Case 'Test Cases/Navigations/Navigation - Reason For Leaving' successfully

2019-02-18 16:21:52 - [TEST_STEP][PASSED] - callTestCase(findTestCase("Navigations/Navigation - Detailed Reason For Leaving"), [:], CONTINUE_ON_FAILURE): Call Test Case 'Test Cases/Navigations/Navigation - Detailed Reason For Leaving' successfully

2019-02-18 16:21:52 - [TEST_CASE][PASSED] - Test Cases/Navigations/Navigation - Detailed Reason For Leaving: Test Cases/Navigations/Navigation - Detailed Reason For Leaving

2019-02-18 16:21:53 - [TEST_STEP][PASSED] - delay(3): Delayed 3 second(s)

2019-02-18 16:21:56 - [MESSAGE][PASSED] - Delayed 3 second(s)

2019-02-18 16:21:56 - [TEST_STEP][PASSED] - click(findTestObject("Navigations/Navigation - Starters/span_Your Starter  Leavers")): Object: 'Object Repository/Navigations/Navigation - Starters/span_Your Starter  Leavers' is clicked on

2019-02-18 16:21:56 - [MESSAGE][PASSED] - Object: 'Object Repository/Navigations/Navigation - Starters/span_Your Starter  Leavers' is clicked on

2019-02-18 16:21:56 - [TEST_STEP][PASSED] - delay(3): Delayed 3 second(s)

2019-02-18 16:21:59 - [MESSAGE][PASSED] - Delayed 3 second(s)

2019-02-18 16:21:59 - [TEST_STEP][PASSED] - click(findTestObject("Navigations/Navigation - Detailed Reason For Leaving/a_Leaving Reasons")): Object: 'Object Repository/Navigations/Navigation - Detailed Reason For Leaving/a_Leaving Reasons' is clicked on

2019-02-18 16:22:00 - [MESSAGE][PASSED] - Object: 'Object Repository/Navigations/Navigation - Detailed Reason For Leaving/a_Leaving Reasons' is clicked on

2019-02-18 16:22:00 - [TEST_STEP][PASSED] - delay(3): Delayed 3 second(s)

2019-02-18 16:22:03 - [MESSAGE][PASSED] - Delayed 3 second(s)

2019-02-18 16:22:03 - [TEST_STEP][PASSED] - click(findTestObject("Navigations/Navigation - Detailed Reason For Leaving/a_Detailed Reasons For Leaving")): Object: 'Object Repository/Navigations/Navigation - Detailed Reason For Leaving/a_Detailed Reasons For Leaving' is clicked on

2019-02-18 16:22:03 - [MESSAGE][PASSED] - Object: 'Object Repository/Navigations/Navigation - Detailed Reason For Leaving/a_Detailed Reasons For Leaving' is clicked on

2019-02-18 16:22:03 - [TEST_STEP][PASSED] - delay(3): Delayed 3 second(s)

2019-02-18 16:22:06 - [MESSAGE][PASSED] - Delayed 3 second(s)

2019-02-18 16:22:06 - [TEST_STEP][PASSED] - verifyElementPresent(findTestObject("Navigations/Navigation - Detailed Reason For Leaving/a_Add Detailed Reasons For Lea"), 0): Object 'Object Repository/Navigations/Navigation - Detailed Reason For Leaving/a_Add Detailed Reasons For Lea' is present

2019-02-18 16:22:06 - [MESSAGE][WARNING] - Timeout '0' is invalid. Using default page load timeout: '30'

2019-02-18 16:22:06 - [MESSAGE][PASSED] - Object 'Object Repository/Navigations/Navigation - Detailed Reason For Leaving/a_Add Detailed Reasons For Lea' is present

2019-02-18 16:22:06 - [TEST_STEP][PASSED] - doubleClick(findTestObject("Navigations/Navigation - Reason For Leaving/Search")): Object: 'Object Repository/Navigations/Navigation - Reason For Leaving/Search' is double clicked on

2019-02-18 16:22:06 - [MESSAGE][PASSED] - Object: 'Object Repository/Navigations/Navigation - Reason For Leaving/Search' is double clicked on

2019-02-18 16:22:06 - [TEST_STEP][PASSED] - verifyTextPresent("Detailed Reasons For Leaving", false): Text 'Detailed Reasons For Leaving' is present on page 

2019-02-18 16:22:06 - [MESSAGE][PASSED] - Text 'Detailed Reasons For Leaving' is present on page 

2019-02-18 16:22:06 - [MESSAGE][PASSED] - Call Test Case 'Test Cases/Navigations/Navigation - Detailed Reason For Leaving' successfully

2019-02-18 16:22:06 - [TEST_STEP][PASSED] - callTestCase(findTestCase("Navigations/Navigation - GDPR"), [:], CONTINUE_ON_FAILURE): Call Test Case 'Test Cases/Navigations/Navigation - GDPR' successfully

2019-02-18 16:22:06 - [TEST_CASE][PASSED] - Test Cases/Navigations/Navigation - GDPR: Test Cases/Navigations/Navigation - GDPR

2019-02-18 16:22:07 - [TEST_STEP][PASSED] - delay(3): Delayed 3 second(s)

2019-02-18 16:22:10 - [MESSAGE][PASSED] - Delayed 3 second(s)

2019-02-18 16:22:10 - [TEST_STEP][PASSED] - click(findTestObject("Navigations/Navigation - Starters/span_Your Starter  Leavers")): Object: 'Object Repository/Navigations/Navigation - Starters/span_Your Starter  Leavers' is clicked on

2019-02-18 16:22:10 - [MESSAGE][PASSED] - Object: 'Object Repository/Navigations/Navigation - Starters/span_Your Starter  Leavers' is clicked on

2019-02-18 16:22:10 - [TEST_STEP][PASSED] - delay(3): Delayed 3 second(s)

2019-02-18 16:22:13 - [MESSAGE][PASSED] - Delayed 3 second(s)

2019-02-18 16:22:13 - [TEST_STEP][PASSED] - click(findTestObject("Navigations/Navigation - GDPR/a_GDPR")): Object: 'Object Repository/Navigations/Navigation - GDPR/a_GDPR' is clicked on

2019-02-18 16:22:15 - [MESSAGE][PASSED] - Object: 'Object Repository/Navigations/Navigation - GDPR/a_GDPR' is clicked on

2019-02-18 16:22:15 - [TEST_STEP][PASSED] - delay(3): Delayed 3 second(s)

2019-02-18 16:22:18 - [MESSAGE][PASSED] - Delayed 3 second(s)

2019-02-18 16:22:18 - [TEST_STEP][PASSED] - verifyElementPresent(findTestObject("Navigations/Navigation - GDPR/button_Save"), 0): Object 'Object Repository/Navigations/Navigation - GDPR/button_Save' is present

2019-02-18 16:22:18 - [MESSAGE][WARNING] - Timeout '0' is invalid. Using default page load timeout: '30'

2019-02-18 16:22:18 - [MESSAGE][PASSED] - Object 'Object Repository/Navigations/Navigation - GDPR/button_Save' is present

2019-02-18 16:22:18 - [TEST_STEP][PASSED] - click(findTestObject("Navigations/Navigation - GDPR/button_Save"), STOP_ON_FAILURE): Object: 'Object Repository/Navigations/Navigation - GDPR/button_Save' is clicked on

2019-02-18 16:22:19 - [MESSAGE][PASSED] - Object: 'Object Repository/Navigations/Navigation - GDPR/button_Save' is clicked on

2019-02-18 16:22:19 - [TEST_STEP][PASSED] - verifyTextPresent("GDPR", false): Text 'GDPR' is present on page 

2019-02-18 16:22:19 - [MESSAGE][PASSED] - Text 'GDPR' is present on page 

2019-02-18 16:22:19 - [MESSAGE][PASSED] - Call Test Case 'Test Cases/Navigations/Navigation - GDPR' successfully

2019-02-18 16:22:19 - [TEST_STEP][PASSED] - callTestCase(findTestCase("Navigations/Navigation - Leaving Interview"), [:], CONTINUE_ON_FAILURE): Call Test Case 'Test Cases/Navigations/Navigation - Leaving Interview' successfully

2019-02-18 16:22:19 - [TEST_CASE][PASSED] - Test Cases/Navigations/Navigation - Leaving Interview: Test Cases/Navigations/Navigation - Leaving Interview

2019-02-18 16:22:19 - [TEST_STEP][PASSED] - delay(3): Delayed 3 second(s)

2019-02-18 16:22:22 - [MESSAGE][PASSED] - Delayed 3 second(s)

2019-02-18 16:22:22 - [TEST_STEP][PASSED] - click(findTestObject("Navigations/Navigation - Starters/span_Your Starter  Leavers")): Object: 'Object Repository/Navigations/Navigation - Starters/span_Your Starter  Leavers' is clicked on

2019-02-18 16:22:22 - [MESSAGE][PASSED] - Object: 'Object Repository/Navigations/Navigation - Starters/span_Your Starter  Leavers' is clicked on

2019-02-18 16:22:22 - [TEST_STEP][PASSED] - delay(3): Delayed 3 second(s)

2019-02-18 16:22:25 - [MESSAGE][PASSED] - Delayed 3 second(s)

2019-02-18 16:22:25 - [TEST_STEP][PASSED] - click(findTestObject("Navigations/Navigation - Leaving Interview/a_Leaving Interview")): Object: 'Object Repository/Navigations/Navigation - Leaving Interview/a_Leaving Interview' is clicked on

2019-02-18 16:22:27 - [MESSAGE][PASSED] - Object: 'Object Repository/Navigations/Navigation - Leaving Interview/a_Leaving Interview' is clicked on

2019-02-18 16:22:27 - [TEST_STEP][PASSED] - delay(3): Delayed 3 second(s)

2019-02-18 16:22:30 - [MESSAGE][PASSED] - Delayed 3 second(s)

2019-02-18 16:22:30 - [TEST_STEP][PASSED] - click(findTestObject("Navigations/Navigation - Leaving Interview/button_Save")): Object: 'Object Repository/Navigations/Navigation - Leaving Interview/button_Save' is clicked on

2019-02-18 16:22:31 - [MESSAGE][PASSED] - Object: 'Object Repository/Navigations/Navigation - Leaving Interview/button_Save' is clicked on

2019-02-18 16:22:31 - [TEST_STEP][PASSED] - verifyTextPresent("LEAVING INTERVIEW QUESTIONS", false): Text 'LEAVING INTERVIEW QUESTIONS' is present on page 

2019-02-18 16:22:31 - [MESSAGE][PASSED] - Text 'LEAVING INTERVIEW QUESTIONS' is present on page 

2019-02-18 16:22:31 - [MESSAGE][PASSED] - Call Test Case 'Test Cases/Navigations/Navigation - Leaving Interview' successfully

2019-02-18 16:22:31 - [TEST_STEP][PASSED] - callTestCase(findTestCase("Navigations/Navigation - Employees and Leavers"), [:], CONTINUE_ON_FAILURE): Call Test Case 'Test Cases/Navigations/Navigation - Employees and Leavers' successfully

2019-02-18 16:22:31 - [TEST_CASE][PASSED] - Test Cases/Navigations/Navigation - Employees and Leavers: Test Cases/Navigations/Navigation - Employees and Leavers

2019-02-18 16:22:31 - [TEST_STEP][PASSED] - delay(3): Delayed 3 second(s)

2019-02-18 16:22:34 - [MESSAGE][PASSED] - Delayed 3 second(s)

2019-02-18 16:22:34 - [TEST_STEP][PASSED] - click(findTestObject("Navigations/Navigation - Starters/span_Your Starter  Leavers")): Object: 'Object Repository/Navigations/Navigation - Starters/span_Your Starter  Leavers' is clicked on

2019-02-18 16:22:34 - [MESSAGE][PASSED] - Object: 'Object Repository/Navigations/Navigation - Starters/span_Your Starter  Leavers' is clicked on

2019-02-18 16:22:34 - [TEST_STEP][PASSED] - delay(3): Delayed 3 second(s)

2019-02-18 16:22:37 - [MESSAGE][PASSED] - Delayed 3 second(s)

2019-02-18 16:22:37 - [TEST_STEP][PASSED] - click(findTestObject("Navigations/Navigation - Employees and Leavers/a_Employees  Leavers")): Object: 'Object Repository/Navigations/Navigation - Employees and Leavers/a_Employees  Leavers' is clicked on

2019-02-18 16:22:39 - [MESSAGE][PASSED] - Object: 'Object Repository/Navigations/Navigation - Employees and Leavers/a_Employees  Leavers' is clicked on

2019-02-18 16:22:39 - [TEST_STEP][PASSED] - delay(3): Delayed 3 second(s)

2019-02-18 16:22:42 - [MESSAGE][PASSED] - Delayed 3 second(s)

2019-02-18 16:22:42 - [TEST_STEP][PASSED] - verifyTextPresent("Employee Details", false): Text 'Employee Details' is present on page 

2019-02-18 16:22:42 - [MESSAGE][PASSED] - Text 'Employee Details' is present on page 

2019-02-18 16:22:42 - [TEST_STEP][PASSED] - scrollToElement(findTestObject("Navigations/Navigation - Employees and Leavers/button_Save"), 0): Scroll to object 'Object Repository/Navigations/Navigation - Employees and Leavers/button_Save' successfully

2019-02-18 16:22:42 - [MESSAGE][WARNING] - Timeout '0' is invalid. Using default page load timeout: '30'

2019-02-18 16:22:42 - [MESSAGE][PASSED] - Scroll to object 'Object Repository/Navigations/Navigation - Employees and Leavers/button_Save' successfully

2019-02-18 16:22:42 - [TEST_STEP][PASSED] - click(findTestObject("Navigations/Navigation - Employees and Leavers/button_Save")): Object: 'Object Repository/Navigations/Navigation - Employees and Leavers/button_Save' is clicked on

2019-02-18 16:22:43 - [MESSAGE][PASSED] - Object: 'Object Repository/Navigations/Navigation - Employees and Leavers/button_Save' is clicked on

2019-02-18 16:22:43 - [TEST_STEP][PASSED] - verifyTextPresent("EMPLOYEES & LEAVERS", false): Text 'EMPLOYEES & LEAVERS' is present on page 

2019-02-18 16:22:43 - [MESSAGE][PASSED] - Text 'EMPLOYEES & LEAVERS' is present on page 

2019-02-18 16:22:43 - [MESSAGE][PASSED] - Call Test Case 'Test Cases/Navigations/Navigation - Employees and Leavers' successfully]]></system-out>
         <system-err><![CDATA[]]></system-err>
      </testcase>
      <testcase name="Test Cases/Smoke Test/NavigationPayrollCopy" classname="Test Cases/Smoke Test/NavigationPayrollCopy" status="PASSED">
         <system-out><![CDATA[2019-02-18 16:22:43 - [TEST_CASE][PASSED] - Test Cases/Smoke Test/NavigationPayrollCopy: Test Cases/Smoke Test/NavigationPayrollCopy

2019-02-18 16:22:44 - [TEST_STEP][PASSED] - callTestCase(findTestCase("Smoke Test/ValidLogin"), [:], STOP_ON_FAILURE): Call Test Case 'Test Cases/Smoke Test/ValidLogin' successfully

2019-02-18 16:22:44 - [TEST_CASE][PASSED] - Test Cases/Smoke Test/ValidLogin: Test Cases/Smoke Test/ValidLogin

2019-02-18 16:22:44 - [TEST_STEP][PASSED] - openBrowser(findTestData("Environment").getValue("URL", 1)): Browser is opened with url: 'https://implementationuat.sdworx.co.uk/'

2019-02-18 16:22:44 - [MESSAGE][WARNING] - A browser is already opened. Closing browser and opening a new one

2019-02-18 16:22:45 - [MESSAGE][INFO] - Starting 'Chrome' driver

2019-02-18 16:22:50 - [MESSAGE][PASSED] - Browser is opened with url: 'https://implementationuat.sdworx.co.uk/'

2019-02-18 16:22:50 - [TEST_STEP][PASSED] - maximizeWindow(): Current window maximized

2019-02-18 16:22:51 - [MESSAGE][PASSED] - Current window maximized

2019-02-18 16:22:51 - [TEST_STEP][PASSED] - navigateToUrl(findTestData("Environment").getValue("URL", 1)): Navigate to 'https://implementationuat.sdworx.co.uk/' successfully

2019-02-18 16:22:52 - [MESSAGE][PASSED] - Navigate to 'https://implementationuat.sdworx.co.uk/' successfully

2019-02-18 16:22:52 - [TEST_STEP][PASSED] - setText(findTestObject("Object Repository/Login/input_Email"), findTestData("Login").getValue("Username", 1)): Text 'purmanand.roopnah@sdworx.com' is set on object 'Object Repository/Login/input_Email'

2019-02-18 16:22:52 - [MESSAGE][PASSED] - Text 'purmanand.roopnah@sdworx.com' is set on object 'Object Repository/Login/input_Email'

2019-02-18 16:22:52 - [TEST_STEP][PASSED] - setText(findTestObject("Object Repository/Login/input_Password"), findTestData("Login").getValue("Password", 1)): Text 'Manish_2505' is set on object 'Object Repository/Login/input_Password'

2019-02-18 16:22:52 - [MESSAGE][PASSED] - Text 'Manish_2505' is set on object 'Object Repository/Login/input_Password'

2019-02-18 16:22:52 - [TEST_STEP][PASSED] - click(findTestObject("Object Repository/Login/input_btn btn-default")): Object: 'Object Repository/Login/input_btn btn-default' is clicked on

2019-02-18 16:22:54 - [MESSAGE][PASSED] - Object: 'Object Repository/Login/input_btn btn-default' is clicked on

2019-02-18 16:22:54 - [TEST_STEP][NOT_RUN] - selectOptionByLabel(findTestObject("Dropdown Lists/Select Organisation/Select Org"), "Panasonic Mauritius", true): NOT_RUN: selectOptionByLabel(findTestObject("Dropdown Lists/Select Organisation/Select Org"), "Panasonic Mauritius", true)

2019-02-18 16:22:54 - [MESSAGE][NOT_RUN] - NOT_RUN: selectOptionByLabel(findTestObject("Dropdown Lists/Select Organisation/Select Org"), "Panasonic Mauritius", true)

2019-02-18 16:22:54 - [TEST_STEP][NOT_RUN] - verifyElementPresent(findTestObject("Logout/Logout_dropdown"), 10, CONTINUE_ON_FAILURE): NOT_RUN: verifyElementPresent(findTestObject("Logout/Logout_dropdown"), 10, CONTINUE_ON_FAILURE)

2019-02-18 16:22:54 - [MESSAGE][NOT_RUN] - NOT_RUN: verifyElementPresent(findTestObject("Logout/Logout_dropdown"), 10, CONTINUE_ON_FAILURE)

2019-02-18 16:22:54 - [TEST_STEP][NOT_RUN] - click(findTestObject("Logout/Logout_dropdown")): NOT_RUN: click(findTestObject("Logout/Logout_dropdown"))

2019-02-18 16:22:54 - [MESSAGE][NOT_RUN] - NOT_RUN: click(findTestObject("Logout/Logout_dropdown"))

2019-02-18 16:22:54 - [TEST_STEP][NOT_RUN] - verifyElementPresent(findTestObject("Logout/a_Logout"), 10, CONTINUE_ON_FAILURE): NOT_RUN: verifyElementPresent(findTestObject("Logout/a_Logout"), 10, CONTINUE_ON_FAILURE)

2019-02-18 16:22:54 - [MESSAGE][NOT_RUN] - NOT_RUN: verifyElementPresent(findTestObject("Logout/a_Logout"), 10, CONTINUE_ON_FAILURE)

2019-02-18 16:22:54 - [TEST_STEP][NOT_RUN] - click(findTestObject("Logout/a_Logout")): NOT_RUN: click(findTestObject("Logout/a_Logout"))

2019-02-18 16:22:54 - [MESSAGE][NOT_RUN] - NOT_RUN: click(findTestObject("Logout/a_Logout"))

2019-02-18 16:22:54 - [TEST_STEP][NOT_RUN] - closeBrowser(): NOT_RUN: closeBrowser()

2019-02-18 16:22:54 - [MESSAGE][NOT_RUN] - NOT_RUN: closeBrowser()

2019-02-18 16:22:54 - [TEST_STEP][NOT_RUN] - toolkit.MySql.connectDB("CERRSQL2UTIL.aspnc.local", "ImplementationToolkit ", "4413", "ImpToolkit", "0E47iz93"): NOT_RUN: toolkit.MySql.connectDB("CERRSQL2UTIL.aspnc.local", "ImplementationToolkit ", "4413", "ImpToolkit", "0E47iz93")

2019-02-18 16:22:54 - [MESSAGE][NOT_RUN] - NOT_RUN: toolkit.MySql.connectDB("CERRSQL2UTIL.aspnc.local", "ImplementationToolkit ", "4413", "ImpToolkit", "0E47iz93")

2019-02-18 16:22:54 - [TEST_STEP][NOT_RUN] - Data = toolkit.MySql.executeQuery("select id from AspNetUsers where Email='purmanand.roopnah@sdworx.com';"): NOT_RUN: Data = toolkit.MySql.executeQuery("select id from AspNetUsers where Email='purmanand.roopnah@sdworx.com';")

2019-02-18 16:22:54 - [MESSAGE][NOT_RUN] - NOT_RUN: Data = toolkit.MySql.executeQuery("select id from AspNetUsers where Email='purmanand.roopnah@sdworx.com';")

2019-02-18 16:22:54 - [TEST_STEP][NOT_RUN] - PrintLn("Data"): NOT_RUN: PrintLn("Data")

2019-02-18 16:22:54 - [MESSAGE][NOT_RUN] - NOT_RUN: PrintLn("Data")

2019-02-18 16:22:54 - [MESSAGE][PASSED] - Call Test Case 'Test Cases/Smoke Test/ValidLogin' successfully

2019-02-18 16:22:54 - [TEST_STEP][PASSED] - callTestCase(findTestCase("Navigations/Navigation - Payroll Copy"), [:], STOP_ON_FAILURE): Call Test Case 'Test Cases/Navigations/Navigation - Payroll Copy' successfully

2019-02-18 16:22:54 - [TEST_CASE][PASSED] - Test Cases/Navigations/Navigation - Payroll Copy: Test Cases/Navigations/Navigation - Payroll Copy

2019-02-18 16:22:55 - [TEST_STEP][PASSED] - click(findTestObject("Navigations/Navigation - Payroll Copy/span_Payroll Copy")): Object: 'Object Repository/Navigations/Navigation - Payroll Copy/span_Payroll Copy' is clicked on

2019-02-18 16:22:58 - [MESSAGE][PASSED] - Object: 'Object Repository/Navigations/Navigation - Payroll Copy/span_Payroll Copy' is clicked on

2019-02-18 16:22:58 - [TEST_STEP][PASSED] - delay(2): Delayed 2 second(s)

2019-02-18 16:23:00 - [MESSAGE][PASSED] - Delayed 2 second(s)

2019-02-18 16:23:00 - [TEST_STEP][PASSED] - verifyElementPresent(findTestObject("Navigations/Navigation - Payroll Copy/label_Copy From"), 0): Object 'Object Repository/Navigations/Navigation - Payroll Copy/label_Copy From' is present

2019-02-18 16:23:00 - [MESSAGE][WARNING] - Timeout '0' is invalid. Using default page load timeout: '30'

2019-02-18 16:23:00 - [MESSAGE][PASSED] - Object 'Object Repository/Navigations/Navigation - Payroll Copy/label_Copy From' is present

2019-02-18 16:23:00 - [TEST_STEP][PASSED] - click(findTestObject("Navigations/Navigation - Payroll Copy/select_Please Select330223 - P")): Object: 'Object Repository/Navigations/Navigation - Payroll Copy/select_Please Select330223 - P' is clicked on

2019-02-18 16:23:00 - [MESSAGE][PASSED] - Object: 'Object Repository/Navigations/Navigation - Payroll Copy/select_Please Select330223 - P' is clicked on

2019-02-18 16:23:00 - [TEST_STEP][PASSED] - verifyTextPresent("PAYROLL COPY", false): Text 'PAYROLL COPY' is present on page 

2019-02-18 16:23:00 - [MESSAGE][PASSED] - Text 'PAYROLL COPY' is present on page 

2019-02-18 16:23:00 - [MESSAGE][PASSED] - Call Test Case 'Test Cases/Navigations/Navigation - Payroll Copy' successfully]]></system-out>
         <system-err><![CDATA[]]></system-err>
      </testcase>
      <testcase name="Test Cases/Smoke Test/NavigationOnlineReporting" classname="Test Cases/Smoke Test/NavigationOnlineReporting" status="PASSED">
         <system-out><![CDATA[2019-02-18 16:23:00 - [TEST_CASE][PASSED] - Test Cases/Smoke Test/NavigationOnlineReporting: Test Cases/Smoke Test/NavigationOnlineReporting

2019-02-18 16:23:00 - [TEST_STEP][PASSED] - callTestCase(findTestCase("Smoke Test/ValidLogin"), [:], STOP_ON_FAILURE): Call Test Case 'Test Cases/Smoke Test/ValidLogin' successfully

2019-02-18 16:23:00 - [TEST_CASE][PASSED] - Test Cases/Smoke Test/ValidLogin: Test Cases/Smoke Test/ValidLogin

2019-02-18 16:23:00 - [TEST_STEP][PASSED] - openBrowser(findTestData("Environment").getValue("URL", 1)): Browser is opened with url: 'https://implementationuat.sdworx.co.uk/'

2019-02-18 16:23:00 - [MESSAGE][WARNING] - A browser is already opened. Closing browser and opening a new one

2019-02-18 16:23:01 - [MESSAGE][INFO] - Starting 'Chrome' driver

2019-02-18 16:23:06 - [MESSAGE][PASSED] - Browser is opened with url: 'https://implementationuat.sdworx.co.uk/'

2019-02-18 16:23:06 - [TEST_STEP][PASSED] - maximizeWindow(): Current window maximized

2019-02-18 16:23:07 - [MESSAGE][PASSED] - Current window maximized

2019-02-18 16:23:07 - [TEST_STEP][PASSED] - navigateToUrl(findTestData("Environment").getValue("URL", 1)): Navigate to 'https://implementationuat.sdworx.co.uk/' successfully

2019-02-18 16:23:08 - [MESSAGE][PASSED] - Navigate to 'https://implementationuat.sdworx.co.uk/' successfully

2019-02-18 16:23:08 - [TEST_STEP][PASSED] - setText(findTestObject("Object Repository/Login/input_Email"), findTestData("Login").getValue("Username", 1)): Text 'purmanand.roopnah@sdworx.com' is set on object 'Object Repository/Login/input_Email'

2019-02-18 16:23:09 - [MESSAGE][PASSED] - Text 'purmanand.roopnah@sdworx.com' is set on object 'Object Repository/Login/input_Email'

2019-02-18 16:23:09 - [TEST_STEP][PASSED] - setText(findTestObject("Object Repository/Login/input_Password"), findTestData("Login").getValue("Password", 1)): Text 'Manish_2505' is set on object 'Object Repository/Login/input_Password'

2019-02-18 16:23:09 - [MESSAGE][PASSED] - Text 'Manish_2505' is set on object 'Object Repository/Login/input_Password'

2019-02-18 16:23:09 - [TEST_STEP][PASSED] - click(findTestObject("Object Repository/Login/input_btn btn-default")): Object: 'Object Repository/Login/input_btn btn-default' is clicked on

2019-02-18 16:23:11 - [MESSAGE][PASSED] - Object: 'Object Repository/Login/input_btn btn-default' is clicked on

2019-02-18 16:23:11 - [TEST_STEP][NOT_RUN] - selectOptionByLabel(findTestObject("Dropdown Lists/Select Organisation/Select Org"), "Panasonic Mauritius", true): NOT_RUN: selectOptionByLabel(findTestObject("Dropdown Lists/Select Organisation/Select Org"), "Panasonic Mauritius", true)

2019-02-18 16:23:11 - [MESSAGE][NOT_RUN] - NOT_RUN: selectOptionByLabel(findTestObject("Dropdown Lists/Select Organisation/Select Org"), "Panasonic Mauritius", true)

2019-02-18 16:23:11 - [TEST_STEP][NOT_RUN] - verifyElementPresent(findTestObject("Logout/Logout_dropdown"), 10, CONTINUE_ON_FAILURE): NOT_RUN: verifyElementPresent(findTestObject("Logout/Logout_dropdown"), 10, CONTINUE_ON_FAILURE)

2019-02-18 16:23:11 - [MESSAGE][NOT_RUN] - NOT_RUN: verifyElementPresent(findTestObject("Logout/Logout_dropdown"), 10, CONTINUE_ON_FAILURE)

2019-02-18 16:23:11 - [TEST_STEP][NOT_RUN] - click(findTestObject("Logout/Logout_dropdown")): NOT_RUN: click(findTestObject("Logout/Logout_dropdown"))

2019-02-18 16:23:11 - [MESSAGE][NOT_RUN] - NOT_RUN: click(findTestObject("Logout/Logout_dropdown"))

2019-02-18 16:23:11 - [TEST_STEP][NOT_RUN] - verifyElementPresent(findTestObject("Logout/a_Logout"), 10, CONTINUE_ON_FAILURE): NOT_RUN: verifyElementPresent(findTestObject("Logout/a_Logout"), 10, CONTINUE_ON_FAILURE)

2019-02-18 16:23:11 - [MESSAGE][NOT_RUN] - NOT_RUN: verifyElementPresent(findTestObject("Logout/a_Logout"), 10, CONTINUE_ON_FAILURE)

2019-02-18 16:23:11 - [TEST_STEP][NOT_RUN] - click(findTestObject("Logout/a_Logout")): NOT_RUN: click(findTestObject("Logout/a_Logout"))

2019-02-18 16:23:11 - [MESSAGE][NOT_RUN] - NOT_RUN: click(findTestObject("Logout/a_Logout"))

2019-02-18 16:23:11 - [TEST_STEP][NOT_RUN] - closeBrowser(): NOT_RUN: closeBrowser()

2019-02-18 16:23:11 - [MESSAGE][NOT_RUN] - NOT_RUN: closeBrowser()

2019-02-18 16:23:11 - [TEST_STEP][NOT_RUN] - toolkit.MySql.connectDB("CERRSQL2UTIL.aspnc.local", "ImplementationToolkit ", "4413", "ImpToolkit", "0E47iz93"): NOT_RUN: toolkit.MySql.connectDB("CERRSQL2UTIL.aspnc.local", "ImplementationToolkit ", "4413", "ImpToolkit", "0E47iz93")

2019-02-18 16:23:11 - [MESSAGE][NOT_RUN] - NOT_RUN: toolkit.MySql.connectDB("CERRSQL2UTIL.aspnc.local", "ImplementationToolkit ", "4413", "ImpToolkit", "0E47iz93")

2019-02-18 16:23:11 - [TEST_STEP][NOT_RUN] - Data = toolkit.MySql.executeQuery("select id from AspNetUsers where Email='purmanand.roopnah@sdworx.com';"): NOT_RUN: Data = toolkit.MySql.executeQuery("select id from AspNetUsers where Email='purmanand.roopnah@sdworx.com';")

2019-02-18 16:23:11 - [MESSAGE][NOT_RUN] - NOT_RUN: Data = toolkit.MySql.executeQuery("select id from AspNetUsers where Email='purmanand.roopnah@sdworx.com';")

2019-02-18 16:23:11 - [TEST_STEP][NOT_RUN] - PrintLn("Data"): NOT_RUN: PrintLn("Data")

2019-02-18 16:23:11 - [MESSAGE][NOT_RUN] - NOT_RUN: PrintLn("Data")

2019-02-18 16:23:11 - [MESSAGE][PASSED] - Call Test Case 'Test Cases/Smoke Test/ValidLogin' successfully

2019-02-18 16:23:11 - [TEST_STEP][PASSED] - callTestCase(findTestCase("Navigations/Navigation - Online Reporting"), [:], STOP_ON_FAILURE): Call Test Case 'Test Cases/Navigations/Navigation - Online Reporting' successfully

2019-02-18 16:23:11 - [TEST_CASE][PASSED] - Test Cases/Navigations/Navigation - Online Reporting: Test Cases/Navigations/Navigation - Online Reporting

2019-02-18 16:23:12 - [TEST_STEP][PASSED] - click(findTestObject("Navigations/Navigation - Online Reporting/span_Online Reporting")): Object: 'Object Repository/Navigations/Navigation - Online Reporting/span_Online Reporting' is clicked on

2019-02-18 16:23:14 - [MESSAGE][PASSED] - Object: 'Object Repository/Navigations/Navigation - Online Reporting/span_Online Reporting' is clicked on

2019-02-18 16:23:14 - [TEST_STEP][PASSED] - delay(2): Delayed 2 second(s)

2019-02-18 16:23:16 - [MESSAGE][PASSED] - Delayed 2 second(s)

2019-02-18 16:23:16 - [TEST_STEP][PASSED] - verifyElementPresent(findTestObject("Navigations/Navigation - Online Reporting/a_Generate Report"), 0): Object 'Object Repository/Navigations/Navigation - Online Reporting/a_Generate Report' is present

2019-02-18 16:23:16 - [MESSAGE][WARNING] - Timeout '0' is invalid. Using default page load timeout: '30'

2019-02-18 16:23:16 - [MESSAGE][PASSED] - Object 'Object Repository/Navigations/Navigation - Online Reporting/a_Generate Report' is present

2019-02-18 16:23:16 - [TEST_STEP][PASSED] - doubleClick(findTestObject("Navigations/Navigation - Online Reporting/select_PDW")): Object: 'Object Repository/Navigations/Navigation - Online Reporting/select_PDW' is double clicked on

2019-02-18 16:23:16 - [MESSAGE][PASSED] - Object: 'Object Repository/Navigations/Navigation - Online Reporting/select_PDW' is double clicked on

2019-02-18 16:23:16 - [TEST_STEP][PASSED] - verifyTextPresent("ONLINE REPORTING", false): Text 'ONLINE REPORTING' is present on page 

2019-02-18 16:23:16 - [MESSAGE][PASSED] - Text 'ONLINE REPORTING' is present on page 

2019-02-18 16:23:16 - [MESSAGE][PASSED] - Call Test Case 'Test Cases/Navigations/Navigation - Online Reporting' successfully]]></system-out>
         <system-err><![CDATA[]]></system-err>
      </testcase>
      <testcase name="Test Cases/Smoke Test/NavigationAuditReport" classname="Test Cases/Smoke Test/NavigationAuditReport" status="PASSED">
         <system-out><![CDATA[2019-02-18 16:23:16 - [TEST_CASE][PASSED] - Test Cases/Smoke Test/NavigationAuditReport: Test Cases/Smoke Test/NavigationAuditReport

2019-02-18 16:23:17 - [TEST_STEP][PASSED] - callTestCase(findTestCase("Smoke Test/ValidLogin"), [:], STOP_ON_FAILURE): Call Test Case 'Test Cases/Smoke Test/ValidLogin' successfully

2019-02-18 16:23:17 - [TEST_CASE][PASSED] - Test Cases/Smoke Test/ValidLogin: Test Cases/Smoke Test/ValidLogin

2019-02-18 16:23:17 - [TEST_STEP][PASSED] - openBrowser(findTestData("Environment").getValue("URL", 1)): Browser is opened with url: 'https://implementationuat.sdworx.co.uk/'

2019-02-18 16:23:17 - [MESSAGE][WARNING] - A browser is already opened. Closing browser and opening a new one

2019-02-18 16:23:18 - [MESSAGE][INFO] - Starting 'Chrome' driver

2019-02-18 16:23:24 - [MESSAGE][PASSED] - Browser is opened with url: 'https://implementationuat.sdworx.co.uk/'

2019-02-18 16:23:24 - [TEST_STEP][PASSED] - maximizeWindow(): Current window maximized

2019-02-18 16:23:26 - [MESSAGE][PASSED] - Current window maximized

2019-02-18 16:23:26 - [TEST_STEP][PASSED] - navigateToUrl(findTestData("Environment").getValue("URL", 1)): Navigate to 'https://implementationuat.sdworx.co.uk/' successfully

2019-02-18 16:23:27 - [MESSAGE][PASSED] - Navigate to 'https://implementationuat.sdworx.co.uk/' successfully

2019-02-18 16:23:27 - [TEST_STEP][PASSED] - setText(findTestObject("Object Repository/Login/input_Email"), findTestData("Login").getValue("Username", 1)): Text 'purmanand.roopnah@sdworx.com' is set on object 'Object Repository/Login/input_Email'

2019-02-18 16:23:28 - [MESSAGE][PASSED] - Text 'purmanand.roopnah@sdworx.com' is set on object 'Object Repository/Login/input_Email'

2019-02-18 16:23:28 - [TEST_STEP][PASSED] - setText(findTestObject("Object Repository/Login/input_Password"), findTestData("Login").getValue("Password", 1)): Text 'Manish_2505' is set on object 'Object Repository/Login/input_Password'

2019-02-18 16:23:28 - [MESSAGE][PASSED] - Text 'Manish_2505' is set on object 'Object Repository/Login/input_Password'

2019-02-18 16:23:28 - [TEST_STEP][PASSED] - click(findTestObject("Object Repository/Login/input_btn btn-default")): Object: 'Object Repository/Login/input_btn btn-default' is clicked on

2019-02-18 16:23:31 - [MESSAGE][PASSED] - Object: 'Object Repository/Login/input_btn btn-default' is clicked on

2019-02-18 16:23:31 - [TEST_STEP][NOT_RUN] - selectOptionByLabel(findTestObject("Dropdown Lists/Select Organisation/Select Org"), "Panasonic Mauritius", true): NOT_RUN: selectOptionByLabel(findTestObject("Dropdown Lists/Select Organisation/Select Org"), "Panasonic Mauritius", true)

2019-02-18 16:23:31 - [MESSAGE][NOT_RUN] - NOT_RUN: selectOptionByLabel(findTestObject("Dropdown Lists/Select Organisation/Select Org"), "Panasonic Mauritius", true)

2019-02-18 16:23:31 - [TEST_STEP][NOT_RUN] - verifyElementPresent(findTestObject("Logout/Logout_dropdown"), 10, CONTINUE_ON_FAILURE): NOT_RUN: verifyElementPresent(findTestObject("Logout/Logout_dropdown"), 10, CONTINUE_ON_FAILURE)

2019-02-18 16:23:31 - [MESSAGE][NOT_RUN] - NOT_RUN: verifyElementPresent(findTestObject("Logout/Logout_dropdown"), 10, CONTINUE_ON_FAILURE)

2019-02-18 16:23:31 - [TEST_STEP][NOT_RUN] - click(findTestObject("Logout/Logout_dropdown")): NOT_RUN: click(findTestObject("Logout/Logout_dropdown"))

2019-02-18 16:23:31 - [MESSAGE][NOT_RUN] - NOT_RUN: click(findTestObject("Logout/Logout_dropdown"))

2019-02-18 16:23:31 - [TEST_STEP][NOT_RUN] - verifyElementPresent(findTestObject("Logout/a_Logout"), 10, CONTINUE_ON_FAILURE): NOT_RUN: verifyElementPresent(findTestObject("Logout/a_Logout"), 10, CONTINUE_ON_FAILURE)

2019-02-18 16:23:31 - [MESSAGE][NOT_RUN] - NOT_RUN: verifyElementPresent(findTestObject("Logout/a_Logout"), 10, CONTINUE_ON_FAILURE)

2019-02-18 16:23:31 - [TEST_STEP][NOT_RUN] - click(findTestObject("Logout/a_Logout")): NOT_RUN: click(findTestObject("Logout/a_Logout"))

2019-02-18 16:23:31 - [MESSAGE][NOT_RUN] - NOT_RUN: click(findTestObject("Logout/a_Logout"))

2019-02-18 16:23:31 - [TEST_STEP][NOT_RUN] - closeBrowser(): NOT_RUN: closeBrowser()

2019-02-18 16:23:31 - [MESSAGE][NOT_RUN] - NOT_RUN: closeBrowser()

2019-02-18 16:23:31 - [TEST_STEP][NOT_RUN] - toolkit.MySql.connectDB("CERRSQL2UTIL.aspnc.local", "ImplementationToolkit ", "4413", "ImpToolkit", "0E47iz93"): NOT_RUN: toolkit.MySql.connectDB("CERRSQL2UTIL.aspnc.local", "ImplementationToolkit ", "4413", "ImpToolkit", "0E47iz93")

2019-02-18 16:23:31 - [MESSAGE][NOT_RUN] - NOT_RUN: toolkit.MySql.connectDB("CERRSQL2UTIL.aspnc.local", "ImplementationToolkit ", "4413", "ImpToolkit", "0E47iz93")

2019-02-18 16:23:31 - [TEST_STEP][NOT_RUN] - Data = toolkit.MySql.executeQuery("select id from AspNetUsers where Email='purmanand.roopnah@sdworx.com';"): NOT_RUN: Data = toolkit.MySql.executeQuery("select id from AspNetUsers where Email='purmanand.roopnah@sdworx.com';")

2019-02-18 16:23:31 - [MESSAGE][NOT_RUN] - NOT_RUN: Data = toolkit.MySql.executeQuery("select id from AspNetUsers where Email='purmanand.roopnah@sdworx.com';")

2019-02-18 16:23:31 - [TEST_STEP][NOT_RUN] - PrintLn("Data"): NOT_RUN: PrintLn("Data")

2019-02-18 16:23:31 - [MESSAGE][NOT_RUN] - NOT_RUN: PrintLn("Data")

2019-02-18 16:23:31 - [MESSAGE][PASSED] - Call Test Case 'Test Cases/Smoke Test/ValidLogin' successfully

2019-02-18 16:23:31 - [TEST_STEP][PASSED] - callTestCase(findTestCase("Navigations/Navigation -Audit Report"), [:], STOP_ON_FAILURE): Call Test Case 'Test Cases/Navigations/Navigation -Audit Report' successfully

2019-02-18 16:23:31 - [TEST_CASE][PASSED] - Test Cases/Navigations/Navigation -Audit Report: Test Cases/Navigations/Navigation -Audit Report

2019-02-18 16:23:32 - [TEST_STEP][PASSED] - click(findTestObject("Navigations/Navigation - Audit Report/span_Audit Report")): Object: 'Object Repository/Navigations/Navigation - Audit Report/span_Audit Report' is clicked on

2019-02-18 16:23:35 - [MESSAGE][PASSED] - Object: 'Object Repository/Navigations/Navigation - Audit Report/span_Audit Report' is clicked on

2019-02-18 16:23:35 - [TEST_STEP][PASSED] - delay(2): Delayed 2 second(s)

2019-02-18 16:23:37 - [MESSAGE][PASSED] - Delayed 2 second(s)

2019-02-18 16:23:37 - [TEST_STEP][PASSED] - verifyElementPresent(findTestObject("Navigations/Navigation - Audit Report/a_Export"), 0): Object 'Object Repository/Navigations/Navigation - Audit Report/a_Export' is present

2019-02-18 16:23:37 - [MESSAGE][WARNING] - Timeout '0' is invalid. Using default page load timeout: '30'

2019-02-18 16:23:37 - [MESSAGE][PASSED] - Object 'Object Repository/Navigations/Navigation - Audit Report/a_Export' is present

2019-02-18 16:23:37 - [TEST_STEP][PASSED] - doubleClick(findTestObject("Navigations/Navigation - Audit Report/input_Record ID_RecordID")): Object: 'Object Repository/Navigations/Navigation - Audit Report/input_Record ID_RecordID' is double clicked on

2019-02-18 16:23:37 - [MESSAGE][PASSED] - Object: 'Object Repository/Navigations/Navigation - Audit Report/input_Record ID_RecordID' is double clicked on

2019-02-18 16:23:37 - [TEST_STEP][PASSED] - verifyTextPresent("Audit Report", false): Text 'Audit Report' is present on page 

2019-02-18 16:23:37 - [MESSAGE][PASSED] - Text 'Audit Report' is present on page 

2019-02-18 16:23:37 - [MESSAGE][PASSED] - Call Test Case 'Test Cases/Navigations/Navigation -Audit Report' successfully]]></system-out>
         <system-err><![CDATA[]]></system-err>
      </testcase>
      <testcase name="Test Cases/Smoke Test/NavigationAdmin" classname="Test Cases/Smoke Test/NavigationAdmin" status="FAILED">
         <failure type="FAILED" message="Test Cases/Smoke Test/NavigationAdmin FAILED.
Reason:
com.kms.katalon.core.exception.StepFailedException: Unable to verify text 'Database Details' is present  (Root cause: com.kms.katalon.core.exception.StepFailedException: Text 'Database Details' is not present on page )
	at com.kms.katalon.core.keyword.internal.KeywordMain.stepFailed(KeywordMain.groovy:36)
	at com.kms.katalon.core.webui.keyword.internal.WebUIKeywordMain.stepFailed(WebUIKeywordMain.groovy:65)
	at com.kms.katalon.core.webui.keyword.internal.WebUIKeywordMain.runKeyword(WebUIKeywordMain.groovy:27)
	at com.kms.katalon.core.webui.keyword.builtin.VerifyTextPresentKeyword.verifyTextPresent(VerifyTextPresentKeyword.groovy:83)
	at com.kms.katalon.core.webui.keyword.builtin.VerifyTextPresentKeyword.execute(VerifyTextPresentKeyword.groovy:68)
	at com.kms.katalon.core.keyword.internal.KeywordExecutor.executeKeywordForPlatform(KeywordExecutor.groovy:53)
	at com.kms.katalon.core.webui.keyword.WebUiBuiltInKeywords.verifyTextPresent(WebUiBuiltInKeywords.groovy:1693)
	at com.kms.katalon.core.webui.keyword.WebUiBuiltInKeywords$verifyTextPresent$8.call(Unknown Source)
	at Navigation - Database Details.run(Navigation - Database Details:30)
	at com.kms.katalon.core.main.ScriptEngine.run(ScriptEngine.java:194)
	at com.kms.katalon.core.main.ScriptEngine.runScriptAsRawText(ScriptEngine.java:119)
	at com.kms.katalon.core.main.TestCaseExecutor.runScript(TestCaseExecutor.java:328)
	at com.kms.katalon.core.main.TestCaseExecutor.doExecute(TestCaseExecutor.java:319)
	at com.kms.katalon.core.main.TestCaseExecutor.processExecutionPhase(TestCaseExecutor.java:298)
	at com.kms.katalon.core.main.TestCaseExecutor.accessMainPhase(TestCaseExecutor.java:290)
	at com.kms.katalon.core.main.TestCaseExecutor.execute(TestCaseExecutor.java:224)
	at com.kms.katalon.core.main.TestCaseMain.runTestCase(TestCaseMain.java:106)
	at com.kms.katalon.core.keyword.builtin.CallTestCaseKeyword$_callTestCase_closure1.doCall(CallTestCaseKeyword.groovy:59)
	at com.kms.katalon.core.keyword.builtin.CallTestCaseKeyword$_callTestCase_closure1.call(CallTestCaseKeyword.groovy)
	at com.kms.katalon.core.keyword.internal.KeywordMain.runKeyword(KeywordMain.groovy:54)
	at com.kms.katalon.core.keyword.builtin.CallTestCaseKeyword.callTestCase(CallTestCaseKeyword.groovy:80)
	at com.kms.katalon.core.keyword.builtin.CallTestCaseKeyword.execute(CallTestCaseKeyword.groovy:44)
	at com.kms.katalon.core.keyword.internal.KeywordExecutor.executeKeywordForPlatform(KeywordExecutor.groovy:53)
	at com.kms.katalon.core.keyword.BuiltinKeywords.callTestCase(BuiltinKeywords.groovy:334)
	at NavigationAdmin.run(NavigationAdmin:24)
	at com.kms.katalon.core.main.ScriptEngine.run(ScriptEngine.java:194)
	at com.kms.katalon.core.main.ScriptEngine.runScriptAsRawText(ScriptEngine.java:119)
	at com.kms.katalon.core.main.TestCaseExecutor.runScript(TestCaseExecutor.java:328)
	at com.kms.katalon.core.main.TestCaseExecutor.doExecute(TestCaseExecutor.java:319)
	at com.kms.katalon.core.main.TestCaseExecutor.processExecutionPhase(TestCaseExecutor.java:298)
	at com.kms.katalon.core.main.TestCaseExecutor.accessMainPhase(TestCaseExecutor.java:290)
	at com.kms.katalon.core.main.TestCaseExecutor.execute(TestCaseExecutor.java:224)
	at com.kms.katalon.core.main.TestSuiteExecutor.accessTestCaseMainPhase(TestSuiteExecutor.java:129)
	at com.kms.katalon.core.main.TestSuiteExecutor.accessTestSuiteMainPhase(TestSuiteExecutor.java:112)
	at com.kms.katalon.core.main.TestSuiteExecutor.execute(TestSuiteExecutor.java:81)
	at com.kms.katalon.core.main.TestCaseMain.startTestSuite(TestCaseMain.java:149)
	at com.kms.katalon.core.main.TestCaseMain$startTestSuite$0.call(Unknown Source)
	at TempTestSuite1550492203213.run(TempTestSuite1550492203213.groovy:36)
"/>
         <system-out><![CDATA[2019-02-18 16:23:37 - [TEST_CASE][FAILED] - Test Cases/Smoke Test/NavigationAdmin: Test Cases/Smoke Test/NavigationAdmin FAILED.
Reason:
com.kms.katalon.core.exception.StepFailedException: Unable to verify text 'Database Details' is present  (Root cause: com.kms.katalon.core.exception.StepFailedException: Text 'Database Details' is not present on page )
	at com.kms.katalon.core.keyword.internal.KeywordMain.stepFailed(KeywordMain.groovy:36)
	at com.kms.katalon.core.webui.keyword.internal.WebUIKeywordMain.stepFailed(WebUIKeywordMain.groovy:65)
	at com.kms.katalon.core.webui.keyword.internal.WebUIKeywordMain.runKeyword(WebUIKeywordMain.groovy:27)
	at com.kms.katalon.core.webui.keyword.builtin.VerifyTextPresentKeyword.verifyTextPresent(VerifyTextPresentKeyword.groovy:83)
	at com.kms.katalon.core.webui.keyword.builtin.VerifyTextPresentKeyword.execute(VerifyTextPresentKeyword.groovy:68)
	at com.kms.katalon.core.keyword.internal.KeywordExecutor.executeKeywordForPlatform(KeywordExecutor.groovy:53)
	at com.kms.katalon.core.webui.keyword.WebUiBuiltInKeywords.verifyTextPresent(WebUiBuiltInKeywords.groovy:1693)
	at com.kms.katalon.core.webui.keyword.WebUiBuiltInKeywords$verifyTextPresent$8.call(Unknown Source)
	at Navigation - Database Details.run(Navigation - Database Details:30)
	at com.kms.katalon.core.main.ScriptEngine.run(ScriptEngine.java:194)
	at com.kms.katalon.core.main.ScriptEngine.runScriptAsRawText(ScriptEngine.java:119)
	at com.kms.katalon.core.main.TestCaseExecutor.runScript(TestCaseExecutor.java:328)
	at com.kms.katalon.core.main.TestCaseExecutor.doExecute(TestCaseExecutor.java:319)
	at com.kms.katalon.core.main.TestCaseExecutor.processExecutionPhase(TestCaseExecutor.java:298)
	at com.kms.katalon.core.main.TestCaseExecutor.accessMainPhase(TestCaseExecutor.java:290)
	at com.kms.katalon.core.main.TestCaseExecutor.execute(TestCaseExecutor.java:224)
	at com.kms.katalon.core.main.TestCaseMain.runTestCase(TestCaseMain.java:106)
	at com.kms.katalon.core.keyword.builtin.CallTestCaseKeyword$_callTestCase_closure1.doCall(CallTestCaseKeyword.groovy:59)
	at com.kms.katalon.core.keyword.builtin.CallTestCaseKeyword$_callTestCase_closure1.call(CallTestCaseKeyword.groovy)
	at com.kms.katalon.core.keyword.internal.KeywordMain.runKeyword(KeywordMain.groovy:54)
	at com.kms.katalon.core.keyword.builtin.CallTestCaseKeyword.callTestCase(CallTestCaseKeyword.groovy:80)
	at com.kms.katalon.core.keyword.builtin.CallTestCaseKeyword.execute(CallTestCaseKeyword.groovy:44)
	at com.kms.katalon.core.keyword.internal.KeywordExecutor.executeKeywordForPlatform(KeywordExecutor.groovy:53)
	at com.kms.katalon.core.keyword.BuiltinKeywords.callTestCase(BuiltinKeywords.groovy:334)
	at NavigationAdmin.run(NavigationAdmin:24)
	at com.kms.katalon.core.main.ScriptEngine.run(ScriptEngine.java:194)
	at com.kms.katalon.core.main.ScriptEngine.runScriptAsRawText(ScriptEngine.java:119)
	at com.kms.katalon.core.main.TestCaseExecutor.runScript(TestCaseExecutor.java:328)
	at com.kms.katalon.core.main.TestCaseExecutor.doExecute(TestCaseExecutor.java:319)
	at com.kms.katalon.core.main.TestCaseExecutor.processExecutionPhase(TestCaseExecutor.java:298)
	at com.kms.katalon.core.main.TestCaseExecutor.accessMainPhase(TestCaseExecutor.java:290)
	at com.kms.katalon.core.main.TestCaseExecutor.execute(TestCaseExecutor.java:224)
	at com.kms.katalon.core.main.TestSuiteExecutor.accessTestCaseMainPhase(TestSuiteExecutor.java:129)
	at com.kms.katalon.core.main.TestSuiteExecutor.accessTestSuiteMainPhase(TestSuiteExecutor.java:112)
	at com.kms.katalon.core.main.TestSuiteExecutor.execute(TestSuiteExecutor.java:81)
	at com.kms.katalon.core.main.TestCaseMain.startTestSuite(TestCaseMain.java:149)
	at com.kms.katalon.core.main.TestCaseMain$startTestSuite$0.call(Unknown Source)
	at TempTestSuite1550492203213.run(TempTestSuite1550492203213.groovy:36)


2019-02-18 16:23:38 - [TEST_STEP][PASSED] - callTestCase(findTestCase("Smoke Test/ValidLogin"), [:], STOP_ON_FAILURE): Call Test Case 'Test Cases/Smoke Test/ValidLogin' successfully

2019-02-18 16:23:38 - [TEST_CASE][PASSED] - Test Cases/Smoke Test/ValidLogin: Test Cases/Smoke Test/ValidLogin

2019-02-18 16:23:38 - [TEST_STEP][PASSED] - openBrowser(findTestData("Environment").getValue("URL", 1)): Browser is opened with url: 'https://implementationuat.sdworx.co.uk/'

2019-02-18 16:23:38 - [MESSAGE][WARNING] - A browser is already opened. Closing browser and opening a new one

2019-02-18 16:23:39 - [MESSAGE][INFO] - Starting 'Chrome' driver

2019-02-18 16:23:44 - [MESSAGE][PASSED] - Browser is opened with url: 'https://implementationuat.sdworx.co.uk/'

2019-02-18 16:23:44 - [TEST_STEP][PASSED] - maximizeWindow(): Current window maximized

2019-02-18 16:23:45 - [MESSAGE][PASSED] - Current window maximized

2019-02-18 16:23:45 - [TEST_STEP][PASSED] - navigateToUrl(findTestData("Environment").getValue("URL", 1)): Navigate to 'https://implementationuat.sdworx.co.uk/' successfully

2019-02-18 16:23:46 - [MESSAGE][PASSED] - Navigate to 'https://implementationuat.sdworx.co.uk/' successfully

2019-02-18 16:23:46 - [TEST_STEP][PASSED] - setText(findTestObject("Object Repository/Login/input_Email"), findTestData("Login").getValue("Username", 1)): Text 'purmanand.roopnah@sdworx.com' is set on object 'Object Repository/Login/input_Email'

2019-02-18 16:23:46 - [MESSAGE][PASSED] - Text 'purmanand.roopnah@sdworx.com' is set on object 'Object Repository/Login/input_Email'

2019-02-18 16:23:46 - [TEST_STEP][PASSED] - setText(findTestObject("Object Repository/Login/input_Password"), findTestData("Login").getValue("Password", 1)): Text 'Manish_2505' is set on object 'Object Repository/Login/input_Password'

2019-02-18 16:23:46 - [MESSAGE][PASSED] - Text 'Manish_2505' is set on object 'Object Repository/Login/input_Password'

2019-02-18 16:23:46 - [TEST_STEP][PASSED] - click(findTestObject("Object Repository/Login/input_btn btn-default")): Object: 'Object Repository/Login/input_btn btn-default' is clicked on

2019-02-18 16:23:49 - [MESSAGE][PASSED] - Object: 'Object Repository/Login/input_btn btn-default' is clicked on

2019-02-18 16:23:49 - [TEST_STEP][NOT_RUN] - selectOptionByLabel(findTestObject("Dropdown Lists/Select Organisation/Select Org"), "Panasonic Mauritius", true): NOT_RUN: selectOptionByLabel(findTestObject("Dropdown Lists/Select Organisation/Select Org"), "Panasonic Mauritius", true)

2019-02-18 16:23:49 - [MESSAGE][NOT_RUN] - NOT_RUN: selectOptionByLabel(findTestObject("Dropdown Lists/Select Organisation/Select Org"), "Panasonic Mauritius", true)

2019-02-18 16:23:49 - [TEST_STEP][NOT_RUN] - verifyElementPresent(findTestObject("Logout/Logout_dropdown"), 10, CONTINUE_ON_FAILURE): NOT_RUN: verifyElementPresent(findTestObject("Logout/Logout_dropdown"), 10, CONTINUE_ON_FAILURE)

2019-02-18 16:23:49 - [MESSAGE][NOT_RUN] - NOT_RUN: verifyElementPresent(findTestObject("Logout/Logout_dropdown"), 10, CONTINUE_ON_FAILURE)

2019-02-18 16:23:49 - [TEST_STEP][NOT_RUN] - click(findTestObject("Logout/Logout_dropdown")): NOT_RUN: click(findTestObject("Logout/Logout_dropdown"))

2019-02-18 16:23:49 - [MESSAGE][NOT_RUN] - NOT_RUN: click(findTestObject("Logout/Logout_dropdown"))

2019-02-18 16:23:49 - [TEST_STEP][NOT_RUN] - verifyElementPresent(findTestObject("Logout/a_Logout"), 10, CONTINUE_ON_FAILURE): NOT_RUN: verifyElementPresent(findTestObject("Logout/a_Logout"), 10, CONTINUE_ON_FAILURE)

2019-02-18 16:23:49 - [MESSAGE][NOT_RUN] - NOT_RUN: verifyElementPresent(findTestObject("Logout/a_Logout"), 10, CONTINUE_ON_FAILURE)

2019-02-18 16:23:49 - [TEST_STEP][NOT_RUN] - click(findTestObject("Logout/a_Logout")): NOT_RUN: click(findTestObject("Logout/a_Logout"))

2019-02-18 16:23:49 - [MESSAGE][NOT_RUN] - NOT_RUN: click(findTestObject("Logout/a_Logout"))

2019-02-18 16:23:49 - [TEST_STEP][NOT_RUN] - closeBrowser(): NOT_RUN: closeBrowser()

2019-02-18 16:23:49 - [MESSAGE][NOT_RUN] - NOT_RUN: closeBrowser()

2019-02-18 16:23:49 - [TEST_STEP][NOT_RUN] - toolkit.MySql.connectDB("CERRSQL2UTIL.aspnc.local", "ImplementationToolkit ", "4413", "ImpToolkit", "0E47iz93"): NOT_RUN: toolkit.MySql.connectDB("CERRSQL2UTIL.aspnc.local", "ImplementationToolkit ", "4413", "ImpToolkit", "0E47iz93")

2019-02-18 16:23:49 - [MESSAGE][NOT_RUN] - NOT_RUN: toolkit.MySql.connectDB("CERRSQL2UTIL.aspnc.local", "ImplementationToolkit ", "4413", "ImpToolkit", "0E47iz93")

2019-02-18 16:23:49 - [TEST_STEP][NOT_RUN] - Data = toolkit.MySql.executeQuery("select id from AspNetUsers where Email='purmanand.roopnah@sdworx.com';"): NOT_RUN: Data = toolkit.MySql.executeQuery("select id from AspNetUsers where Email='purmanand.roopnah@sdworx.com';")

2019-02-18 16:23:49 - [MESSAGE][NOT_RUN] - NOT_RUN: Data = toolkit.MySql.executeQuery("select id from AspNetUsers where Email='purmanand.roopnah@sdworx.com';")

2019-02-18 16:23:49 - [TEST_STEP][NOT_RUN] - PrintLn("Data"): NOT_RUN: PrintLn("Data")

2019-02-18 16:23:49 - [MESSAGE][NOT_RUN] - NOT_RUN: PrintLn("Data")

2019-02-18 16:23:49 - [MESSAGE][PASSED] - Call Test Case 'Test Cases/Smoke Test/ValidLogin' successfully

2019-02-18 16:23:49 - [TEST_STEP][PASSED] - callTestCase(findTestCase("Navigations/Navigation - Client Setup"), [:], CONTINUE_ON_FAILURE): Call Test Case 'Test Cases/Navigations/Navigation - Client Setup' successfully

2019-02-18 16:23:49 - [TEST_CASE][PASSED] - Test Cases/Navigations/Navigation - Client Setup: Test Cases/Navigations/Navigation - Client Setup

2019-02-18 16:23:49 - [TEST_STEP][PASSED] - click(findTestObject("Navigations/Navigation - Client Setup/span_Admin")): Object: 'Object Repository/Navigations/Navigation - Client Setup/span_Admin' is clicked on

2019-02-18 16:23:49 - [MESSAGE][PASSED] - Object: 'Object Repository/Navigations/Navigation - Client Setup/span_Admin' is clicked on

2019-02-18 16:23:49 - [TEST_STEP][PASSED] - delay(2): Delayed 2 second(s)

2019-02-18 16:23:51 - [MESSAGE][PASSED] - Delayed 2 second(s)

2019-02-18 16:23:51 - [TEST_STEP][PASSED] - click(findTestObject("Navigations/Navigation - Client Setup/a_Payroll  Client Setup")): Object: 'Object Repository/Navigations/Navigation - Client Setup/a_Payroll  Client Setup' is clicked on

2019-02-18 16:23:55 - [MESSAGE][PASSED] - Object: 'Object Repository/Navigations/Navigation - Client Setup/a_Payroll  Client Setup' is clicked on

2019-02-18 16:23:55 - [TEST_STEP][PASSED] - delay(2): Delayed 2 second(s)

2019-02-18 16:23:57 - [MESSAGE][PASSED] - Delayed 2 second(s)

2019-02-18 16:23:57 - [TEST_STEP][PASSED] - click(findTestObject("Navigations/Navigation - Client Setup/a_Client Setup")): Object: 'Object Repository/Navigations/Navigation - Client Setup/a_Client Setup' is clicked on

2019-02-18 16:23:57 - [MESSAGE][PASSED] - Object: 'Object Repository/Navigations/Navigation - Client Setup/a_Client Setup' is clicked on

2019-02-18 16:23:57 - [TEST_STEP][PASSED] - delay(2): Delayed 2 second(s)

2019-02-18 16:23:59 - [MESSAGE][PASSED] - Delayed 2 second(s)

2019-02-18 16:23:59 - [TEST_STEP][PASSED] - verifyElementPresent(findTestObject("Navigations/Navigation - Client Setup/button_Add Customer"), 0): Object 'Object Repository/Navigations/Navigation - Client Setup/button_Add Customer' is present

2019-02-18 16:23:59 - [MESSAGE][WARNING] - Timeout '0' is invalid. Using default page load timeout: '30'

2019-02-18 16:23:59 - [MESSAGE][PASSED] - Object 'Object Repository/Navigations/Navigation - Client Setup/button_Add Customer' is present

2019-02-18 16:23:59 - [TEST_STEP][PASSED] - doubleClick(findTestObject("Navigations/Navigation - Client Setup/Search")): Object: 'Object Repository/Navigations/Navigation - Client Setup/Search' is double clicked on

2019-02-18 16:24:00 - [MESSAGE][PASSED] - Object: 'Object Repository/Navigations/Navigation - Client Setup/Search' is double clicked on

2019-02-18 16:24:00 - [TEST_STEP][PASSED] - verifyTextPresent("Client Setup", false): Text 'Client Setup' is present on page 

2019-02-18 16:24:00 - [MESSAGE][PASSED] - Text 'Client Setup' is present on page 

2019-02-18 16:24:00 - [MESSAGE][PASSED] - Call Test Case 'Test Cases/Navigations/Navigation - Client Setup' successfully

2019-02-18 16:24:00 - [TEST_STEP][PASSED] - callTestCase(findTestCase("Navigations/Navigation - Payroll Setup"), [:], CONTINUE_ON_FAILURE): Call Test Case 'Test Cases/Navigations/Navigation - Payroll Setup' successfully

2019-02-18 16:24:00 - [TEST_CASE][PASSED] - Test Cases/Navigations/Navigation - Payroll Setup: Test Cases/Navigations/Navigation - Payroll Setup

2019-02-18 16:24:00 - [TEST_STEP][PASSED] - click(findTestObject("Navigations/Navigation - Payroll Setup/span_Admin")): Object: 'Object Repository/Navigations/Navigation - Payroll Setup/span_Admin' is clicked on

2019-02-18 16:24:00 - [MESSAGE][PASSED] - Object: 'Object Repository/Navigations/Navigation - Payroll Setup/span_Admin' is clicked on

2019-02-18 16:24:00 - [TEST_STEP][PASSED] - delay(2): Delayed 2 second(s)

2019-02-18 16:24:02 - [MESSAGE][PASSED] - Delayed 2 second(s)

2019-02-18 16:24:02 - [TEST_STEP][PASSED] - click(findTestObject("Navigations/Navigation - Payroll Setup/a_Payroll  Client Setup")): Object: 'Object Repository/Navigations/Navigation - Payroll Setup/a_Payroll  Client Setup' is clicked on

2019-02-18 16:24:03 - [MESSAGE][PASSED] - Object: 'Object Repository/Navigations/Navigation - Payroll Setup/a_Payroll  Client Setup' is clicked on

2019-02-18 16:24:03 - [TEST_STEP][PASSED] - delay(2): Delayed 2 second(s)

2019-02-18 16:24:05 - [MESSAGE][PASSED] - Delayed 2 second(s)

2019-02-18 16:24:05 - [TEST_STEP][PASSED] - click(findTestObject("Navigations/Navigation - Payroll Setup/a_Payroll Setup")): Object: 'Object Repository/Navigations/Navigation - Payroll Setup/a_Payroll Setup' is clicked on

2019-02-18 16:24:06 - [MESSAGE][PASSED] - Object: 'Object Repository/Navigations/Navigation - Payroll Setup/a_Payroll Setup' is clicked on

2019-02-18 16:24:06 - [TEST_STEP][PASSED] - delay(2): Delayed 2 second(s)

2019-02-18 16:24:08 - [MESSAGE][PASSED] - Delayed 2 second(s)

2019-02-18 16:24:08 - [TEST_STEP][PASSED] - verifyElementPresent(findTestObject("Navigations/Navigation - Payroll Setup/a_Add Payroll"), 0): Object 'Object Repository/Navigations/Navigation - Payroll Setup/a_Add Payroll' is present

2019-02-18 16:24:08 - [MESSAGE][WARNING] - Timeout '0' is invalid. Using default page load timeout: '30'

2019-02-18 16:24:08 - [MESSAGE][PASSED] - Object 'Object Repository/Navigations/Navigation - Payroll Setup/a_Add Payroll' is present

2019-02-18 16:24:08 - [TEST_STEP][PASSED] - doubleClick(findTestObject("Navigations/Navigation - Client Setup/Search")): Object: 'Object Repository/Navigations/Navigation - Client Setup/Search' is double clicked on

2019-02-18 16:24:08 - [MESSAGE][PASSED] - Object: 'Object Repository/Navigations/Navigation - Client Setup/Search' is double clicked on

2019-02-18 16:24:08 - [TEST_STEP][PASSED] - verifyTextPresent("Payroll Setup", false): Text 'Payroll Setup' is present on page 

2019-02-18 16:24:08 - [MESSAGE][PASSED] - Text 'Payroll Setup' is present on page 

2019-02-18 16:24:08 - [MESSAGE][PASSED] - Call Test Case 'Test Cases/Navigations/Navigation - Payroll Setup' successfully

2019-02-18 16:24:08 - [TEST_STEP][PASSED] - callTestCase(findTestCase("Navigations/Navigation - SSP Rules"), [:], CONTINUE_ON_FAILURE): Call Test Case 'Test Cases/Navigations/Navigation - SSP Rules' successfully

2019-02-18 16:24:08 - [TEST_CASE][PASSED] - Test Cases/Navigations/Navigation - SSP Rules: Test Cases/Navigations/Navigation - SSP Rules

2019-02-18 16:24:08 - [TEST_STEP][PASSED] - click(findTestObject("Navigations/Navigation - SSP Rules/span_Admin")): Object: 'Object Repository/Navigations/Navigation - SSP Rules/span_Admin' is clicked on

2019-02-18 16:24:08 - [MESSAGE][PASSED] - Object: 'Object Repository/Navigations/Navigation - SSP Rules/span_Admin' is clicked on

2019-02-18 16:24:08 - [TEST_STEP][PASSED] - delay(2): Delayed 2 second(s)

2019-02-18 16:24:10 - [MESSAGE][PASSED] - Delayed 2 second(s)

2019-02-18 16:24:10 - [TEST_STEP][PASSED] - click(findTestObject("Navigations/Navigation - SSP Rules/a_Payroll  Client Setup")): Object: 'Object Repository/Navigations/Navigation - SSP Rules/a_Payroll  Client Setup' is clicked on

2019-02-18 16:24:11 - [MESSAGE][PASSED] - Object: 'Object Repository/Navigations/Navigation - SSP Rules/a_Payroll  Client Setup' is clicked on

2019-02-18 16:24:11 - [TEST_STEP][PASSED] - delay(2): Delayed 2 second(s)

2019-02-18 16:24:13 - [MESSAGE][PASSED] - Delayed 2 second(s)

2019-02-18 16:24:13 - [TEST_STEP][PASSED] - click(findTestObject("Navigations/Navigation - SSP Rules/a_SSP Rules")): Object: 'Object Repository/Navigations/Navigation - SSP Rules/a_SSP Rules' is clicked on

2019-02-18 16:24:14 - [MESSAGE][PASSED] - Object: 'Object Repository/Navigations/Navigation - SSP Rules/a_SSP Rules' is clicked on

2019-02-18 16:24:14 - [TEST_STEP][PASSED] - delay(2): Delayed 2 second(s)

2019-02-18 16:24:16 - [MESSAGE][PASSED] - Delayed 2 second(s)

2019-02-18 16:24:16 - [TEST_STEP][PASSED] - click(findTestObject("Navigations/Navigation - SSP Rules/a_Add SSP Rule")): Object: 'Object Repository/Navigations/Navigation - SSP Rules/a_Add SSP Rule' is clicked on

2019-02-18 16:24:16 - [MESSAGE][PASSED] - Object: 'Object Repository/Navigations/Navigation - SSP Rules/a_Add SSP Rule' is clicked on

2019-02-18 16:24:16 - [TEST_STEP][PASSED] - doubleClick(findTestObject("Navigations/Navigation - Client Setup/Search")): Object: 'Object Repository/Navigations/Navigation - Client Setup/Search' is double clicked on

2019-02-18 16:24:16 - [MESSAGE][PASSED] - Object: 'Object Repository/Navigations/Navigation - Client Setup/Search' is double clicked on

2019-02-18 16:24:16 - [TEST_STEP][PASSED] - verifyTextPresent("SSP Rules", false): Text 'SSP Rules' is present on page 

2019-02-18 16:24:16 - [MESSAGE][PASSED] - Text 'SSP Rules' is present on page 

2019-02-18 16:24:16 - [MESSAGE][PASSED] - Call Test Case 'Test Cases/Navigations/Navigation - SSP Rules' successfully

2019-02-18 16:24:16 - [TEST_STEP][FAILED] - callTestCase(findTestCase("Navigations/Navigation - Database Details"), [:], CONTINUE_ON_FAILURE): Unable to call Test Case 'Test Cases/Navigations/Navigation - Database Details' (Root cause: com.kms.katalon.core.exception.StepFailedException: Call Test Case 'Test Cases/Navigations/Navigation - Database Details' failed)

2019-02-18 16:24:16 - [TEST_CASE][FAILED] - Test Cases/Navigations/Navigation - Database Details: Test Cases/Navigations/Navigation - Database Details FAILED.
Reason:
com.kms.katalon.core.exception.StepFailedException: Unable to verify text 'Database Details' is present  (Root cause: com.kms.katalon.core.exception.StepFailedException: Text 'Database Details' is not present on page )
	at com.kms.katalon.core.keyword.internal.KeywordMain.stepFailed(KeywordMain.groovy:36)
	at com.kms.katalon.core.webui.keyword.internal.WebUIKeywordMain.stepFailed(WebUIKeywordMain.groovy:65)
	at com.kms.katalon.core.webui.keyword.internal.WebUIKeywordMain.runKeyword(WebUIKeywordMain.groovy:27)
	at com.kms.katalon.core.webui.keyword.builtin.VerifyTextPresentKeyword.verifyTextPresent(VerifyTextPresentKeyword.groovy:83)
	at com.kms.katalon.core.webui.keyword.builtin.VerifyTextPresentKeyword.execute(VerifyTextPresentKeyword.groovy:68)
	at com.kms.katalon.core.keyword.internal.KeywordExecutor.executeKeywordForPlatform(KeywordExecutor.groovy:53)
	at com.kms.katalon.core.webui.keyword.WebUiBuiltInKeywords.verifyTextPresent(WebUiBuiltInKeywords.groovy:1693)
	at com.kms.katalon.core.webui.keyword.WebUiBuiltInKeywords$verifyTextPresent$8.call(Unknown Source)
	at Navigation - Database Details.run(Navigation - Database Details:30)
	at com.kms.katalon.core.main.ScriptEngine.run(ScriptEngine.java:194)
	at com.kms.katalon.core.main.ScriptEngine.runScriptAsRawText(ScriptEngine.java:119)
	at com.kms.katalon.core.main.TestCaseExecutor.runScript(TestCaseExecutor.java:328)
	at com.kms.katalon.core.main.TestCaseExecutor.doExecute(TestCaseExecutor.java:319)
	at com.kms.katalon.core.main.TestCaseExecutor.processExecutionPhase(TestCaseExecutor.java:298)
	at com.kms.katalon.core.main.TestCaseExecutor.accessMainPhase(TestCaseExecutor.java:290)
	at com.kms.katalon.core.main.TestCaseExecutor.execute(TestCaseExecutor.java:224)
	at com.kms.katalon.core.main.TestCaseMain.runTestCase(TestCaseMain.java:106)
	at com.kms.katalon.core.keyword.builtin.CallTestCaseKeyword$_callTestCase_closure1.doCall(CallTestCaseKeyword.groovy:59)
	at com.kms.katalon.core.keyword.builtin.CallTestCaseKeyword$_callTestCase_closure1.call(CallTestCaseKeyword.groovy)
	at com.kms.katalon.core.keyword.internal.KeywordMain.runKeyword(KeywordMain.groovy:54)
	at com.kms.katalon.core.keyword.builtin.CallTestCaseKeyword.callTestCase(CallTestCaseKeyword.groovy:80)
	at com.kms.katalon.core.keyword.builtin.CallTestCaseKeyword.execute(CallTestCaseKeyword.groovy:44)
	at com.kms.katalon.core.keyword.internal.KeywordExecutor.executeKeywordForPlatform(KeywordExecutor.groovy:53)
	at com.kms.katalon.core.keyword.BuiltinKeywords.callTestCase(BuiltinKeywords.groovy:334)
	at NavigationAdmin.run(NavigationAdmin:24)
	at com.kms.katalon.core.main.ScriptEngine.run(ScriptEngine.java:194)
	at com.kms.katalon.core.main.ScriptEngine.runScriptAsRawText(ScriptEngine.java:119)
	at com.kms.katalon.core.main.TestCaseExecutor.runScript(TestCaseExecutor.java:328)
	at com.kms.katalon.core.main.TestCaseExecutor.doExecute(TestCaseExecutor.java:319)
	at com.kms.katalon.core.main.TestCaseExecutor.processExecutionPhase(TestCaseExecutor.java:298)
	at com.kms.katalon.core.main.TestCaseExecutor.accessMainPhase(TestCaseExecutor.java:290)
	at com.kms.katalon.core.main.TestCaseExecutor.execute(TestCaseExecutor.java:224)
	at com.kms.katalon.core.main.TestSuiteExecutor.accessTestCaseMainPhase(TestSuiteExecutor.java:129)
	at com.kms.katalon.core.main.TestSuiteExecutor.accessTestSuiteMainPhase(TestSuiteExecutor.java:112)
	at com.kms.katalon.core.main.TestSuiteExecutor.execute(TestSuiteExecutor.java:81)
	at com.kms.katalon.core.main.TestCaseMain.startTestSuite(TestCaseMain.java:149)
	at com.kms.katalon.core.main.TestCaseMain$startTestSuite$0.call(Unknown Source)
	at TempTestSuite1550492203213.run(TempTestSuite1550492203213.groovy:36)


2019-02-18 16:24:16 - [TEST_STEP][PASSED] - click(findTestObject("Navigations/Navigation - Database Details/span_Admin")): Object: 'Object Repository/Navigations/Navigation - Database Details/span_Admin' is clicked on

2019-02-18 16:24:16 - [MESSAGE][PASSED] - Object: 'Object Repository/Navigations/Navigation - Database Details/span_Admin' is clicked on

2019-02-18 16:24:16 - [TEST_STEP][PASSED] - delay(2): Delayed 2 second(s)

2019-02-18 16:24:18 - [MESSAGE][PASSED] - Delayed 2 second(s)

2019-02-18 16:24:18 - [TEST_STEP][PASSED] - click(findTestObject("Navigations/Navigation - SSP Rules/a_Payroll  Client Setup")): Object: 'Object Repository/Navigations/Navigation - SSP Rules/a_Payroll  Client Setup' is clicked on

2019-02-18 16:24:20 - [MESSAGE][PASSED] - Object: 'Object Repository/Navigations/Navigation - SSP Rules/a_Payroll  Client Setup' is clicked on

2019-02-18 16:24:20 - [TEST_STEP][PASSED] - delay(2): Delayed 2 second(s)

2019-02-18 16:24:22 - [MESSAGE][PASSED] - Delayed 2 second(s)

2019-02-18 16:24:22 - [TEST_STEP][PASSED] - click(findTestObject("Navigations/Navigation - Database Details/a_Database Details")): Object: 'Object Repository/Navigations/Navigation - Database Details/a_Database Details' is clicked on

2019-02-18 16:24:22 - [MESSAGE][PASSED] - Object: 'Object Repository/Navigations/Navigation - Database Details/a_Database Details' is clicked on

2019-02-18 16:24:22 - [TEST_STEP][PASSED] - verifyElementPresent(findTestObject("Navigations/Navigation - Database Details/a_Add Server Details"), 0): Object 'Object Repository/Navigations/Navigation - Database Details/a_Add Server Details' is present

2019-02-18 16:24:22 - [MESSAGE][WARNING] - Timeout '0' is invalid. Using default page load timeout: '30'

2019-02-18 16:24:22 - [MESSAGE][PASSED] - Object 'Object Repository/Navigations/Navigation - Database Details/a_Add Server Details' is present

2019-02-18 16:24:22 - [TEST_STEP][PASSED] - doubleClick(findTestObject("Navigations/Navigation - Client Setup/Search")): Object: 'Object Repository/Navigations/Navigation - Client Setup/Search' is double clicked on

2019-02-18 16:24:23 - [MESSAGE][PASSED] - Object: 'Object Repository/Navigations/Navigation - Client Setup/Search' is double clicked on

2019-02-18 16:24:23 - [TEST_STEP][FAILED] - verifyTextPresent("Database Details", false): verifyTextPresent("Database Details", false) FAILED.
Reason:
com.kms.katalon.core.exception.StepFailedException: Unable to verify text 'Database Details' is present  (Root cause: com.kms.katalon.core.exception.StepFailedException: Text 'Database Details' is not present on page )
	at com.kms.katalon.core.keyword.internal.KeywordMain.stepFailed(KeywordMain.groovy:36)
	at com.kms.katalon.core.webui.keyword.internal.WebUIKeywordMain.stepFailed(WebUIKeywordMain.groovy:65)
	at com.kms.katalon.core.webui.keyword.internal.WebUIKeywordMain.runKeyword(WebUIKeywordMain.groovy:27)
	at com.kms.katalon.core.webui.keyword.builtin.VerifyTextPresentKeyword.verifyTextPresent(VerifyTextPresentKeyword.groovy:83)
	at com.kms.katalon.core.webui.keyword.builtin.VerifyTextPresentKeyword.execute(VerifyTextPresentKeyword.groovy:68)
	at com.kms.katalon.core.keyword.internal.KeywordExecutor.executeKeywordForPlatform(KeywordExecutor.groovy:53)
	at com.kms.katalon.core.webui.keyword.WebUiBuiltInKeywords.verifyTextPresent(WebUiBuiltInKeywords.groovy:1693)
	at com.kms.katalon.core.webui.keyword.WebUiBuiltInKeywords$verifyTextPresent$8.call(Unknown Source)
	at Navigation - Database Details.run(Navigation - Database Details:30)
	at com.kms.katalon.core.main.ScriptEngine.run(ScriptEngine.java:194)
	at com.kms.katalon.core.main.ScriptEngine.runScriptAsRawText(ScriptEngine.java:119)
	at com.kms.katalon.core.main.TestCaseExecutor.runScript(TestCaseExecutor.java:328)
	at com.kms.katalon.core.main.TestCaseExecutor.doExecute(TestCaseExecutor.java:319)
	at com.kms.katalon.core.main.TestCaseExecutor.processExecutionPhase(TestCaseExecutor.java:298)
	at com.kms.katalon.core.main.TestCaseExecutor.accessMainPhase(TestCaseExecutor.java:290)
	at com.kms.katalon.core.main.TestCaseExecutor.execute(TestCaseExecutor.java:224)
	at com.kms.katalon.core.main.TestCaseMain.runTestCase(TestCaseMain.java:106)
	at com.kms.katalon.core.keyword.builtin.CallTestCaseKeyword$_callTestCase_closure1.doCall(CallTestCaseKeyword.groovy:59)
	at com.kms.katalon.core.keyword.builtin.CallTestCaseKeyword$_callTestCase_closure1.call(CallTestCaseKeyword.groovy)
	at com.kms.katalon.core.keyword.internal.KeywordMain.runKeyword(KeywordMain.groovy:54)
	at com.kms.katalon.core.keyword.builtin.CallTestCaseKeyword.callTestCase(CallTestCaseKeyword.groovy:80)
	at com.kms.katalon.core.keyword.builtin.CallTestCaseKeyword.execute(CallTestCaseKeyword.groovy:44)
	at com.kms.katalon.core.keyword.internal.KeywordExecutor.executeKeywordForPlatform(KeywordExecutor.groovy:53)
	at com.kms.katalon.core.keyword.BuiltinKeywords.callTestCase(BuiltinKeywords.groovy:334)
	at NavigationAdmin.run(NavigationAdmin:24)
	at com.kms.katalon.core.main.ScriptEngine.run(ScriptEngine.java:194)
	at com.kms.katalon.core.main.ScriptEngine.runScriptAsRawText(ScriptEngine.java:119)
	at com.kms.katalon.core.main.TestCaseExecutor.runScript(TestCaseExecutor.java:328)
	at com.kms.katalon.core.main.TestCaseExecutor.doExecute(TestCaseExecutor.java:319)
	at com.kms.katalon.core.main.TestCaseExecutor.processExecutionPhase(TestCaseExecutor.java:298)
	at com.kms.katalon.core.main.TestCaseExecutor.accessMainPhase(TestCaseExecutor.java:290)
	at com.kms.katalon.core.main.TestCaseExecutor.execute(TestCaseExecutor.java:224)
	at com.kms.katalon.core.main.TestSuiteExecutor.accessTestCaseMainPhase(TestSuiteExecutor.java:129)
	at com.kms.katalon.core.main.TestSuiteExecutor.accessTestSuiteMainPhase(TestSuiteExecutor.java:112)
	at com.kms.katalon.core.main.TestSuiteExecutor.execute(TestSuiteExecutor.java:81)
	at com.kms.katalon.core.main.TestCaseMain.startTestSuite(TestCaseMain.java:149)
	at com.kms.katalon.core.main.TestCaseMain$startTestSuite$0.call(Unknown Source)
	at TempTestSuite1550492203213.run(TempTestSuite1550492203213.groovy:36)


2019-02-18 16:24:23 - [MESSAGE][FAILED] - Text 'Database Details' is not present on page 

2019-02-18 16:24:24 - [MESSAGE][FAILED] - Unable to verify text 'Database Details' is present  (Root cause: com.kms.katalon.core.exception.StepFailedException: Text 'Database Details' is not present on page )
[[ATTACHMENT|C:\\Users\\SD466525.DAN001\\git\\Test-Automation_ToolkitVersion2\\Reports\\Smoke Test\\20190218_161638\\1550492663604.png]]

2019-02-18 16:24:24 - [MESSAGE][FAILED] - verifyTextPresent("Database Details", false) FAILED.
Reason:
com.kms.katalon.core.exception.StepFailedException: Unable to verify text 'Database Details' is present  (Root cause: com.kms.katalon.core.exception.StepFailedException: Text 'Database Details' is not present on page )
	at com.kms.katalon.core.keyword.internal.KeywordMain.stepFailed(KeywordMain.groovy:36)
	at com.kms.katalon.core.webui.keyword.internal.WebUIKeywordMain.stepFailed(WebUIKeywordMain.groovy:65)
	at com.kms.katalon.core.webui.keyword.internal.WebUIKeywordMain.runKeyword(WebUIKeywordMain.groovy:27)
	at com.kms.katalon.core.webui.keyword.builtin.VerifyTextPresentKeyword.verifyTextPresent(VerifyTextPresentKeyword.groovy:83)
	at com.kms.katalon.core.webui.keyword.builtin.VerifyTextPresentKeyword.execute(VerifyTextPresentKeyword.groovy:68)
	at com.kms.katalon.core.keyword.internal.KeywordExecutor.executeKeywordForPlatform(KeywordExecutor.groovy:53)
	at com.kms.katalon.core.webui.keyword.WebUiBuiltInKeywords.verifyTextPresent(WebUiBuiltInKeywords.groovy:1693)
	at com.kms.katalon.core.webui.keyword.WebUiBuiltInKeywords$verifyTextPresent$8.call(Unknown Source)
	at Navigation - Database Details.run(Navigation - Database Details:30)
	at com.kms.katalon.core.main.ScriptEngine.run(ScriptEngine.java:194)
	at com.kms.katalon.core.main.ScriptEngine.runScriptAsRawText(ScriptEngine.java:119)
	at com.kms.katalon.core.main.TestCaseExecutor.runScript(TestCaseExecutor.java:328)
	at com.kms.katalon.core.main.TestCaseExecutor.doExecute(TestCaseExecutor.java:319)
	at com.kms.katalon.core.main.TestCaseExecutor.processExecutionPhase(TestCaseExecutor.java:298)
	at com.kms.katalon.core.main.TestCaseExecutor.accessMainPhase(TestCaseExecutor.java:290)
	at com.kms.katalon.core.main.TestCaseExecutor.execute(TestCaseExecutor.java:224)
	at com.kms.katalon.core.main.TestCaseMain.runTestCase(TestCaseMain.java:106)
	at com.kms.katalon.core.keyword.builtin.CallTestCaseKeyword$_callTestCase_closure1.doCall(CallTestCaseKeyword.groovy:59)
	at com.kms.katalon.core.keyword.builtin.CallTestCaseKeyword$_callTestCase_closure1.call(CallTestCaseKeyword.groovy)
	at com.kms.katalon.core.keyword.internal.KeywordMain.runKeyword(KeywordMain.groovy:54)
	at com.kms.katalon.core.keyword.builtin.CallTestCaseKeyword.callTestCase(CallTestCaseKeyword.groovy:80)
	at com.kms.katalon.core.keyword.builtin.CallTestCaseKeyword.execute(CallTestCaseKeyword.groovy:44)
	at com.kms.katalon.core.keyword.internal.KeywordExecutor.executeKeywordForPlatform(KeywordExecutor.groovy:53)
	at com.kms.katalon.core.keyword.BuiltinKeywords.callTestCase(BuiltinKeywords.groovy:334)
	at NavigationAdmin.run(NavigationAdmin:24)
	at com.kms.katalon.core.main.ScriptEngine.run(ScriptEngine.java:194)
	at com.kms.katalon.core.main.ScriptEngine.runScriptAsRawText(ScriptEngine.java:119)
	at com.kms.katalon.core.main.TestCaseExecutor.runScript(TestCaseExecutor.java:328)
	at com.kms.katalon.core.main.TestCaseExecutor.doExecute(TestCaseExecutor.java:319)
	at com.kms.katalon.core.main.TestCaseExecutor.processExecutionPhase(TestCaseExecutor.java:298)
	at com.kms.katalon.core.main.TestCaseExecutor.accessMainPhase(TestCaseExecutor.java:290)
	at com.kms.katalon.core.main.TestCaseExecutor.execute(TestCaseExecutor.java:224)
	at com.kms.katalon.core.main.TestSuiteExecutor.accessTestCaseMainPhase(TestSuiteExecutor.java:129)
	at com.kms.katalon.core.main.TestSuiteExecutor.accessTestSuiteMainPhase(TestSuiteExecutor.java:112)
	at com.kms.katalon.core.main.TestSuiteExecutor.execute(TestSuiteExecutor.java:81)
	at com.kms.katalon.core.main.TestCaseMain.startTestSuite(TestCaseMain.java:149)
	at com.kms.katalon.core.main.TestCaseMain$startTestSuite$0.call(Unknown Source)
	at TempTestSuite1550492203213.run(TempTestSuite1550492203213.groovy:36)


2019-02-18 16:24:24 - [MESSAGE][FAILED] - Unable to call Test Case 'Test Cases/Navigations/Navigation - Database Details' (Root cause: com.kms.katalon.core.exception.StepFailedException: Call Test Case 'Test Cases/Navigations/Navigation - Database Details' failed)

2019-02-18 16:24:24 - [TEST_STEP][FAILED] - callTestCase(findTestCase("Navigations/Navigation - Process Data"), [:], STOP_ON_FAILURE): callTestCase(findTestCase("Navigations/Navigation - Process Data"), [:], STOP_ON_FAILURE) FAILED.
Reason:
com.kms.katalon.core.exception.StepFailedException: Unable to verify text 'Database Details' is present  (Root cause: com.kms.katalon.core.exception.StepFailedException: Text 'Database Details' is not present on page )
	at com.kms.katalon.core.keyword.internal.KeywordMain.stepFailed(KeywordMain.groovy:36)
	at com.kms.katalon.core.webui.keyword.internal.WebUIKeywordMain.stepFailed(WebUIKeywordMain.groovy:65)
	at com.kms.katalon.core.webui.keyword.internal.WebUIKeywordMain.runKeyword(WebUIKeywordMain.groovy:27)
	at com.kms.katalon.core.webui.keyword.builtin.VerifyTextPresentKeyword.verifyTextPresent(VerifyTextPresentKeyword.groovy:83)
	at com.kms.katalon.core.webui.keyword.builtin.VerifyTextPresentKeyword.execute(VerifyTextPresentKeyword.groovy:68)
	at com.kms.katalon.core.keyword.internal.KeywordExecutor.executeKeywordForPlatform(KeywordExecutor.groovy:53)
	at com.kms.katalon.core.webui.keyword.WebUiBuiltInKeywords.verifyTextPresent(WebUiBuiltInKeywords.groovy:1693)
	at com.kms.katalon.core.webui.keyword.WebUiBuiltInKeywords$verifyTextPresent$8.call(Unknown Source)
	at Navigation - Database Details.run(Navigation - Database Details:30)
	at com.kms.katalon.core.main.ScriptEngine.run(ScriptEngine.java:194)
	at com.kms.katalon.core.main.ScriptEngine.runScriptAsRawText(ScriptEngine.java:119)
	at com.kms.katalon.core.main.TestCaseExecutor.runScript(TestCaseExecutor.java:328)
	at com.kms.katalon.core.main.TestCaseExecutor.doExecute(TestCaseExecutor.java:319)
	at com.kms.katalon.core.main.TestCaseExecutor.processExecutionPhase(TestCaseExecutor.java:298)
	at com.kms.katalon.core.main.TestCaseExecutor.accessMainPhase(TestCaseExecutor.java:290)
	at com.kms.katalon.core.main.TestCaseExecutor.execute(TestCaseExecutor.java:224)
	at com.kms.katalon.core.main.TestCaseMain.runTestCase(TestCaseMain.java:106)
	at com.kms.katalon.core.keyword.builtin.CallTestCaseKeyword$_callTestCase_closure1.doCall(CallTestCaseKeyword.groovy:59)
	at com.kms.katalon.core.keyword.builtin.CallTestCaseKeyword$_callTestCase_closure1.call(CallTestCaseKeyword.groovy)
	at com.kms.katalon.core.keyword.internal.KeywordMain.runKeyword(KeywordMain.groovy:54)
	at com.kms.katalon.core.keyword.builtin.CallTestCaseKeyword.callTestCase(CallTestCaseKeyword.groovy:80)
	at com.kms.katalon.core.keyword.builtin.CallTestCaseKeyword.execute(CallTestCaseKeyword.groovy:44)
	at com.kms.katalon.core.keyword.internal.KeywordExecutor.executeKeywordForPlatform(KeywordExecutor.groovy:53)
	at com.kms.katalon.core.keyword.BuiltinKeywords.callTestCase(BuiltinKeywords.groovy:334)
	at NavigationAdmin.run(NavigationAdmin:24)
	at com.kms.katalon.core.main.ScriptEngine.run(ScriptEngine.java:194)
	at com.kms.katalon.core.main.ScriptEngine.runScriptAsRawText(ScriptEngine.java:119)
	at com.kms.katalon.core.main.TestCaseExecutor.runScript(TestCaseExecutor.java:328)
	at com.kms.katalon.core.main.TestCaseExecutor.doExecute(TestCaseExecutor.java:319)
	at com.kms.katalon.core.main.TestCaseExecutor.processExecutionPhase(TestCaseExecutor.java:298)
	at com.kms.katalon.core.main.TestCaseExecutor.accessMainPhase(TestCaseExecutor.java:290)
	at com.kms.katalon.core.main.TestCaseExecutor.execute(TestCaseExecutor.java:224)
	at com.kms.katalon.core.main.TestSuiteExecutor.accessTestCaseMainPhase(TestSuiteExecutor.java:129)
	at com.kms.katalon.core.main.TestSuiteExecutor.accessTestSuiteMainPhase(TestSuiteExecutor.java:112)
	at com.kms.katalon.core.main.TestSuiteExecutor.execute(TestSuiteExecutor.java:81)
	at com.kms.katalon.core.main.TestCaseMain.startTestSuite(TestCaseMain.java:149)
	at com.kms.katalon.core.main.TestCaseMain$startTestSuite$0.call(Unknown Source)
	at TempTestSuite1550492203213.run(TempTestSuite1550492203213.groovy:36)


2019-02-18 16:24:24 - [TEST_CASE][PASSED] - Test Cases/Navigations/Navigation - Process Data: Test Cases/Navigations/Navigation - Process Data

2019-02-18 16:24:24 - [TEST_STEP][PASSED] - click(findTestObject("Navigations/Navigation - Process Data/span_Admin")): Object: 'Object Repository/Navigations/Navigation - Process Data/span_Admin' is clicked on

2019-02-18 16:24:24 - [MESSAGE][PASSED] - Object: 'Object Repository/Navigations/Navigation - Process Data/span_Admin' is clicked on

2019-02-18 16:24:24 - [TEST_STEP][PASSED] - delay(2): Delayed 2 second(s)

2019-02-18 16:24:26 - [MESSAGE][PASSED] - Delayed 2 second(s)

2019-02-18 16:24:26 - [TEST_STEP][PASSED] - click(findTestObject("Navigations/Navigation - Process Data/a_Process Data"), STOP_ON_FAILURE): Object: 'Object Repository/Navigations/Navigation - Process Data/a_Process Data' is clicked on

2019-02-18 16:24:28 - [MESSAGE][PASSED] - Object: 'Object Repository/Navigations/Navigation - Process Data/a_Process Data' is clicked on

2019-02-18 16:24:28 - [TEST_STEP][PASSED] - delay(2): Delayed 2 second(s)

2019-02-18 16:24:30 - [MESSAGE][PASSED] - Delayed 2 second(s)

2019-02-18 16:24:30 - [TEST_STEP][PASSED] - verifyElementPresent(findTestObject("Navigations/Navigation - Process Data/button_Save"), 0): Object 'Object Repository/Navigations/Navigation - Process Data/button_Save' is present

2019-02-18 16:24:30 - [MESSAGE][WARNING] - Timeout '0' is invalid. Using default page load timeout: '30'

2019-02-18 16:24:30 - [MESSAGE][PASSED] - Object 'Object Repository/Navigations/Navigation - Process Data/button_Save' is present

2019-02-18 16:24:30 - [TEST_STEP][PASSED] - scrollToElement(findTestObject("Navigations/Navigation - Process Data/button_Save"), 0): Scroll to object 'Object Repository/Navigations/Navigation - Process Data/button_Save' successfully

2019-02-18 16:24:30 - [MESSAGE][WARNING] - Timeout '0' is invalid. Using default page load timeout: '30'

2019-02-18 16:24:30 - [MESSAGE][PASSED] - Scroll to object 'Object Repository/Navigations/Navigation - Process Data/button_Save' successfully

2019-02-18 16:24:30 - [TEST_STEP][PASSED] - click(findTestObject("Navigations/Navigation - Process Data/button_Save")): Object: 'Object Repository/Navigations/Navigation - Process Data/button_Save' is clicked on

2019-02-18 16:24:30 - [MESSAGE][PASSED] - Object: 'Object Repository/Navigations/Navigation - Process Data/button_Save' is clicked on

2019-02-18 16:24:30 - [TEST_STEP][PASSED] - verifyTextPresent("PROCESS DATA", false): Text 'PROCESS DATA' is present on page 

2019-02-18 16:24:30 - [MESSAGE][PASSED] - Text 'PROCESS DATA' is present on page 

2019-02-18 16:24:30 - [MESSAGE][PASSED] - Call Test Case 'Test Cases/Navigations/Navigation - Process Data' successfully

2019-02-18 16:24:30 - [MESSAGE][FAILED] - callTestCase(findTestCase("Navigations/Navigation - Process Data"), [:], STOP_ON_FAILURE) FAILED.
Reason:
com.kms.katalon.core.exception.StepFailedException: Unable to verify text 'Database Details' is present  (Root cause: com.kms.katalon.core.exception.StepFailedException: Text 'Database Details' is not present on page )
	at com.kms.katalon.core.keyword.internal.KeywordMain.stepFailed(KeywordMain.groovy:36)
	at com.kms.katalon.core.webui.keyword.internal.WebUIKeywordMain.stepFailed(WebUIKeywordMain.groovy:65)
	at com.kms.katalon.core.webui.keyword.internal.WebUIKeywordMain.runKeyword(WebUIKeywordMain.groovy:27)
	at com.kms.katalon.core.webui.keyword.builtin.VerifyTextPresentKeyword.verifyTextPresent(VerifyTextPresentKeyword.groovy:83)
	at com.kms.katalon.core.webui.keyword.builtin.VerifyTextPresentKeyword.execute(VerifyTextPresentKeyword.groovy:68)
	at com.kms.katalon.core.keyword.internal.KeywordExecutor.executeKeywordForPlatform(KeywordExecutor.groovy:53)
	at com.kms.katalon.core.webui.keyword.WebUiBuiltInKeywords.verifyTextPresent(WebUiBuiltInKeywords.groovy:1693)
	at com.kms.katalon.core.webui.keyword.WebUiBuiltInKeywords$verifyTextPresent$8.call(Unknown Source)
	at Navigation - Database Details.run(Navigation - Database Details:30)
	at com.kms.katalon.core.main.ScriptEngine.run(ScriptEngine.java:194)
	at com.kms.katalon.core.main.ScriptEngine.runScriptAsRawText(ScriptEngine.java:119)
	at com.kms.katalon.core.main.TestCaseExecutor.runScript(TestCaseExecutor.java:328)
	at com.kms.katalon.core.main.TestCaseExecutor.doExecute(TestCaseExecutor.java:319)
	at com.kms.katalon.core.main.TestCaseExecutor.processExecutionPhase(TestCaseExecutor.java:298)
	at com.kms.katalon.core.main.TestCaseExecutor.accessMainPhase(TestCaseExecutor.java:290)
	at com.kms.katalon.core.main.TestCaseExecutor.execute(TestCaseExecutor.java:224)
	at com.kms.katalon.core.main.TestCaseMain.runTestCase(TestCaseMain.java:106)
	at com.kms.katalon.core.keyword.builtin.CallTestCaseKeyword$_callTestCase_closure1.doCall(CallTestCaseKeyword.groovy:59)
	at com.kms.katalon.core.keyword.builtin.CallTestCaseKeyword$_callTestCase_closure1.call(CallTestCaseKeyword.groovy)
	at com.kms.katalon.core.keyword.internal.KeywordMain.runKeyword(KeywordMain.groovy:54)
	at com.kms.katalon.core.keyword.builtin.CallTestCaseKeyword.callTestCase(CallTestCaseKeyword.groovy:80)
	at com.kms.katalon.core.keyword.builtin.CallTestCaseKeyword.execute(CallTestCaseKeyword.groovy:44)
	at com.kms.katalon.core.keyword.internal.KeywordExecutor.executeKeywordForPlatform(KeywordExecutor.groovy:53)
	at com.kms.katalon.core.keyword.BuiltinKeywords.callTestCase(BuiltinKeywords.groovy:334)
	at NavigationAdmin.run(NavigationAdmin:24)
	at com.kms.katalon.core.main.ScriptEngine.run(ScriptEngine.java:194)
	at com.kms.katalon.core.main.ScriptEngine.runScriptAsRawText(ScriptEngine.java:119)
	at com.kms.katalon.core.main.TestCaseExecutor.runScript(TestCaseExecutor.java:328)
	at com.kms.katalon.core.main.TestCaseExecutor.doExecute(TestCaseExecutor.java:319)
	at com.kms.katalon.core.main.TestCaseExecutor.processExecutionPhase(TestCaseExecutor.java:298)
	at com.kms.katalon.core.main.TestCaseExecutor.accessMainPhase(TestCaseExecutor.java:290)
	at com.kms.katalon.core.main.TestCaseExecutor.execute(TestCaseExecutor.java:224)
	at com.kms.katalon.core.main.TestSuiteExecutor.accessTestCaseMainPhase(TestSuiteExecutor.java:129)
	at com.kms.katalon.core.main.TestSuiteExecutor.accessTestSuiteMainPhase(TestSuiteExecutor.java:112)
	at com.kms.katalon.core.main.TestSuiteExecutor.execute(TestSuiteExecutor.java:81)
	at com.kms.katalon.core.main.TestCaseMain.startTestSuite(TestCaseMain.java:149)
	at com.kms.katalon.core.main.TestCaseMain$startTestSuite$0.call(Unknown Source)
	at TempTestSuite1550492203213.run(TempTestSuite1550492203213.groovy:36)]]></system-out>
         <system-err><![CDATA[2019-02-18 16:23:37 - [TEST_CASE][FAILED] - Test Cases/Smoke Test/NavigationAdmin: Test Cases/Smoke Test/NavigationAdmin FAILED.
Reason:
com.kms.katalon.core.exception.StepFailedException: Unable to verify text 'Database Details' is present  (Root cause: com.kms.katalon.core.exception.StepFailedException: Text 'Database Details' is not present on page )
	at com.kms.katalon.core.keyword.internal.KeywordMain.stepFailed(KeywordMain.groovy:36)
	at com.kms.katalon.core.webui.keyword.internal.WebUIKeywordMain.stepFailed(WebUIKeywordMain.groovy:65)
	at com.kms.katalon.core.webui.keyword.internal.WebUIKeywordMain.runKeyword(WebUIKeywordMain.groovy:27)
	at com.kms.katalon.core.webui.keyword.builtin.VerifyTextPresentKeyword.verifyTextPresent(VerifyTextPresentKeyword.groovy:83)
	at com.kms.katalon.core.webui.keyword.builtin.VerifyTextPresentKeyword.execute(VerifyTextPresentKeyword.groovy:68)
	at com.kms.katalon.core.keyword.internal.KeywordExecutor.executeKeywordForPlatform(KeywordExecutor.groovy:53)
	at com.kms.katalon.core.webui.keyword.WebUiBuiltInKeywords.verifyTextPresent(WebUiBuiltInKeywords.groovy:1693)
	at com.kms.katalon.core.webui.keyword.WebUiBuiltInKeywords$verifyTextPresent$8.call(Unknown Source)
	at Navigation - Database Details.run(Navigation - Database Details:30)
	at com.kms.katalon.core.main.ScriptEngine.run(ScriptEngine.java:194)
	at com.kms.katalon.core.main.ScriptEngine.runScriptAsRawText(ScriptEngine.java:119)
	at com.kms.katalon.core.main.TestCaseExecutor.runScript(TestCaseExecutor.java:328)
	at com.kms.katalon.core.main.TestCaseExecutor.doExecute(TestCaseExecutor.java:319)
	at com.kms.katalon.core.main.TestCaseExecutor.processExecutionPhase(TestCaseExecutor.java:298)
	at com.kms.katalon.core.main.TestCaseExecutor.accessMainPhase(TestCaseExecutor.java:290)
	at com.kms.katalon.core.main.TestCaseExecutor.execute(TestCaseExecutor.java:224)
	at com.kms.katalon.core.main.TestCaseMain.runTestCase(TestCaseMain.java:106)
	at com.kms.katalon.core.keyword.builtin.CallTestCaseKeyword$_callTestCase_closure1.doCall(CallTestCaseKeyword.groovy:59)
	at com.kms.katalon.core.keyword.builtin.CallTestCaseKeyword$_callTestCase_closure1.call(CallTestCaseKeyword.groovy)
	at com.kms.katalon.core.keyword.internal.KeywordMain.runKeyword(KeywordMain.groovy:54)
	at com.kms.katalon.core.keyword.builtin.CallTestCaseKeyword.callTestCase(CallTestCaseKeyword.groovy:80)
	at com.kms.katalon.core.keyword.builtin.CallTestCaseKeyword.execute(CallTestCaseKeyword.groovy:44)
	at com.kms.katalon.core.keyword.internal.KeywordExecutor.executeKeywordForPlatform(KeywordExecutor.groovy:53)
	at com.kms.katalon.core.keyword.BuiltinKeywords.callTestCase(BuiltinKeywords.groovy:334)
	at NavigationAdmin.run(NavigationAdmin:24)
	at com.kms.katalon.core.main.ScriptEngine.run(ScriptEngine.java:194)
	at com.kms.katalon.core.main.ScriptEngine.runScriptAsRawText(ScriptEngine.java:119)
	at com.kms.katalon.core.main.TestCaseExecutor.runScript(TestCaseExecutor.java:328)
	at com.kms.katalon.core.main.TestCaseExecutor.doExecute(TestCaseExecutor.java:319)
	at com.kms.katalon.core.main.TestCaseExecutor.processExecutionPhase(TestCaseExecutor.java:298)
	at com.kms.katalon.core.main.TestCaseExecutor.accessMainPhase(TestCaseExecutor.java:290)
	at com.kms.katalon.core.main.TestCaseExecutor.execute(TestCaseExecutor.java:224)
	at com.kms.katalon.core.main.TestSuiteExecutor.accessTestCaseMainPhase(TestSuiteExecutor.java:129)
	at com.kms.katalon.core.main.TestSuiteExecutor.accessTestSuiteMainPhase(TestSuiteExecutor.java:112)
	at com.kms.katalon.core.main.TestSuiteExecutor.execute(TestSuiteExecutor.java:81)
	at com.kms.katalon.core.main.TestCaseMain.startTestSuite(TestCaseMain.java:149)
	at com.kms.katalon.core.main.TestCaseMain$startTestSuite$0.call(Unknown Source)
	at TempTestSuite1550492203213.run(TempTestSuite1550492203213.groovy:36)]]></system-err>
      </testcase>
      <testcase name="Test Cases/Smoke Test/Navigation - DatacodeMapping" classname="Test Cases/Smoke Test/Navigation - DatacodeMapping" status="PASSED">
         <system-out><![CDATA[2019-02-18 16:24:30 - [TEST_CASE][PASSED] - Test Cases/Smoke Test/Navigation - DatacodeMapping: Test Cases/Smoke Test/Navigation - DatacodeMapping

2019-02-18 16:24:30 - [TEST_STEP][PASSED] - callTestCase(findTestCase("Smoke Test/ValidLogin"), [:], CONTINUE_ON_FAILURE): Call Test Case 'Test Cases/Smoke Test/ValidLogin' successfully

2019-02-18 16:24:30 - [TEST_CASE][PASSED] - Test Cases/Smoke Test/ValidLogin: Test Cases/Smoke Test/ValidLogin

2019-02-18 16:24:30 - [TEST_STEP][PASSED] - openBrowser(findTestData("Environment").getValue("URL", 1)): Browser is opened with url: 'https://implementationuat.sdworx.co.uk/'

2019-02-18 16:24:30 - [MESSAGE][WARNING] - A browser is already opened. Closing browser and opening a new one

2019-02-18 16:24:31 - [MESSAGE][INFO] - Starting 'Chrome' driver

2019-02-18 16:24:36 - [MESSAGE][PASSED] - Browser is opened with url: 'https://implementationuat.sdworx.co.uk/'

2019-02-18 16:24:36 - [TEST_STEP][PASSED] - maximizeWindow(): Current window maximized

2019-02-18 16:24:37 - [MESSAGE][PASSED] - Current window maximized

2019-02-18 16:24:37 - [TEST_STEP][PASSED] - navigateToUrl(findTestData("Environment").getValue("URL", 1)): Navigate to 'https://implementationuat.sdworx.co.uk/' successfully

2019-02-18 16:24:38 - [MESSAGE][PASSED] - Navigate to 'https://implementationuat.sdworx.co.uk/' successfully

2019-02-18 16:24:38 - [TEST_STEP][PASSED] - setText(findTestObject("Object Repository/Login/input_Email"), findTestData("Login").getValue("Username", 1)): Text 'purmanand.roopnah@sdworx.com' is set on object 'Object Repository/Login/input_Email'

2019-02-18 16:24:39 - [MESSAGE][PASSED] - Text 'purmanand.roopnah@sdworx.com' is set on object 'Object Repository/Login/input_Email'

2019-02-18 16:24:39 - [TEST_STEP][PASSED] - setText(findTestObject("Object Repository/Login/input_Password"), findTestData("Login").getValue("Password", 1)): Text 'Manish_2505' is set on object 'Object Repository/Login/input_Password'

2019-02-18 16:24:39 - [MESSAGE][PASSED] - Text 'Manish_2505' is set on object 'Object Repository/Login/input_Password'

2019-02-18 16:24:39 - [TEST_STEP][PASSED] - click(findTestObject("Object Repository/Login/input_btn btn-default")): Object: 'Object Repository/Login/input_btn btn-default' is clicked on

2019-02-18 16:24:41 - [MESSAGE][PASSED] - Object: 'Object Repository/Login/input_btn btn-default' is clicked on

2019-02-18 16:24:41 - [TEST_STEP][NOT_RUN] - selectOptionByLabel(findTestObject("Dropdown Lists/Select Organisation/Select Org"), "Panasonic Mauritius", true): NOT_RUN: selectOptionByLabel(findTestObject("Dropdown Lists/Select Organisation/Select Org"), "Panasonic Mauritius", true)

2019-02-18 16:24:41 - [MESSAGE][NOT_RUN] - NOT_RUN: selectOptionByLabel(findTestObject("Dropdown Lists/Select Organisation/Select Org"), "Panasonic Mauritius", true)

2019-02-18 16:24:41 - [TEST_STEP][NOT_RUN] - verifyElementPresent(findTestObject("Logout/Logout_dropdown"), 10, CONTINUE_ON_FAILURE): NOT_RUN: verifyElementPresent(findTestObject("Logout/Logout_dropdown"), 10, CONTINUE_ON_FAILURE)

2019-02-18 16:24:41 - [MESSAGE][NOT_RUN] - NOT_RUN: verifyElementPresent(findTestObject("Logout/Logout_dropdown"), 10, CONTINUE_ON_FAILURE)

2019-02-18 16:24:41 - [TEST_STEP][NOT_RUN] - click(findTestObject("Logout/Logout_dropdown")): NOT_RUN: click(findTestObject("Logout/Logout_dropdown"))

2019-02-18 16:24:41 - [MESSAGE][NOT_RUN] - NOT_RUN: click(findTestObject("Logout/Logout_dropdown"))

2019-02-18 16:24:41 - [TEST_STEP][NOT_RUN] - verifyElementPresent(findTestObject("Logout/a_Logout"), 10, CONTINUE_ON_FAILURE): NOT_RUN: verifyElementPresent(findTestObject("Logout/a_Logout"), 10, CONTINUE_ON_FAILURE)

2019-02-18 16:24:41 - [MESSAGE][NOT_RUN] - NOT_RUN: verifyElementPresent(findTestObject("Logout/a_Logout"), 10, CONTINUE_ON_FAILURE)

2019-02-18 16:24:41 - [TEST_STEP][NOT_RUN] - click(findTestObject("Logout/a_Logout")): NOT_RUN: click(findTestObject("Logout/a_Logout"))

2019-02-18 16:24:41 - [MESSAGE][NOT_RUN] - NOT_RUN: click(findTestObject("Logout/a_Logout"))

2019-02-18 16:24:41 - [TEST_STEP][NOT_RUN] - closeBrowser(): NOT_RUN: closeBrowser()

2019-02-18 16:24:41 - [MESSAGE][NOT_RUN] - NOT_RUN: closeBrowser()

2019-02-18 16:24:41 - [TEST_STEP][NOT_RUN] - toolkit.MySql.connectDB("CERRSQL2UTIL.aspnc.local", "ImplementationToolkit ", "4413", "ImpToolkit", "0E47iz93"): NOT_RUN: toolkit.MySql.connectDB("CERRSQL2UTIL.aspnc.local", "ImplementationToolkit ", "4413", "ImpToolkit", "0E47iz93")

2019-02-18 16:24:41 - [MESSAGE][NOT_RUN] - NOT_RUN: toolkit.MySql.connectDB("CERRSQL2UTIL.aspnc.local", "ImplementationToolkit ", "4413", "ImpToolkit", "0E47iz93")

2019-02-18 16:24:41 - [TEST_STEP][NOT_RUN] - Data = toolkit.MySql.executeQuery("select id from AspNetUsers where Email='purmanand.roopnah@sdworx.com';"): NOT_RUN: Data = toolkit.MySql.executeQuery("select id from AspNetUsers where Email='purmanand.roopnah@sdworx.com';")

2019-02-18 16:24:41 - [MESSAGE][NOT_RUN] - NOT_RUN: Data = toolkit.MySql.executeQuery("select id from AspNetUsers where Email='purmanand.roopnah@sdworx.com';")

2019-02-18 16:24:41 - [TEST_STEP][NOT_RUN] - PrintLn("Data"): NOT_RUN: PrintLn("Data")

2019-02-18 16:24:41 - [MESSAGE][NOT_RUN] - NOT_RUN: PrintLn("Data")

2019-02-18 16:24:41 - [MESSAGE][PASSED] - Call Test Case 'Test Cases/Smoke Test/ValidLogin' successfully

2019-02-18 16:24:41 - [TEST_STEP][PASSED] - callTestCase(findTestCase("Navigations/Navigation - Pay Element Groups"), [:], CONTINUE_ON_FAILURE): Call Test Case 'Test Cases/Navigations/Navigation - Pay Element Groups' successfully

2019-02-18 16:24:41 - [TEST_CASE][PASSED] - Test Cases/Navigations/Navigation - Pay Element Groups: Test Cases/Navigations/Navigation - Pay Element Groups

2019-02-18 16:24:42 - [TEST_STEP][PASSED] - click(findTestObject("Navigations/Navigation - Pay Element Groups/span_Reconciliation")): Object: 'Object Repository/Navigations/Navigation - Pay Element Groups/span_Reconciliation' is clicked on

2019-02-18 16:24:44 - [MESSAGE][PASSED] - Object: 'Object Repository/Navigations/Navigation - Pay Element Groups/span_Reconciliation' is clicked on

2019-02-18 16:24:44 - [TEST_STEP][PASSED] - waitForPageLoad(30): Wait for page load successfully

2019-02-18 16:24:44 - [MESSAGE][PASSED] - Wait for page load successfully

2019-02-18 16:24:44 - [TEST_STEP][PASSED] - click(findTestObject("Navigations/Navigation - Pay Element Groups/a_Add Pay Element Group")): Object: 'Object Repository/Navigations/Navigation - Pay Element Groups/a_Add Pay Element Group' is clicked on

2019-02-18 16:24:55 - [MESSAGE][PASSED] - Object: 'Object Repository/Navigations/Navigation - Pay Element Groups/a_Add Pay Element Group' is clicked on

2019-02-18 16:24:55 - [TEST_STEP][PASSED] - verifyElementPresent(findTestObject("Navigations/Navigation - Pay Element Groups/a_Add Pay Element Group"), 0): Object 'Object Repository/Navigations/Navigation - Pay Element Groups/a_Add Pay Element Group' is present

2019-02-18 16:24:55 - [MESSAGE][WARNING] - Timeout '0' is invalid. Using default page load timeout: '30'

2019-02-18 16:24:55 - [MESSAGE][PASSED] - Object 'Object Repository/Navigations/Navigation - Pay Element Groups/a_Add Pay Element Group' is present

2019-02-18 16:24:55 - [TEST_STEP][PASSED] - doubleClick(findTestObject("Navigations/Navigation - Pay Element Groups/Search")): Object: 'Object Repository/Navigations/Navigation - Pay Element Groups/Search' is double clicked on

2019-02-18 16:24:55 - [MESSAGE][PASSED] - Object: 'Object Repository/Navigations/Navigation - Pay Element Groups/Search' is double clicked on

2019-02-18 16:24:55 - [TEST_STEP][PASSED] - verifyTextPresent("Pay Element Groups", false): Text 'Pay Element Groups' is present on page 

2019-02-18 16:24:55 - [MESSAGE][PASSED] - Text 'Pay Element Groups' is present on page 

2019-02-18 16:24:55 - [MESSAGE][PASSED] - Call Test Case 'Test Cases/Navigations/Navigation - Pay Element Groups' successfully

2019-02-18 16:24:55 - [TEST_STEP][PASSED] - callTestCase(findTestCase("Navigations/Navigation - SDWorx Allowance Mapping"), [:], CONTINUE_ON_FAILURE): Call Test Case 'Test Cases/Navigations/Navigation - SDWorx Allowance Mapping' successfully

2019-02-18 16:24:55 - [TEST_CASE][PASSED] - Test Cases/Navigations/Navigation - SDWorx Allowance Mapping: Test Cases/Navigations/Navigation - SDWorx Allowance Mapping

2019-02-18 16:24:55 - [TEST_STEP][PASSED] - click(findTestObject("Navigations/Navigation - SDWorx Allowance Mapping/label_SDWorx Allowance Mapping")): Object: 'Object Repository/Navigations/Navigation - SDWorx Allowance Mapping/label_SDWorx Allowance Mapping' is clicked on

2019-02-18 16:24:55 - [MESSAGE][PASSED] - Object: 'Object Repository/Navigations/Navigation - SDWorx Allowance Mapping/label_SDWorx Allowance Mapping' is clicked on

2019-02-18 16:24:55 - [TEST_STEP][PASSED] - verifyElementPresent(findTestObject("Navigations/Navigation - SDWorx Allowance Mapping/SearchTextbox"), 0): Object 'Object Repository/Navigations/Navigation - SDWorx Allowance Mapping/SearchTextbox' is present

2019-02-18 16:24:55 - [MESSAGE][WARNING] - Timeout '0' is invalid. Using default page load timeout: '30'

2019-02-18 16:24:56 - [MESSAGE][PASSED] - Object 'Object Repository/Navigations/Navigation - SDWorx Allowance Mapping/SearchTextbox' is present

2019-02-18 16:24:56 - [TEST_STEP][PASSED] - doubleClick(findTestObject("Navigations/Navigation - SDWorx Allowance Mapping/SearchTextbox"), STOP_ON_FAILURE): Object: 'Object Repository/Navigations/Navigation - SDWorx Allowance Mapping/SearchTextbox' is double clicked on

2019-02-18 16:24:56 - [MESSAGE][PASSED] - Object: 'Object Repository/Navigations/Navigation - SDWorx Allowance Mapping/SearchTextbox' is double clicked on

2019-02-18 16:24:56 - [TEST_STEP][PASSED] - verifyTextPresent("SDWorx Allowance Mapping", false): Text 'SDWorx Allowance Mapping' is present on page 

2019-02-18 16:24:56 - [MESSAGE][PASSED] - Text 'SDWorx Allowance Mapping' is present on page 

2019-02-18 16:24:56 - [MESSAGE][PASSED] - Call Test Case 'Test Cases/Navigations/Navigation - SDWorx Allowance Mapping' successfully

2019-02-18 16:24:56 - [TEST_STEP][PASSED] - callTestCase(findTestCase("Navigations/Navigation - SDWorx Deduction Mapping"), [:], CONTINUE_ON_FAILURE): Call Test Case 'Test Cases/Navigations/Navigation - SDWorx Deduction Mapping' successfully

2019-02-18 16:24:56 - [TEST_CASE][PASSED] - Test Cases/Navigations/Navigation - SDWorx Deduction Mapping: Test Cases/Navigations/Navigation - SDWorx Deduction Mapping

2019-02-18 16:24:56 - [TEST_STEP][PASSED] - click(findTestObject("Navigations/Navigation - SDWorx Deduction Mapping/label_SDWorx Deduction Mapping")): Object: 'Object Repository/Navigations/Navigation - SDWorx Deduction Mapping/label_SDWorx Deduction Mapping' is clicked on

2019-02-18 16:24:56 - [MESSAGE][PASSED] - Object: 'Object Repository/Navigations/Navigation - SDWorx Deduction Mapping/label_SDWorx Deduction Mapping' is clicked on

2019-02-18 16:24:56 - [TEST_STEP][PASSED] - verifyElementPresent(findTestObject("Navigations/Navigation - SDWorx Allowance Mapping/SearchTextbox"), 0): Object 'Object Repository/Navigations/Navigation - SDWorx Allowance Mapping/SearchTextbox' is present

2019-02-18 16:24:56 - [MESSAGE][WARNING] - Timeout '0' is invalid. Using default page load timeout: '30'

2019-02-18 16:24:56 - [MESSAGE][PASSED] - Object 'Object Repository/Navigations/Navigation - SDWorx Allowance Mapping/SearchTextbox' is present

2019-02-18 16:24:56 - [TEST_STEP][PASSED] - doubleClick(findTestObject("Navigations/Navigation - SDWorx Allowance Mapping/SearchTextbox"), STOP_ON_FAILURE): Object: 'Object Repository/Navigations/Navigation - SDWorx Allowance Mapping/SearchTextbox' is double clicked on

2019-02-18 16:24:56 - [MESSAGE][PASSED] - Object: 'Object Repository/Navigations/Navigation - SDWorx Allowance Mapping/SearchTextbox' is double clicked on

2019-02-18 16:24:56 - [TEST_STEP][PASSED] - verifyTextPresent("SDWorx Deduction Mapping", false): Text 'SDWorx Deduction Mapping' is present on page 

2019-02-18 16:24:56 - [MESSAGE][PASSED] - Text 'SDWorx Deduction Mapping' is present on page 

2019-02-18 16:24:56 - [MESSAGE][PASSED] - Call Test Case 'Test Cases/Navigations/Navigation - SDWorx Deduction Mapping' successfully

2019-02-18 16:24:56 - [TEST_STEP][PASSED] - callTestCase(findTestCase("Navigations/Navigation - SDWorx Pensions Mapping"), [:], CONTINUE_ON_FAILURE): Call Test Case 'Test Cases/Navigations/Navigation - SDWorx Pensions Mapping' successfully

2019-02-18 16:24:56 - [TEST_CASE][PASSED] - Test Cases/Navigations/Navigation - SDWorx Pensions Mapping: Test Cases/Navigations/Navigation - SDWorx Pensions Mapping

2019-02-18 16:24:56 - [TEST_STEP][PASSED] - click(findTestObject("Navigations/Navigation - SDWorx Pension Mapping/label_SDWorx Pension Mapping")): Object: 'Object Repository/Navigations/Navigation - SDWorx Pension Mapping/label_SDWorx Pension Mapping' is clicked on

2019-02-18 16:24:57 - [MESSAGE][PASSED] - Object: 'Object Repository/Navigations/Navigation - SDWorx Pension Mapping/label_SDWorx Pension Mapping' is clicked on

2019-02-18 16:24:57 - [TEST_STEP][PASSED] - verifyElementPresent(findTestObject("Navigations/Navigation - SDWorx Allowance Mapping/SearchTextbox"), 0): Object 'Object Repository/Navigations/Navigation - SDWorx Allowance Mapping/SearchTextbox' is present

2019-02-18 16:24:57 - [MESSAGE][WARNING] - Timeout '0' is invalid. Using default page load timeout: '30'

2019-02-18 16:24:57 - [MESSAGE][PASSED] - Object 'Object Repository/Navigations/Navigation - SDWorx Allowance Mapping/SearchTextbox' is present

2019-02-18 16:24:57 - [TEST_STEP][PASSED] - doubleClick(findTestObject("Navigations/Navigation - SDWorx Allowance Mapping/SearchTextbox"), STOP_ON_FAILURE): Object: 'Object Repository/Navigations/Navigation - SDWorx Allowance Mapping/SearchTextbox' is double clicked on

2019-02-18 16:24:57 - [MESSAGE][PASSED] - Object: 'Object Repository/Navigations/Navigation - SDWorx Allowance Mapping/SearchTextbox' is double clicked on

2019-02-18 16:24:57 - [TEST_STEP][PASSED] - verifyTextPresent("SDWorx Pension Mapping", false): Text 'SDWorx Pension Mapping' is present on page 

2019-02-18 16:24:57 - [MESSAGE][PASSED] - Text 'SDWorx Pension Mapping' is present on page 

2019-02-18 16:24:57 - [MESSAGE][PASSED] - Call Test Case 'Test Cases/Navigations/Navigation - SDWorx Pensions Mapping' successfully

2019-02-18 16:24:57 - [TEST_STEP][PASSED] - callTestCase(findTestCase("Navigations/Navigation - Client Data Mapping"), [:], CONTINUE_ON_FAILURE): Call Test Case 'Test Cases/Navigations/Navigation - Client Data Mapping' successfully

2019-02-18 16:24:57 - [TEST_CASE][PASSED] - Test Cases/Navigations/Navigation - Client Data Mapping: Test Cases/Navigations/Navigation - Client Data Mapping

2019-02-18 16:24:57 - [TEST_STEP][PASSED] - click(findTestObject("Navigations/Navigation - Client Data Mapping/label_Client Data Mapping")): Object: 'Object Repository/Navigations/Navigation - Client Data Mapping/label_Client Data Mapping' is clicked on

2019-02-18 16:24:57 - [MESSAGE][PASSED] - Object: 'Object Repository/Navigations/Navigation - Client Data Mapping/label_Client Data Mapping' is clicked on

2019-02-18 16:24:57 - [TEST_STEP][PASSED] - verifyElementPresent(findTestObject("Navigations/Navigation - Client Data Mapping/a_Add Client Data Mapping"), 0): Object 'Object Repository/Navigations/Navigation - Client Data Mapping/a_Add Client Data Mapping' is present

2019-02-18 16:24:57 - [MESSAGE][WARNING] - Timeout '0' is invalid. Using default page load timeout: '30'

2019-02-18 16:24:57 - [MESSAGE][PASSED] - Object 'Object Repository/Navigations/Navigation - Client Data Mapping/a_Add Client Data Mapping' is present

2019-02-18 16:24:57 - [TEST_STEP][PASSED] - verifyElementPresent(findTestObject("Navigations/Navigation - SDWorx Allowance Mapping/SearchTextbox"), 0): Object 'Object Repository/Navigations/Navigation - SDWorx Allowance Mapping/SearchTextbox' is present

2019-02-18 16:24:57 - [MESSAGE][WARNING] - Timeout '0' is invalid. Using default page load timeout: '30'

2019-02-18 16:24:57 - [MESSAGE][PASSED] - Object 'Object Repository/Navigations/Navigation - SDWorx Allowance Mapping/SearchTextbox' is present

2019-02-18 16:24:57 - [TEST_STEP][PASSED] - doubleClick(findTestObject("Navigations/Navigation - SDWorx Allowance Mapping/SearchTextbox"), STOP_ON_FAILURE): Object: 'Object Repository/Navigations/Navigation - SDWorx Allowance Mapping/SearchTextbox' is double clicked on

2019-02-18 16:24:57 - [MESSAGE][PASSED] - Object: 'Object Repository/Navigations/Navigation - SDWorx Allowance Mapping/SearchTextbox' is double clicked on

2019-02-18 16:24:57 - [TEST_STEP][PASSED] - verifyTextPresent("Client Data Mapping", false): Text 'Client Data Mapping' is present on page 

2019-02-18 16:24:57 - [MESSAGE][PASSED] - Text 'Client Data Mapping' is present on page 

2019-02-18 16:24:57 - [MESSAGE][PASSED] - Call Test Case 'Test Cases/Navigations/Navigation - Client Data Mapping' successfully]]></system-out>
         <system-err><![CDATA[]]></system-err>
      </testcase>
      <testcase name="Test Cases/Smoke Test/Navigation - Payroll Result Load" classname="Test Cases/Smoke Test/Navigation - Payroll Result Load" status="FAILED">
         <failure type="FAILED" message="Test Cases/Smoke Test/Navigation - Payroll Result Load FAILED.
Reason:
com.kms.katalon.core.exception.StepFailedException: Unable to click on object 'Object Repository/Navigations/Navigation - Payrun Comparison/a_Reconciliation' (Root cause: com.kms.katalon.core.webui.exception.WebElementNotFoundException: Web element with id: 'Object Repository/Navigations/Navigation - Payrun Comparison/a_Reconciliation' located by 'By.xpath: //a[@href = '/reconciliation' and (text() = '
                                 Reconciliation
                            ' or . = '
                                 Reconciliation
                            ')]' not found)
	at com.kms.katalon.core.keyword.internal.KeywordMain.stepFailed(KeywordMain.groovy:36)
	at com.kms.katalon.core.webui.keyword.internal.WebUIKeywordMain.stepFailed(WebUIKeywordMain.groovy:65)
	at com.kms.katalon.core.webui.keyword.internal.WebUIKeywordMain.runKeyword(WebUIKeywordMain.groovy:27)
	at com.kms.katalon.core.webui.keyword.builtin.ClickKeyword.click(ClickKeyword.groovy:86)
	at com.kms.katalon.core.webui.keyword.builtin.ClickKeyword.execute(ClickKeyword.groovy:67)
	at com.kms.katalon.core.keyword.internal.KeywordExecutor.executeKeywordForPlatform(KeywordExecutor.groovy:53)
	at com.kms.katalon.core.webui.keyword.WebUiBuiltInKeywords.click(WebUiBuiltInKeywords.groovy:616)
	at com.kms.katalon.core.webui.keyword.WebUiBuiltInKeywords$click$3.call(Unknown Source)
	at Navigation - Payroll Result Load.run(Navigation - Payroll Result Load:20)
	at com.kms.katalon.core.main.ScriptEngine.run(ScriptEngine.java:194)
	at com.kms.katalon.core.main.ScriptEngine.runScriptAsRawText(ScriptEngine.java:119)
	at com.kms.katalon.core.main.TestCaseExecutor.runScript(TestCaseExecutor.java:328)
	at com.kms.katalon.core.main.TestCaseExecutor.doExecute(TestCaseExecutor.java:319)
	at com.kms.katalon.core.main.TestCaseExecutor.processExecutionPhase(TestCaseExecutor.java:298)
	at com.kms.katalon.core.main.TestCaseExecutor.accessMainPhase(TestCaseExecutor.java:290)
	at com.kms.katalon.core.main.TestCaseExecutor.execute(TestCaseExecutor.java:224)
	at com.kms.katalon.core.main.TestSuiteExecutor.accessTestCaseMainPhase(TestSuiteExecutor.java:129)
	at com.kms.katalon.core.main.TestSuiteExecutor.accessTestSuiteMainPhase(TestSuiteExecutor.java:112)
	at com.kms.katalon.core.main.TestSuiteExecutor.execute(TestSuiteExecutor.java:81)
	at com.kms.katalon.core.main.TestCaseMain.startTestSuite(TestCaseMain.java:149)
	at com.kms.katalon.core.main.TestCaseMain$startTestSuite$0.call(Unknown Source)
	at TempTestSuite1550492203213.run(TempTestSuite1550492203213.groovy:36)
"/>
         <system-out><![CDATA[2019-02-18 16:24:57 - [TEST_CASE][FAILED] - Test Cases/Smoke Test/Navigation - Payroll Result Load: Test Cases/Smoke Test/Navigation - Payroll Result Load FAILED.
Reason:
com.kms.katalon.core.exception.StepFailedException: Unable to click on object 'Object Repository/Navigations/Navigation - Payrun Comparison/a_Reconciliation' (Root cause: com.kms.katalon.core.webui.exception.WebElementNotFoundException: Web element with id: 'Object Repository/Navigations/Navigation - Payrun Comparison/a_Reconciliation' located by 'By.xpath: //a[@href = '/reconciliation' and (text() = '
                                 Reconciliation
                            ' or . = '
                                 Reconciliation
                            ')]' not found)
	at com.kms.katalon.core.keyword.internal.KeywordMain.stepFailed(KeywordMain.groovy:36)
	at com.kms.katalon.core.webui.keyword.internal.WebUIKeywordMain.stepFailed(WebUIKeywordMain.groovy:65)
	at com.kms.katalon.core.webui.keyword.internal.WebUIKeywordMain.runKeyword(WebUIKeywordMain.groovy:27)
	at com.kms.katalon.core.webui.keyword.builtin.ClickKeyword.click(ClickKeyword.groovy:86)
	at com.kms.katalon.core.webui.keyword.builtin.ClickKeyword.execute(ClickKeyword.groovy:67)
	at com.kms.katalon.core.keyword.internal.KeywordExecutor.executeKeywordForPlatform(KeywordExecutor.groovy:53)
	at com.kms.katalon.core.webui.keyword.WebUiBuiltInKeywords.click(WebUiBuiltInKeywords.groovy:616)
	at com.kms.katalon.core.webui.keyword.WebUiBuiltInKeywords$click$3.call(Unknown Source)
	at Navigation - Payroll Result Load.run(Navigation - Payroll Result Load:20)
	at com.kms.katalon.core.main.ScriptEngine.run(ScriptEngine.java:194)
	at com.kms.katalon.core.main.ScriptEngine.runScriptAsRawText(ScriptEngine.java:119)
	at com.kms.katalon.core.main.TestCaseExecutor.runScript(TestCaseExecutor.java:328)
	at com.kms.katalon.core.main.TestCaseExecutor.doExecute(TestCaseExecutor.java:319)
	at com.kms.katalon.core.main.TestCaseExecutor.processExecutionPhase(TestCaseExecutor.java:298)
	at com.kms.katalon.core.main.TestCaseExecutor.accessMainPhase(TestCaseExecutor.java:290)
	at com.kms.katalon.core.main.TestCaseExecutor.execute(TestCaseExecutor.java:224)
	at com.kms.katalon.core.main.TestSuiteExecutor.accessTestCaseMainPhase(TestSuiteExecutor.java:129)
	at com.kms.katalon.core.main.TestSuiteExecutor.accessTestSuiteMainPhase(TestSuiteExecutor.java:112)
	at com.kms.katalon.core.main.TestSuiteExecutor.execute(TestSuiteExecutor.java:81)
	at com.kms.katalon.core.main.TestCaseMain.startTestSuite(TestCaseMain.java:149)
	at com.kms.katalon.core.main.TestCaseMain$startTestSuite$0.call(Unknown Source)
	at TempTestSuite1550492203213.run(TempTestSuite1550492203213.groovy:36)


2019-02-18 16:24:58 - [TEST_STEP][PASSED] - callTestCase(findTestCase("Smoke Test/ValidLogin"), [:], STOP_ON_FAILURE): Call Test Case 'Test Cases/Smoke Test/ValidLogin' successfully

2019-02-18 16:24:58 - [TEST_CASE][PASSED] - Test Cases/Smoke Test/ValidLogin: Test Cases/Smoke Test/ValidLogin

2019-02-18 16:24:58 - [TEST_STEP][PASSED] - openBrowser(findTestData("Environment").getValue("URL", 1)): Browser is opened with url: 'https://implementationuat.sdworx.co.uk/'

2019-02-18 16:24:58 - [MESSAGE][WARNING] - A browser is already opened. Closing browser and opening a new one

2019-02-18 16:24:59 - [MESSAGE][INFO] - Starting 'Chrome' driver

2019-02-18 16:25:04 - [MESSAGE][PASSED] - Browser is opened with url: 'https://implementationuat.sdworx.co.uk/'

2019-02-18 16:25:04 - [TEST_STEP][PASSED] - maximizeWindow(): Current window maximized

2019-02-18 16:25:05 - [MESSAGE][PASSED] - Current window maximized

2019-02-18 16:25:05 - [TEST_STEP][PASSED] - navigateToUrl(findTestData("Environment").getValue("URL", 1)): Navigate to 'https://implementationuat.sdworx.co.uk/' successfully

2019-02-18 16:25:06 - [MESSAGE][PASSED] - Navigate to 'https://implementationuat.sdworx.co.uk/' successfully

2019-02-18 16:25:06 - [TEST_STEP][PASSED] - setText(findTestObject("Object Repository/Login/input_Email"), findTestData("Login").getValue("Username", 1)): Text 'purmanand.roopnah@sdworx.com' is set on object 'Object Repository/Login/input_Email'

2019-02-18 16:25:06 - [MESSAGE][PASSED] - Text 'purmanand.roopnah@sdworx.com' is set on object 'Object Repository/Login/input_Email'

2019-02-18 16:25:06 - [TEST_STEP][PASSED] - setText(findTestObject("Object Repository/Login/input_Password"), findTestData("Login").getValue("Password", 1)): Text 'Manish_2505' is set on object 'Object Repository/Login/input_Password'

2019-02-18 16:25:06 - [MESSAGE][PASSED] - Text 'Manish_2505' is set on object 'Object Repository/Login/input_Password'

2019-02-18 16:25:06 - [TEST_STEP][PASSED] - click(findTestObject("Object Repository/Login/input_btn btn-default")): Object: 'Object Repository/Login/input_btn btn-default' is clicked on

2019-02-18 16:25:08 - [MESSAGE][PASSED] - Object: 'Object Repository/Login/input_btn btn-default' is clicked on

2019-02-18 16:25:08 - [TEST_STEP][NOT_RUN] - selectOptionByLabel(findTestObject("Dropdown Lists/Select Organisation/Select Org"), "Panasonic Mauritius", true): NOT_RUN: selectOptionByLabel(findTestObject("Dropdown Lists/Select Organisation/Select Org"), "Panasonic Mauritius", true)

2019-02-18 16:25:08 - [MESSAGE][NOT_RUN] - NOT_RUN: selectOptionByLabel(findTestObject("Dropdown Lists/Select Organisation/Select Org"), "Panasonic Mauritius", true)

2019-02-18 16:25:08 - [TEST_STEP][NOT_RUN] - verifyElementPresent(findTestObject("Logout/Logout_dropdown"), 10, CONTINUE_ON_FAILURE): NOT_RUN: verifyElementPresent(findTestObject("Logout/Logout_dropdown"), 10, CONTINUE_ON_FAILURE)

2019-02-18 16:25:08 - [MESSAGE][NOT_RUN] - NOT_RUN: verifyElementPresent(findTestObject("Logout/Logout_dropdown"), 10, CONTINUE_ON_FAILURE)

2019-02-18 16:25:08 - [TEST_STEP][NOT_RUN] - click(findTestObject("Logout/Logout_dropdown")): NOT_RUN: click(findTestObject("Logout/Logout_dropdown"))

2019-02-18 16:25:08 - [MESSAGE][NOT_RUN] - NOT_RUN: click(findTestObject("Logout/Logout_dropdown"))

2019-02-18 16:25:08 - [TEST_STEP][NOT_RUN] - verifyElementPresent(findTestObject("Logout/a_Logout"), 10, CONTINUE_ON_FAILURE): NOT_RUN: verifyElementPresent(findTestObject("Logout/a_Logout"), 10, CONTINUE_ON_FAILURE)

2019-02-18 16:25:08 - [MESSAGE][NOT_RUN] - NOT_RUN: verifyElementPresent(findTestObject("Logout/a_Logout"), 10, CONTINUE_ON_FAILURE)

2019-02-18 16:25:08 - [TEST_STEP][NOT_RUN] - click(findTestObject("Logout/a_Logout")): NOT_RUN: click(findTestObject("Logout/a_Logout"))

2019-02-18 16:25:08 - [MESSAGE][NOT_RUN] - NOT_RUN: click(findTestObject("Logout/a_Logout"))

2019-02-18 16:25:08 - [TEST_STEP][NOT_RUN] - closeBrowser(): NOT_RUN: closeBrowser()

2019-02-18 16:25:08 - [MESSAGE][NOT_RUN] - NOT_RUN: closeBrowser()

2019-02-18 16:25:08 - [TEST_STEP][NOT_RUN] - toolkit.MySql.connectDB("CERRSQL2UTIL.aspnc.local", "ImplementationToolkit ", "4413", "ImpToolkit", "0E47iz93"): NOT_RUN: toolkit.MySql.connectDB("CERRSQL2UTIL.aspnc.local", "ImplementationToolkit ", "4413", "ImpToolkit", "0E47iz93")

2019-02-18 16:25:08 - [MESSAGE][NOT_RUN] - NOT_RUN: toolkit.MySql.connectDB("CERRSQL2UTIL.aspnc.local", "ImplementationToolkit ", "4413", "ImpToolkit", "0E47iz93")

2019-02-18 16:25:08 - [TEST_STEP][NOT_RUN] - Data = toolkit.MySql.executeQuery("select id from AspNetUsers where Email='purmanand.roopnah@sdworx.com';"): NOT_RUN: Data = toolkit.MySql.executeQuery("select id from AspNetUsers where Email='purmanand.roopnah@sdworx.com';")

2019-02-18 16:25:08 - [MESSAGE][NOT_RUN] - NOT_RUN: Data = toolkit.MySql.executeQuery("select id from AspNetUsers where Email='purmanand.roopnah@sdworx.com';")

2019-02-18 16:25:08 - [TEST_STEP][NOT_RUN] - PrintLn("Data"): NOT_RUN: PrintLn("Data")

2019-02-18 16:25:08 - [MESSAGE][NOT_RUN] - NOT_RUN: PrintLn("Data")

2019-02-18 16:25:08 - [MESSAGE][PASSED] - Call Test Case 'Test Cases/Smoke Test/ValidLogin' successfully

2019-02-18 16:25:08 - [TEST_STEP][PASSED] - delay(5): Delayed 5 second(s)

2019-02-18 16:25:13 - [MESSAGE][PASSED] - Delayed 5 second(s)

2019-02-18 16:25:13 - [TEST_STEP][FAILED] - click(findTestObject("Navigations/Navigation - Payrun Comparison/a_Reconciliation")): click(findTestObject("Navigations/Navigation - Payrun Comparison/a_Reconciliation")) FAILED.
Reason:
com.kms.katalon.core.exception.StepFailedException: Unable to click on object 'Object Repository/Navigations/Navigation - Payrun Comparison/a_Reconciliation' (Root cause: com.kms.katalon.core.webui.exception.WebElementNotFoundException: Web element with id: 'Object Repository/Navigations/Navigation - Payrun Comparison/a_Reconciliation' located by 'By.xpath: //a[@href = '/reconciliation' and (text() = '
                                 Reconciliation
                            ' or . = '
                                 Reconciliation
                            ')]' not found)
	at com.kms.katalon.core.keyword.internal.KeywordMain.stepFailed(KeywordMain.groovy:36)
	at com.kms.katalon.core.webui.keyword.internal.WebUIKeywordMain.stepFailed(WebUIKeywordMain.groovy:65)
	at com.kms.katalon.core.webui.keyword.internal.WebUIKeywordMain.runKeyword(WebUIKeywordMain.groovy:27)
	at com.kms.katalon.core.webui.keyword.builtin.ClickKeyword.click(ClickKeyword.groovy:86)
	at com.kms.katalon.core.webui.keyword.builtin.ClickKeyword.execute(ClickKeyword.groovy:67)
	at com.kms.katalon.core.keyword.internal.KeywordExecutor.executeKeywordForPlatform(KeywordExecutor.groovy:53)
	at com.kms.katalon.core.webui.keyword.WebUiBuiltInKeywords.click(WebUiBuiltInKeywords.groovy:616)
	at com.kms.katalon.core.webui.keyword.WebUiBuiltInKeywords$click$3.call(Unknown Source)
	at Navigation - Payroll Result Load.run(Navigation - Payroll Result Load:20)
	at com.kms.katalon.core.main.ScriptEngine.run(ScriptEngine.java:194)
	at com.kms.katalon.core.main.ScriptEngine.runScriptAsRawText(ScriptEngine.java:119)
	at com.kms.katalon.core.main.TestCaseExecutor.runScript(TestCaseExecutor.java:328)
	at com.kms.katalon.core.main.TestCaseExecutor.doExecute(TestCaseExecutor.java:319)
	at com.kms.katalon.core.main.TestCaseExecutor.processExecutionPhase(TestCaseExecutor.java:298)
	at com.kms.katalon.core.main.TestCaseExecutor.accessMainPhase(TestCaseExecutor.java:290)
	at com.kms.katalon.core.main.TestCaseExecutor.execute(TestCaseExecutor.java:224)
	at com.kms.katalon.core.main.TestSuiteExecutor.accessTestCaseMainPhase(TestSuiteExecutor.java:129)
	at com.kms.katalon.core.main.TestSuiteExecutor.accessTestSuiteMainPhase(TestSuiteExecutor.java:112)
	at com.kms.katalon.core.main.TestSuiteExecutor.execute(TestSuiteExecutor.java:81)
	at com.kms.katalon.core.main.TestCaseMain.startTestSuite(TestCaseMain.java:149)
	at com.kms.katalon.core.main.TestCaseMain$startTestSuite$0.call(Unknown Source)
	at TempTestSuite1550492203213.run(TempTestSuite1550492203213.groovy:36)


2019-02-18 16:25:44 - [MESSAGE][INFO] - Unable to find the element located by 'By.xpath: //a[@href = '/reconciliation' and (text() = '
                                 Reconciliation
                            ' or . = '
                                 Reconciliation
                            ')]'. Please recheck the objects properties to make sure the desired element is located. 

2019-02-18 16:25:45 - [MESSAGE][FAILED] - Unable to click on object 'Object Repository/Navigations/Navigation - Payrun Comparison/a_Reconciliation' (Root cause: com.kms.katalon.core.webui.exception.WebElementNotFoundException: Web element with id: 'Object Repository/Navigations/Navigation - Payrun Comparison/a_Reconciliation' located by 'By.xpath: //a[@href = '/reconciliation' and (text() = '
                                 Reconciliation
                            ' or . = '
                                 Reconciliation
                            ')]' not found)
[[ATTACHMENT|C:\\Users\\SD466525.DAN001\\git\\Test-Automation_ToolkitVersion2\\Reports\\Smoke Test\\20190218_161638\\1550492744795.png]]

2019-02-18 16:25:45 - [MESSAGE][FAILED] - click(findTestObject("Navigations/Navigation - Payrun Comparison/a_Reconciliation")) FAILED.
Reason:
com.kms.katalon.core.exception.StepFailedException: Unable to click on object 'Object Repository/Navigations/Navigation - Payrun Comparison/a_Reconciliation' (Root cause: com.kms.katalon.core.webui.exception.WebElementNotFoundException: Web element with id: 'Object Repository/Navigations/Navigation - Payrun Comparison/a_Reconciliation' located by 'By.xpath: //a[@href = '/reconciliation' and (text() = '
                                 Reconciliation
                            ' or . = '
                                 Reconciliation
                            ')]' not found)
	at com.kms.katalon.core.keyword.internal.KeywordMain.stepFailed(KeywordMain.groovy:36)
	at com.kms.katalon.core.webui.keyword.internal.WebUIKeywordMain.stepFailed(WebUIKeywordMain.groovy:65)
	at com.kms.katalon.core.webui.keyword.internal.WebUIKeywordMain.runKeyword(WebUIKeywordMain.groovy:27)
	at com.kms.katalon.core.webui.keyword.builtin.ClickKeyword.click(ClickKeyword.groovy:86)
	at com.kms.katalon.core.webui.keyword.builtin.ClickKeyword.execute(ClickKeyword.groovy:67)
	at com.kms.katalon.core.keyword.internal.KeywordExecutor.executeKeywordForPlatform(KeywordExecutor.groovy:53)
	at com.kms.katalon.core.webui.keyword.WebUiBuiltInKeywords.click(WebUiBuiltInKeywords.groovy:616)
	at com.kms.katalon.core.webui.keyword.WebUiBuiltInKeywords$click$3.call(Unknown Source)
	at Navigation - Payroll Result Load.run(Navigation - Payroll Result Load:20)
	at com.kms.katalon.core.main.ScriptEngine.run(ScriptEngine.java:194)
	at com.kms.katalon.core.main.ScriptEngine.runScriptAsRawText(ScriptEngine.java:119)
	at com.kms.katalon.core.main.TestCaseExecutor.runScript(TestCaseExecutor.java:328)
	at com.kms.katalon.core.main.TestCaseExecutor.doExecute(TestCaseExecutor.java:319)
	at com.kms.katalon.core.main.TestCaseExecutor.processExecutionPhase(TestCaseExecutor.java:298)
	at com.kms.katalon.core.main.TestCaseExecutor.accessMainPhase(TestCaseExecutor.java:290)
	at com.kms.katalon.core.main.TestCaseExecutor.execute(TestCaseExecutor.java:224)
	at com.kms.katalon.core.main.TestSuiteExecutor.accessTestCaseMainPhase(TestSuiteExecutor.java:129)
	at com.kms.katalon.core.main.TestSuiteExecutor.accessTestSuiteMainPhase(TestSuiteExecutor.java:112)
	at com.kms.katalon.core.main.TestSuiteExecutor.execute(TestSuiteExecutor.java:81)
	at com.kms.katalon.core.main.TestCaseMain.startTestSuite(TestCaseMain.java:149)
	at com.kms.katalon.core.main.TestCaseMain$startTestSuite$0.call(Unknown Source)
	at TempTestSuite1550492203213.run(TempTestSuite1550492203213.groovy:36)]]></system-out>
         <system-err><![CDATA[2019-02-18 16:24:57 - [TEST_CASE][FAILED] - Test Cases/Smoke Test/Navigation - Payroll Result Load: Test Cases/Smoke Test/Navigation - Payroll Result Load FAILED.
Reason:
com.kms.katalon.core.exception.StepFailedException: Unable to click on object 'Object Repository/Navigations/Navigation - Payrun Comparison/a_Reconciliation' (Root cause: com.kms.katalon.core.webui.exception.WebElementNotFoundException: Web element with id: 'Object Repository/Navigations/Navigation - Payrun Comparison/a_Reconciliation' located by 'By.xpath: //a[@href = '/reconciliation' and (text() = '
                                 Reconciliation
                            ' or . = '
                                 Reconciliation
                            ')]' not found)
	at com.kms.katalon.core.keyword.internal.KeywordMain.stepFailed(KeywordMain.groovy:36)
	at com.kms.katalon.core.webui.keyword.internal.WebUIKeywordMain.stepFailed(WebUIKeywordMain.groovy:65)
	at com.kms.katalon.core.webui.keyword.internal.WebUIKeywordMain.runKeyword(WebUIKeywordMain.groovy:27)
	at com.kms.katalon.core.webui.keyword.builtin.ClickKeyword.click(ClickKeyword.groovy:86)
	at com.kms.katalon.core.webui.keyword.builtin.ClickKeyword.execute(ClickKeyword.groovy:67)
	at com.kms.katalon.core.keyword.internal.KeywordExecutor.executeKeywordForPlatform(KeywordExecutor.groovy:53)
	at com.kms.katalon.core.webui.keyword.WebUiBuiltInKeywords.click(WebUiBuiltInKeywords.groovy:616)
	at com.kms.katalon.core.webui.keyword.WebUiBuiltInKeywords$click$3.call(Unknown Source)
	at Navigation - Payroll Result Load.run(Navigation - Payroll Result Load:20)
	at com.kms.katalon.core.main.ScriptEngine.run(ScriptEngine.java:194)
	at com.kms.katalon.core.main.ScriptEngine.runScriptAsRawText(ScriptEngine.java:119)
	at com.kms.katalon.core.main.TestCaseExecutor.runScript(TestCaseExecutor.java:328)
	at com.kms.katalon.core.main.TestCaseExecutor.doExecute(TestCaseExecutor.java:319)
	at com.kms.katalon.core.main.TestCaseExecutor.processExecutionPhase(TestCaseExecutor.java:298)
	at com.kms.katalon.core.main.TestCaseExecutor.accessMainPhase(TestCaseExecutor.java:290)
	at com.kms.katalon.core.main.TestCaseExecutor.execute(TestCaseExecutor.java:224)
	at com.kms.katalon.core.main.TestSuiteExecutor.accessTestCaseMainPhase(TestSuiteExecutor.java:129)
	at com.kms.katalon.core.main.TestSuiteExecutor.accessTestSuiteMainPhase(TestSuiteExecutor.java:112)
	at com.kms.katalon.core.main.TestSuiteExecutor.execute(TestSuiteExecutor.java:81)
	at com.kms.katalon.core.main.TestCaseMain.startTestSuite(TestCaseMain.java:149)
	at com.kms.katalon.core.main.TestCaseMain$startTestSuite$0.call(Unknown Source)
	at TempTestSuite1550492203213.run(TempTestSuite1550492203213.groovy:36)]]></system-err>
      </testcase>
      <testcase name="Test Cases/Smoke Test/Navigation - Reporting" classname="Test Cases/Smoke Test/Navigation - Reporting" status="FAILED">
         <failure type="FAILED" message="Test Cases/Smoke Test/Navigation - Reporting FAILED.
Reason:
com.kms.katalon.core.exception.StepFailedException: Unable to click on object 'Object Repository/Navigations/Navigation - Payrun Comparison/a_Reconciliation' (Root cause: org.openqa.selenium.WebDriverException: chrome not reachable
  (Session info: chrome=72.0.3626.109)
  (Driver info: chromedriver=2.43.600210 (68dcf5eebde37173d4027fa8635e332711d2874a),platform=Windows NT 10.0.16299 x86_64) (WARNING: The server did not provide any stacktrace information)
Command duration or timeout: 0 milliseconds
Build info: version: '3.7.1', revision: '8a0099a', time: '2017-11-06T21:07:36.161Z'
System info: host: 'PC0871RF', ip: '192.168.97.1', os.name: 'Windows 10', os.arch: 'amd64', os.version: '10.0', java.version: '1.8.0_181'
Driver info: com.kms.katalon.selenium.driver.CChromeDriver
Capabilities {acceptInsecureCerts: false, acceptSslCerts: false, applicationCacheEnabled: false, browserConnectionEnabled: false, browserName: chrome, chrome: {chromedriverVersion: 2.43.600210 (68dcf5eebde371..., userDataDir: C:\Users\SD4665~1.DAN\AppDa...}, cssSelectorsEnabled: true, databaseEnabled: false, goog:chromeOptions: {debuggerAddress: localhost:49228}, handlesAlerts: true, hasTouchScreen: false, javascriptEnabled: true, locationContextEnabled: true, mobileEmulationEnabled: false, nativeEvents: true, networkConnectionEnabled: false, pageLoadStrategy: normal, platform: XP, platformName: XP, rotatable: false, setWindowRect: true, takesHeapSnapshot: true, takesScreenshot: true, unexpectedAlertBehaviour: , unhandledPromptBehavior: , version: 72.0.3626.109, webStorageEnabled: true}
Session ID: 4639bb98b51d482e540f90cf289fe16e
*** Element info: {Using=xpath, value=//a[@href = '/reconciliation' and (text() = '
                                 Reconciliation
                            ' or . = '
                                 Reconciliation
                            ')]})
	at com.kms.katalon.core.keyword.internal.KeywordMain.stepFailed(KeywordMain.groovy:36)
	at com.kms.katalon.core.webui.keyword.internal.WebUIKeywordMain.stepFailed(WebUIKeywordMain.groovy:65)
	at com.kms.katalon.core.webui.keyword.internal.WebUIKeywordMain.runKeyword(WebUIKeywordMain.groovy:27)
	at com.kms.katalon.core.webui.keyword.builtin.ClickKeyword.click(ClickKeyword.groovy:86)
	at com.kms.katalon.core.webui.keyword.builtin.ClickKeyword.execute(ClickKeyword.groovy:67)
	at com.kms.katalon.core.keyword.internal.KeywordExecutor.executeKeywordForPlatform(KeywordExecutor.groovy:53)
	at com.kms.katalon.core.webui.keyword.WebUiBuiltInKeywords.click(WebUiBuiltInKeywords.groovy:616)
	at com.kms.katalon.core.webui.keyword.WebUiBuiltInKeywords$click$3.call(Unknown Source)
	at Navigation - Reporting.run(Navigation - Reporting:20)
	at com.kms.katalon.core.main.ScriptEngine.run(ScriptEngine.java:194)
	at com.kms.katalon.core.main.ScriptEngine.runScriptAsRawText(ScriptEngine.java:119)
	at com.kms.katalon.core.main.TestCaseExecutor.runScript(TestCaseExecutor.java:328)
	at com.kms.katalon.core.main.TestCaseExecutor.doExecute(TestCaseExecutor.java:319)
	at com.kms.katalon.core.main.TestCaseExecutor.processExecutionPhase(TestCaseExecutor.java:298)
	at com.kms.katalon.core.main.TestCaseExecutor.accessMainPhase(TestCaseExecutor.java:290)
	at com.kms.katalon.core.main.TestCaseExecutor.execute(TestCaseExecutor.java:224)
	at com.kms.katalon.core.main.TestSuiteExecutor.accessTestCaseMainPhase(TestSuiteExecutor.java:129)
	at com.kms.katalon.core.main.TestSuiteExecutor.accessTestSuiteMainPhase(TestSuiteExecutor.java:112)
	at com.kms.katalon.core.main.TestSuiteExecutor.execute(TestSuiteExecutor.java:81)
	at com.kms.katalon.core.main.TestCaseMain.startTestSuite(TestCaseMain.java:149)
	at com.kms.katalon.core.main.TestCaseMain$startTestSuite$0.call(Unknown Source)
	at TempTestSuite1550492203213.run(TempTestSuite1550492203213.groovy:36)
"/>
         <system-out><![CDATA[2019-02-18 16:25:45 - [TEST_CASE][FAILED] - Test Cases/Smoke Test/Navigation - Reporting: Test Cases/Smoke Test/Navigation - Reporting FAILED.
Reason:
com.kms.katalon.core.exception.StepFailedException: Unable to click on object 'Object Repository/Navigations/Navigation - Payrun Comparison/a_Reconciliation' (Root cause: org.openqa.selenium.WebDriverException: chrome not reachable
  (Session info: chrome=72.0.3626.109)
  (Driver info: chromedriver=2.43.600210 (68dcf5eebde37173d4027fa8635e332711d2874a),platform=Windows NT 10.0.16299 x86_64) (WARNING: The server did not provide any stacktrace information)
Command duration or timeout: 0 milliseconds
Build info: version: '3.7.1', revision: '8a0099a', time: '2017-11-06T21:07:36.161Z'
System info: host: 'PC0871RF', ip: '192.168.97.1', os.name: 'Windows 10', os.arch: 'amd64', os.version: '10.0', java.version: '1.8.0_181'
Driver info: com.kms.katalon.selenium.driver.CChromeDriver
Capabilities {acceptInsecureCerts: false, acceptSslCerts: false, applicationCacheEnabled: false, browserConnectionEnabled: false, browserName: chrome, chrome: {chromedriverVersion: 2.43.600210 (68dcf5eebde371..., userDataDir: C:\Users\SD4665~1.DAN\AppDa...}, cssSelectorsEnabled: true, databaseEnabled: false, goog:chromeOptions: {debuggerAddress: localhost:49228}, handlesAlerts: true, hasTouchScreen: false, javascriptEnabled: true, locationContextEnabled: true, mobileEmulationEnabled: false, nativeEvents: true, networkConnectionEnabled: false, pageLoadStrategy: normal, platform: XP, platformName: XP, rotatable: false, setWindowRect: true, takesHeapSnapshot: true, takesScreenshot: true, unexpectedAlertBehaviour: , unhandledPromptBehavior: , version: 72.0.3626.109, webStorageEnabled: true}
Session ID: 4639bb98b51d482e540f90cf289fe16e
*** Element info: {Using=xpath, value=//a[@href = '/reconciliation' and (text() = '
                                 Reconciliation
                            ' or . = '
                                 Reconciliation
                            ')]})
	at com.kms.katalon.core.keyword.internal.KeywordMain.stepFailed(KeywordMain.groovy:36)
	at com.kms.katalon.core.webui.keyword.internal.WebUIKeywordMain.stepFailed(WebUIKeywordMain.groovy:65)
	at com.kms.katalon.core.webui.keyword.internal.WebUIKeywordMain.runKeyword(WebUIKeywordMain.groovy:27)
	at com.kms.katalon.core.webui.keyword.builtin.ClickKeyword.click(ClickKeyword.groovy:86)
	at com.kms.katalon.core.webui.keyword.builtin.ClickKeyword.execute(ClickKeyword.groovy:67)
	at com.kms.katalon.core.keyword.internal.KeywordExecutor.executeKeywordForPlatform(KeywordExecutor.groovy:53)
	at com.kms.katalon.core.webui.keyword.WebUiBuiltInKeywords.click(WebUiBuiltInKeywords.groovy:616)
	at com.kms.katalon.core.webui.keyword.WebUiBuiltInKeywords$click$3.call(Unknown Source)
	at Navigation - Reporting.run(Navigation - Reporting:20)
	at com.kms.katalon.core.main.ScriptEngine.run(ScriptEngine.java:194)
	at com.kms.katalon.core.main.ScriptEngine.runScriptAsRawText(ScriptEngine.java:119)
	at com.kms.katalon.core.main.TestCaseExecutor.runScript(TestCaseExecutor.java:328)
	at com.kms.katalon.core.main.TestCaseExecutor.doExecute(TestCaseExecutor.java:319)
	at com.kms.katalon.core.main.TestCaseExecutor.processExecutionPhase(TestCaseExecutor.java:298)
	at com.kms.katalon.core.main.TestCaseExecutor.accessMainPhase(TestCaseExecutor.java:290)
	at com.kms.katalon.core.main.TestCaseExecutor.execute(TestCaseExecutor.java:224)
	at com.kms.katalon.core.main.TestSuiteExecutor.accessTestCaseMainPhase(TestSuiteExecutor.java:129)
	at com.kms.katalon.core.main.TestSuiteExecutor.accessTestSuiteMainPhase(TestSuiteExecutor.java:112)
	at com.kms.katalon.core.main.TestSuiteExecutor.execute(TestSuiteExecutor.java:81)
	at com.kms.katalon.core.main.TestCaseMain.startTestSuite(TestCaseMain.java:149)
	at com.kms.katalon.core.main.TestCaseMain$startTestSuite$0.call(Unknown Source)
	at TempTestSuite1550492203213.run(TempTestSuite1550492203213.groovy:36)


2019-02-18 16:25:45 - [TEST_STEP][PASSED] - callTestCase(findTestCase("Smoke Test/ValidLogin"), [:], STOP_ON_FAILURE): Call Test Case 'Test Cases/Smoke Test/ValidLogin' successfully

2019-02-18 16:25:45 - [TEST_CASE][PASSED] - Test Cases/Smoke Test/ValidLogin: Test Cases/Smoke Test/ValidLogin

2019-02-18 16:25:45 - [TEST_STEP][PASSED] - openBrowser(findTestData("Environment").getValue("URL", 1)): Browser is opened with url: 'https://implementationuat.sdworx.co.uk/'

2019-02-18 16:25:45 - [MESSAGE][WARNING] - A browser is already opened. Closing browser and opening a new one

2019-02-18 16:25:46 - [MESSAGE][INFO] - Starting 'Chrome' driver

2019-02-18 16:25:51 - [MESSAGE][PASSED] - Browser is opened with url: 'https://implementationuat.sdworx.co.uk/'

2019-02-18 16:25:51 - [TEST_STEP][PASSED] - maximizeWindow(): Current window maximized

2019-02-18 16:25:52 - [MESSAGE][PASSED] - Current window maximized

2019-02-18 16:25:52 - [TEST_STEP][PASSED] - navigateToUrl(findTestData("Environment").getValue("URL", 1)): Navigate to 'https://implementationuat.sdworx.co.uk/' successfully

2019-02-18 16:25:53 - [MESSAGE][PASSED] - Navigate to 'https://implementationuat.sdworx.co.uk/' successfully

2019-02-18 16:25:53 - [TEST_STEP][PASSED] - setText(findTestObject("Object Repository/Login/input_Email"), findTestData("Login").getValue("Username", 1)): Text 'purmanand.roopnah@sdworx.com' is set on object 'Object Repository/Login/input_Email'

2019-02-18 16:25:53 - [MESSAGE][PASSED] - Text 'purmanand.roopnah@sdworx.com' is set on object 'Object Repository/Login/input_Email'

2019-02-18 16:25:53 - [TEST_STEP][PASSED] - setText(findTestObject("Object Repository/Login/input_Password"), findTestData("Login").getValue("Password", 1)): Text 'Manish_2505' is set on object 'Object Repository/Login/input_Password'

2019-02-18 16:25:54 - [MESSAGE][PASSED] - Text 'Manish_2505' is set on object 'Object Repository/Login/input_Password'

2019-02-18 16:25:54 - [TEST_STEP][PASSED] - click(findTestObject("Object Repository/Login/input_btn btn-default")): Object: 'Object Repository/Login/input_btn btn-default' is clicked on

2019-02-18 16:25:56 - [MESSAGE][PASSED] - Object: 'Object Repository/Login/input_btn btn-default' is clicked on

2019-02-18 16:25:56 - [TEST_STEP][NOT_RUN] - selectOptionByLabel(findTestObject("Dropdown Lists/Select Organisation/Select Org"), "Panasonic Mauritius", true): NOT_RUN: selectOptionByLabel(findTestObject("Dropdown Lists/Select Organisation/Select Org"), "Panasonic Mauritius", true)

2019-02-18 16:25:56 - [MESSAGE][NOT_RUN] - NOT_RUN: selectOptionByLabel(findTestObject("Dropdown Lists/Select Organisation/Select Org"), "Panasonic Mauritius", true)

2019-02-18 16:25:56 - [TEST_STEP][NOT_RUN] - verifyElementPresent(findTestObject("Logout/Logout_dropdown"), 10, CONTINUE_ON_FAILURE): NOT_RUN: verifyElementPresent(findTestObject("Logout/Logout_dropdown"), 10, CONTINUE_ON_FAILURE)

2019-02-18 16:25:56 - [MESSAGE][NOT_RUN] - NOT_RUN: verifyElementPresent(findTestObject("Logout/Logout_dropdown"), 10, CONTINUE_ON_FAILURE)

2019-02-18 16:25:56 - [TEST_STEP][NOT_RUN] - click(findTestObject("Logout/Logout_dropdown")): NOT_RUN: click(findTestObject("Logout/Logout_dropdown"))

2019-02-18 16:25:56 - [MESSAGE][NOT_RUN] - NOT_RUN: click(findTestObject("Logout/Logout_dropdown"))

2019-02-18 16:25:56 - [TEST_STEP][NOT_RUN] - verifyElementPresent(findTestObject("Logout/a_Logout"), 10, CONTINUE_ON_FAILURE): NOT_RUN: verifyElementPresent(findTestObject("Logout/a_Logout"), 10, CONTINUE_ON_FAILURE)

2019-02-18 16:25:56 - [MESSAGE][NOT_RUN] - NOT_RUN: verifyElementPresent(findTestObject("Logout/a_Logout"), 10, CONTINUE_ON_FAILURE)

2019-02-18 16:25:56 - [TEST_STEP][NOT_RUN] - click(findTestObject("Logout/a_Logout")): NOT_RUN: click(findTestObject("Logout/a_Logout"))

2019-02-18 16:25:56 - [MESSAGE][NOT_RUN] - NOT_RUN: click(findTestObject("Logout/a_Logout"))

2019-02-18 16:25:56 - [TEST_STEP][NOT_RUN] - closeBrowser(): NOT_RUN: closeBrowser()

2019-02-18 16:25:56 - [MESSAGE][NOT_RUN] - NOT_RUN: closeBrowser()

2019-02-18 16:25:56 - [TEST_STEP][NOT_RUN] - toolkit.MySql.connectDB("CERRSQL2UTIL.aspnc.local", "ImplementationToolkit ", "4413", "ImpToolkit", "0E47iz93"): NOT_RUN: toolkit.MySql.connectDB("CERRSQL2UTIL.aspnc.local", "ImplementationToolkit ", "4413", "ImpToolkit", "0E47iz93")

2019-02-18 16:25:56 - [MESSAGE][NOT_RUN] - NOT_RUN: toolkit.MySql.connectDB("CERRSQL2UTIL.aspnc.local", "ImplementationToolkit ", "4413", "ImpToolkit", "0E47iz93")

2019-02-18 16:25:56 - [TEST_STEP][NOT_RUN] - Data = toolkit.MySql.executeQuery("select id from AspNetUsers where Email='purmanand.roopnah@sdworx.com';"): NOT_RUN: Data = toolkit.MySql.executeQuery("select id from AspNetUsers where Email='purmanand.roopnah@sdworx.com';")

2019-02-18 16:25:56 - [MESSAGE][NOT_RUN] - NOT_RUN: Data = toolkit.MySql.executeQuery("select id from AspNetUsers where Email='purmanand.roopnah@sdworx.com';")

2019-02-18 16:25:56 - [TEST_STEP][NOT_RUN] - PrintLn("Data"): NOT_RUN: PrintLn("Data")

2019-02-18 16:25:56 - [MESSAGE][NOT_RUN] - NOT_RUN: PrintLn("Data")

2019-02-18 16:25:56 - [MESSAGE][PASSED] - Call Test Case 'Test Cases/Smoke Test/ValidLogin' successfully

2019-02-18 16:25:56 - [TEST_STEP][PASSED] - delay(5): Delayed 5 second(s)

2019-02-18 16:26:01 - [MESSAGE][PASSED] - Delayed 5 second(s)

2019-02-18 16:26:01 - [TEST_STEP][FAILED] - click(findTestObject("Navigations/Navigation - Payrun Comparison/a_Reconciliation")): click(findTestObject("Navigations/Navigation - Payrun Comparison/a_Reconciliation")) FAILED.
Reason:
com.kms.katalon.core.exception.StepFailedException: Unable to click on object 'Object Repository/Navigations/Navigation - Payrun Comparison/a_Reconciliation' (Root cause: org.openqa.selenium.WebDriverException: chrome not reachable
  (Session info: chrome=72.0.3626.109)
  (Driver info: chromedriver=2.43.600210 (68dcf5eebde37173d4027fa8635e332711d2874a),platform=Windows NT 10.0.16299 x86_64) (WARNING: The server did not provide any stacktrace information)
Command duration or timeout: 0 milliseconds
Build info: version: '3.7.1', revision: '8a0099a', time: '2017-11-06T21:07:36.161Z'
System info: host: 'PC0871RF', ip: '192.168.97.1', os.name: 'Windows 10', os.arch: 'amd64', os.version: '10.0', java.version: '1.8.0_181'
Driver info: com.kms.katalon.selenium.driver.CChromeDriver
Capabilities {acceptInsecureCerts: false, acceptSslCerts: false, applicationCacheEnabled: false, browserConnectionEnabled: false, browserName: chrome, chrome: {chromedriverVersion: 2.43.600210 (68dcf5eebde371..., userDataDir: C:\Users\SD4665~1.DAN\AppDa...}, cssSelectorsEnabled: true, databaseEnabled: false, goog:chromeOptions: {debuggerAddress: localhost:49228}, handlesAlerts: true, hasTouchScreen: false, javascriptEnabled: true, locationContextEnabled: true, mobileEmulationEnabled: false, nativeEvents: true, networkConnectionEnabled: false, pageLoadStrategy: normal, platform: XP, platformName: XP, rotatable: false, setWindowRect: true, takesHeapSnapshot: true, takesScreenshot: true, unexpectedAlertBehaviour: , unhandledPromptBehavior: , version: 72.0.3626.109, webStorageEnabled: true}
Session ID: 4639bb98b51d482e540f90cf289fe16e
*** Element info: {Using=xpath, value=//a[@href = '/reconciliation' and (text() = '
                                 Reconciliation
                            ' or . = '
                                 Reconciliation
                            ')]})
	at com.kms.katalon.core.keyword.internal.KeywordMain.stepFailed(KeywordMain.groovy:36)
	at com.kms.katalon.core.webui.keyword.internal.WebUIKeywordMain.stepFailed(WebUIKeywordMain.groovy:65)
	at com.kms.katalon.core.webui.keyword.internal.WebUIKeywordMain.runKeyword(WebUIKeywordMain.groovy:27)
	at com.kms.katalon.core.webui.keyword.builtin.ClickKeyword.click(ClickKeyword.groovy:86)
	at com.kms.katalon.core.webui.keyword.builtin.ClickKeyword.execute(ClickKeyword.groovy:67)
	at com.kms.katalon.core.keyword.internal.KeywordExecutor.executeKeywordForPlatform(KeywordExecutor.groovy:53)
	at com.kms.katalon.core.webui.keyword.WebUiBuiltInKeywords.click(WebUiBuiltInKeywords.groovy:616)
	at com.kms.katalon.core.webui.keyword.WebUiBuiltInKeywords$click$3.call(Unknown Source)
	at Navigation - Reporting.run(Navigation - Reporting:20)
	at com.kms.katalon.core.main.ScriptEngine.run(ScriptEngine.java:194)
	at com.kms.katalon.core.main.ScriptEngine.runScriptAsRawText(ScriptEngine.java:119)
	at com.kms.katalon.core.main.TestCaseExecutor.runScript(TestCaseExecutor.java:328)
	at com.kms.katalon.core.main.TestCaseExecutor.doExecute(TestCaseExecutor.java:319)
	at com.kms.katalon.core.main.TestCaseExecutor.processExecutionPhase(TestCaseExecutor.java:298)
	at com.kms.katalon.core.main.TestCaseExecutor.accessMainPhase(TestCaseExecutor.java:290)
	at com.kms.katalon.core.main.TestCaseExecutor.execute(TestCaseExecutor.java:224)
	at com.kms.katalon.core.main.TestSuiteExecutor.accessTestCaseMainPhase(TestSuiteExecutor.java:129)
	at com.kms.katalon.core.main.TestSuiteExecutor.accessTestSuiteMainPhase(TestSuiteExecutor.java:112)
	at com.kms.katalon.core.main.TestSuiteExecutor.execute(TestSuiteExecutor.java:81)
	at com.kms.katalon.core.main.TestCaseMain.startTestSuite(TestCaseMain.java:149)
	at com.kms.katalon.core.main.TestCaseMain$startTestSuite$0.call(Unknown Source)
	at TempTestSuite1550492203213.run(TempTestSuite1550492203213.groovy:36)


2019-02-18 16:26:29 - [MESSAGE][WARNING] - Cannot take screenshot

2019-02-18 16:26:29 - [MESSAGE][FAILED] - Unable to click on object 'Object Repository/Navigations/Navigation - Payrun Comparison/a_Reconciliation' (Root cause: org.openqa.selenium.WebDriverException: chrome not reachable
  (Session info: chrome=72.0.3626.109)
  (Driver info: chromedriver=2.43.600210 (68dcf5eebde37173d4027fa8635e332711d2874a),platform=Windows NT 10.0.16299 x86_64) (WARNING: The server did not provide any stacktrace information)
Command duration or timeout: 0 milliseconds
Build info: version: '3.7.1', revision: '8a0099a', time: '2017-11-06T21:07:36.161Z'
System info: host: 'PC0871RF', ip: '192.168.97.1', os.name: 'Windows 10', os.arch: 'amd64', os.version: '10.0', java.version: '1.8.0_181'
Driver info: com.kms.katalon.selenium.driver.CChromeDriver
Capabilities {acceptInsecureCerts: false, acceptSslCerts: false, applicationCacheEnabled: false, browserConnectionEnabled: false, browserName: chrome, chrome: {chromedriverVersion: 2.43.600210 (68dcf5eebde371..., userDataDir: C:\Users\SD4665~1.DAN\AppDa...}, cssSelectorsEnabled: true, databaseEnabled: false, goog:chromeOptions: {debuggerAddress: localhost:49228}, handlesAlerts: true, hasTouchScreen: false, javascriptEnabled: true, locationContextEnabled: true, mobileEmulationEnabled: false, nativeEvents: true, networkConnectionEnabled: false, pageLoadStrategy: normal, platform: XP, platformName: XP, rotatable: false, setWindowRect: true, takesHeapSnapshot: true, takesScreenshot: true, unexpectedAlertBehaviour: , unhandledPromptBehavior: , version: 72.0.3626.109, webStorageEnabled: true}
Session ID: 4639bb98b51d482e540f90cf289fe16e
*** Element info: {Using=xpath, value=//a[@href = '/reconciliation' and (text() = '
                                 Reconciliation
                            ' or . = '
                                 Reconciliation
                            ')]})

2019-02-18 16:26:29 - [MESSAGE][FAILED] - click(findTestObject("Navigations/Navigation - Payrun Comparison/a_Reconciliation")) FAILED.
Reason:
com.kms.katalon.core.exception.StepFailedException: Unable to click on object 'Object Repository/Navigations/Navigation - Payrun Comparison/a_Reconciliation' (Root cause: org.openqa.selenium.WebDriverException: chrome not reachable
  (Session info: chrome=72.0.3626.109)
  (Driver info: chromedriver=2.43.600210 (68dcf5eebde37173d4027fa8635e332711d2874a),platform=Windows NT 10.0.16299 x86_64) (WARNING: The server did not provide any stacktrace information)
Command duration or timeout: 0 milliseconds
Build info: version: '3.7.1', revision: '8a0099a', time: '2017-11-06T21:07:36.161Z'
System info: host: 'PC0871RF', ip: '192.168.97.1', os.name: 'Windows 10', os.arch: 'amd64', os.version: '10.0', java.version: '1.8.0_181'
Driver info: com.kms.katalon.selenium.driver.CChromeDriver
Capabilities {acceptInsecureCerts: false, acceptSslCerts: false, applicationCacheEnabled: false, browserConnectionEnabled: false, browserName: chrome, chrome: {chromedriverVersion: 2.43.600210 (68dcf5eebde371..., userDataDir: C:\Users\SD4665~1.DAN\AppDa...}, cssSelectorsEnabled: true, databaseEnabled: false, goog:chromeOptions: {debuggerAddress: localhost:49228}, handlesAlerts: true, hasTouchScreen: false, javascriptEnabled: true, locationContextEnabled: true, mobileEmulationEnabled: false, nativeEvents: true, networkConnectionEnabled: false, pageLoadStrategy: normal, platform: XP, platformName: XP, rotatable: false, setWindowRect: true, takesHeapSnapshot: true, takesScreenshot: true, unexpectedAlertBehaviour: , unhandledPromptBehavior: , version: 72.0.3626.109, webStorageEnabled: true}
Session ID: 4639bb98b51d482e540f90cf289fe16e
*** Element info: {Using=xpath, value=//a[@href = '/reconciliation' and (text() = '
                                 Reconciliation
                            ' or . = '
                                 Reconciliation
                            ')]})
	at com.kms.katalon.core.keyword.internal.KeywordMain.stepFailed(KeywordMain.groovy:36)
	at com.kms.katalon.core.webui.keyword.internal.WebUIKeywordMain.stepFailed(WebUIKeywordMain.groovy:65)
	at com.kms.katalon.core.webui.keyword.internal.WebUIKeywordMain.runKeyword(WebUIKeywordMain.groovy:27)
	at com.kms.katalon.core.webui.keyword.builtin.ClickKeyword.click(ClickKeyword.groovy:86)
	at com.kms.katalon.core.webui.keyword.builtin.ClickKeyword.execute(ClickKeyword.groovy:67)
	at com.kms.katalon.core.keyword.internal.KeywordExecutor.executeKeywordForPlatform(KeywordExecutor.groovy:53)
	at com.kms.katalon.core.webui.keyword.WebUiBuiltInKeywords.click(WebUiBuiltInKeywords.groovy:616)
	at com.kms.katalon.core.webui.keyword.WebUiBuiltInKeywords$click$3.call(Unknown Source)
	at Navigation - Reporting.run(Navigation - Reporting:20)
	at com.kms.katalon.core.main.ScriptEngine.run(ScriptEngine.java:194)
	at com.kms.katalon.core.main.ScriptEngine.runScriptAsRawText(ScriptEngine.java:119)
	at com.kms.katalon.core.main.TestCaseExecutor.runScript(TestCaseExecutor.java:328)
	at com.kms.katalon.core.main.TestCaseExecutor.doExecute(TestCaseExecutor.java:319)
	at com.kms.katalon.core.main.TestCaseExecutor.processExecutionPhase(TestCaseExecutor.java:298)
	at com.kms.katalon.core.main.TestCaseExecutor.accessMainPhase(TestCaseExecutor.java:290)
	at com.kms.katalon.core.main.TestCaseExecutor.execute(TestCaseExecutor.java:224)
	at com.kms.katalon.core.main.TestSuiteExecutor.accessTestCaseMainPhase(TestSuiteExecutor.java:129)
	at com.kms.katalon.core.main.TestSuiteExecutor.accessTestSuiteMainPhase(TestSuiteExecutor.java:112)
	at com.kms.katalon.core.main.TestSuiteExecutor.execute(TestSuiteExecutor.java:81)
	at com.kms.katalon.core.main.TestCaseMain.startTestSuite(TestCaseMain.java:149)
	at com.kms.katalon.core.main.TestCaseMain$startTestSuite$0.call(Unknown Source)
	at TempTestSuite1550492203213.run(TempTestSuite1550492203213.groovy:36)]]></system-out>
         <system-err><![CDATA[2019-02-18 16:25:45 - [TEST_CASE][FAILED] - Test Cases/Smoke Test/Navigation - Reporting: Test Cases/Smoke Test/Navigation - Reporting FAILED.
Reason:
com.kms.katalon.core.exception.StepFailedException: Unable to click on object 'Object Repository/Navigations/Navigation - Payrun Comparison/a_Reconciliation' (Root cause: org.openqa.selenium.WebDriverException: chrome not reachable
  (Session info: chrome=72.0.3626.109)
  (Driver info: chromedriver=2.43.600210 (68dcf5eebde37173d4027fa8635e332711d2874a),platform=Windows NT 10.0.16299 x86_64) (WARNING: The server did not provide any stacktrace information)
Command duration or timeout: 0 milliseconds
Build info: version: '3.7.1', revision: '8a0099a', time: '2017-11-06T21:07:36.161Z'
System info: host: 'PC0871RF', ip: '192.168.97.1', os.name: 'Windows 10', os.arch: 'amd64', os.version: '10.0', java.version: '1.8.0_181'
Driver info: com.kms.katalon.selenium.driver.CChromeDriver
Capabilities {acceptInsecureCerts: false, acceptSslCerts: false, applicationCacheEnabled: false, browserConnectionEnabled: false, browserName: chrome, chrome: {chromedriverVersion: 2.43.600210 (68dcf5eebde371..., userDataDir: C:\Users\SD4665~1.DAN\AppDa...}, cssSelectorsEnabled: true, databaseEnabled: false, goog:chromeOptions: {debuggerAddress: localhost:49228}, handlesAlerts: true, hasTouchScreen: false, javascriptEnabled: true, locationContextEnabled: true, mobileEmulationEnabled: false, nativeEvents: true, networkConnectionEnabled: false, pageLoadStrategy: normal, platform: XP, platformName: XP, rotatable: false, setWindowRect: true, takesHeapSnapshot: true, takesScreenshot: true, unexpectedAlertBehaviour: , unhandledPromptBehavior: , version: 72.0.3626.109, webStorageEnabled: true}
Session ID: 4639bb98b51d482e540f90cf289fe16e
*** Element info: {Using=xpath, value=//a[@href = '/reconciliation' and (text() = '
                                 Reconciliation
                            ' or . = '
                                 Reconciliation
                            ')]})
	at com.kms.katalon.core.keyword.internal.KeywordMain.stepFailed(KeywordMain.groovy:36)
	at com.kms.katalon.core.webui.keyword.internal.WebUIKeywordMain.stepFailed(WebUIKeywordMain.groovy:65)
	at com.kms.katalon.core.webui.keyword.internal.WebUIKeywordMain.runKeyword(WebUIKeywordMain.groovy:27)
	at com.kms.katalon.core.webui.keyword.builtin.ClickKeyword.click(ClickKeyword.groovy:86)
	at com.kms.katalon.core.webui.keyword.builtin.ClickKeyword.execute(ClickKeyword.groovy:67)
	at com.kms.katalon.core.keyword.internal.KeywordExecutor.executeKeywordForPlatform(KeywordExecutor.groovy:53)
	at com.kms.katalon.core.webui.keyword.WebUiBuiltInKeywords.click(WebUiBuiltInKeywords.groovy:616)
	at com.kms.katalon.core.webui.keyword.WebUiBuiltInKeywords$click$3.call(Unknown Source)
	at Navigation - Reporting.run(Navigation - Reporting:20)
	at com.kms.katalon.core.main.ScriptEngine.run(ScriptEngine.java:194)
	at com.kms.katalon.core.main.ScriptEngine.runScriptAsRawText(ScriptEngine.java:119)
	at com.kms.katalon.core.main.TestCaseExecutor.runScript(TestCaseExecutor.java:328)
	at com.kms.katalon.core.main.TestCaseExecutor.doExecute(TestCaseExecutor.java:319)
	at com.kms.katalon.core.main.TestCaseExecutor.processExecutionPhase(TestCaseExecutor.java:298)
	at com.kms.katalon.core.main.TestCaseExecutor.accessMainPhase(TestCaseExecutor.java:290)
	at com.kms.katalon.core.main.TestCaseExecutor.execute(TestCaseExecutor.java:224)
	at com.kms.katalon.core.main.TestSuiteExecutor.accessTestCaseMainPhase(TestSuiteExecutor.java:129)
	at com.kms.katalon.core.main.TestSuiteExecutor.accessTestSuiteMainPhase(TestSuiteExecutor.java:112)
	at com.kms.katalon.core.main.TestSuiteExecutor.execute(TestSuiteExecutor.java:81)
	at com.kms.katalon.core.main.TestCaseMain.startTestSuite(TestCaseMain.java:149)
	at com.kms.katalon.core.main.TestCaseMain$startTestSuite$0.call(Unknown Source)
	at TempTestSuite1550492203213.run(TempTestSuite1550492203213.groovy:36)]]></system-err>
      </testcase>
      <system-out><![CDATA[2019-02-18 16:16:46 - [TEST_SUITE][FAILED] - Smoke Test: Test Cases/Smoke Test/NavigationYourPayAndBenefits FAILED.
Reason:
com.kms.katalon.core.exception.StepFailedException: Unable to click on object 'Object Repository/Add Records/Add Records - Allowances/button_Add Allowance' (Root cause: org.openqa.selenium.WebDriverException: unknown error: Element <button class="add btn btn-success" id="addAllowanceDetailsButton" style="margin-bottom:5px;">...</button> is not clickable at point (159, 331). Other element would receive the click: <div id="loader"></div>
  (Session info: chrome=72.0.3626.109)
  (Driver info: chromedriver=2.43.600210 (68dcf5eebde37173d4027fa8635e332711d2874a),platform=Windows NT 10.0.16299 x86_64) (WARNING: The server did not provide any stacktrace information)
Command duration or timeout: 0 milliseconds
Build info: version: '3.7.1', revision: '8a0099a', time: '2017-11-06T21:07:36.161Z'
System info: host: 'PC0871RF', ip: '192.168.97.1', os.name: 'Windows 10', os.arch: 'amd64', os.version: '10.0', java.version: '1.8.0_181'
Driver info: com.kms.katalon.selenium.driver.CChromeDriver
Capabilities {acceptInsecureCerts: false, acceptSslCerts: false, applicationCacheEnabled: false, browserConnectionEnabled: false, browserName: chrome, chrome: {chromedriverVersion: 2.43.600210 (68dcf5eebde371..., userDataDir: C:\Users\SD4665~1.DAN\AppDa...}, cssSelectorsEnabled: true, databaseEnabled: false, goog:chromeOptions: {debuggerAddress: localhost:65020}, handlesAlerts: true, hasTouchScreen: false, javascriptEnabled: true, locationContextEnabled: true, mobileEmulationEnabled: false, nativeEvents: true, networkConnectionEnabled: false, pageLoadStrategy: normal, platform: XP, platformName: XP, rotatable: false, setWindowRect: true, takesHeapSnapshot: true, takesScreenshot: true, unexpectedAlertBehaviour: , unhandledPromptBehavior: , version: 72.0.3626.109, webStorageEnabled: true}
Session ID: 74b9049ef46b2057f83b5a02c950d192)
	at com.kms.katalon.core.keyword.internal.KeywordMain.stepFailed(KeywordMain.groovy:36)
	at com.kms.katalon.core.webui.keyword.internal.WebUIKeywordMain.stepFailed(WebUIKeywordMain.groovy:65)
	at com.kms.katalon.core.webui.keyword.internal.WebUIKeywordMain.runKeyword(WebUIKeywordMain.groovy:27)
	at com.kms.katalon.core.webui.keyword.builtin.ClickKeyword.click(ClickKeyword.groovy:86)
	at com.kms.katalon.core.webui.keyword.builtin.ClickKeyword.execute(ClickKeyword.groovy:67)
	at com.kms.katalon.core.keyword.internal.KeywordExecutor.executeKeywordForPlatform(KeywordExecutor.groovy:53)
	at com.kms.katalon.core.webui.keyword.WebUiBuiltInKeywords.click(WebUiBuiltInKeywords.groovy:604)
	at com.kms.katalon.core.webui.keyword.WebUiBuiltInKeywords$click$9.call(Unknown Source)
	at Navigation - Allowances.run(Navigation - Allowances:38)
	at com.kms.katalon.core.main.ScriptEngine.run(ScriptEngine.java:194)
	at com.kms.katalon.core.main.ScriptEngine.runScriptAsRawText(ScriptEngine.java:119)
	at com.kms.katalon.core.main.TestCaseExecutor.runScript(TestCaseExecutor.java:328)
	at com.kms.katalon.core.main.TestCaseExecutor.doExecute(TestCaseExecutor.java:319)
	at com.kms.katalon.core.main.TestCaseExecutor.processExecutionPhase(TestCaseExecutor.java:298)
	at com.kms.katalon.core.main.TestCaseExecutor.accessMainPhase(TestCaseExecutor.java:290)
	at com.kms.katalon.core.main.TestCaseExecutor.execute(TestCaseExecutor.java:224)
	at com.kms.katalon.core.main.TestCaseMain.runTestCase(TestCaseMain.java:106)
	at com.kms.katalon.core.keyword.builtin.CallTestCaseKeyword$_callTestCase_closure1.doCall(CallTestCaseKeyword.groovy:59)
	at com.kms.katalon.core.keyword.builtin.CallTestCaseKeyword$_callTestCase_closure1.call(CallTestCaseKeyword.groovy)
	at com.kms.katalon.core.keyword.internal.KeywordMain.runKeyword(KeywordMain.groovy:54)
	at com.kms.katalon.core.keyword.builtin.CallTestCaseKeyword.callTestCase(CallTestCaseKeyword.groovy:80)
	at com.kms.katalon.core.keyword.builtin.CallTestCaseKeyword.execute(CallTestCaseKeyword.groovy:44)
	at com.kms.katalon.core.keyword.internal.KeywordExecutor.executeKeywordForPlatform(KeywordExecutor.groovy:53)
	at com.kms.katalon.core.keyword.BuiltinKeywords.callTestCase(BuiltinKeywords.groovy:334)
	at NavigationYourPayAndBenefits.run(NavigationYourPayAndBenefits:18)
	at com.kms.katalon.core.main.ScriptEngine.run(ScriptEngine.java:194)
	at com.kms.katalon.core.main.ScriptEngine.runScriptAsRawText(ScriptEngine.java:119)
	at com.kms.katalon.core.main.TestCaseExecutor.runScript(TestCaseExecutor.java:328)
	at com.kms.katalon.core.main.TestCaseExecutor.doExecute(TestCaseExecutor.java:319)
	at com.kms.katalon.core.main.TestCaseExecutor.processExecutionPhase(TestCaseExecutor.java:298)
	at com.kms.katalon.core.main.TestCaseExecutor.accessMainPhase(TestCaseExecutor.java:290)
	at com.kms.katalon.core.main.TestCaseExecutor.execute(TestCaseExecutor.java:224)
	at com.kms.katalon.core.main.TestSuiteExecutor.accessTestCaseMainPhase(TestSuiteExecutor.java:129)
	at com.kms.katalon.core.main.TestSuiteExecutor.accessTestSuiteMainPhase(TestSuiteExecutor.java:112)
	at com.kms.katalon.core.main.TestSuiteExecutor.execute(TestSuiteExecutor.java:81)
	at com.kms.katalon.core.main.TestCaseMain.startTestSuite(TestCaseMain.java:149)
	at com.kms.katalon.core.main.TestCaseMain$startTestSuite$0.call(Unknown Source)
	at TempTestSuite1550492203213.run(TempTestSuite1550492203213.groovy:36)]]></system-out>
      <system-err><![CDATA[2019-02-18 16:16:46 - [TEST_SUITE][FAILED] - Smoke Test: Test Cases/Smoke Test/NavigationYourPayAndBenefits FAILED.
Reason:
com.kms.katalon.core.exception.StepFailedException: Unable to click on object 'Object Repository/Add Records/Add Records - Allowances/button_Add Allowance' (Root cause: org.openqa.selenium.WebDriverException: unknown error: Element <button class="add btn btn-success" id="addAllowanceDetailsButton" style="margin-bottom:5px;">...</button> is not clickable at point (159, 331). Other element would receive the click: <div id="loader"></div>
  (Session info: chrome=72.0.3626.109)
  (Driver info: chromedriver=2.43.600210 (68dcf5eebde37173d4027fa8635e332711d2874a),platform=Windows NT 10.0.16299 x86_64) (WARNING: The server did not provide any stacktrace information)
Command duration or timeout: 0 milliseconds
Build info: version: '3.7.1', revision: '8a0099a', time: '2017-11-06T21:07:36.161Z'
System info: host: 'PC0871RF', ip: '192.168.97.1', os.name: 'Windows 10', os.arch: 'amd64', os.version: '10.0', java.version: '1.8.0_181'
Driver info: com.kms.katalon.selenium.driver.CChromeDriver
Capabilities {acceptInsecureCerts: false, acceptSslCerts: false, applicationCacheEnabled: false, browserConnectionEnabled: false, browserName: chrome, chrome: {chromedriverVersion: 2.43.600210 (68dcf5eebde371..., userDataDir: C:\Users\SD4665~1.DAN\AppDa...}, cssSelectorsEnabled: true, databaseEnabled: false, goog:chromeOptions: {debuggerAddress: localhost:65020}, handlesAlerts: true, hasTouchScreen: false, javascriptEnabled: true, locationContextEnabled: true, mobileEmulationEnabled: false, nativeEvents: true, networkConnectionEnabled: false, pageLoadStrategy: normal, platform: XP, platformName: XP, rotatable: false, setWindowRect: true, takesHeapSnapshot: true, takesScreenshot: true, unexpectedAlertBehaviour: , unhandledPromptBehavior: , version: 72.0.3626.109, webStorageEnabled: true}
Session ID: 74b9049ef46b2057f83b5a02c950d192)
	at com.kms.katalon.core.keyword.internal.KeywordMain.stepFailed(KeywordMain.groovy:36)
	at com.kms.katalon.core.webui.keyword.internal.WebUIKeywordMain.stepFailed(WebUIKeywordMain.groovy:65)
	at com.kms.katalon.core.webui.keyword.internal.WebUIKeywordMain.runKeyword(WebUIKeywordMain.groovy:27)
	at com.kms.katalon.core.webui.keyword.builtin.ClickKeyword.click(ClickKeyword.groovy:86)
	at com.kms.katalon.core.webui.keyword.builtin.ClickKeyword.execute(ClickKeyword.groovy:67)
	at com.kms.katalon.core.keyword.internal.KeywordExecutor.executeKeywordForPlatform(KeywordExecutor.groovy:53)
	at com.kms.katalon.core.webui.keyword.WebUiBuiltInKeywords.click(WebUiBuiltInKeywords.groovy:604)
	at com.kms.katalon.core.webui.keyword.WebUiBuiltInKeywords$click$9.call(Unknown Source)
	at Navigation - Allowances.run(Navigation - Allowances:38)
	at com.kms.katalon.core.main.ScriptEngine.run(ScriptEngine.java:194)
	at com.kms.katalon.core.main.ScriptEngine.runScriptAsRawText(ScriptEngine.java:119)
	at com.kms.katalon.core.main.TestCaseExecutor.runScript(TestCaseExecutor.java:328)
	at com.kms.katalon.core.main.TestCaseExecutor.doExecute(TestCaseExecutor.java:319)
	at com.kms.katalon.core.main.TestCaseExecutor.processExecutionPhase(TestCaseExecutor.java:298)
	at com.kms.katalon.core.main.TestCaseExecutor.accessMainPhase(TestCaseExecutor.java:290)
	at com.kms.katalon.core.main.TestCaseExecutor.execute(TestCaseExecutor.java:224)
	at com.kms.katalon.core.main.TestCaseMain.runTestCase(TestCaseMain.java:106)
	at com.kms.katalon.core.keyword.builtin.CallTestCaseKeyword$_callTestCase_closure1.doCall(CallTestCaseKeyword.groovy:59)
	at com.kms.katalon.core.keyword.builtin.CallTestCaseKeyword$_callTestCase_closure1.call(CallTestCaseKeyword.groovy)
	at com.kms.katalon.core.keyword.internal.KeywordMain.runKeyword(KeywordMain.groovy:54)
	at com.kms.katalon.core.keyword.builtin.CallTestCaseKeyword.callTestCase(CallTestCaseKeyword.groovy:80)
	at com.kms.katalon.core.keyword.builtin.CallTestCaseKeyword.execute(CallTestCaseKeyword.groovy:44)
	at com.kms.katalon.core.keyword.internal.KeywordExecutor.executeKeywordForPlatform(KeywordExecutor.groovy:53)
	at com.kms.katalon.core.keyword.BuiltinKeywords.callTestCase(BuiltinKeywords.groovy:334)
	at NavigationYourPayAndBenefits.run(NavigationYourPayAndBenefits:18)
	at com.kms.katalon.core.main.ScriptEngine.run(ScriptEngine.java:194)
	at com.kms.katalon.core.main.ScriptEngine.runScriptAsRawText(ScriptEngine.java:119)
	at com.kms.katalon.core.main.TestCaseExecutor.runScript(TestCaseExecutor.java:328)
	at com.kms.katalon.core.main.TestCaseExecutor.doExecute(TestCaseExecutor.java:319)
	at com.kms.katalon.core.main.TestCaseExecutor.processExecutionPhase(TestCaseExecutor.java:298)
	at com.kms.katalon.core.main.TestCaseExecutor.accessMainPhase(TestCaseExecutor.java:290)
	at com.kms.katalon.core.main.TestCaseExecutor.execute(TestCaseExecutor.java:224)
	at com.kms.katalon.core.main.TestSuiteExecutor.accessTestCaseMainPhase(TestSuiteExecutor.java:129)
	at com.kms.katalon.core.main.TestSuiteExecutor.accessTestSuiteMainPhase(TestSuiteExecutor.java:112)
	at com.kms.katalon.core.main.TestSuiteExecutor.execute(TestSuiteExecutor.java:81)
	at com.kms.katalon.core.main.TestCaseMain.startTestSuite(TestCaseMain.java:149)
	at com.kms.katalon.core.main.TestCaseMain$startTestSuite$0.call(Unknown Source)
	at TempTestSuite1550492203213.run(TempTestSuite1550492203213.groovy:36)]]></system-err>
   </testsuite>
</testsuites>
