<?xml version="1.0" encoding="UTF-8"?>
<testsuites name="Smoke Test" time="596" tests="11" failures="2" errors="0">
   <testsuite name="Smoke Test" tests="11" failures="2" errors="0" time="596" timestamp="2019-02-19 09:04:12" hostname="SD466525 - PC0871RF.SD.DIKA.BE" id="Test Suites/Smoke Test">
      <properties>
         <property name="deviceName" value=""/>
         <property name="devicePlatform" value=""/>
         <property name="logFolder" value="C:\\Users\\SD466525.DAN001\\git\\Test-Automation_ToolkitVersion2\\Reports\\Smoke Test\\20190219_090403"/>
         <property name="logFiles" value="C:\\Users\\SD466525.DAN001\\git\\Test-Automation_ToolkitVersion2\\Reports\\Smoke Test\\20190219_090403\\execution0.log"/>
         <property name="attachments" value="C:\\Users\\SD466525.DAN001\\git\\Test-Automation_ToolkitVersion2\\Reports\\Smoke Test\\20190219_090403\\1550552840277.png, C:\\Users\\SD466525.DAN001\\git\\Test-Automation_ToolkitVersion2\\Reports\\Smoke Test\\20190219_090403\\1550553247905.png"/>
         <property name="hostName" value="SD466525 - PC0871RF.SD.DIKA.BE"/>
         <property name="os" value="Windows 10 64bit"/>
         <property name="katalonVersion" value="5.10.0.1"/>
         <property name="browser" value="Chrome 72.0.3626.109"/>
         <property name="hostAddress" value="192.168.97.1"/>
         <property name="sessionId" value="bf936eadaa905bd0dc2dec22909adc96"/>
         <property name="seleniumVersion" value="3.7.1"/>
         <property name="proxyInformation" value="ProxyInformation{proxyOption=NO_PROXY, proxyServerType=HTTP, password=, proxyServerAddress=, proxyServerPort=0}"/>
         <property name="platform" value="Windows 10"/>
      </properties>
      <testcase name="Test Cases/Smoke Test/ValidLogin" classname="Test Cases/Smoke Test/ValidLogin" status="PASSED">
         <system-out><![CDATA[2019-02-19 09:04:12 - [TEST_CASE][PASSED] - Test Cases/Smoke Test/ValidLogin: Test Cases/Smoke Test/ValidLogin

2019-02-19 09:04:13 - [TEST_STEP][PASSED] - openBrowser(findTestData("Environment").getValue("URL", 1)): Browser is opened with url: 'https://implementationuat.sdworx.co.uk/'

2019-02-19 09:04:15 - [MESSAGE][INFO] - Starting 'Chrome' driver

2019-02-19 09:04:15 - [MESSAGE][INFO] - Action delay is set to 0 seconds

2019-02-19 09:04:52 - [MESSAGE][PASSED] - Browser is opened with url: 'https://implementationuat.sdworx.co.uk/'

2019-02-19 09:04:52 - [TEST_STEP][PASSED] - maximizeWindow(): Current window maximized

2019-02-19 09:04:53 - [MESSAGE][PASSED] - Current window maximized

2019-02-19 09:04:53 - [TEST_STEP][PASSED] - navigateToUrl(findTestData("Environment").getValue("URL", 1)): Navigate to 'https://implementationuat.sdworx.co.uk/' successfully

2019-02-19 09:04:55 - [MESSAGE][PASSED] - Navigate to 'https://implementationuat.sdworx.co.uk/' successfully

2019-02-19 09:04:55 - [TEST_STEP][PASSED] - setText(findTestObject("Object Repository/Login/input_Email"), findTestData("Login").getValue("Username", 1)): Text 'purmanand.roopnah@sdworx.com' is set on object 'Object Repository/Login/input_Email'

2019-02-19 09:04:55 - [MESSAGE][PASSED] - Text 'purmanand.roopnah@sdworx.com' is set on object 'Object Repository/Login/input_Email'

2019-02-19 09:04:55 - [TEST_STEP][PASSED] - setText(findTestObject("Object Repository/Login/input_Password"), findTestData("Login").getValue("Password", 1)): Text 'Manish_2505' is set on object 'Object Repository/Login/input_Password'

2019-02-19 09:04:55 - [MESSAGE][PASSED] - Text 'Manish_2505' is set on object 'Object Repository/Login/input_Password'

2019-02-19 09:04:55 - [TEST_STEP][PASSED] - click(findTestObject("Object Repository/Login/input_btn btn-default")): Object: 'Object Repository/Login/input_btn btn-default' is clicked on

2019-02-19 09:05:10 - [MESSAGE][PASSED] - Object: 'Object Repository/Login/input_btn btn-default' is clicked on

2019-02-19 09:05:10 - [TEST_STEP][NOT_RUN] - selectOptionByLabel(findTestObject("Dropdown Lists/Select Organisation/Select Org"), "Panasonic Mauritius", true): NOT_RUN: selectOptionByLabel(findTestObject("Dropdown Lists/Select Organisation/Select Org"), "Panasonic Mauritius", true)

2019-02-19 09:05:10 - [MESSAGE][NOT_RUN] - NOT_RUN: selectOptionByLabel(findTestObject("Dropdown Lists/Select Organisation/Select Org"), "Panasonic Mauritius", true)

2019-02-19 09:05:10 - [TEST_STEP][NOT_RUN] - verifyElementPresent(findTestObject("Logout/Logout_dropdown"), 10, CONTINUE_ON_FAILURE): NOT_RUN: verifyElementPresent(findTestObject("Logout/Logout_dropdown"), 10, CONTINUE_ON_FAILURE)

2019-02-19 09:05:10 - [MESSAGE][NOT_RUN] - NOT_RUN: verifyElementPresent(findTestObject("Logout/Logout_dropdown"), 10, CONTINUE_ON_FAILURE)

2019-02-19 09:05:10 - [TEST_STEP][NOT_RUN] - click(findTestObject("Logout/Logout_dropdown")): NOT_RUN: click(findTestObject("Logout/Logout_dropdown"))

2019-02-19 09:05:10 - [MESSAGE][NOT_RUN] - NOT_RUN: click(findTestObject("Logout/Logout_dropdown"))

2019-02-19 09:05:10 - [TEST_STEP][NOT_RUN] - verifyElementPresent(findTestObject("Logout/a_Logout"), 10, CONTINUE_ON_FAILURE): NOT_RUN: verifyElementPresent(findTestObject("Logout/a_Logout"), 10, CONTINUE_ON_FAILURE)

2019-02-19 09:05:10 - [MESSAGE][NOT_RUN] - NOT_RUN: verifyElementPresent(findTestObject("Logout/a_Logout"), 10, CONTINUE_ON_FAILURE)

2019-02-19 09:05:10 - [TEST_STEP][NOT_RUN] - click(findTestObject("Logout/a_Logout")): NOT_RUN: click(findTestObject("Logout/a_Logout"))

2019-02-19 09:05:10 - [MESSAGE][NOT_RUN] - NOT_RUN: click(findTestObject("Logout/a_Logout"))

2019-02-19 09:05:10 - [TEST_STEP][NOT_RUN] - closeBrowser(): NOT_RUN: closeBrowser()

2019-02-19 09:05:10 - [MESSAGE][NOT_RUN] - NOT_RUN: closeBrowser()

2019-02-19 09:05:10 - [TEST_STEP][NOT_RUN] - toolkit.MySql.connectDB("CERRSQL2UTIL.aspnc.local", "ImplementationToolkit ", "4413", "ImpToolkit", "0E47iz93"): NOT_RUN: toolkit.MySql.connectDB("CERRSQL2UTIL.aspnc.local", "ImplementationToolkit ", "4413", "ImpToolkit", "0E47iz93")

2019-02-19 09:05:10 - [MESSAGE][NOT_RUN] - NOT_RUN: toolkit.MySql.connectDB("CERRSQL2UTIL.aspnc.local", "ImplementationToolkit ", "4413", "ImpToolkit", "0E47iz93")

2019-02-19 09:05:10 - [TEST_STEP][NOT_RUN] - Data = toolkit.MySql.executeQuery("select id from AspNetUsers where Email='purmanand.roopnah@sdworx.com';"): NOT_RUN: Data = toolkit.MySql.executeQuery("select id from AspNetUsers where Email='purmanand.roopnah@sdworx.com';")

2019-02-19 09:05:10 - [MESSAGE][NOT_RUN] - NOT_RUN: Data = toolkit.MySql.executeQuery("select id from AspNetUsers where Email='purmanand.roopnah@sdworx.com';")

2019-02-19 09:05:10 - [TEST_STEP][NOT_RUN] - PrintLn("Data"): NOT_RUN: PrintLn("Data")

2019-02-19 09:05:10 - [MESSAGE][NOT_RUN] - NOT_RUN: PrintLn("Data")]]></system-out>
         <system-err><![CDATA[]]></system-err>
      </testcase>
      <testcase name="Test Cases/Smoke Test/InvalidLogin" classname="Test Cases/Smoke Test/InvalidLogin" status="PASSED">
         <system-out><![CDATA[2019-02-19 09:05:10 - [TEST_CASE][PASSED] - Test Cases/Smoke Test/InvalidLogin: Test Cases/Smoke Test/InvalidLogin

2019-02-19 09:05:11 - [TEST_STEP][PASSED] - openBrowser(findTestData("Environment").getValue("URL", 1)): Browser is opened with url: 'https://implementationuat.sdworx.co.uk/'

2019-02-19 09:05:11 - [MESSAGE][WARNING] - A browser is already opened. Closing browser and opening a new one

2019-02-19 09:05:12 - [MESSAGE][INFO] - Starting 'Chrome' driver

2019-02-19 09:05:17 - [MESSAGE][PASSED] - Browser is opened with url: 'https://implementationuat.sdworx.co.uk/'

2019-02-19 09:05:17 - [TEST_STEP][PASSED] - maximizeWindow(): Current window maximized

2019-02-19 09:05:18 - [MESSAGE][PASSED] - Current window maximized

2019-02-19 09:05:18 - [TEST_STEP][PASSED] - navigateToUrl(findTestData("Environment").getValue("URL", 1)): Navigate to 'https://implementationuat.sdworx.co.uk/' successfully

2019-02-19 09:05:19 - [MESSAGE][PASSED] - Navigate to 'https://implementationuat.sdworx.co.uk/' successfully

2019-02-19 09:05:19 - [TEST_STEP][PASSED] - setText(findTestObject("Object Repository/Login/input_Email"), findTestData("Login").getValue("Username", 5)): Text 'purmanand.roopnah@sdworx.com' is set on object 'Object Repository/Login/input_Email'

2019-02-19 09:05:20 - [MESSAGE][PASSED] - Text 'purmanand.roopnah@sdworx.com' is set on object 'Object Repository/Login/input_Email'

2019-02-19 09:05:20 - [TEST_STEP][PASSED] - setText(findTestObject("Object Repository/Login/input_Password"), findTestData("Login").getValue("Password", 5)): Text 'tttt' is set on object 'Object Repository/Login/input_Password'

2019-02-19 09:05:20 - [MESSAGE][PASSED] - Text 'tttt' is set on object 'Object Repository/Login/input_Password'

2019-02-19 09:05:20 - [TEST_STEP][PASSED] - click(findTestObject("Object Repository/Login/input_btn btn-default")): Object: 'Object Repository/Login/input_btn btn-default' is clicked on

2019-02-19 09:05:21 - [MESSAGE][PASSED] - Object: 'Object Repository/Login/input_btn btn-default' is clicked on

2019-02-19 09:05:21 - [TEST_STEP][PASSED] - verifyElementPresent(findTestObject("Fields Validation/Login/InvalidLogin"), 0, CONTINUE_ON_FAILURE): Object 'Object Repository/Fields Validation/Login/InvalidLogin' is present

2019-02-19 09:05:21 - [MESSAGE][WARNING] - Timeout '0' is invalid. Using default page load timeout: '30'

2019-02-19 09:05:21 - [MESSAGE][PASSED] - Object 'Object Repository/Fields Validation/Login/InvalidLogin' is present

2019-02-19 09:05:21 - [TEST_STEP][PASSED] - closeBrowser(): Browser is closed

2019-02-19 09:05:22 - [MESSAGE][PASSED] - Browser is closed]]></system-out>
         <system-err><![CDATA[]]></system-err>
      </testcase>
      <testcase name="Test Cases/Smoke Test/Navigation Your Payroll Rules" classname="Test Cases/Smoke Test/Navigation Your Payroll Rules" status="PASSED">
         <system-out><![CDATA[2019-02-19 09:05:22 - [TEST_CASE][PASSED] - Test Cases/Smoke Test/Navigation Your Payroll Rules: Test Cases/Smoke Test/Navigation Your Payroll Rules

2019-02-19 09:05:22 - [TEST_STEP][PASSED] - callTestCase(findTestCase("Smoke Test/ValidLogin"), [:], CONTINUE_ON_FAILURE): Call Test Case 'Test Cases/Smoke Test/ValidLogin' successfully

2019-02-19 09:05:22 - [TEST_CASE][PASSED] - Test Cases/Smoke Test/ValidLogin: Test Cases/Smoke Test/ValidLogin

2019-02-19 09:05:22 - [TEST_STEP][PASSED] - openBrowser(findTestData("Environment").getValue("URL", 1)): Browser is opened with url: 'https://implementationuat.sdworx.co.uk/'

2019-02-19 09:05:22 - [MESSAGE][INFO] - Starting 'Chrome' driver

2019-02-19 09:05:30 - [MESSAGE][PASSED] - Browser is opened with url: 'https://implementationuat.sdworx.co.uk/'

2019-02-19 09:05:30 - [TEST_STEP][PASSED] - maximizeWindow(): Current window maximized

2019-02-19 09:05:31 - [MESSAGE][PASSED] - Current window maximized

2019-02-19 09:05:31 - [TEST_STEP][PASSED] - navigateToUrl(findTestData("Environment").getValue("URL", 1)): Navigate to 'https://implementationuat.sdworx.co.uk/' successfully

2019-02-19 09:05:32 - [MESSAGE][PASSED] - Navigate to 'https://implementationuat.sdworx.co.uk/' successfully

2019-02-19 09:05:32 - [TEST_STEP][PASSED] - setText(findTestObject("Object Repository/Login/input_Email"), findTestData("Login").getValue("Username", 1)): Text 'purmanand.roopnah@sdworx.com' is set on object 'Object Repository/Login/input_Email'

2019-02-19 09:05:32 - [MESSAGE][PASSED] - Text 'purmanand.roopnah@sdworx.com' is set on object 'Object Repository/Login/input_Email'

2019-02-19 09:05:32 - [TEST_STEP][PASSED] - setText(findTestObject("Object Repository/Login/input_Password"), findTestData("Login").getValue("Password", 1)): Text 'Manish_2505' is set on object 'Object Repository/Login/input_Password'

2019-02-19 09:05:33 - [MESSAGE][PASSED] - Text 'Manish_2505' is set on object 'Object Repository/Login/input_Password'

2019-02-19 09:05:33 - [TEST_STEP][PASSED] - click(findTestObject("Object Repository/Login/input_btn btn-default")): Object: 'Object Repository/Login/input_btn btn-default' is clicked on

2019-02-19 09:05:35 - [MESSAGE][PASSED] - Object: 'Object Repository/Login/input_btn btn-default' is clicked on

2019-02-19 09:05:35 - [TEST_STEP][NOT_RUN] - selectOptionByLabel(findTestObject("Dropdown Lists/Select Organisation/Select Org"), "Panasonic Mauritius", true): NOT_RUN: selectOptionByLabel(findTestObject("Dropdown Lists/Select Organisation/Select Org"), "Panasonic Mauritius", true)

2019-02-19 09:05:35 - [MESSAGE][NOT_RUN] - NOT_RUN: selectOptionByLabel(findTestObject("Dropdown Lists/Select Organisation/Select Org"), "Panasonic Mauritius", true)

2019-02-19 09:05:35 - [TEST_STEP][NOT_RUN] - verifyElementPresent(findTestObject("Logout/Logout_dropdown"), 10, CONTINUE_ON_FAILURE): NOT_RUN: verifyElementPresent(findTestObject("Logout/Logout_dropdown"), 10, CONTINUE_ON_FAILURE)

2019-02-19 09:05:35 - [MESSAGE][NOT_RUN] - NOT_RUN: verifyElementPresent(findTestObject("Logout/Logout_dropdown"), 10, CONTINUE_ON_FAILURE)

2019-02-19 09:05:35 - [TEST_STEP][NOT_RUN] - click(findTestObject("Logout/Logout_dropdown")): NOT_RUN: click(findTestObject("Logout/Logout_dropdown"))

2019-02-19 09:05:35 - [MESSAGE][NOT_RUN] - NOT_RUN: click(findTestObject("Logout/Logout_dropdown"))

2019-02-19 09:05:35 - [TEST_STEP][NOT_RUN] - verifyElementPresent(findTestObject("Logout/a_Logout"), 10, CONTINUE_ON_FAILURE): NOT_RUN: verifyElementPresent(findTestObject("Logout/a_Logout"), 10, CONTINUE_ON_FAILURE)

2019-02-19 09:05:35 - [MESSAGE][NOT_RUN] - NOT_RUN: verifyElementPresent(findTestObject("Logout/a_Logout"), 10, CONTINUE_ON_FAILURE)

2019-02-19 09:05:35 - [TEST_STEP][NOT_RUN] - click(findTestObject("Logout/a_Logout")): NOT_RUN: click(findTestObject("Logout/a_Logout"))

2019-02-19 09:05:35 - [MESSAGE][NOT_RUN] - NOT_RUN: click(findTestObject("Logout/a_Logout"))

2019-02-19 09:05:35 - [TEST_STEP][NOT_RUN] - closeBrowser(): NOT_RUN: closeBrowser()

2019-02-19 09:05:35 - [MESSAGE][NOT_RUN] - NOT_RUN: closeBrowser()

2019-02-19 09:05:35 - [TEST_STEP][NOT_RUN] - toolkit.MySql.connectDB("CERRSQL2UTIL.aspnc.local", "ImplementationToolkit ", "4413", "ImpToolkit", "0E47iz93"): NOT_RUN: toolkit.MySql.connectDB("CERRSQL2UTIL.aspnc.local", "ImplementationToolkit ", "4413", "ImpToolkit", "0E47iz93")

2019-02-19 09:05:35 - [MESSAGE][NOT_RUN] - NOT_RUN: toolkit.MySql.connectDB("CERRSQL2UTIL.aspnc.local", "ImplementationToolkit ", "4413", "ImpToolkit", "0E47iz93")

2019-02-19 09:05:35 - [TEST_STEP][NOT_RUN] - Data = toolkit.MySql.executeQuery("select id from AspNetUsers where Email='purmanand.roopnah@sdworx.com';"): NOT_RUN: Data = toolkit.MySql.executeQuery("select id from AspNetUsers where Email='purmanand.roopnah@sdworx.com';")

2019-02-19 09:05:35 - [MESSAGE][NOT_RUN] - NOT_RUN: Data = toolkit.MySql.executeQuery("select id from AspNetUsers where Email='purmanand.roopnah@sdworx.com';")

2019-02-19 09:05:35 - [TEST_STEP][NOT_RUN] - PrintLn("Data"): NOT_RUN: PrintLn("Data")

2019-02-19 09:05:35 - [MESSAGE][NOT_RUN] - NOT_RUN: PrintLn("Data")

2019-02-19 09:05:36 - [MESSAGE][PASSED] - Call Test Case 'Test Cases/Smoke Test/ValidLogin' successfully

2019-02-19 09:05:36 - [TEST_STEP][PASSED] - callTestCase(findTestCase("Navigations/Navigation - Basic Details"), [:], CONTINUE_ON_FAILURE): Call Test Case 'Test Cases/Navigations/Navigation - Basic Details' successfully

2019-02-19 09:05:36 - [TEST_CASE][PASSED] - Test Cases/Navigations/Navigation - Basic Details: Test Cases/Navigations/Navigation - Basic Details

2019-02-19 09:05:36 - [TEST_STEP][PASSED] - delay(5): Delayed 5 second(s)

2019-02-19 09:05:41 - [MESSAGE][PASSED] - Delayed 5 second(s)

2019-02-19 09:05:41 - [TEST_STEP][PASSED] - click(findTestObject("Navigations/Navigation - Basics Details/Page_Implementation Toolkit/span_Your Payroll Rules")): Object: 'Object Repository/Navigations/Navigation - Basics Details/Page_Implementation Toolkit/span_Your Payroll Rules' is clicked on

2019-02-19 09:05:41 - [MESSAGE][PASSED] - Object: 'Object Repository/Navigations/Navigation - Basics Details/Page_Implementation Toolkit/span_Your Payroll Rules' is clicked on

2019-02-19 09:05:41 - [TEST_STEP][PASSED] - delay(2): Delayed 2 second(s)

2019-02-19 09:05:43 - [MESSAGE][PASSED] - Delayed 2 second(s)

2019-02-19 09:05:43 - [TEST_STEP][PASSED] - click(findTestObject("Navigations/Navigation - Basics Details/Page_Implementation Toolkit/a_Payroll Basic Details")): Object: 'Object Repository/Navigations/Navigation - Basics Details/Page_Implementation Toolkit/a_Payroll Basic Details' is clicked on

2019-02-19 09:05:46 - [MESSAGE][PASSED] - Object: 'Object Repository/Navigations/Navigation - Basics Details/Page_Implementation Toolkit/a_Payroll Basic Details' is clicked on

2019-02-19 09:05:46 - [TEST_STEP][PASSED] - delay(2): Delayed 2 second(s)

2019-02-19 09:05:48 - [MESSAGE][PASSED] - Delayed 2 second(s)

2019-02-19 09:05:48 - [TEST_STEP][PASSED] - mouseOver(findTestObject("Navigations/Navigation - Basics Details/Page_Implementation Toolkit/button_Next")): Object: 'Object Repository/Navigations/Navigation - Basics Details/Page_Implementation Toolkit/button_Next' is hovered

2019-02-19 09:05:48 - [MESSAGE][PASSED] - Object: 'Object Repository/Navigations/Navigation - Basics Details/Page_Implementation Toolkit/button_Next' is hovered

2019-02-19 09:05:48 - [TEST_STEP][PASSED] - click(findTestObject("Navigations/Navigation - Basics Details/Page_Implementation Toolkit/h3_Payroll Number")): Object: 'Object Repository/Navigations/Navigation - Basics Details/Page_Implementation Toolkit/h3_Payroll Number' is clicked on

2019-02-19 09:05:48 - [MESSAGE][PASSED] - Object: 'Object Repository/Navigations/Navigation - Basics Details/Page_Implementation Toolkit/h3_Payroll Number' is clicked on

2019-02-19 09:05:48 - [MESSAGE][PASSED] - Call Test Case 'Test Cases/Navigations/Navigation - Basic Details' successfully

2019-02-19 09:05:48 - [TEST_STEP][PASSED] - callTestCase(findTestCase("Navigations/Navigation - Tax Groups"), [:], CONTINUE_ON_FAILURE): Call Test Case 'Test Cases/Navigations/Navigation - Tax Groups' successfully

2019-02-19 09:05:48 - [TEST_CASE][PASSED] - Test Cases/Navigations/Navigation - Tax Groups: Test Cases/Navigations/Navigation - Tax Groups

2019-02-19 09:05:48 - [TEST_STEP][PASSED] - delay(2): Delayed 2 second(s)

2019-02-19 09:05:50 - [MESSAGE][PASSED] - Delayed 2 second(s)

2019-02-19 09:05:50 - [TEST_STEP][PASSED] - click(findTestObject("Navigations/Navigation - Basics Details/Page_Implementation Toolkit/span_Your Payroll Rules")): Object: 'Object Repository/Navigations/Navigation - Basics Details/Page_Implementation Toolkit/span_Your Payroll Rules' is clicked on

2019-02-19 09:05:50 - [MESSAGE][PASSED] - Object: 'Object Repository/Navigations/Navigation - Basics Details/Page_Implementation Toolkit/span_Your Payroll Rules' is clicked on

2019-02-19 09:05:50 - [TEST_STEP][PASSED] - delay(3): Delayed 3 second(s)

2019-02-19 09:05:53 - [MESSAGE][PASSED] - Delayed 3 second(s)

2019-02-19 09:05:53 - [TEST_STEP][PASSED] - click(findTestObject("Navigations/Navigation - Tax Groups/a_Tax Groups")): Object: 'Object Repository/Navigations/Navigation - Tax Groups/a_Tax Groups' is clicked on

2019-02-19 09:05:55 - [MESSAGE][PASSED] - Object: 'Object Repository/Navigations/Navigation - Tax Groups/a_Tax Groups' is clicked on

2019-02-19 09:05:55 - [TEST_STEP][PASSED] - delay(2): Delayed 2 second(s)

2019-02-19 09:05:57 - [MESSAGE][PASSED] - Delayed 2 second(s)

2019-02-19 09:05:57 - [TEST_STEP][PASSED] - verifyElementPresent(findTestObject("Navigations/Navigation - Tax Groups/a_Add Tax Group"), 0, CONTINUE_ON_FAILURE): Object 'Object Repository/Navigations/Navigation - Tax Groups/a_Add Tax Group' is present

2019-02-19 09:05:57 - [MESSAGE][WARNING] - Timeout '0' is invalid. Using default page load timeout: '30'

2019-02-19 09:05:57 - [MESSAGE][PASSED] - Object 'Object Repository/Navigations/Navigation - Tax Groups/a_Add Tax Group' is present

2019-02-19 09:05:57 - [TEST_STEP][PASSED] - click(findTestObject("Navigations/Navigation - Tax Groups/SearchButton")): Object: 'Object Repository/Navigations/Navigation - Tax Groups/SearchButton' is clicked on

2019-02-19 09:05:58 - [MESSAGE][PASSED] - Object: 'Object Repository/Navigations/Navigation - Tax Groups/SearchButton' is clicked on

2019-02-19 09:05:58 - [MESSAGE][PASSED] - Call Test Case 'Test Cases/Navigations/Navigation - Tax Groups' successfully

2019-02-19 09:05:58 - [TEST_STEP][PASSED] - callTestCase(findTestCase("Navigations/Navigation - Pay Groups"), [:], CONTINUE_ON_FAILURE): Call Test Case 'Test Cases/Navigations/Navigation - Pay Groups' successfully

2019-02-19 09:05:58 - [TEST_CASE][PASSED] - Test Cases/Navigations/Navigation - Pay Groups: Test Cases/Navigations/Navigation - Pay Groups

2019-02-19 09:05:58 - [TEST_STEP][PASSED] - click(findTestObject("Navigations/Navigation - Pay Groups/a_Your Payroll Rules")): Object: 'Object Repository/Navigations/Navigation - Pay Groups/a_Your Payroll Rules' is clicked on

2019-02-19 09:05:58 - [MESSAGE][PASSED] - Object: 'Object Repository/Navigations/Navigation - Pay Groups/a_Your Payroll Rules' is clicked on

2019-02-19 09:05:58 - [TEST_STEP][PASSED] - delay(2): Delayed 2 second(s)

2019-02-19 09:06:00 - [MESSAGE][PASSED] - Delayed 2 second(s)

2019-02-19 09:06:00 - [TEST_STEP][PASSED] - click(findTestObject("Navigations/Navigation - Pay Groups/a_Pay Groups")): Object: 'Object Repository/Navigations/Navigation - Pay Groups/a_Pay Groups' is clicked on

2019-02-19 09:06:01 - [MESSAGE][PASSED] - Object: 'Object Repository/Navigations/Navigation - Pay Groups/a_Pay Groups' is clicked on

2019-02-19 09:06:01 - [TEST_STEP][PASSED] - verifyElementPresent(findTestObject("Navigations/Navigation - Pay Groups/a_Add Paygroup"), 0): Object 'Object Repository/Navigations/Navigation - Pay Groups/a_Add Paygroup' is present

2019-02-19 09:06:01 - [MESSAGE][WARNING] - Timeout '0' is invalid. Using default page load timeout: '30'

2019-02-19 09:06:01 - [MESSAGE][PASSED] - Object 'Object Repository/Navigations/Navigation - Pay Groups/a_Add Paygroup' is present

2019-02-19 09:06:01 - [TEST_STEP][PASSED] - click(findTestObject("Navigations/Navigation - Tax Groups/SearchButton")): Object: 'Object Repository/Navigations/Navigation - Tax Groups/SearchButton' is clicked on

2019-02-19 09:06:02 - [MESSAGE][PASSED] - Object: 'Object Repository/Navigations/Navigation - Tax Groups/SearchButton' is clicked on

2019-02-19 09:06:02 - [MESSAGE][PASSED] - Call Test Case 'Test Cases/Navigations/Navigation - Pay Groups' successfully

2019-02-19 09:06:02 - [TEST_STEP][PASSED] - callTestCase(findTestCase("Navigations/Navigation - Department"), [:], CONTINUE_ON_FAILURE): Call Test Case 'Test Cases/Navigations/Navigation - Department' successfully

2019-02-19 09:06:02 - [TEST_CASE][PASSED] - Test Cases/Navigations/Navigation - Department: Test Cases/Navigations/Navigation - Department

2019-02-19 09:06:02 - [TEST_STEP][PASSED] - delay(2): Delayed 2 second(s)

2019-02-19 09:06:04 - [MESSAGE][PASSED] - Delayed 2 second(s)

2019-02-19 09:06:04 - [TEST_STEP][PASSED] - click(findTestObject("Navigations/Navigation - Departments/a_Your Payroll Rules")): Object: 'Object Repository/Navigations/Navigation - Departments/a_Your Payroll Rules' is clicked on

2019-02-19 09:06:04 - [MESSAGE][PASSED] - Object: 'Object Repository/Navigations/Navigation - Departments/a_Your Payroll Rules' is clicked on

2019-02-19 09:06:04 - [TEST_STEP][PASSED] - delay(2): Delayed 2 second(s)

2019-02-19 09:06:06 - [MESSAGE][PASSED] - Delayed 2 second(s)

2019-02-19 09:06:06 - [TEST_STEP][PASSED] - click(findTestObject("Navigations/Navigation - Departments/a_Departments")): Object: 'Object Repository/Navigations/Navigation - Departments/a_Departments' is clicked on

2019-02-19 09:06:08 - [MESSAGE][PASSED] - Object: 'Object Repository/Navigations/Navigation - Departments/a_Departments' is clicked on

2019-02-19 09:06:08 - [TEST_STEP][PASSED] - delay(2): Delayed 2 second(s)

2019-02-19 09:06:10 - [MESSAGE][PASSED] - Delayed 2 second(s)

2019-02-19 09:06:10 - [TEST_STEP][PASSED] - verifyElementPresent(findTestObject("Navigations/Navigation - Departments/button_Add Department"), 0, CONTINUE_ON_FAILURE): Object 'Object Repository/Navigations/Navigation - Departments/button_Add Department' is present

2019-02-19 09:06:10 - [MESSAGE][WARNING] - Timeout '0' is invalid. Using default page load timeout: '30'

2019-02-19 09:06:10 - [MESSAGE][PASSED] - Object 'Object Repository/Navigations/Navigation - Departments/button_Add Department' is present

2019-02-19 09:06:10 - [TEST_STEP][PASSED] - click(findTestObject("Navigations/Navigation - Departments/button_Add Department")): Object: 'Object Repository/Navigations/Navigation - Departments/button_Add Department' is clicked on

2019-02-19 09:06:10 - [MESSAGE][PASSED] - Object: 'Object Repository/Navigations/Navigation - Departments/button_Add Department' is clicked on

2019-02-19 09:06:10 - [TEST_STEP][PASSED] - verifyTextPresent("Action", false): Text 'Action' is present on page 

2019-02-19 09:06:10 - [MESSAGE][PASSED] - Text 'Action' is present on page 

2019-02-19 09:06:10 - [MESSAGE][PASSED] - Call Test Case 'Test Cases/Navigations/Navigation - Department' successfully

2019-02-19 09:06:10 - [TEST_STEP][PASSED] - callTestCase(findTestCase("Navigations/Navigation - Cost Code"), [:], CONTINUE_ON_FAILURE): Call Test Case 'Test Cases/Navigations/Navigation - Cost Code' successfully

2019-02-19 09:06:10 - [TEST_CASE][PASSED] - Test Cases/Navigations/Navigation - Cost Code: Test Cases/Navigations/Navigation - Cost Code

2019-02-19 09:06:10 - [TEST_STEP][PASSED] - delay(2): Delayed 2 second(s)

2019-02-19 09:06:12 - [MESSAGE][PASSED] - Delayed 2 second(s)

2019-02-19 09:06:12 - [TEST_STEP][PASSED] - click(findTestObject("Navigations/Navigation - Cost Code/a_Your Payroll Rules")): Object: 'Object Repository/Navigations/Navigation - Cost Code/a_Your Payroll Rules' is clicked on

2019-02-19 09:06:12 - [MESSAGE][PASSED] - Object: 'Object Repository/Navigations/Navigation - Cost Code/a_Your Payroll Rules' is clicked on

2019-02-19 09:06:12 - [TEST_STEP][PASSED] - delay(2): Delayed 2 second(s)

2019-02-19 09:06:14 - [MESSAGE][PASSED] - Delayed 2 second(s)

2019-02-19 09:06:14 - [TEST_STEP][PASSED] - click(findTestObject("Navigations/Navigation - Cost Code/a_Cost Codes")): Object: 'Object Repository/Navigations/Navigation - Cost Code/a_Cost Codes' is clicked on

2019-02-19 09:06:16 - [MESSAGE][PASSED] - Object: 'Object Repository/Navigations/Navigation - Cost Code/a_Cost Codes' is clicked on

2019-02-19 09:06:16 - [TEST_STEP][PASSED] - delay(2): Delayed 2 second(s)

2019-02-19 09:06:18 - [MESSAGE][PASSED] - Delayed 2 second(s)

2019-02-19 09:06:18 - [TEST_STEP][PASSED] - click(findTestObject("Navigations/Navigation - Cost Code/a_Add Cost Code")): Object: 'Object Repository/Navigations/Navigation - Cost Code/a_Add Cost Code' is clicked on

2019-02-19 09:06:18 - [MESSAGE][PASSED] - Object: 'Object Repository/Navigations/Navigation - Cost Code/a_Add Cost Code' is clicked on

2019-02-19 09:06:18 - [TEST_STEP][PASSED] - verifyTextPresent("Action", false): Text 'Action' is present on page 

2019-02-19 09:06:18 - [MESSAGE][PASSED] - Text 'Action' is present on page 

2019-02-19 09:06:18 - [MESSAGE][PASSED] - Call Test Case 'Test Cases/Navigations/Navigation - Cost Code' successfully

2019-02-19 09:06:18 - [TEST_STEP][PASSED] - callTestCase(findTestCase("Navigations/Navigation - Payroll Disbursements"), [:], CONTINUE_ON_FAILURE): Call Test Case 'Test Cases/Navigations/Navigation - Payroll Disbursements' successfully

2019-02-19 09:06:18 - [TEST_CASE][PASSED] - Test Cases/Navigations/Navigation - Payroll Disbursements: Test Cases/Navigations/Navigation - Payroll Disbursements

2019-02-19 09:06:18 - [TEST_STEP][PASSED] - delay(2): Delayed 2 second(s)

2019-02-19 09:06:20 - [MESSAGE][PASSED] - Delayed 2 second(s)

2019-02-19 09:06:20 - [TEST_STEP][PASSED] - click(findTestObject("Navigations/Navigation - Payroll Disbursements/span_Your Payroll Rules")): Object: 'Object Repository/Navigations/Navigation - Payroll Disbursements/span_Your Payroll Rules' is clicked on

2019-02-19 09:06:21 - [MESSAGE][PASSED] - Object: 'Object Repository/Navigations/Navigation - Payroll Disbursements/span_Your Payroll Rules' is clicked on

2019-02-19 09:06:21 - [TEST_STEP][PASSED] - delay(2): Delayed 2 second(s)

2019-02-19 09:06:23 - [MESSAGE][PASSED] - Delayed 2 second(s)

2019-02-19 09:06:23 - [TEST_STEP][PASSED] - click(findTestObject("Navigations/Navigation - Payroll Disbursements/a_Payroll Disbursements")): Object: 'Object Repository/Navigations/Navigation - Payroll Disbursements/a_Payroll Disbursements' is clicked on

2019-02-19 09:06:25 - [MESSAGE][PASSED] - Object: 'Object Repository/Navigations/Navigation - Payroll Disbursements/a_Payroll Disbursements' is clicked on

2019-02-19 09:06:25 - [TEST_STEP][PASSED] - delay(2): Delayed 2 second(s)

2019-02-19 09:06:27 - [MESSAGE][PASSED] - Delayed 2 second(s)

2019-02-19 09:06:27 - [TEST_STEP][PASSED] - click(findTestObject("Navigations/Navigation - Payroll Disbursements/a_Add Disbursement")): Object: 'Object Repository/Navigations/Navigation - Payroll Disbursements/a_Add Disbursement' is clicked on

2019-02-19 09:06:27 - [MESSAGE][PASSED] - Object: 'Object Repository/Navigations/Navigation - Payroll Disbursements/a_Add Disbursement' is clicked on

2019-02-19 09:06:27 - [TEST_STEP][PASSED] - verifyTextPresent("Action", false): Text 'Action' is present on page 

2019-02-19 09:06:27 - [MESSAGE][PASSED] - Text 'Action' is present on page 

2019-02-19 09:06:27 - [MESSAGE][PASSED] - Call Test Case 'Test Cases/Navigations/Navigation - Payroll Disbursements' successfully

2019-02-19 09:06:27 - [TEST_STEP][PASSED] - callTestCase(findTestCase("Navigations/Navigation - Personal Data Codes"), [:], CONTINUE_ON_FAILURE): Call Test Case 'Test Cases/Navigations/Navigation - Personal Data Codes' successfully

2019-02-19 09:06:27 - [TEST_CASE][PASSED] - Test Cases/Navigations/Navigation - Personal Data Codes: Test Cases/Navigations/Navigation - Personal Data Codes

2019-02-19 09:06:27 - [TEST_STEP][PASSED] - delay(2): Delayed 2 second(s)

2019-02-19 09:06:29 - [MESSAGE][PASSED] - Delayed 2 second(s)

2019-02-19 09:06:29 - [TEST_STEP][PASSED] - click(findTestObject("Navigations/Navigation - Personal Data Codes/a_Your Payroll Rules")): Object: 'Object Repository/Navigations/Navigation - Personal Data Codes/a_Your Payroll Rules' is clicked on

2019-02-19 09:06:30 - [MESSAGE][PASSED] - Object: 'Object Repository/Navigations/Navigation - Personal Data Codes/a_Your Payroll Rules' is clicked on

2019-02-19 09:06:30 - [TEST_STEP][PASSED] - delay(2): Delayed 2 second(s)

2019-02-19 09:06:32 - [MESSAGE][PASSED] - Delayed 2 second(s)

2019-02-19 09:06:32 - [TEST_STEP][PASSED] - click(findTestObject("Navigations/Navigation - Personal Data Codes/a_Personnel Data Codes")): Object: 'Object Repository/Navigations/Navigation - Personal Data Codes/a_Personnel Data Codes' is clicked on

2019-02-19 09:06:33 - [MESSAGE][PASSED] - Object: 'Object Repository/Navigations/Navigation - Personal Data Codes/a_Personnel Data Codes' is clicked on

2019-02-19 09:06:33 - [TEST_STEP][PASSED] - delay(2): Delayed 2 second(s)

2019-02-19 09:06:35 - [MESSAGE][PASSED] - Delayed 2 second(s)

2019-02-19 09:06:35 - [TEST_STEP][PASSED] - click(findTestObject("Navigations/Navigation - Personal Data Codes/a_Add Data Code")): Object: 'Object Repository/Navigations/Navigation - Personal Data Codes/a_Add Data Code' is clicked on

2019-02-19 09:06:35 - [MESSAGE][PASSED] - Object: 'Object Repository/Navigations/Navigation - Personal Data Codes/a_Add Data Code' is clicked on

2019-02-19 09:06:35 - [TEST_STEP][PASSED] - verifyTextPresent("Action", false): Text 'Action' is present on page 

2019-02-19 09:06:35 - [MESSAGE][PASSED] - Text 'Action' is present on page 

2019-02-19 09:06:35 - [MESSAGE][PASSED] - Call Test Case 'Test Cases/Navigations/Navigation - Personal Data Codes' successfully

2019-02-19 09:06:35 - [TEST_STEP][PASSED] - callTestCase(findTestCase("Navigations/Navigation - Payroll Class"), [:], CONTINUE_ON_FAILURE): Call Test Case 'Test Cases/Navigations/Navigation - Payroll Class' successfully

2019-02-19 09:06:35 - [TEST_CASE][PASSED] - Test Cases/Navigations/Navigation - Payroll Class: Test Cases/Navigations/Navigation - Payroll Class

2019-02-19 09:06:35 - [TEST_STEP][PASSED] - delay(2): Delayed 2 second(s)

2019-02-19 09:06:37 - [MESSAGE][PASSED] - Delayed 2 second(s)

2019-02-19 09:06:37 - [TEST_STEP][PASSED] - click(findTestObject("Navigations/Navigation - Payroll Class/span_Your Payroll Rules")): Object: 'Object Repository/Navigations/Navigation - Payroll Class/span_Your Payroll Rules' is clicked on

2019-02-19 09:06:37 - [MESSAGE][PASSED] - Object: 'Object Repository/Navigations/Navigation - Payroll Class/span_Your Payroll Rules' is clicked on

2019-02-19 09:06:37 - [TEST_STEP][PASSED] - delay(2): Delayed 2 second(s)

2019-02-19 09:06:39 - [MESSAGE][PASSED] - Delayed 2 second(s)

2019-02-19 09:06:39 - [TEST_STEP][PASSED] - click(findTestObject("Navigations/Navigation - Payroll Class/a_Payroll Class")): Object: 'Object Repository/Navigations/Navigation - Payroll Class/a_Payroll Class' is clicked on

2019-02-19 09:06:40 - [MESSAGE][PASSED] - Object: 'Object Repository/Navigations/Navigation - Payroll Class/a_Payroll Class' is clicked on

2019-02-19 09:06:40 - [TEST_STEP][PASSED] - delay(2): Delayed 2 second(s)

2019-02-19 09:06:42 - [MESSAGE][PASSED] - Delayed 2 second(s)

2019-02-19 09:06:42 - [TEST_STEP][PASSED] - click(findTestObject("Navigations/Navigation - Payroll Class/a_Add Class")): Object: 'Object Repository/Navigations/Navigation - Payroll Class/a_Add Class' is clicked on

2019-02-19 09:06:43 - [MESSAGE][PASSED] - Object: 'Object Repository/Navigations/Navigation - Payroll Class/a_Add Class' is clicked on

2019-02-19 09:06:43 - [TEST_STEP][PASSED] - verifyTextPresent("Action", false): Text 'Action' is present on page 

2019-02-19 09:06:43 - [MESSAGE][PASSED] - Text 'Action' is present on page 

2019-02-19 09:06:43 - [MESSAGE][PASSED] - Call Test Case 'Test Cases/Navigations/Navigation - Payroll Class' successfully

2019-02-19 09:06:43 - [TEST_STEP][PASSED] - callTestCase(findTestCase("Navigations/Navigation - Payroll Category"), [:], CONTINUE_ON_FAILURE): Call Test Case 'Test Cases/Navigations/Navigation - Payroll Category' successfully

2019-02-19 09:06:43 - [TEST_CASE][PASSED] - Test Cases/Navigations/Navigation - Payroll Category: Test Cases/Navigations/Navigation - Payroll Category

2019-02-19 09:06:43 - [TEST_STEP][PASSED] - delay(2): Delayed 2 second(s)

2019-02-19 09:06:45 - [MESSAGE][PASSED] - Delayed 2 second(s)

2019-02-19 09:06:45 - [TEST_STEP][PASSED] - click(findTestObject("Navigations/Navigation - Tax Groups/a_Your Payroll Rules")): Object: 'Object Repository/Navigations/Navigation - Tax Groups/a_Your Payroll Rules' is clicked on

2019-02-19 09:06:45 - [MESSAGE][PASSED] - Object: 'Object Repository/Navigations/Navigation - Tax Groups/a_Your Payroll Rules' is clicked on

2019-02-19 09:06:45 - [TEST_STEP][PASSED] - delay(2): Delayed 2 second(s)

2019-02-19 09:06:47 - [MESSAGE][PASSED] - Delayed 2 second(s)

2019-02-19 09:06:47 - [TEST_STEP][PASSED] - click(findTestObject("Navigations/Navigation - Payroll Category/a_Payroll Category")): Object: 'Object Repository/Navigations/Navigation - Payroll Category/a_Payroll Category' is clicked on

2019-02-19 09:06:48 - [MESSAGE][PASSED] - Object: 'Object Repository/Navigations/Navigation - Payroll Category/a_Payroll Category' is clicked on

2019-02-19 09:06:48 - [TEST_STEP][PASSED] - delay(2): Delayed 2 second(s)

2019-02-19 09:06:50 - [MESSAGE][PASSED] - Delayed 2 second(s)

2019-02-19 09:06:50 - [TEST_STEP][PASSED] - click(findTestObject("Navigations/Navigation - Payroll Category/a_Add Category"), STOP_ON_FAILURE): Object: 'Object Repository/Navigations/Navigation - Payroll Category/a_Add Category' is clicked on

2019-02-19 09:06:51 - [MESSAGE][PASSED] - Object: 'Object Repository/Navigations/Navigation - Payroll Category/a_Add Category' is clicked on

2019-02-19 09:06:51 - [TEST_STEP][PASSED] - verifyTextPresent("Action", false): Text 'Action' is present on page 

2019-02-19 09:06:51 - [MESSAGE][PASSED] - Text 'Action' is present on page 

2019-02-19 09:06:51 - [MESSAGE][PASSED] - Call Test Case 'Test Cases/Navigations/Navigation - Payroll Category' successfully

2019-02-19 09:06:51 - [TEST_STEP][PASSED] - callTestCase(findTestCase("Navigations/Navigation - Holiday Rate Calculation"), [:], CONTINUE_ON_FAILURE): Call Test Case 'Test Cases/Navigations/Navigation - Holiday Rate Calculation' successfully

2019-02-19 09:06:51 - [TEST_CASE][PASSED] - Test Cases/Navigations/Navigation - Holiday Rate Calculation: Test Cases/Navigations/Navigation - Holiday Rate Calculation

2019-02-19 09:06:51 - [TEST_STEP][PASSED] - click(findTestObject("Navigations/Navigation - Holiday Rate Calculation/a_Your Payroll Rules")): Object: 'Object Repository/Navigations/Navigation - Holiday Rate Calculation/a_Your Payroll Rules' is clicked on

2019-02-19 09:06:51 - [MESSAGE][PASSED] - Object: 'Object Repository/Navigations/Navigation - Holiday Rate Calculation/a_Your Payroll Rules' is clicked on

2019-02-19 09:06:51 - [TEST_STEP][PASSED] - delay(2): Delayed 2 second(s)

2019-02-19 09:06:53 - [MESSAGE][PASSED] - Delayed 2 second(s)

2019-02-19 09:06:53 - [TEST_STEP][PASSED] - click(findTestObject("Navigations/Navigation - Holiday Rate Calculation/a_Holiday Rate Calculation")): Object: 'Object Repository/Navigations/Navigation - Holiday Rate Calculation/a_Holiday Rate Calculation' is clicked on

2019-02-19 09:06:55 - [MESSAGE][PASSED] - Object: 'Object Repository/Navigations/Navigation - Holiday Rate Calculation/a_Holiday Rate Calculation' is clicked on

2019-02-19 09:06:55 - [TEST_STEP][PASSED] - delay(2): Delayed 2 second(s)

2019-02-19 09:06:57 - [MESSAGE][PASSED] - Delayed 2 second(s)

2019-02-19 09:06:57 - [TEST_STEP][PASSED] - verifyElementPresent(findTestObject("Navigations/Navigation - Holiday Rate Calculation/button_Save"), 0): Object 'Object Repository/Navigations/Navigation - Holiday Rate Calculation/button_Save' is present

2019-02-19 09:06:57 - [MESSAGE][WARNING] - Timeout '0' is invalid. Using default page load timeout: '30'

2019-02-19 09:06:57 - [MESSAGE][PASSED] - Object 'Object Repository/Navigations/Navigation - Holiday Rate Calculation/button_Save' is present

2019-02-19 09:06:57 - [MESSAGE][PASSED] - Call Test Case 'Test Cases/Navigations/Navigation - Holiday Rate Calculation' successfully

2019-02-19 09:06:57 - [TEST_STEP][NOT_RUN] - callTestCase(findTestCase("Logout/Logout"), [:], STOP_ON_FAILURE): NOT_RUN: callTestCase(findTestCase("Logout/Logout"), [:], STOP_ON_FAILURE)

2019-02-19 09:06:57 - [MESSAGE][NOT_RUN] - NOT_RUN: callTestCase(findTestCase("Logout/Logout"), [:], STOP_ON_FAILURE)]]></system-out>
         <system-err><![CDATA[]]></system-err>
      </testcase>
      <testcase name="Test Cases/Smoke Test/NavigationYourPayAndBenefits" classname="Test Cases/Smoke Test/NavigationYourPayAndBenefits" status="FAILED">
         <failure type="FAILED" message="Test Cases/Smoke Test/NavigationYourPayAndBenefits FAILED.
Reason:
com.kms.katalon.core.exception.StepFailedException: Unable to click on object 'Object Repository/Navigations/Navigation - Allowances/button_Add Allowance' (Root cause: org.openqa.selenium.WebDriverException: unknown error: Element &lt;button class=&quot;add btn btn-success&quot; id=&quot;addAllowanceDetailsButton&quot; style=&quot;margin-bottom:5px;&quot;>...&lt;/button> is not clickable at point (177, 331). Other element would receive the click: &lt;div id=&quot;loader&quot;>&lt;/div>
  (Session info: chrome=72.0.3626.109)
  (Driver info: chromedriver=2.43.600210 (68dcf5eebde37173d4027fa8635e332711d2874a),platform=Windows NT 10.0.16299 x86_64) (WARNING: The server did not provide any stacktrace information)
Command duration or timeout: 0 milliseconds
Build info: version: '3.7.1', revision: '8a0099a', time: '2017-11-06T21:07:36.161Z'
System info: host: 'PC0871RF', ip: '192.168.97.1', os.name: 'Windows 10', os.arch: 'amd64', os.version: '10.0', java.version: '1.8.0_181'
Driver info: com.kms.katalon.selenium.driver.CChromeDriver
Capabilities {acceptInsecureCerts: false, acceptSslCerts: false, applicationCacheEnabled: false, browserConnectionEnabled: false, browserName: chrome, chrome: {chromedriverVersion: 2.43.600210 (68dcf5eebde371..., userDataDir: C:\Users\SD4665~1.DAN\AppDa...}, cssSelectorsEnabled: true, databaseEnabled: false, goog:chromeOptions: {debuggerAddress: localhost:63468}, handlesAlerts: true, hasTouchScreen: false, javascriptEnabled: true, locationContextEnabled: true, mobileEmulationEnabled: false, nativeEvents: true, networkConnectionEnabled: false, pageLoadStrategy: normal, platform: XP, platformName: XP, rotatable: false, setWindowRect: true, takesHeapSnapshot: true, takesScreenshot: true, unexpectedAlertBehaviour: , unhandledPromptBehavior: , version: 72.0.3626.109, webStorageEnabled: true}
Session ID: 2c9a396bf136be9eaf7b9b8357d44fd6)
	at com.kms.katalon.core.keyword.internal.KeywordMain.stepFailed(KeywordMain.groovy:36)
	at com.kms.katalon.core.webui.keyword.internal.WebUIKeywordMain.stepFailed(WebUIKeywordMain.groovy:65)
	at com.kms.katalon.core.webui.keyword.internal.WebUIKeywordMain.runKeyword(WebUIKeywordMain.groovy:27)
	at com.kms.katalon.core.webui.keyword.builtin.ClickKeyword.click(ClickKeyword.groovy:86)
	at com.kms.katalon.core.webui.keyword.builtin.ClickKeyword.execute(ClickKeyword.groovy:67)
	at com.kms.katalon.core.keyword.internal.KeywordExecutor.executeKeywordForPlatform(KeywordExecutor.groovy:53)
	at com.kms.katalon.core.webui.keyword.WebUiBuiltInKeywords.click(WebUiBuiltInKeywords.groovy:604)
	at com.kms.katalon.core.webui.keyword.WebUiBuiltInKeywords$click$9.call(Unknown Source)
	at Navigation - Allowances.run(Navigation - Allowances:38)
	at com.kms.katalon.core.main.ScriptEngine.run(ScriptEngine.java:194)
	at com.kms.katalon.core.main.ScriptEngine.runScriptAsRawText(ScriptEngine.java:119)
	at com.kms.katalon.core.main.TestCaseExecutor.runScript(TestCaseExecutor.java:328)
	at com.kms.katalon.core.main.TestCaseExecutor.doExecute(TestCaseExecutor.java:319)
	at com.kms.katalon.core.main.TestCaseExecutor.processExecutionPhase(TestCaseExecutor.java:298)
	at com.kms.katalon.core.main.TestCaseExecutor.accessMainPhase(TestCaseExecutor.java:290)
	at com.kms.katalon.core.main.TestCaseExecutor.execute(TestCaseExecutor.java:224)
	at com.kms.katalon.core.main.TestCaseMain.runTestCase(TestCaseMain.java:106)
	at com.kms.katalon.core.keyword.builtin.CallTestCaseKeyword$_callTestCase_closure1.doCall(CallTestCaseKeyword.groovy:59)
	at com.kms.katalon.core.keyword.builtin.CallTestCaseKeyword$_callTestCase_closure1.call(CallTestCaseKeyword.groovy)
	at com.kms.katalon.core.keyword.internal.KeywordMain.runKeyword(KeywordMain.groovy:54)
	at com.kms.katalon.core.keyword.builtin.CallTestCaseKeyword.callTestCase(CallTestCaseKeyword.groovy:80)
	at com.kms.katalon.core.keyword.builtin.CallTestCaseKeyword.execute(CallTestCaseKeyword.groovy:44)
	at com.kms.katalon.core.keyword.internal.KeywordExecutor.executeKeywordForPlatform(KeywordExecutor.groovy:53)
	at com.kms.katalon.core.keyword.BuiltinKeywords.callTestCase(BuiltinKeywords.groovy:334)
	at NavigationYourPayAndBenefits.run(NavigationYourPayAndBenefits:18)
	at com.kms.katalon.core.main.ScriptEngine.run(ScriptEngine.java:194)
	at com.kms.katalon.core.main.ScriptEngine.runScriptAsRawText(ScriptEngine.java:119)
	at com.kms.katalon.core.main.TestCaseExecutor.runScript(TestCaseExecutor.java:328)
	at com.kms.katalon.core.main.TestCaseExecutor.doExecute(TestCaseExecutor.java:319)
	at com.kms.katalon.core.main.TestCaseExecutor.processExecutionPhase(TestCaseExecutor.java:298)
	at com.kms.katalon.core.main.TestCaseExecutor.accessMainPhase(TestCaseExecutor.java:290)
	at com.kms.katalon.core.main.TestCaseExecutor.execute(TestCaseExecutor.java:224)
	at com.kms.katalon.core.main.TestSuiteExecutor.accessTestCaseMainPhase(TestSuiteExecutor.java:129)
	at com.kms.katalon.core.main.TestSuiteExecutor.accessTestSuiteMainPhase(TestSuiteExecutor.java:112)
	at com.kms.katalon.core.main.TestSuiteExecutor.execute(TestSuiteExecutor.java:81)
	at com.kms.katalon.core.main.TestCaseMain.startTestSuite(TestCaseMain.java:149)
	at com.kms.katalon.core.main.TestCaseMain$startTestSuite$0.call(Unknown Source)
	at TempTestSuite1550552648495.run(TempTestSuite1550552648495.groovy:36)
"/>
         <system-out><![CDATA[2019-02-19 09:06:57 - [TEST_CASE][FAILED] - Test Cases/Smoke Test/NavigationYourPayAndBenefits: Test Cases/Smoke Test/NavigationYourPayAndBenefits FAILED.
Reason:
com.kms.katalon.core.exception.StepFailedException: Unable to click on object 'Object Repository/Navigations/Navigation - Allowances/button_Add Allowance' (Root cause: org.openqa.selenium.WebDriverException: unknown error: Element <button class="add btn btn-success" id="addAllowanceDetailsButton" style="margin-bottom:5px;">...</button> is not clickable at point (177, 331). Other element would receive the click: <div id="loader"></div>
  (Session info: chrome=72.0.3626.109)
  (Driver info: chromedriver=2.43.600210 (68dcf5eebde37173d4027fa8635e332711d2874a),platform=Windows NT 10.0.16299 x86_64) (WARNING: The server did not provide any stacktrace information)
Command duration or timeout: 0 milliseconds
Build info: version: '3.7.1', revision: '8a0099a', time: '2017-11-06T21:07:36.161Z'
System info: host: 'PC0871RF', ip: '192.168.97.1', os.name: 'Windows 10', os.arch: 'amd64', os.version: '10.0', java.version: '1.8.0_181'
Driver info: com.kms.katalon.selenium.driver.CChromeDriver
Capabilities {acceptInsecureCerts: false, acceptSslCerts: false, applicationCacheEnabled: false, browserConnectionEnabled: false, browserName: chrome, chrome: {chromedriverVersion: 2.43.600210 (68dcf5eebde371..., userDataDir: C:\Users\SD4665~1.DAN\AppDa...}, cssSelectorsEnabled: true, databaseEnabled: false, goog:chromeOptions: {debuggerAddress: localhost:63468}, handlesAlerts: true, hasTouchScreen: false, javascriptEnabled: true, locationContextEnabled: true, mobileEmulationEnabled: false, nativeEvents: true, networkConnectionEnabled: false, pageLoadStrategy: normal, platform: XP, platformName: XP, rotatable: false, setWindowRect: true, takesHeapSnapshot: true, takesScreenshot: true, unexpectedAlertBehaviour: , unhandledPromptBehavior: , version: 72.0.3626.109, webStorageEnabled: true}
Session ID: 2c9a396bf136be9eaf7b9b8357d44fd6)
	at com.kms.katalon.core.keyword.internal.KeywordMain.stepFailed(KeywordMain.groovy:36)
	at com.kms.katalon.core.webui.keyword.internal.WebUIKeywordMain.stepFailed(WebUIKeywordMain.groovy:65)
	at com.kms.katalon.core.webui.keyword.internal.WebUIKeywordMain.runKeyword(WebUIKeywordMain.groovy:27)
	at com.kms.katalon.core.webui.keyword.builtin.ClickKeyword.click(ClickKeyword.groovy:86)
	at com.kms.katalon.core.webui.keyword.builtin.ClickKeyword.execute(ClickKeyword.groovy:67)
	at com.kms.katalon.core.keyword.internal.KeywordExecutor.executeKeywordForPlatform(KeywordExecutor.groovy:53)
	at com.kms.katalon.core.webui.keyword.WebUiBuiltInKeywords.click(WebUiBuiltInKeywords.groovy:604)
	at com.kms.katalon.core.webui.keyword.WebUiBuiltInKeywords$click$9.call(Unknown Source)
	at Navigation - Allowances.run(Navigation - Allowances:38)
	at com.kms.katalon.core.main.ScriptEngine.run(ScriptEngine.java:194)
	at com.kms.katalon.core.main.ScriptEngine.runScriptAsRawText(ScriptEngine.java:119)
	at com.kms.katalon.core.main.TestCaseExecutor.runScript(TestCaseExecutor.java:328)
	at com.kms.katalon.core.main.TestCaseExecutor.doExecute(TestCaseExecutor.java:319)
	at com.kms.katalon.core.main.TestCaseExecutor.processExecutionPhase(TestCaseExecutor.java:298)
	at com.kms.katalon.core.main.TestCaseExecutor.accessMainPhase(TestCaseExecutor.java:290)
	at com.kms.katalon.core.main.TestCaseExecutor.execute(TestCaseExecutor.java:224)
	at com.kms.katalon.core.main.TestCaseMain.runTestCase(TestCaseMain.java:106)
	at com.kms.katalon.core.keyword.builtin.CallTestCaseKeyword$_callTestCase_closure1.doCall(CallTestCaseKeyword.groovy:59)
	at com.kms.katalon.core.keyword.builtin.CallTestCaseKeyword$_callTestCase_closure1.call(CallTestCaseKeyword.groovy)
	at com.kms.katalon.core.keyword.internal.KeywordMain.runKeyword(KeywordMain.groovy:54)
	at com.kms.katalon.core.keyword.builtin.CallTestCaseKeyword.callTestCase(CallTestCaseKeyword.groovy:80)
	at com.kms.katalon.core.keyword.builtin.CallTestCaseKeyword.execute(CallTestCaseKeyword.groovy:44)
	at com.kms.katalon.core.keyword.internal.KeywordExecutor.executeKeywordForPlatform(KeywordExecutor.groovy:53)
	at com.kms.katalon.core.keyword.BuiltinKeywords.callTestCase(BuiltinKeywords.groovy:334)
	at NavigationYourPayAndBenefits.run(NavigationYourPayAndBenefits:18)
	at com.kms.katalon.core.main.ScriptEngine.run(ScriptEngine.java:194)
	at com.kms.katalon.core.main.ScriptEngine.runScriptAsRawText(ScriptEngine.java:119)
	at com.kms.katalon.core.main.TestCaseExecutor.runScript(TestCaseExecutor.java:328)
	at com.kms.katalon.core.main.TestCaseExecutor.doExecute(TestCaseExecutor.java:319)
	at com.kms.katalon.core.main.TestCaseExecutor.processExecutionPhase(TestCaseExecutor.java:298)
	at com.kms.katalon.core.main.TestCaseExecutor.accessMainPhase(TestCaseExecutor.java:290)
	at com.kms.katalon.core.main.TestCaseExecutor.execute(TestCaseExecutor.java:224)
	at com.kms.katalon.core.main.TestSuiteExecutor.accessTestCaseMainPhase(TestSuiteExecutor.java:129)
	at com.kms.katalon.core.main.TestSuiteExecutor.accessTestSuiteMainPhase(TestSuiteExecutor.java:112)
	at com.kms.katalon.core.main.TestSuiteExecutor.execute(TestSuiteExecutor.java:81)
	at com.kms.katalon.core.main.TestCaseMain.startTestSuite(TestCaseMain.java:149)
	at com.kms.katalon.core.main.TestCaseMain$startTestSuite$0.call(Unknown Source)
	at TempTestSuite1550552648495.run(TempTestSuite1550552648495.groovy:36)


2019-02-19 09:06:57 - [TEST_STEP][PASSED] - callTestCase(findTestCase("Smoke Test/ValidLogin"), [:], STOP_ON_FAILURE): Call Test Case 'Test Cases/Smoke Test/ValidLogin' successfully

2019-02-19 09:06:57 - [TEST_CASE][PASSED] - Test Cases/Smoke Test/ValidLogin: Test Cases/Smoke Test/ValidLogin

2019-02-19 09:06:57 - [TEST_STEP][PASSED] - openBrowser(findTestData("Environment").getValue("URL", 1)): Browser is opened with url: 'https://implementationuat.sdworx.co.uk/'

2019-02-19 09:06:57 - [MESSAGE][WARNING] - A browser is already opened. Closing browser and opening a new one

2019-02-19 09:06:58 - [MESSAGE][INFO] - Starting 'Chrome' driver

2019-02-19 09:07:04 - [MESSAGE][PASSED] - Browser is opened with url: 'https://implementationuat.sdworx.co.uk/'

2019-02-19 09:07:04 - [TEST_STEP][PASSED] - maximizeWindow(): Current window maximized

2019-02-19 09:07:05 - [MESSAGE][PASSED] - Current window maximized

2019-02-19 09:07:05 - [TEST_STEP][PASSED] - navigateToUrl(findTestData("Environment").getValue("URL", 1)): Navigate to 'https://implementationuat.sdworx.co.uk/' successfully

2019-02-19 09:07:06 - [MESSAGE][PASSED] - Navigate to 'https://implementationuat.sdworx.co.uk/' successfully

2019-02-19 09:07:06 - [TEST_STEP][PASSED] - setText(findTestObject("Object Repository/Login/input_Email"), findTestData("Login").getValue("Username", 1)): Text 'purmanand.roopnah@sdworx.com' is set on object 'Object Repository/Login/input_Email'

2019-02-19 09:07:06 - [MESSAGE][PASSED] - Text 'purmanand.roopnah@sdworx.com' is set on object 'Object Repository/Login/input_Email'

2019-02-19 09:07:06 - [TEST_STEP][PASSED] - setText(findTestObject("Object Repository/Login/input_Password"), findTestData("Login").getValue("Password", 1)): Text 'Manish_2505' is set on object 'Object Repository/Login/input_Password'

2019-02-19 09:07:06 - [MESSAGE][PASSED] - Text 'Manish_2505' is set on object 'Object Repository/Login/input_Password'

2019-02-19 09:07:06 - [TEST_STEP][PASSED] - click(findTestObject("Object Repository/Login/input_btn btn-default")): Object: 'Object Repository/Login/input_btn btn-default' is clicked on

2019-02-19 09:07:10 - [MESSAGE][PASSED] - Object: 'Object Repository/Login/input_btn btn-default' is clicked on

2019-02-19 09:07:10 - [TEST_STEP][NOT_RUN] - selectOptionByLabel(findTestObject("Dropdown Lists/Select Organisation/Select Org"), "Panasonic Mauritius", true): NOT_RUN: selectOptionByLabel(findTestObject("Dropdown Lists/Select Organisation/Select Org"), "Panasonic Mauritius", true)

2019-02-19 09:07:10 - [MESSAGE][NOT_RUN] - NOT_RUN: selectOptionByLabel(findTestObject("Dropdown Lists/Select Organisation/Select Org"), "Panasonic Mauritius", true)

2019-02-19 09:07:10 - [TEST_STEP][NOT_RUN] - verifyElementPresent(findTestObject("Logout/Logout_dropdown"), 10, CONTINUE_ON_FAILURE): NOT_RUN: verifyElementPresent(findTestObject("Logout/Logout_dropdown"), 10, CONTINUE_ON_FAILURE)

2019-02-19 09:07:10 - [MESSAGE][NOT_RUN] - NOT_RUN: verifyElementPresent(findTestObject("Logout/Logout_dropdown"), 10, CONTINUE_ON_FAILURE)

2019-02-19 09:07:10 - [TEST_STEP][NOT_RUN] - click(findTestObject("Logout/Logout_dropdown")): NOT_RUN: click(findTestObject("Logout/Logout_dropdown"))

2019-02-19 09:07:10 - [MESSAGE][NOT_RUN] - NOT_RUN: click(findTestObject("Logout/Logout_dropdown"))

2019-02-19 09:07:10 - [TEST_STEP][NOT_RUN] - verifyElementPresent(findTestObject("Logout/a_Logout"), 10, CONTINUE_ON_FAILURE): NOT_RUN: verifyElementPresent(findTestObject("Logout/a_Logout"), 10, CONTINUE_ON_FAILURE)

2019-02-19 09:07:10 - [MESSAGE][NOT_RUN] - NOT_RUN: verifyElementPresent(findTestObject("Logout/a_Logout"), 10, CONTINUE_ON_FAILURE)

2019-02-19 09:07:10 - [TEST_STEP][NOT_RUN] - click(findTestObject("Logout/a_Logout")): NOT_RUN: click(findTestObject("Logout/a_Logout"))

2019-02-19 09:07:10 - [MESSAGE][NOT_RUN] - NOT_RUN: click(findTestObject("Logout/a_Logout"))

2019-02-19 09:07:10 - [TEST_STEP][NOT_RUN] - closeBrowser(): NOT_RUN: closeBrowser()

2019-02-19 09:07:10 - [MESSAGE][NOT_RUN] - NOT_RUN: closeBrowser()

2019-02-19 09:07:10 - [TEST_STEP][NOT_RUN] - toolkit.MySql.connectDB("CERRSQL2UTIL.aspnc.local", "ImplementationToolkit ", "4413", "ImpToolkit", "0E47iz93"): NOT_RUN: toolkit.MySql.connectDB("CERRSQL2UTIL.aspnc.local", "ImplementationToolkit ", "4413", "ImpToolkit", "0E47iz93")

2019-02-19 09:07:10 - [MESSAGE][NOT_RUN] - NOT_RUN: toolkit.MySql.connectDB("CERRSQL2UTIL.aspnc.local", "ImplementationToolkit ", "4413", "ImpToolkit", "0E47iz93")

2019-02-19 09:07:10 - [TEST_STEP][NOT_RUN] - Data = toolkit.MySql.executeQuery("select id from AspNetUsers where Email='purmanand.roopnah@sdworx.com';"): NOT_RUN: Data = toolkit.MySql.executeQuery("select id from AspNetUsers where Email='purmanand.roopnah@sdworx.com';")

2019-02-19 09:07:10 - [MESSAGE][NOT_RUN] - NOT_RUN: Data = toolkit.MySql.executeQuery("select id from AspNetUsers where Email='purmanand.roopnah@sdworx.com';")

2019-02-19 09:07:10 - [TEST_STEP][NOT_RUN] - PrintLn("Data"): NOT_RUN: PrintLn("Data")

2019-02-19 09:07:10 - [MESSAGE][NOT_RUN] - NOT_RUN: PrintLn("Data")

2019-02-19 09:07:10 - [MESSAGE][PASSED] - Call Test Case 'Test Cases/Smoke Test/ValidLogin' successfully

2019-02-19 09:07:10 - [TEST_STEP][FAILED] - callTestCase(findTestCase("Navigations/Navigation - Allowances"), [:], STOP_ON_FAILURE): callTestCase(findTestCase("Navigations/Navigation - Allowances"), [:], STOP_ON_FAILURE) FAILED.
Reason:
com.kms.katalon.core.exception.StepFailedException: Unable to click on object 'Object Repository/Navigations/Navigation - Allowances/button_Add Allowance' (Root cause: org.openqa.selenium.WebDriverException: unknown error: Element <button class="add btn btn-success" id="addAllowanceDetailsButton" style="margin-bottom:5px;">...</button> is not clickable at point (177, 331). Other element would receive the click: <div id="loader"></div>
  (Session info: chrome=72.0.3626.109)
  (Driver info: chromedriver=2.43.600210 (68dcf5eebde37173d4027fa8635e332711d2874a),platform=Windows NT 10.0.16299 x86_64) (WARNING: The server did not provide any stacktrace information)
Command duration or timeout: 0 milliseconds
Build info: version: '3.7.1', revision: '8a0099a', time: '2017-11-06T21:07:36.161Z'
System info: host: 'PC0871RF', ip: '192.168.97.1', os.name: 'Windows 10', os.arch: 'amd64', os.version: '10.0', java.version: '1.8.0_181'
Driver info: com.kms.katalon.selenium.driver.CChromeDriver
Capabilities {acceptInsecureCerts: false, acceptSslCerts: false, applicationCacheEnabled: false, browserConnectionEnabled: false, browserName: chrome, chrome: {chromedriverVersion: 2.43.600210 (68dcf5eebde371..., userDataDir: C:\Users\SD4665~1.DAN\AppDa...}, cssSelectorsEnabled: true, databaseEnabled: false, goog:chromeOptions: {debuggerAddress: localhost:63468}, handlesAlerts: true, hasTouchScreen: false, javascriptEnabled: true, locationContextEnabled: true, mobileEmulationEnabled: false, nativeEvents: true, networkConnectionEnabled: false, pageLoadStrategy: normal, platform: XP, platformName: XP, rotatable: false, setWindowRect: true, takesHeapSnapshot: true, takesScreenshot: true, unexpectedAlertBehaviour: , unhandledPromptBehavior: , version: 72.0.3626.109, webStorageEnabled: true}
Session ID: 2c9a396bf136be9eaf7b9b8357d44fd6)
	at com.kms.katalon.core.keyword.internal.KeywordMain.stepFailed(KeywordMain.groovy:36)
	at com.kms.katalon.core.webui.keyword.internal.WebUIKeywordMain.stepFailed(WebUIKeywordMain.groovy:65)
	at com.kms.katalon.core.webui.keyword.internal.WebUIKeywordMain.runKeyword(WebUIKeywordMain.groovy:27)
	at com.kms.katalon.core.webui.keyword.builtin.ClickKeyword.click(ClickKeyword.groovy:86)
	at com.kms.katalon.core.webui.keyword.builtin.ClickKeyword.execute(ClickKeyword.groovy:67)
	at com.kms.katalon.core.keyword.internal.KeywordExecutor.executeKeywordForPlatform(KeywordExecutor.groovy:53)
	at com.kms.katalon.core.webui.keyword.WebUiBuiltInKeywords.click(WebUiBuiltInKeywords.groovy:604)
	at com.kms.katalon.core.webui.keyword.WebUiBuiltInKeywords$click$9.call(Unknown Source)
	at Navigation - Allowances.run(Navigation - Allowances:38)
	at com.kms.katalon.core.main.ScriptEngine.run(ScriptEngine.java:194)
	at com.kms.katalon.core.main.ScriptEngine.runScriptAsRawText(ScriptEngine.java:119)
	at com.kms.katalon.core.main.TestCaseExecutor.runScript(TestCaseExecutor.java:328)
	at com.kms.katalon.core.main.TestCaseExecutor.doExecute(TestCaseExecutor.java:319)
	at com.kms.katalon.core.main.TestCaseExecutor.processExecutionPhase(TestCaseExecutor.java:298)
	at com.kms.katalon.core.main.TestCaseExecutor.accessMainPhase(TestCaseExecutor.java:290)
	at com.kms.katalon.core.main.TestCaseExecutor.execute(TestCaseExecutor.java:224)
	at com.kms.katalon.core.main.TestCaseMain.runTestCase(TestCaseMain.java:106)
	at com.kms.katalon.core.keyword.builtin.CallTestCaseKeyword$_callTestCase_closure1.doCall(CallTestCaseKeyword.groovy:59)
	at com.kms.katalon.core.keyword.builtin.CallTestCaseKeyword$_callTestCase_closure1.call(CallTestCaseKeyword.groovy)
	at com.kms.katalon.core.keyword.internal.KeywordMain.runKeyword(KeywordMain.groovy:54)
	at com.kms.katalon.core.keyword.builtin.CallTestCaseKeyword.callTestCase(CallTestCaseKeyword.groovy:80)
	at com.kms.katalon.core.keyword.builtin.CallTestCaseKeyword.execute(CallTestCaseKeyword.groovy:44)
	at com.kms.katalon.core.keyword.internal.KeywordExecutor.executeKeywordForPlatform(KeywordExecutor.groovy:53)
	at com.kms.katalon.core.keyword.BuiltinKeywords.callTestCase(BuiltinKeywords.groovy:334)
	at NavigationYourPayAndBenefits.run(NavigationYourPayAndBenefits:18)
	at com.kms.katalon.core.main.ScriptEngine.run(ScriptEngine.java:194)
	at com.kms.katalon.core.main.ScriptEngine.runScriptAsRawText(ScriptEngine.java:119)
	at com.kms.katalon.core.main.TestCaseExecutor.runScript(TestCaseExecutor.java:328)
	at com.kms.katalon.core.main.TestCaseExecutor.doExecute(TestCaseExecutor.java:319)
	at com.kms.katalon.core.main.TestCaseExecutor.processExecutionPhase(TestCaseExecutor.java:298)
	at com.kms.katalon.core.main.TestCaseExecutor.accessMainPhase(TestCaseExecutor.java:290)
	at com.kms.katalon.core.main.TestCaseExecutor.execute(TestCaseExecutor.java:224)
	at com.kms.katalon.core.main.TestSuiteExecutor.accessTestCaseMainPhase(TestSuiteExecutor.java:129)
	at com.kms.katalon.core.main.TestSuiteExecutor.accessTestSuiteMainPhase(TestSuiteExecutor.java:112)
	at com.kms.katalon.core.main.TestSuiteExecutor.execute(TestSuiteExecutor.java:81)
	at com.kms.katalon.core.main.TestCaseMain.startTestSuite(TestCaseMain.java:149)
	at com.kms.katalon.core.main.TestCaseMain$startTestSuite$0.call(Unknown Source)
	at TempTestSuite1550552648495.run(TempTestSuite1550552648495.groovy:36)


2019-02-19 09:07:10 - [TEST_CASE][FAILED] - Test Cases/Navigations/Navigation - Allowances: Test Cases/Navigations/Navigation - Allowances FAILED.
Reason:
com.kms.katalon.core.exception.StepFailedException: Unable to click on object 'Object Repository/Navigations/Navigation - Allowances/button_Add Allowance' (Root cause: org.openqa.selenium.WebDriverException: unknown error: Element <button class="add btn btn-success" id="addAllowanceDetailsButton" style="margin-bottom:5px;">...</button> is not clickable at point (177, 331). Other element would receive the click: <div id="loader"></div>
  (Session info: chrome=72.0.3626.109)
  (Driver info: chromedriver=2.43.600210 (68dcf5eebde37173d4027fa8635e332711d2874a),platform=Windows NT 10.0.16299 x86_64) (WARNING: The server did not provide any stacktrace information)
Command duration or timeout: 0 milliseconds
Build info: version: '3.7.1', revision: '8a0099a', time: '2017-11-06T21:07:36.161Z'
System info: host: 'PC0871RF', ip: '192.168.97.1', os.name: 'Windows 10', os.arch: 'amd64', os.version: '10.0', java.version: '1.8.0_181'
Driver info: com.kms.katalon.selenium.driver.CChromeDriver
Capabilities {acceptInsecureCerts: false, acceptSslCerts: false, applicationCacheEnabled: false, browserConnectionEnabled: false, browserName: chrome, chrome: {chromedriverVersion: 2.43.600210 (68dcf5eebde371..., userDataDir: C:\Users\SD4665~1.DAN\AppDa...}, cssSelectorsEnabled: true, databaseEnabled: false, goog:chromeOptions: {debuggerAddress: localhost:63468}, handlesAlerts: true, hasTouchScreen: false, javascriptEnabled: true, locationContextEnabled: true, mobileEmulationEnabled: false, nativeEvents: true, networkConnectionEnabled: false, pageLoadStrategy: normal, platform: XP, platformName: XP, rotatable: false, setWindowRect: true, takesHeapSnapshot: true, takesScreenshot: true, unexpectedAlertBehaviour: , unhandledPromptBehavior: , version: 72.0.3626.109, webStorageEnabled: true}
Session ID: 2c9a396bf136be9eaf7b9b8357d44fd6)
	at com.kms.katalon.core.keyword.internal.KeywordMain.stepFailed(KeywordMain.groovy:36)
	at com.kms.katalon.core.webui.keyword.internal.WebUIKeywordMain.stepFailed(WebUIKeywordMain.groovy:65)
	at com.kms.katalon.core.webui.keyword.internal.WebUIKeywordMain.runKeyword(WebUIKeywordMain.groovy:27)
	at com.kms.katalon.core.webui.keyword.builtin.ClickKeyword.click(ClickKeyword.groovy:86)
	at com.kms.katalon.core.webui.keyword.builtin.ClickKeyword.execute(ClickKeyword.groovy:67)
	at com.kms.katalon.core.keyword.internal.KeywordExecutor.executeKeywordForPlatform(KeywordExecutor.groovy:53)
	at com.kms.katalon.core.webui.keyword.WebUiBuiltInKeywords.click(WebUiBuiltInKeywords.groovy:604)
	at com.kms.katalon.core.webui.keyword.WebUiBuiltInKeywords$click$9.call(Unknown Source)
	at Navigation - Allowances.run(Navigation - Allowances:38)
	at com.kms.katalon.core.main.ScriptEngine.run(ScriptEngine.java:194)
	at com.kms.katalon.core.main.ScriptEngine.runScriptAsRawText(ScriptEngine.java:119)
	at com.kms.katalon.core.main.TestCaseExecutor.runScript(TestCaseExecutor.java:328)
	at com.kms.katalon.core.main.TestCaseExecutor.doExecute(TestCaseExecutor.java:319)
	at com.kms.katalon.core.main.TestCaseExecutor.processExecutionPhase(TestCaseExecutor.java:298)
	at com.kms.katalon.core.main.TestCaseExecutor.accessMainPhase(TestCaseExecutor.java:290)
	at com.kms.katalon.core.main.TestCaseExecutor.execute(TestCaseExecutor.java:224)
	at com.kms.katalon.core.main.TestCaseMain.runTestCase(TestCaseMain.java:106)
	at com.kms.katalon.core.keyword.builtin.CallTestCaseKeyword$_callTestCase_closure1.doCall(CallTestCaseKeyword.groovy:59)
	at com.kms.katalon.core.keyword.builtin.CallTestCaseKeyword$_callTestCase_closure1.call(CallTestCaseKeyword.groovy)
	at com.kms.katalon.core.keyword.internal.KeywordMain.runKeyword(KeywordMain.groovy:54)
	at com.kms.katalon.core.keyword.builtin.CallTestCaseKeyword.callTestCase(CallTestCaseKeyword.groovy:80)
	at com.kms.katalon.core.keyword.builtin.CallTestCaseKeyword.execute(CallTestCaseKeyword.groovy:44)
	at com.kms.katalon.core.keyword.internal.KeywordExecutor.executeKeywordForPlatform(KeywordExecutor.groovy:53)
	at com.kms.katalon.core.keyword.BuiltinKeywords.callTestCase(BuiltinKeywords.groovy:334)
	at NavigationYourPayAndBenefits.run(NavigationYourPayAndBenefits:18)
	at com.kms.katalon.core.main.ScriptEngine.run(ScriptEngine.java:194)
	at com.kms.katalon.core.main.ScriptEngine.runScriptAsRawText(ScriptEngine.java:119)
	at com.kms.katalon.core.main.TestCaseExecutor.runScript(TestCaseExecutor.java:328)
	at com.kms.katalon.core.main.TestCaseExecutor.doExecute(TestCaseExecutor.java:319)
	at com.kms.katalon.core.main.TestCaseExecutor.processExecutionPhase(TestCaseExecutor.java:298)
	at com.kms.katalon.core.main.TestCaseExecutor.accessMainPhase(TestCaseExecutor.java:290)
	at com.kms.katalon.core.main.TestCaseExecutor.execute(TestCaseExecutor.java:224)
	at com.kms.katalon.core.main.TestSuiteExecutor.accessTestCaseMainPhase(TestSuiteExecutor.java:129)
	at com.kms.katalon.core.main.TestSuiteExecutor.accessTestSuiteMainPhase(TestSuiteExecutor.java:112)
	at com.kms.katalon.core.main.TestSuiteExecutor.execute(TestSuiteExecutor.java:81)
	at com.kms.katalon.core.main.TestCaseMain.startTestSuite(TestCaseMain.java:149)
	at com.kms.katalon.core.main.TestCaseMain$startTestSuite$0.call(Unknown Source)
	at TempTestSuite1550552648495.run(TempTestSuite1550552648495.groovy:36)


2019-02-19 09:07:11 - [TEST_STEP][PASSED] - delay(5): Delayed 5 second(s)

2019-02-19 09:07:16 - [MESSAGE][PASSED] - Delayed 5 second(s)

2019-02-19 09:07:16 - [TEST_STEP][PASSED] - click(findTestObject("Navigations/Navigation - Allowances/Your Pay  Benefits")): Object: 'Object Repository/Navigations/Navigation - Allowances/Your Pay  Benefits' is clicked on

2019-02-19 09:07:16 - [MESSAGE][PASSED] - Object: 'Object Repository/Navigations/Navigation - Allowances/Your Pay  Benefits' is clicked on

2019-02-19 09:07:16 - [TEST_STEP][PASSED] - delay(2): Delayed 2 second(s)

2019-02-19 09:07:18 - [MESSAGE][PASSED] - Delayed 2 second(s)

2019-02-19 09:07:18 - [TEST_STEP][PASSED] - click(findTestObject("Navigations/Navigation - Allowances/Allowances")): Object: 'Object Repository/Navigations/Navigation - Allowances/Allowances' is clicked on

2019-02-19 09:07:20 - [MESSAGE][PASSED] - Object: 'Object Repository/Navigations/Navigation - Allowances/Allowances' is clicked on

2019-02-19 09:07:20 - [TEST_STEP][PASSED] - verifyElementPresent(findTestObject("Navigations/Navigation - Allowances/button_Add Allowance"), 0): Object 'Object Repository/Navigations/Navigation - Allowances/button_Add Allowance' is present

2019-02-19 09:07:20 - [MESSAGE][WARNING] - Timeout '0' is invalid. Using default page load timeout: '30'

2019-02-19 09:07:20 - [MESSAGE][PASSED] - Object 'Object Repository/Navigations/Navigation - Allowances/button_Add Allowance' is present

2019-02-19 09:07:20 - [TEST_STEP][FAILED] - click(findTestObject("Navigations/Navigation - Allowances/button_Add Allowance"), STOP_ON_FAILURE): click(findTestObject("Navigations/Navigation - Allowances/button_Add Allowance"), STOP_ON_FAILURE) FAILED.
Reason:
com.kms.katalon.core.exception.StepFailedException: Unable to click on object 'Object Repository/Navigations/Navigation - Allowances/button_Add Allowance' (Root cause: org.openqa.selenium.WebDriverException: unknown error: Element <button class="add btn btn-success" id="addAllowanceDetailsButton" style="margin-bottom:5px;">...</button> is not clickable at point (177, 331). Other element would receive the click: <div id="loader"></div>
  (Session info: chrome=72.0.3626.109)
  (Driver info: chromedriver=2.43.600210 (68dcf5eebde37173d4027fa8635e332711d2874a),platform=Windows NT 10.0.16299 x86_64) (WARNING: The server did not provide any stacktrace information)
Command duration or timeout: 0 milliseconds
Build info: version: '3.7.1', revision: '8a0099a', time: '2017-11-06T21:07:36.161Z'
System info: host: 'PC0871RF', ip: '192.168.97.1', os.name: 'Windows 10', os.arch: 'amd64', os.version: '10.0', java.version: '1.8.0_181'
Driver info: com.kms.katalon.selenium.driver.CChromeDriver
Capabilities {acceptInsecureCerts: false, acceptSslCerts: false, applicationCacheEnabled: false, browserConnectionEnabled: false, browserName: chrome, chrome: {chromedriverVersion: 2.43.600210 (68dcf5eebde371..., userDataDir: C:\Users\SD4665~1.DAN\AppDa...}, cssSelectorsEnabled: true, databaseEnabled: false, goog:chromeOptions: {debuggerAddress: localhost:63468}, handlesAlerts: true, hasTouchScreen: false, javascriptEnabled: true, locationContextEnabled: true, mobileEmulationEnabled: false, nativeEvents: true, networkConnectionEnabled: false, pageLoadStrategy: normal, platform: XP, platformName: XP, rotatable: false, setWindowRect: true, takesHeapSnapshot: true, takesScreenshot: true, unexpectedAlertBehaviour: , unhandledPromptBehavior: , version: 72.0.3626.109, webStorageEnabled: true}
Session ID: 2c9a396bf136be9eaf7b9b8357d44fd6)
	at com.kms.katalon.core.keyword.internal.KeywordMain.stepFailed(KeywordMain.groovy:36)
	at com.kms.katalon.core.webui.keyword.internal.WebUIKeywordMain.stepFailed(WebUIKeywordMain.groovy:65)
	at com.kms.katalon.core.webui.keyword.internal.WebUIKeywordMain.runKeyword(WebUIKeywordMain.groovy:27)
	at com.kms.katalon.core.webui.keyword.builtin.ClickKeyword.click(ClickKeyword.groovy:86)
	at com.kms.katalon.core.webui.keyword.builtin.ClickKeyword.execute(ClickKeyword.groovy:67)
	at com.kms.katalon.core.keyword.internal.KeywordExecutor.executeKeywordForPlatform(KeywordExecutor.groovy:53)
	at com.kms.katalon.core.webui.keyword.WebUiBuiltInKeywords.click(WebUiBuiltInKeywords.groovy:604)
	at com.kms.katalon.core.webui.keyword.WebUiBuiltInKeywords$click$9.call(Unknown Source)
	at Navigation - Allowances.run(Navigation - Allowances:38)
	at com.kms.katalon.core.main.ScriptEngine.run(ScriptEngine.java:194)
	at com.kms.katalon.core.main.ScriptEngine.runScriptAsRawText(ScriptEngine.java:119)
	at com.kms.katalon.core.main.TestCaseExecutor.runScript(TestCaseExecutor.java:328)
	at com.kms.katalon.core.main.TestCaseExecutor.doExecute(TestCaseExecutor.java:319)
	at com.kms.katalon.core.main.TestCaseExecutor.processExecutionPhase(TestCaseExecutor.java:298)
	at com.kms.katalon.core.main.TestCaseExecutor.accessMainPhase(TestCaseExecutor.java:290)
	at com.kms.katalon.core.main.TestCaseExecutor.execute(TestCaseExecutor.java:224)
	at com.kms.katalon.core.main.TestCaseMain.runTestCase(TestCaseMain.java:106)
	at com.kms.katalon.core.keyword.builtin.CallTestCaseKeyword$_callTestCase_closure1.doCall(CallTestCaseKeyword.groovy:59)
	at com.kms.katalon.core.keyword.builtin.CallTestCaseKeyword$_callTestCase_closure1.call(CallTestCaseKeyword.groovy)
	at com.kms.katalon.core.keyword.internal.KeywordMain.runKeyword(KeywordMain.groovy:54)
	at com.kms.katalon.core.keyword.builtin.CallTestCaseKeyword.callTestCase(CallTestCaseKeyword.groovy:80)
	at com.kms.katalon.core.keyword.builtin.CallTestCaseKeyword.execute(CallTestCaseKeyword.groovy:44)
	at com.kms.katalon.core.keyword.internal.KeywordExecutor.executeKeywordForPlatform(KeywordExecutor.groovy:53)
	at com.kms.katalon.core.keyword.BuiltinKeywords.callTestCase(BuiltinKeywords.groovy:334)
	at NavigationYourPayAndBenefits.run(NavigationYourPayAndBenefits:18)
	at com.kms.katalon.core.main.ScriptEngine.run(ScriptEngine.java:194)
	at com.kms.katalon.core.main.ScriptEngine.runScriptAsRawText(ScriptEngine.java:119)
	at com.kms.katalon.core.main.TestCaseExecutor.runScript(TestCaseExecutor.java:328)
	at com.kms.katalon.core.main.TestCaseExecutor.doExecute(TestCaseExecutor.java:319)
	at com.kms.katalon.core.main.TestCaseExecutor.processExecutionPhase(TestCaseExecutor.java:298)
	at com.kms.katalon.core.main.TestCaseExecutor.accessMainPhase(TestCaseExecutor.java:290)
	at com.kms.katalon.core.main.TestCaseExecutor.execute(TestCaseExecutor.java:224)
	at com.kms.katalon.core.main.TestSuiteExecutor.accessTestCaseMainPhase(TestSuiteExecutor.java:129)
	at com.kms.katalon.core.main.TestSuiteExecutor.accessTestSuiteMainPhase(TestSuiteExecutor.java:112)
	at com.kms.katalon.core.main.TestSuiteExecutor.execute(TestSuiteExecutor.java:81)
	at com.kms.katalon.core.main.TestCaseMain.startTestSuite(TestCaseMain.java:149)
	at com.kms.katalon.core.main.TestCaseMain$startTestSuite$0.call(Unknown Source)
	at TempTestSuite1550552648495.run(TempTestSuite1550552648495.groovy:36)


2019-02-19 09:07:20 - [MESSAGE][FAILED] - Unable to click on object 'Object Repository/Navigations/Navigation - Allowances/button_Add Allowance' (Root cause: org.openqa.selenium.WebDriverException: unknown error: Element <button class="add btn btn-success" id="addAllowanceDetailsButton" style="margin-bottom:5px;">...</button> is not clickable at point (177, 331). Other element would receive the click: <div id="loader"></div>
  (Session info: chrome=72.0.3626.109)
  (Driver info: chromedriver=2.43.600210 (68dcf5eebde37173d4027fa8635e332711d2874a),platform=Windows NT 10.0.16299 x86_64) (WARNING: The server did not provide any stacktrace information)
Command duration or timeout: 0 milliseconds
Build info: version: '3.7.1', revision: '8a0099a', time: '2017-11-06T21:07:36.161Z'
System info: host: 'PC0871RF', ip: '192.168.97.1', os.name: 'Windows 10', os.arch: 'amd64', os.version: '10.0', java.version: '1.8.0_181'
Driver info: com.kms.katalon.selenium.driver.CChromeDriver
Capabilities {acceptInsecureCerts: false, acceptSslCerts: false, applicationCacheEnabled: false, browserConnectionEnabled: false, browserName: chrome, chrome: {chromedriverVersion: 2.43.600210 (68dcf5eebde371..., userDataDir: C:\Users\SD4665~1.DAN\AppDa...}, cssSelectorsEnabled: true, databaseEnabled: false, goog:chromeOptions: {debuggerAddress: localhost:63468}, handlesAlerts: true, hasTouchScreen: false, javascriptEnabled: true, locationContextEnabled: true, mobileEmulationEnabled: false, nativeEvents: true, networkConnectionEnabled: false, pageLoadStrategy: normal, platform: XP, platformName: XP, rotatable: false, setWindowRect: true, takesHeapSnapshot: true, takesScreenshot: true, unexpectedAlertBehaviour: , unhandledPromptBehavior: , version: 72.0.3626.109, webStorageEnabled: true}
Session ID: 2c9a396bf136be9eaf7b9b8357d44fd6)
[[ATTACHMENT|C:\\Users\\SD466525.DAN001\\git\\Test-Automation_ToolkitVersion2\\Reports\\Smoke Test\\20190219_090403\\1550552840277.png]]

2019-02-19 09:07:20 - [MESSAGE][FAILED] - click(findTestObject("Navigations/Navigation - Allowances/button_Add Allowance"), STOP_ON_FAILURE) FAILED.
Reason:
com.kms.katalon.core.exception.StepFailedException: Unable to click on object 'Object Repository/Navigations/Navigation - Allowances/button_Add Allowance' (Root cause: org.openqa.selenium.WebDriverException: unknown error: Element <button class="add btn btn-success" id="addAllowanceDetailsButton" style="margin-bottom:5px;">...</button> is not clickable at point (177, 331). Other element would receive the click: <div id="loader"></div>
  (Session info: chrome=72.0.3626.109)
  (Driver info: chromedriver=2.43.600210 (68dcf5eebde37173d4027fa8635e332711d2874a),platform=Windows NT 10.0.16299 x86_64) (WARNING: The server did not provide any stacktrace information)
Command duration or timeout: 0 milliseconds
Build info: version: '3.7.1', revision: '8a0099a', time: '2017-11-06T21:07:36.161Z'
System info: host: 'PC0871RF', ip: '192.168.97.1', os.name: 'Windows 10', os.arch: 'amd64', os.version: '10.0', java.version: '1.8.0_181'
Driver info: com.kms.katalon.selenium.driver.CChromeDriver
Capabilities {acceptInsecureCerts: false, acceptSslCerts: false, applicationCacheEnabled: false, browserConnectionEnabled: false, browserName: chrome, chrome: {chromedriverVersion: 2.43.600210 (68dcf5eebde371..., userDataDir: C:\Users\SD4665~1.DAN\AppDa...}, cssSelectorsEnabled: true, databaseEnabled: false, goog:chromeOptions: {debuggerAddress: localhost:63468}, handlesAlerts: true, hasTouchScreen: false, javascriptEnabled: true, locationContextEnabled: true, mobileEmulationEnabled: false, nativeEvents: true, networkConnectionEnabled: false, pageLoadStrategy: normal, platform: XP, platformName: XP, rotatable: false, setWindowRect: true, takesHeapSnapshot: true, takesScreenshot: true, unexpectedAlertBehaviour: , unhandledPromptBehavior: , version: 72.0.3626.109, webStorageEnabled: true}
Session ID: 2c9a396bf136be9eaf7b9b8357d44fd6)
	at com.kms.katalon.core.keyword.internal.KeywordMain.stepFailed(KeywordMain.groovy:36)
	at com.kms.katalon.core.webui.keyword.internal.WebUIKeywordMain.stepFailed(WebUIKeywordMain.groovy:65)
	at com.kms.katalon.core.webui.keyword.internal.WebUIKeywordMain.runKeyword(WebUIKeywordMain.groovy:27)
	at com.kms.katalon.core.webui.keyword.builtin.ClickKeyword.click(ClickKeyword.groovy:86)
	at com.kms.katalon.core.webui.keyword.builtin.ClickKeyword.execute(ClickKeyword.groovy:67)
	at com.kms.katalon.core.keyword.internal.KeywordExecutor.executeKeywordForPlatform(KeywordExecutor.groovy:53)
	at com.kms.katalon.core.webui.keyword.WebUiBuiltInKeywords.click(WebUiBuiltInKeywords.groovy:604)
	at com.kms.katalon.core.webui.keyword.WebUiBuiltInKeywords$click$9.call(Unknown Source)
	at Navigation - Allowances.run(Navigation - Allowances:38)
	at com.kms.katalon.core.main.ScriptEngine.run(ScriptEngine.java:194)
	at com.kms.katalon.core.main.ScriptEngine.runScriptAsRawText(ScriptEngine.java:119)
	at com.kms.katalon.core.main.TestCaseExecutor.runScript(TestCaseExecutor.java:328)
	at com.kms.katalon.core.main.TestCaseExecutor.doExecute(TestCaseExecutor.java:319)
	at com.kms.katalon.core.main.TestCaseExecutor.processExecutionPhase(TestCaseExecutor.java:298)
	at com.kms.katalon.core.main.TestCaseExecutor.accessMainPhase(TestCaseExecutor.java:290)
	at com.kms.katalon.core.main.TestCaseExecutor.execute(TestCaseExecutor.java:224)
	at com.kms.katalon.core.main.TestCaseMain.runTestCase(TestCaseMain.java:106)
	at com.kms.katalon.core.keyword.builtin.CallTestCaseKeyword$_callTestCase_closure1.doCall(CallTestCaseKeyword.groovy:59)
	at com.kms.katalon.core.keyword.builtin.CallTestCaseKeyword$_callTestCase_closure1.call(CallTestCaseKeyword.groovy)
	at com.kms.katalon.core.keyword.internal.KeywordMain.runKeyword(KeywordMain.groovy:54)
	at com.kms.katalon.core.keyword.builtin.CallTestCaseKeyword.callTestCase(CallTestCaseKeyword.groovy:80)
	at com.kms.katalon.core.keyword.builtin.CallTestCaseKeyword.execute(CallTestCaseKeyword.groovy:44)
	at com.kms.katalon.core.keyword.internal.KeywordExecutor.executeKeywordForPlatform(KeywordExecutor.groovy:53)
	at com.kms.katalon.core.keyword.BuiltinKeywords.callTestCase(BuiltinKeywords.groovy:334)
	at NavigationYourPayAndBenefits.run(NavigationYourPayAndBenefits:18)
	at com.kms.katalon.core.main.ScriptEngine.run(ScriptEngine.java:194)
	at com.kms.katalon.core.main.ScriptEngine.runScriptAsRawText(ScriptEngine.java:119)
	at com.kms.katalon.core.main.TestCaseExecutor.runScript(TestCaseExecutor.java:328)
	at com.kms.katalon.core.main.TestCaseExecutor.doExecute(TestCaseExecutor.java:319)
	at com.kms.katalon.core.main.TestCaseExecutor.processExecutionPhase(TestCaseExecutor.java:298)
	at com.kms.katalon.core.main.TestCaseExecutor.accessMainPhase(TestCaseExecutor.java:290)
	at com.kms.katalon.core.main.TestCaseExecutor.execute(TestCaseExecutor.java:224)
	at com.kms.katalon.core.main.TestSuiteExecutor.accessTestCaseMainPhase(TestSuiteExecutor.java:129)
	at com.kms.katalon.core.main.TestSuiteExecutor.accessTestSuiteMainPhase(TestSuiteExecutor.java:112)
	at com.kms.katalon.core.main.TestSuiteExecutor.execute(TestSuiteExecutor.java:81)
	at com.kms.katalon.core.main.TestCaseMain.startTestSuite(TestCaseMain.java:149)
	at com.kms.katalon.core.main.TestCaseMain$startTestSuite$0.call(Unknown Source)
	at TempTestSuite1550552648495.run(TempTestSuite1550552648495.groovy:36)


2019-02-19 09:07:20 - [MESSAGE][FAILED] - Unable to call Test Case 'Test Cases/Navigations/Navigation - Allowances' (Root cause: com.kms.katalon.core.exception.StepFailedException: Call Test Case 'Test Cases/Navigations/Navigation - Allowances' failed)

2019-02-19 09:07:20 - [MESSAGE][FAILED] - callTestCase(findTestCase("Navigations/Navigation - Allowances"), [:], STOP_ON_FAILURE) FAILED.
Reason:
com.kms.katalon.core.exception.StepFailedException: Unable to click on object 'Object Repository/Navigations/Navigation - Allowances/button_Add Allowance' (Root cause: org.openqa.selenium.WebDriverException: unknown error: Element <button class="add btn btn-success" id="addAllowanceDetailsButton" style="margin-bottom:5px;">...</button> is not clickable at point (177, 331). Other element would receive the click: <div id="loader"></div>
  (Session info: chrome=72.0.3626.109)
  (Driver info: chromedriver=2.43.600210 (68dcf5eebde37173d4027fa8635e332711d2874a),platform=Windows NT 10.0.16299 x86_64) (WARNING: The server did not provide any stacktrace information)
Command duration or timeout: 0 milliseconds
Build info: version: '3.7.1', revision: '8a0099a', time: '2017-11-06T21:07:36.161Z'
System info: host: 'PC0871RF', ip: '192.168.97.1', os.name: 'Windows 10', os.arch: 'amd64', os.version: '10.0', java.version: '1.8.0_181'
Driver info: com.kms.katalon.selenium.driver.CChromeDriver
Capabilities {acceptInsecureCerts: false, acceptSslCerts: false, applicationCacheEnabled: false, browserConnectionEnabled: false, browserName: chrome, chrome: {chromedriverVersion: 2.43.600210 (68dcf5eebde371..., userDataDir: C:\Users\SD4665~1.DAN\AppDa...}, cssSelectorsEnabled: true, databaseEnabled: false, goog:chromeOptions: {debuggerAddress: localhost:63468}, handlesAlerts: true, hasTouchScreen: false, javascriptEnabled: true, locationContextEnabled: true, mobileEmulationEnabled: false, nativeEvents: true, networkConnectionEnabled: false, pageLoadStrategy: normal, platform: XP, platformName: XP, rotatable: false, setWindowRect: true, takesHeapSnapshot: true, takesScreenshot: true, unexpectedAlertBehaviour: , unhandledPromptBehavior: , version: 72.0.3626.109, webStorageEnabled: true}
Session ID: 2c9a396bf136be9eaf7b9b8357d44fd6)
	at com.kms.katalon.core.keyword.internal.KeywordMain.stepFailed(KeywordMain.groovy:36)
	at com.kms.katalon.core.webui.keyword.internal.WebUIKeywordMain.stepFailed(WebUIKeywordMain.groovy:65)
	at com.kms.katalon.core.webui.keyword.internal.WebUIKeywordMain.runKeyword(WebUIKeywordMain.groovy:27)
	at com.kms.katalon.core.webui.keyword.builtin.ClickKeyword.click(ClickKeyword.groovy:86)
	at com.kms.katalon.core.webui.keyword.builtin.ClickKeyword.execute(ClickKeyword.groovy:67)
	at com.kms.katalon.core.keyword.internal.KeywordExecutor.executeKeywordForPlatform(KeywordExecutor.groovy:53)
	at com.kms.katalon.core.webui.keyword.WebUiBuiltInKeywords.click(WebUiBuiltInKeywords.groovy:604)
	at com.kms.katalon.core.webui.keyword.WebUiBuiltInKeywords$click$9.call(Unknown Source)
	at Navigation - Allowances.run(Navigation - Allowances:38)
	at com.kms.katalon.core.main.ScriptEngine.run(ScriptEngine.java:194)
	at com.kms.katalon.core.main.ScriptEngine.runScriptAsRawText(ScriptEngine.java:119)
	at com.kms.katalon.core.main.TestCaseExecutor.runScript(TestCaseExecutor.java:328)
	at com.kms.katalon.core.main.TestCaseExecutor.doExecute(TestCaseExecutor.java:319)
	at com.kms.katalon.core.main.TestCaseExecutor.processExecutionPhase(TestCaseExecutor.java:298)
	at com.kms.katalon.core.main.TestCaseExecutor.accessMainPhase(TestCaseExecutor.java:290)
	at com.kms.katalon.core.main.TestCaseExecutor.execute(TestCaseExecutor.java:224)
	at com.kms.katalon.core.main.TestCaseMain.runTestCase(TestCaseMain.java:106)
	at com.kms.katalon.core.keyword.builtin.CallTestCaseKeyword$_callTestCase_closure1.doCall(CallTestCaseKeyword.groovy:59)
	at com.kms.katalon.core.keyword.builtin.CallTestCaseKeyword$_callTestCase_closure1.call(CallTestCaseKeyword.groovy)
	at com.kms.katalon.core.keyword.internal.KeywordMain.runKeyword(KeywordMain.groovy:54)
	at com.kms.katalon.core.keyword.builtin.CallTestCaseKeyword.callTestCase(CallTestCaseKeyword.groovy:80)
	at com.kms.katalon.core.keyword.builtin.CallTestCaseKeyword.execute(CallTestCaseKeyword.groovy:44)
	at com.kms.katalon.core.keyword.internal.KeywordExecutor.executeKeywordForPlatform(KeywordExecutor.groovy:53)
	at com.kms.katalon.core.keyword.BuiltinKeywords.callTestCase(BuiltinKeywords.groovy:334)
	at NavigationYourPayAndBenefits.run(NavigationYourPayAndBenefits:18)
	at com.kms.katalon.core.main.ScriptEngine.run(ScriptEngine.java:194)
	at com.kms.katalon.core.main.ScriptEngine.runScriptAsRawText(ScriptEngine.java:119)
	at com.kms.katalon.core.main.TestCaseExecutor.runScript(TestCaseExecutor.java:328)
	at com.kms.katalon.core.main.TestCaseExecutor.doExecute(TestCaseExecutor.java:319)
	at com.kms.katalon.core.main.TestCaseExecutor.processExecutionPhase(TestCaseExecutor.java:298)
	at com.kms.katalon.core.main.TestCaseExecutor.accessMainPhase(TestCaseExecutor.java:290)
	at com.kms.katalon.core.main.TestCaseExecutor.execute(TestCaseExecutor.java:224)
	at com.kms.katalon.core.main.TestSuiteExecutor.accessTestCaseMainPhase(TestSuiteExecutor.java:129)
	at com.kms.katalon.core.main.TestSuiteExecutor.accessTestSuiteMainPhase(TestSuiteExecutor.java:112)
	at com.kms.katalon.core.main.TestSuiteExecutor.execute(TestSuiteExecutor.java:81)
	at com.kms.katalon.core.main.TestCaseMain.startTestSuite(TestCaseMain.java:149)
	at com.kms.katalon.core.main.TestCaseMain$startTestSuite$0.call(Unknown Source)
	at TempTestSuite1550552648495.run(TempTestSuite1550552648495.groovy:36)]]></system-out>
         <system-err><![CDATA[2019-02-19 09:06:57 - [TEST_CASE][FAILED] - Test Cases/Smoke Test/NavigationYourPayAndBenefits: Test Cases/Smoke Test/NavigationYourPayAndBenefits FAILED.
Reason:
com.kms.katalon.core.exception.StepFailedException: Unable to click on object 'Object Repository/Navigations/Navigation - Allowances/button_Add Allowance' (Root cause: org.openqa.selenium.WebDriverException: unknown error: Element <button class="add btn btn-success" id="addAllowanceDetailsButton" style="margin-bottom:5px;">...</button> is not clickable at point (177, 331). Other element would receive the click: <div id="loader"></div>
  (Session info: chrome=72.0.3626.109)
  (Driver info: chromedriver=2.43.600210 (68dcf5eebde37173d4027fa8635e332711d2874a),platform=Windows NT 10.0.16299 x86_64) (WARNING: The server did not provide any stacktrace information)
Command duration or timeout: 0 milliseconds
Build info: version: '3.7.1', revision: '8a0099a', time: '2017-11-06T21:07:36.161Z'
System info: host: 'PC0871RF', ip: '192.168.97.1', os.name: 'Windows 10', os.arch: 'amd64', os.version: '10.0', java.version: '1.8.0_181'
Driver info: com.kms.katalon.selenium.driver.CChromeDriver
Capabilities {acceptInsecureCerts: false, acceptSslCerts: false, applicationCacheEnabled: false, browserConnectionEnabled: false, browserName: chrome, chrome: {chromedriverVersion: 2.43.600210 (68dcf5eebde371..., userDataDir: C:\Users\SD4665~1.DAN\AppDa...}, cssSelectorsEnabled: true, databaseEnabled: false, goog:chromeOptions: {debuggerAddress: localhost:63468}, handlesAlerts: true, hasTouchScreen: false, javascriptEnabled: true, locationContextEnabled: true, mobileEmulationEnabled: false, nativeEvents: true, networkConnectionEnabled: false, pageLoadStrategy: normal, platform: XP, platformName: XP, rotatable: false, setWindowRect: true, takesHeapSnapshot: true, takesScreenshot: true, unexpectedAlertBehaviour: , unhandledPromptBehavior: , version: 72.0.3626.109, webStorageEnabled: true}
Session ID: 2c9a396bf136be9eaf7b9b8357d44fd6)
	at com.kms.katalon.core.keyword.internal.KeywordMain.stepFailed(KeywordMain.groovy:36)
	at com.kms.katalon.core.webui.keyword.internal.WebUIKeywordMain.stepFailed(WebUIKeywordMain.groovy:65)
	at com.kms.katalon.core.webui.keyword.internal.WebUIKeywordMain.runKeyword(WebUIKeywordMain.groovy:27)
	at com.kms.katalon.core.webui.keyword.builtin.ClickKeyword.click(ClickKeyword.groovy:86)
	at com.kms.katalon.core.webui.keyword.builtin.ClickKeyword.execute(ClickKeyword.groovy:67)
	at com.kms.katalon.core.keyword.internal.KeywordExecutor.executeKeywordForPlatform(KeywordExecutor.groovy:53)
	at com.kms.katalon.core.webui.keyword.WebUiBuiltInKeywords.click(WebUiBuiltInKeywords.groovy:604)
	at com.kms.katalon.core.webui.keyword.WebUiBuiltInKeywords$click$9.call(Unknown Source)
	at Navigation - Allowances.run(Navigation - Allowances:38)
	at com.kms.katalon.core.main.ScriptEngine.run(ScriptEngine.java:194)
	at com.kms.katalon.core.main.ScriptEngine.runScriptAsRawText(ScriptEngine.java:119)
	at com.kms.katalon.core.main.TestCaseExecutor.runScript(TestCaseExecutor.java:328)
	at com.kms.katalon.core.main.TestCaseExecutor.doExecute(TestCaseExecutor.java:319)
	at com.kms.katalon.core.main.TestCaseExecutor.processExecutionPhase(TestCaseExecutor.java:298)
	at com.kms.katalon.core.main.TestCaseExecutor.accessMainPhase(TestCaseExecutor.java:290)
	at com.kms.katalon.core.main.TestCaseExecutor.execute(TestCaseExecutor.java:224)
	at com.kms.katalon.core.main.TestCaseMain.runTestCase(TestCaseMain.java:106)
	at com.kms.katalon.core.keyword.builtin.CallTestCaseKeyword$_callTestCase_closure1.doCall(CallTestCaseKeyword.groovy:59)
	at com.kms.katalon.core.keyword.builtin.CallTestCaseKeyword$_callTestCase_closure1.call(CallTestCaseKeyword.groovy)
	at com.kms.katalon.core.keyword.internal.KeywordMain.runKeyword(KeywordMain.groovy:54)
	at com.kms.katalon.core.keyword.builtin.CallTestCaseKeyword.callTestCase(CallTestCaseKeyword.groovy:80)
	at com.kms.katalon.core.keyword.builtin.CallTestCaseKeyword.execute(CallTestCaseKeyword.groovy:44)
	at com.kms.katalon.core.keyword.internal.KeywordExecutor.executeKeywordForPlatform(KeywordExecutor.groovy:53)
	at com.kms.katalon.core.keyword.BuiltinKeywords.callTestCase(BuiltinKeywords.groovy:334)
	at NavigationYourPayAndBenefits.run(NavigationYourPayAndBenefits:18)
	at com.kms.katalon.core.main.ScriptEngine.run(ScriptEngine.java:194)
	at com.kms.katalon.core.main.ScriptEngine.runScriptAsRawText(ScriptEngine.java:119)
	at com.kms.katalon.core.main.TestCaseExecutor.runScript(TestCaseExecutor.java:328)
	at com.kms.katalon.core.main.TestCaseExecutor.doExecute(TestCaseExecutor.java:319)
	at com.kms.katalon.core.main.TestCaseExecutor.processExecutionPhase(TestCaseExecutor.java:298)
	at com.kms.katalon.core.main.TestCaseExecutor.accessMainPhase(TestCaseExecutor.java:290)
	at com.kms.katalon.core.main.TestCaseExecutor.execute(TestCaseExecutor.java:224)
	at com.kms.katalon.core.main.TestSuiteExecutor.accessTestCaseMainPhase(TestSuiteExecutor.java:129)
	at com.kms.katalon.core.main.TestSuiteExecutor.accessTestSuiteMainPhase(TestSuiteExecutor.java:112)
	at com.kms.katalon.core.main.TestSuiteExecutor.execute(TestSuiteExecutor.java:81)
	at com.kms.katalon.core.main.TestCaseMain.startTestSuite(TestCaseMain.java:149)
	at com.kms.katalon.core.main.TestCaseMain$startTestSuite$0.call(Unknown Source)
	at TempTestSuite1550552648495.run(TempTestSuite1550552648495.groovy:36)]]></system-err>
      </testcase>
      <testcase name="Test Cases/Smoke Test/NavigationYourAbsenceRules" classname="Test Cases/Smoke Test/NavigationYourAbsenceRules" status="PASSED">
         <system-out><![CDATA[2019-02-19 09:07:20 - [TEST_CASE][PASSED] - Test Cases/Smoke Test/NavigationYourAbsenceRules: Test Cases/Smoke Test/NavigationYourAbsenceRules

2019-02-19 09:07:21 - [TEST_STEP][PASSED] - callTestCase(findTestCase("Smoke Test/ValidLogin"), [:], STOP_ON_FAILURE): Call Test Case 'Test Cases/Smoke Test/ValidLogin' successfully

2019-02-19 09:07:21 - [TEST_CASE][PASSED] - Test Cases/Smoke Test/ValidLogin: Test Cases/Smoke Test/ValidLogin

2019-02-19 09:07:21 - [TEST_STEP][PASSED] - openBrowser(findTestData("Environment").getValue("URL", 1)): Browser is opened with url: 'https://implementationuat.sdworx.co.uk/'

2019-02-19 09:07:21 - [MESSAGE][WARNING] - A browser is already opened. Closing browser and opening a new one

2019-02-19 09:07:21 - [MESSAGE][INFO] - Starting 'Chrome' driver

2019-02-19 09:07:27 - [MESSAGE][PASSED] - Browser is opened with url: 'https://implementationuat.sdworx.co.uk/'

2019-02-19 09:07:27 - [TEST_STEP][PASSED] - maximizeWindow(): Current window maximized

2019-02-19 09:07:28 - [MESSAGE][PASSED] - Current window maximized

2019-02-19 09:07:28 - [TEST_STEP][PASSED] - navigateToUrl(findTestData("Environment").getValue("URL", 1)): Navigate to 'https://implementationuat.sdworx.co.uk/' successfully

2019-02-19 09:07:29 - [MESSAGE][PASSED] - Navigate to 'https://implementationuat.sdworx.co.uk/' successfully

2019-02-19 09:07:29 - [TEST_STEP][PASSED] - setText(findTestObject("Object Repository/Login/input_Email"), findTestData("Login").getValue("Username", 1)): Text 'purmanand.roopnah@sdworx.com' is set on object 'Object Repository/Login/input_Email'

2019-02-19 09:07:29 - [MESSAGE][PASSED] - Text 'purmanand.roopnah@sdworx.com' is set on object 'Object Repository/Login/input_Email'

2019-02-19 09:07:29 - [TEST_STEP][PASSED] - setText(findTestObject("Object Repository/Login/input_Password"), findTestData("Login").getValue("Password", 1)): Text 'Manish_2505' is set on object 'Object Repository/Login/input_Password'

2019-02-19 09:07:29 - [MESSAGE][PASSED] - Text 'Manish_2505' is set on object 'Object Repository/Login/input_Password'

2019-02-19 09:07:29 - [TEST_STEP][PASSED] - click(findTestObject("Object Repository/Login/input_btn btn-default")): Object: 'Object Repository/Login/input_btn btn-default' is clicked on

2019-02-19 09:07:32 - [MESSAGE][PASSED] - Object: 'Object Repository/Login/input_btn btn-default' is clicked on

2019-02-19 09:07:32 - [TEST_STEP][NOT_RUN] - selectOptionByLabel(findTestObject("Dropdown Lists/Select Organisation/Select Org"), "Panasonic Mauritius", true): NOT_RUN: selectOptionByLabel(findTestObject("Dropdown Lists/Select Organisation/Select Org"), "Panasonic Mauritius", true)

2019-02-19 09:07:32 - [MESSAGE][NOT_RUN] - NOT_RUN: selectOptionByLabel(findTestObject("Dropdown Lists/Select Organisation/Select Org"), "Panasonic Mauritius", true)

2019-02-19 09:07:32 - [TEST_STEP][NOT_RUN] - verifyElementPresent(findTestObject("Logout/Logout_dropdown"), 10, CONTINUE_ON_FAILURE): NOT_RUN: verifyElementPresent(findTestObject("Logout/Logout_dropdown"), 10, CONTINUE_ON_FAILURE)

2019-02-19 09:07:32 - [MESSAGE][NOT_RUN] - NOT_RUN: verifyElementPresent(findTestObject("Logout/Logout_dropdown"), 10, CONTINUE_ON_FAILURE)

2019-02-19 09:07:32 - [TEST_STEP][NOT_RUN] - click(findTestObject("Logout/Logout_dropdown")): NOT_RUN: click(findTestObject("Logout/Logout_dropdown"))

2019-02-19 09:07:32 - [MESSAGE][NOT_RUN] - NOT_RUN: click(findTestObject("Logout/Logout_dropdown"))

2019-02-19 09:07:32 - [TEST_STEP][NOT_RUN] - verifyElementPresent(findTestObject("Logout/a_Logout"), 10, CONTINUE_ON_FAILURE): NOT_RUN: verifyElementPresent(findTestObject("Logout/a_Logout"), 10, CONTINUE_ON_FAILURE)

2019-02-19 09:07:32 - [MESSAGE][NOT_RUN] - NOT_RUN: verifyElementPresent(findTestObject("Logout/a_Logout"), 10, CONTINUE_ON_FAILURE)

2019-02-19 09:07:32 - [TEST_STEP][NOT_RUN] - click(findTestObject("Logout/a_Logout")): NOT_RUN: click(findTestObject("Logout/a_Logout"))

2019-02-19 09:07:32 - [MESSAGE][NOT_RUN] - NOT_RUN: click(findTestObject("Logout/a_Logout"))

2019-02-19 09:07:32 - [TEST_STEP][NOT_RUN] - closeBrowser(): NOT_RUN: closeBrowser()

2019-02-19 09:07:32 - [MESSAGE][NOT_RUN] - NOT_RUN: closeBrowser()

2019-02-19 09:07:32 - [TEST_STEP][NOT_RUN] - toolkit.MySql.connectDB("CERRSQL2UTIL.aspnc.local", "ImplementationToolkit ", "4413", "ImpToolkit", "0E47iz93"): NOT_RUN: toolkit.MySql.connectDB("CERRSQL2UTIL.aspnc.local", "ImplementationToolkit ", "4413", "ImpToolkit", "0E47iz93")

2019-02-19 09:07:32 - [MESSAGE][NOT_RUN] - NOT_RUN: toolkit.MySql.connectDB("CERRSQL2UTIL.aspnc.local", "ImplementationToolkit ", "4413", "ImpToolkit", "0E47iz93")

2019-02-19 09:07:32 - [TEST_STEP][NOT_RUN] - Data = toolkit.MySql.executeQuery("select id from AspNetUsers where Email='purmanand.roopnah@sdworx.com';"): NOT_RUN: Data = toolkit.MySql.executeQuery("select id from AspNetUsers where Email='purmanand.roopnah@sdworx.com';")

2019-02-19 09:07:32 - [MESSAGE][NOT_RUN] - NOT_RUN: Data = toolkit.MySql.executeQuery("select id from AspNetUsers where Email='purmanand.roopnah@sdworx.com';")

2019-02-19 09:07:32 - [TEST_STEP][NOT_RUN] - PrintLn("Data"): NOT_RUN: PrintLn("Data")

2019-02-19 09:07:32 - [MESSAGE][NOT_RUN] - NOT_RUN: PrintLn("Data")

2019-02-19 09:07:32 - [MESSAGE][PASSED] - Call Test Case 'Test Cases/Smoke Test/ValidLogin' successfully

2019-02-19 09:07:32 - [TEST_STEP][PASSED] - callTestCase(findTestCase("Navigations/Navigation - Absence Parameters"), [:], CONTINUE_ON_FAILURE): Call Test Case 'Test Cases/Navigations/Navigation - Absence Parameters' successfully

2019-02-19 09:07:32 - [TEST_CASE][PASSED] - Test Cases/Navigations/Navigation - Absence Parameters: Test Cases/Navigations/Navigation - Absence Parameters

2019-02-19 09:07:32 - [TEST_STEP][PASSED] - delay(2): Delayed 2 second(s)

2019-02-19 09:07:34 - [MESSAGE][PASSED] - Delayed 2 second(s)

2019-02-19 09:07:34 - [TEST_STEP][PASSED] - click(findTestObject("Object Repository/Navigations/Navigation - Absence Parameters/span_Your Absence Rules")): Object: 'Object Repository/Navigations/Navigation - Absence Parameters/span_Your Absence Rules' is clicked on

2019-02-19 09:07:34 - [MESSAGE][PASSED] - Object: 'Object Repository/Navigations/Navigation - Absence Parameters/span_Your Absence Rules' is clicked on

2019-02-19 09:07:34 - [TEST_STEP][PASSED] - delay(2): Delayed 2 second(s)

2019-02-19 09:07:36 - [MESSAGE][PASSED] - Delayed 2 second(s)

2019-02-19 09:07:36 - [TEST_STEP][PASSED] - click(findTestObject("Object Repository/Navigations/Navigation - Absence Parameters/a_Absence Parameters")): Object: 'Object Repository/Navigations/Navigation - Absence Parameters/a_Absence Parameters' is clicked on

2019-02-19 09:07:38 - [MESSAGE][PASSED] - Object: 'Object Repository/Navigations/Navigation - Absence Parameters/a_Absence Parameters' is clicked on

2019-02-19 09:07:38 - [TEST_STEP][PASSED] - waitForPageLoad(2): Wait for page load successfully

2019-02-19 09:07:38 - [MESSAGE][PASSED] - Wait for page load successfully

2019-02-19 09:07:38 - [TEST_STEP][PASSED] - verifyTextPresent("ABSENCE PARAMETERS", false): Text 'ABSENCE PARAMETERS' is present on page 

2019-02-19 09:07:38 - [MESSAGE][PASSED] - Text 'ABSENCE PARAMETERS' is present on page 

2019-02-19 09:07:38 - [TEST_STEP][PASSED] - click(findTestObject("Navigations/Navigation - Absence Parameters/input_Holiday year start date_")): Object: 'Object Repository/Navigations/Navigation - Absence Parameters/input_Holiday year start date_' is clicked on

2019-02-19 09:07:38 - [MESSAGE][PASSED] - Object: 'Object Repository/Navigations/Navigation - Absence Parameters/input_Holiday year start date_' is clicked on

2019-02-19 09:07:38 - [TEST_STEP][PASSED] - verifyTextPresent("Holiday year start date:", false): Text 'Holiday year start date:' is present on page 

2019-02-19 09:07:38 - [MESSAGE][PASSED] - Text 'Holiday year start date:' is present on page 

2019-02-19 09:07:38 - [MESSAGE][PASSED] - Call Test Case 'Test Cases/Navigations/Navigation - Absence Parameters' successfully

2019-02-19 09:07:38 - [TEST_STEP][PASSED] - callTestCase(findTestCase("Navigations/Navigation - Public Holiday Schemes"), [:], CONTINUE_ON_FAILURE): Call Test Case 'Test Cases/Navigations/Navigation - Public Holiday Schemes' successfully

2019-02-19 09:07:38 - [TEST_CASE][PASSED] - Test Cases/Navigations/Navigation - Public Holiday Schemes: Test Cases/Navigations/Navigation - Public Holiday Schemes

2019-02-19 09:07:38 - [TEST_STEP][PASSED] - delay(2): Delayed 2 second(s)

2019-02-19 09:07:40 - [MESSAGE][PASSED] - Delayed 2 second(s)

2019-02-19 09:07:40 - [TEST_STEP][PASSED] - click(findTestObject("Object Repository/Navigations/Navigation - Public Holiday Dates/span_Your Absence Rules")): Object: 'Object Repository/Navigations/Navigation - Public Holiday Dates/span_Your Absence Rules' is clicked on

2019-02-19 09:07:40 - [MESSAGE][PASSED] - Object: 'Object Repository/Navigations/Navigation - Public Holiday Dates/span_Your Absence Rules' is clicked on

2019-02-19 09:07:40 - [TEST_STEP][PASSED] - delay(2): Delayed 2 second(s)

2019-02-19 09:07:42 - [MESSAGE][PASSED] - Delayed 2 second(s)

2019-02-19 09:07:42 - [TEST_STEP][PASSED] - click(findTestObject("Object Repository/Navigations/Navigation - Public Holiday Dates/a_Public Holiday Calendars")): Object: 'Object Repository/Navigations/Navigation - Public Holiday Dates/a_Public Holiday Calendars' is clicked on

2019-02-19 09:07:44 - [MESSAGE][PASSED] - Object: 'Object Repository/Navigations/Navigation - Public Holiday Dates/a_Public Holiday Calendars' is clicked on

2019-02-19 09:07:44 - [TEST_STEP][PASSED] - click(findTestObject("Navigations/Navigation - Public Holiday Schemes/a_Public Holiday Schemes")): Object: 'Object Repository/Navigations/Navigation - Public Holiday Schemes/a_Public Holiday Schemes' is clicked on

2019-02-19 09:07:44 - [MESSAGE][PASSED] - Object: 'Object Repository/Navigations/Navigation - Public Holiday Schemes/a_Public Holiday Schemes' is clicked on

2019-02-19 09:07:44 - [TEST_STEP][PASSED] - verifyTextPresent("PUBLIC HOLIDAY SCHEMES", false): Text 'PUBLIC HOLIDAY SCHEMES' is present on page 

2019-02-19 09:07:44 - [MESSAGE][PASSED] - Text 'PUBLIC HOLIDAY SCHEMES' is present on page 

2019-02-19 09:07:44 - [TEST_STEP][PASSED] - doubleClick(findTestObject("Navigations/Navigation - Public Holiday Schemes/Search")): Object: 'Object Repository/Navigations/Navigation - Public Holiday Schemes/Search' is double clicked on

2019-02-19 09:07:45 - [MESSAGE][PASSED] - Object: 'Object Repository/Navigations/Navigation - Public Holiday Schemes/Search' is double clicked on

2019-02-19 09:07:45 - [TEST_STEP][PASSED] - verifyTextPresent("PUBLIC HOLIDAY SCHEMES", false): Text 'PUBLIC HOLIDAY SCHEMES' is present on page 

2019-02-19 09:07:45 - [MESSAGE][PASSED] - Text 'PUBLIC HOLIDAY SCHEMES' is present on page 

2019-02-19 09:07:45 - [MESSAGE][PASSED] - Call Test Case 'Test Cases/Navigations/Navigation - Public Holiday Schemes' successfully

2019-02-19 09:07:45 - [TEST_STEP][PASSED] - callTestCase(findTestCase("Navigations/Navigation - Public Holiday Dates"), [:], CONTINUE_ON_FAILURE): Call Test Case 'Test Cases/Navigations/Navigation - Public Holiday Dates' successfully

2019-02-19 09:07:45 - [TEST_CASE][PASSED] - Test Cases/Navigations/Navigation - Public Holiday Dates: Test Cases/Navigations/Navigation - Public Holiday Dates

2019-02-19 09:07:45 - [TEST_STEP][PASSED] - delay(2): Delayed 2 second(s)

2019-02-19 09:07:47 - [MESSAGE][PASSED] - Delayed 2 second(s)

2019-02-19 09:07:47 - [TEST_STEP][PASSED] - click(findTestObject("Object Repository/Navigations/Navigation - Public Holiday Dates/span_Your Absence Rules")): Object: 'Object Repository/Navigations/Navigation - Public Holiday Dates/span_Your Absence Rules' is clicked on

2019-02-19 09:07:47 - [MESSAGE][PASSED] - Object: 'Object Repository/Navigations/Navigation - Public Holiday Dates/span_Your Absence Rules' is clicked on

2019-02-19 09:07:47 - [TEST_STEP][PASSED] - delay(2): Delayed 2 second(s)

2019-02-19 09:07:49 - [MESSAGE][PASSED] - Delayed 2 second(s)

2019-02-19 09:07:49 - [TEST_STEP][PASSED] - click(findTestObject("Object Repository/Navigations/Navigation - Public Holiday Dates/a_Public Holiday Calendars")): Object: 'Object Repository/Navigations/Navigation - Public Holiday Dates/a_Public Holiday Calendars' is clicked on

2019-02-19 09:07:50 - [MESSAGE][PASSED] - Object: 'Object Repository/Navigations/Navigation - Public Holiday Dates/a_Public Holiday Calendars' is clicked on

2019-02-19 09:07:50 - [TEST_STEP][PASSED] - click(findTestObject("Object Repository/Navigations/Navigation - Public Holiday Dates/a_Public Holiday Dates tab")): Object: 'Object Repository/Navigations/Navigation - Public Holiday Dates/a_Public Holiday Dates tab' is clicked on

2019-02-19 09:07:50 - [MESSAGE][PASSED] - Object: 'Object Repository/Navigations/Navigation - Public Holiday Dates/a_Public Holiday Dates tab' is clicked on

2019-02-19 09:07:50 - [TEST_STEP][PASSED] - verifyTextPresent("BANK / PUBLIC HOLIDAY DATES", false): Text 'BANK / PUBLIC HOLIDAY DATES' is present on page 

2019-02-19 09:07:50 - [MESSAGE][PASSED] - Text 'BANK / PUBLIC HOLIDAY DATES' is present on page 

2019-02-19 09:07:50 - [TEST_STEP][PASSED] - doubleClick(findTestObject("Navigations/Navigation - Public Holiday Dates/Search")): Object: 'Object Repository/Navigations/Navigation - Public Holiday Dates/Search' is double clicked on

2019-02-19 09:07:50 - [MESSAGE][PASSED] - Object: 'Object Repository/Navigations/Navigation - Public Holiday Dates/Search' is double clicked on

2019-02-19 09:07:50 - [TEST_STEP][PASSED] - verifyElementPresent(findTestObject("Navigations/Navigation - Public Holiday Dates/a_Add Holiday Date"), 2): Object 'Object Repository/Navigations/Navigation - Public Holiday Dates/a_Add Holiday Date' is present

2019-02-19 09:07:50 - [MESSAGE][PASSED] - Object 'Object Repository/Navigations/Navigation - Public Holiday Dates/a_Add Holiday Date' is present

2019-02-19 09:07:50 - [MESSAGE][PASSED] - Call Test Case 'Test Cases/Navigations/Navigation - Public Holiday Dates' successfully

2019-02-19 09:07:50 - [TEST_STEP][PASSED] - callTestCase(findTestCase("Navigations/Navigation - Primary Sickness"), [:], CONTINUE_ON_FAILURE): Call Test Case 'Test Cases/Navigations/Navigation - Primary Sickness' successfully

2019-02-19 09:07:50 - [TEST_CASE][PASSED] - Test Cases/Navigations/Navigation - Primary Sickness: Test Cases/Navigations/Navigation - Primary Sickness

2019-02-19 09:07:51 - [TEST_STEP][PASSED] - delay(2): Delayed 2 second(s)

2019-02-19 09:07:53 - [MESSAGE][PASSED] - Delayed 2 second(s)

2019-02-19 09:07:53 - [TEST_STEP][PASSED] - click(findTestObject("Object Repository/Navigations/Navigation - Primary Sickness/span_Your Absence Rules")): Object: 'Object Repository/Navigations/Navigation - Primary Sickness/span_Your Absence Rules' is clicked on

2019-02-19 09:07:53 - [MESSAGE][PASSED] - Object: 'Object Repository/Navigations/Navigation - Primary Sickness/span_Your Absence Rules' is clicked on

2019-02-19 09:07:53 - [TEST_STEP][PASSED] - delay(2): Delayed 2 second(s)

2019-02-19 09:07:55 - [MESSAGE][PASSED] - Delayed 2 second(s)

2019-02-19 09:07:55 - [TEST_STEP][PASSED] - click(findTestObject("Navigations/Navigation - Primary Sickness/a_Sickness")): Object: 'Object Repository/Navigations/Navigation - Primary Sickness/a_Sickness' is clicked on

2019-02-19 09:07:57 - [MESSAGE][PASSED] - Object: 'Object Repository/Navigations/Navigation - Primary Sickness/a_Sickness' is clicked on

2019-02-19 09:07:57 - [TEST_STEP][PASSED] - delay(2): Delayed 2 second(s)

2019-02-19 09:07:59 - [MESSAGE][PASSED] - Delayed 2 second(s)

2019-02-19 09:07:59 - [TEST_STEP][PASSED] - click(findTestObject("Navigations/Navigation - Primary Sickness/a_Primary Sickness Reasons")): Object: 'Object Repository/Navigations/Navigation - Primary Sickness/a_Primary Sickness Reasons' is clicked on

2019-02-19 09:07:59 - [MESSAGE][PASSED] - Object: 'Object Repository/Navigations/Navigation - Primary Sickness/a_Primary Sickness Reasons' is clicked on

2019-02-19 09:07:59 - [TEST_STEP][PASSED] - verifyTextPresent("PRIMARY SICKNESS REASONS", false): Text 'PRIMARY SICKNESS REASONS' is present on page 

2019-02-19 09:07:59 - [MESSAGE][PASSED] - Text 'PRIMARY SICKNESS REASONS' is present on page 

2019-02-19 09:07:59 - [TEST_STEP][PASSED] - verifyElementPresent(findTestObject("Navigations/Navigation - Primary Sickness/a_Add Primary Sickness"), 10): Object 'Object Repository/Navigations/Navigation - Primary Sickness/a_Add Primary Sickness' is present

2019-02-19 09:07:59 - [MESSAGE][PASSED] - Object 'Object Repository/Navigations/Navigation - Primary Sickness/a_Add Primary Sickness' is present

2019-02-19 09:07:59 - [TEST_STEP][PASSED] - doubleClick(findTestObject("Navigations/Navigation - Primary Sickness/Search")): Object: 'Object Repository/Navigations/Navigation - Primary Sickness/Search' is double clicked on

2019-02-19 09:07:59 - [MESSAGE][PASSED] - Object: 'Object Repository/Navigations/Navigation - Primary Sickness/Search' is double clicked on

2019-02-19 09:07:59 - [TEST_STEP][PASSED] - verifyElementPresent(findTestObject("Navigations/Navigation - Primary Sickness/a_Add Primary Sickness"), 0): Object 'Object Repository/Navigations/Navigation - Primary Sickness/a_Add Primary Sickness' is present

2019-02-19 09:07:59 - [MESSAGE][WARNING] - Timeout '0' is invalid. Using default page load timeout: '30'

2019-02-19 09:07:59 - [MESSAGE][PASSED] - Object 'Object Repository/Navigations/Navigation - Primary Sickness/a_Add Primary Sickness' is present

2019-02-19 09:07:59 - [MESSAGE][PASSED] - Call Test Case 'Test Cases/Navigations/Navigation - Primary Sickness' successfully

2019-02-19 09:07:59 - [TEST_STEP][PASSED] - callTestCase(findTestCase("Navigations/Navigation - Secondary Sickness"), [:], CONTINUE_ON_FAILURE): Call Test Case 'Test Cases/Navigations/Navigation - Secondary Sickness' successfully

2019-02-19 09:07:59 - [TEST_CASE][PASSED] - Test Cases/Navigations/Navigation - Secondary Sickness: Test Cases/Navigations/Navigation - Secondary Sickness

2019-02-19 09:07:59 - [TEST_STEP][PASSED] - click(findTestObject("Object Repository/Navigations/Navigation - Secondary Sickness/span_Your Absence Rules")): Object: 'Object Repository/Navigations/Navigation - Secondary Sickness/span_Your Absence Rules' is clicked on

2019-02-19 09:07:59 - [MESSAGE][PASSED] - Object: 'Object Repository/Navigations/Navigation - Secondary Sickness/span_Your Absence Rules' is clicked on

2019-02-19 09:07:59 - [TEST_STEP][PASSED] - delay(2): Delayed 2 second(s)

2019-02-19 09:08:01 - [MESSAGE][PASSED] - Delayed 2 second(s)

2019-02-19 09:08:01 - [TEST_STEP][PASSED] - click(findTestObject("Navigations/Navigation - Primary Sickness/a_Sickness")): Object: 'Object Repository/Navigations/Navigation - Primary Sickness/a_Sickness' is clicked on

2019-02-19 09:08:03 - [MESSAGE][PASSED] - Object: 'Object Repository/Navigations/Navigation - Primary Sickness/a_Sickness' is clicked on

2019-02-19 09:08:03 - [TEST_STEP][PASSED] - waitForPageLoad(5): Wait for page load successfully

2019-02-19 09:08:03 - [MESSAGE][PASSED] - Wait for page load successfully

2019-02-19 09:08:03 - [TEST_STEP][PASSED] - click(findTestObject("Navigations/Navigation - Secondary Sickness/a_Secondary Sickness Reasons")): Object: 'Object Repository/Navigations/Navigation - Secondary Sickness/a_Secondary Sickness Reasons' is clicked on

2019-02-19 09:08:03 - [MESSAGE][PASSED] - Object: 'Object Repository/Navigations/Navigation - Secondary Sickness/a_Secondary Sickness Reasons' is clicked on

2019-02-19 09:08:03 - [TEST_STEP][PASSED] - verifyTextPresent("SECONDARY SICKNESS REASONS", false): Text 'SECONDARY SICKNESS REASONS' is present on page 

2019-02-19 09:08:03 - [MESSAGE][PASSED] - Text 'SECONDARY SICKNESS REASONS' is present on page 

2019-02-19 09:08:03 - [TEST_STEP][PASSED] - doubleClick(findTestObject("Navigations/Navigation - Secondary Sickness/Search")): Object: 'Object Repository/Navigations/Navigation - Secondary Sickness/Search' is double clicked on

2019-02-19 09:08:03 - [MESSAGE][PASSED] - Object: 'Object Repository/Navigations/Navigation - Secondary Sickness/Search' is double clicked on

2019-02-19 09:08:03 - [TEST_STEP][PASSED] - verifyElementPresent(findTestObject("Navigations/Navigation - Secondary Sickness/a_Add Secondary Sickness"), 5): Object 'Object Repository/Navigations/Navigation - Secondary Sickness/a_Add Secondary Sickness' is present

2019-02-19 09:08:03 - [MESSAGE][PASSED] - Object 'Object Repository/Navigations/Navigation - Secondary Sickness/a_Add Secondary Sickness' is present

2019-02-19 09:08:03 - [MESSAGE][PASSED] - Call Test Case 'Test Cases/Navigations/Navigation - Secondary Sickness' successfully

2019-02-19 09:08:03 - [TEST_STEP][PASSED] - callTestCase(findTestCase("Navigations/Navigation - OSP Scheme Details"), [:], CONTINUE_ON_FAILURE): Call Test Case 'Test Cases/Navigations/Navigation - OSP Scheme Details' successfully

2019-02-19 09:08:03 - [TEST_CASE][PASSED] - Test Cases/Navigations/Navigation - OSP Scheme Details: Test Cases/Navigations/Navigation - OSP Scheme Details

2019-02-19 09:08:03 - [TEST_STEP][PASSED] - delay(2): Delayed 2 second(s)

2019-02-19 09:08:05 - [MESSAGE][PASSED] - Delayed 2 second(s)

2019-02-19 09:08:05 - [TEST_STEP][PASSED] - click(findTestObject("Object Repository/Navigations/Navigation - OSP Scheme Details/span_Your Absence Rules")): Object: 'Object Repository/Navigations/Navigation - OSP Scheme Details/span_Your Absence Rules' is clicked on

2019-02-19 09:08:05 - [MESSAGE][PASSED] - Object: 'Object Repository/Navigations/Navigation - OSP Scheme Details/span_Your Absence Rules' is clicked on

2019-02-19 09:08:05 - [TEST_STEP][PASSED] - delay(2): Delayed 2 second(s)

2019-02-19 09:08:07 - [MESSAGE][PASSED] - Delayed 2 second(s)

2019-02-19 09:08:07 - [TEST_STEP][PASSED] - click(findTestObject("Navigations/Navigation - OSP Scheme Details/a_OSP Schemes")): Object: 'Object Repository/Navigations/Navigation - OSP Scheme Details/a_OSP Schemes' is clicked on

2019-02-19 09:08:09 - [MESSAGE][PASSED] - Object: 'Object Repository/Navigations/Navigation - OSP Scheme Details/a_OSP Schemes' is clicked on

2019-02-19 09:08:09 - [TEST_STEP][PASSED] - verifyTextPresent("OSP SCHEME DETAILS", false): Text 'OSP SCHEME DETAILS' is present on page 

2019-02-19 09:08:10 - [MESSAGE][PASSED] - Text 'OSP SCHEME DETAILS' is present on page 

2019-02-19 09:08:10 - [TEST_STEP][PASSED] - doubleClick(findTestObject("Navigations/Navigation - OSP Scheme Details/Search")): Object: 'Object Repository/Navigations/Navigation - OSP Scheme Details/Search' is double clicked on

2019-02-19 09:08:10 - [MESSAGE][PASSED] - Object: 'Object Repository/Navigations/Navigation - OSP Scheme Details/Search' is double clicked on

2019-02-19 09:08:10 - [TEST_STEP][PASSED] - verifyTextPresent("OSP SCHEME DETAILS", false): Text 'OSP SCHEME DETAILS' is present on page 

2019-02-19 09:08:10 - [MESSAGE][PASSED] - Text 'OSP SCHEME DETAILS' is present on page 

2019-02-19 09:08:10 - [MESSAGE][PASSED] - Call Test Case 'Test Cases/Navigations/Navigation - OSP Scheme Details' successfully

2019-02-19 09:08:10 - [TEST_STEP][PASSED] - callTestCase(findTestCase("Navigations/Navigation - OSP Scheme Service Bands"), [:], CONTINUE_ON_FAILURE): Call Test Case 'Test Cases/Navigations/Navigation - OSP Scheme Service Bands' successfully

2019-02-19 09:08:10 - [TEST_CASE][PASSED] - Test Cases/Navigations/Navigation - OSP Scheme Service Bands: Test Cases/Navigations/Navigation - OSP Scheme Service Bands

2019-02-19 09:08:11 - [TEST_STEP][PASSED] - delay(2): Delayed 2 second(s)

2019-02-19 09:08:13 - [MESSAGE][PASSED] - Delayed 2 second(s)

2019-02-19 09:08:13 - [TEST_STEP][PASSED] - click(findTestObject("Object Repository/Navigations/Navigation - OSP Scheme Details/span_Your Absence Rules")): Object: 'Object Repository/Navigations/Navigation - OSP Scheme Details/span_Your Absence Rules' is clicked on

2019-02-19 09:08:13 - [MESSAGE][PASSED] - Object: 'Object Repository/Navigations/Navigation - OSP Scheme Details/span_Your Absence Rules' is clicked on

2019-02-19 09:08:13 - [TEST_STEP][PASSED] - delay(2): Delayed 2 second(s)

2019-02-19 09:08:15 - [MESSAGE][PASSED] - Delayed 2 second(s)

2019-02-19 09:08:15 - [TEST_STEP][PASSED] - click(findTestObject("Object Repository/Navigations/Navigation - OSP Scheme Details/a_OSP Schemes")): Object: 'Object Repository/Navigations/Navigation - OSP Scheme Details/a_OSP Schemes' is clicked on

2019-02-19 09:08:16 - [MESSAGE][PASSED] - Object: 'Object Repository/Navigations/Navigation - OSP Scheme Details/a_OSP Schemes' is clicked on

2019-02-19 09:08:16 - [TEST_STEP][PASSED] - click(findTestObject("Object Repository/Navigations/Navigation - OSP Scheme Service Bands/a_Service band tab")): Object: 'Object Repository/Navigations/Navigation - OSP Scheme Service Bands/a_Service band tab' is clicked on

2019-02-19 09:08:16 - [MESSAGE][PASSED] - Object: 'Object Repository/Navigations/Navigation - OSP Scheme Service Bands/a_Service band tab' is clicked on

2019-02-19 09:08:16 - [TEST_STEP][PASSED] - delay(2): Delayed 2 second(s)

2019-02-19 09:08:18 - [MESSAGE][PASSED] - Delayed 2 second(s)

2019-02-19 09:08:18 - [TEST_STEP][PASSED] - verifyTextPresent("Select Scheme to maintain ", false): Text 'Select Scheme to maintain ' is present on page 

2019-02-19 09:08:18 - [MESSAGE][PASSED] - Text 'Select Scheme to maintain ' is present on page 

2019-02-19 09:08:18 - [TEST_STEP][PASSED] - doubleClick(findTestObject("Navigations/Navigation - OSP Scheme Service Bands/Search")): Object: 'Object Repository/Navigations/Navigation - OSP Scheme Service Bands/Search' is double clicked on

2019-02-19 09:08:19 - [MESSAGE][PASSED] - Object: 'Object Repository/Navigations/Navigation - OSP Scheme Service Bands/Search' is double clicked on

2019-02-19 09:08:19 - [TEST_STEP][PASSED] - verifyTextPresent("Select Scheme to maintain ", false): Text 'Select Scheme to maintain ' is present on page 

2019-02-19 09:08:19 - [MESSAGE][PASSED] - Text 'Select Scheme to maintain ' is present on page 

2019-02-19 09:08:19 - [MESSAGE][PASSED] - Call Test Case 'Test Cases/Navigations/Navigation - OSP Scheme Service Bands' successfully

2019-02-19 09:08:19 - [TEST_STEP][PASSED] - callTestCase(findTestCase("Navigations/Navigation - Statutory Absence Parameters"), [:], CONTINUE_ON_FAILURE): Call Test Case 'Test Cases/Navigations/Navigation - Statutory Absence Parameters' successfully

2019-02-19 09:08:19 - [TEST_CASE][PASSED] - Test Cases/Navigations/Navigation - Statutory Absence Parameters: Test Cases/Navigations/Navigation - Statutory Absence Parameters

2019-02-19 09:08:19 - [TEST_STEP][PASSED] - waitForPageLoad(10): Wait for page load successfully

2019-02-19 09:08:19 - [MESSAGE][PASSED] - Wait for page load successfully

2019-02-19 09:08:19 - [TEST_STEP][PASSED] - click(findTestObject("Object Repository/Navigations/Navigation - Statutory Absence Parameters/span_Your Absence Rules")): Object: 'Object Repository/Navigations/Navigation - Statutory Absence Parameters/span_Your Absence Rules' is clicked on

2019-02-19 09:08:19 - [MESSAGE][PASSED] - Object: 'Object Repository/Navigations/Navigation - Statutory Absence Parameters/span_Your Absence Rules' is clicked on

2019-02-19 09:08:19 - [TEST_STEP][PASSED] - delay(2): Delayed 2 second(s)

2019-02-19 09:08:21 - [MESSAGE][PASSED] - Delayed 2 second(s)

2019-02-19 09:08:21 - [TEST_STEP][PASSED] - click(findTestObject("Object Repository/Navigations/Navigation - Statutory Absence Parameters/a_Statutory Absence")): Object: 'Object Repository/Navigations/Navigation - Statutory Absence Parameters/a_Statutory Absence' is clicked on

2019-02-19 09:08:23 - [MESSAGE][PASSED] - Object: 'Object Repository/Navigations/Navigation - Statutory Absence Parameters/a_Statutory Absence' is clicked on

2019-02-19 09:08:23 - [TEST_STEP][PASSED] - waitForPageLoad(10): Wait for page load successfully

2019-02-19 09:08:23 - [MESSAGE][PASSED] - Wait for page load successfully

2019-02-19 09:08:23 - [TEST_STEP][PASSED] - verifyTextPresent("Statutory Absence Parameters", false): Text 'Statutory Absence Parameters' is present on page 

2019-02-19 09:08:23 - [MESSAGE][PASSED] - Text 'Statutory Absence Parameters' is present on page 

2019-02-19 09:08:23 - [TEST_STEP][PASSED] - doubleClick(findTestObject("Navigations/Navigation - Statutory Absence Parameters/input_Default Qualifying Days_")): Object: 'Object Repository/Navigations/Navigation - Statutory Absence Parameters/input_Default Qualifying Days_' is double clicked on

2019-02-19 09:08:23 - [MESSAGE][PASSED] - Object: 'Object Repository/Navigations/Navigation - Statutory Absence Parameters/input_Default Qualifying Days_' is double clicked on

2019-02-19 09:08:23 - [TEST_STEP][PASSED] - verifyTextPresent("Statutory Absence Parameters", false): Text 'Statutory Absence Parameters' is present on page 

2019-02-19 09:08:23 - [MESSAGE][PASSED] - Text 'Statutory Absence Parameters' is present on page 

2019-02-19 09:08:23 - [MESSAGE][PASSED] - Call Test Case 'Test Cases/Navigations/Navigation - Statutory Absence Parameters' successfully

2019-02-19 09:08:23 - [TEST_STEP][PASSED] - callTestCase(findTestCase("Navigations/Navigation - Statutory Absence Notifications"), [:], CONTINUE_ON_FAILURE): Call Test Case 'Test Cases/Navigations/Navigation - Statutory Absence Notifications' successfully

2019-02-19 09:08:23 - [TEST_CASE][PASSED] - Test Cases/Navigations/Navigation - Statutory Absence Notifications: Test Cases/Navigations/Navigation - Statutory Absence Notifications

2019-02-19 09:08:23 - [TEST_STEP][PASSED] - waitForPageLoad(10): Wait for page load successfully

2019-02-19 09:08:23 - [MESSAGE][PASSED] - Wait for page load successfully

2019-02-19 09:08:23 - [TEST_STEP][PASSED] - click(findTestObject("Object Repository/Navigations/Navigation - Statutory Absence Parameters/span_Your Absence Rules")): Object: 'Object Repository/Navigations/Navigation - Statutory Absence Parameters/span_Your Absence Rules' is clicked on

2019-02-19 09:08:24 - [MESSAGE][PASSED] - Object: 'Object Repository/Navigations/Navigation - Statutory Absence Parameters/span_Your Absence Rules' is clicked on

2019-02-19 09:08:24 - [TEST_STEP][PASSED] - delay(2): Delayed 2 second(s)

2019-02-19 09:08:26 - [MESSAGE][PASSED] - Delayed 2 second(s)

2019-02-19 09:08:26 - [TEST_STEP][PASSED] - click(findTestObject("Object Repository/Navigations/Navigation - Statutory Absence Parameters/a_Statutory Absence")): Object: 'Object Repository/Navigations/Navigation - Statutory Absence Parameters/a_Statutory Absence' is clicked on

2019-02-19 09:08:26 - [MESSAGE][PASSED] - Object: 'Object Repository/Navigations/Navigation - Statutory Absence Parameters/a_Statutory Absence' is clicked on

2019-02-19 09:08:26 - [TEST_STEP][PASSED] - delay(2): Delayed 2 second(s)

2019-02-19 09:08:28 - [MESSAGE][PASSED] - Delayed 2 second(s)

2019-02-19 09:08:28 - [TEST_STEP][PASSED] - click(findTestObject("Navigations/Navigation - Statutory Absence Notifications/a_Statutory Absence Notificati")): Object: 'Object Repository/Navigations/Navigation - Statutory Absence Notifications/a_Statutory Absence Notificati' is clicked on

2019-02-19 09:08:29 - [MESSAGE][PASSED] - Object: 'Object Repository/Navigations/Navigation - Statutory Absence Notifications/a_Statutory Absence Notificati' is clicked on

2019-02-19 09:08:29 - [TEST_STEP][PASSED] - delay(2): Delayed 2 second(s)

2019-02-19 09:08:31 - [MESSAGE][PASSED] - Delayed 2 second(s)

2019-02-19 09:08:31 - [TEST_STEP][PASSED] - verifyElementPresent(findTestObject("Navigations/Navigation - Statutory Absence Notifications/button_Save"), 0): Object 'Object Repository/Navigations/Navigation - Statutory Absence Notifications/button_Save' is present

2019-02-19 09:08:31 - [MESSAGE][WARNING] - Timeout '0' is invalid. Using default page load timeout: '30'

2019-02-19 09:08:31 - [MESSAGE][PASSED] - Object 'Object Repository/Navigations/Navigation - Statutory Absence Notifications/button_Save' is present

2019-02-19 09:08:31 - [TEST_STEP][PASSED] - verifyTextPresent("Statutory Absence Notifications", false, CONTINUE_ON_FAILURE): Text 'Statutory Absence Notifications' is present on page 

2019-02-19 09:08:31 - [MESSAGE][PASSED] - Text 'Statutory Absence Notifications' is present on page 

2019-02-19 09:08:31 - [TEST_STEP][PASSED] - scrollToElement(findTestObject("Navigations/Navigation - Statutory Absence Notifications/button_Save"), 5): Scroll to object 'Object Repository/Navigations/Navigation - Statutory Absence Notifications/button_Save' successfully

2019-02-19 09:08:31 - [MESSAGE][PASSED] - Scroll to object 'Object Repository/Navigations/Navigation - Statutory Absence Notifications/button_Save' successfully

2019-02-19 09:08:31 - [TEST_STEP][PASSED] - click(findTestObject("Navigations/Navigation - Statutory Absence Notifications/button_Save")): Object: 'Object Repository/Navigations/Navigation - Statutory Absence Notifications/button_Save' is clicked on

2019-02-19 09:08:31 - [MESSAGE][PASSED] - Object: 'Object Repository/Navigations/Navigation - Statutory Absence Notifications/button_Save' is clicked on

2019-02-19 09:08:31 - [TEST_STEP][PASSED] - verifyTextPresent("Statutory Absence Notifications", false, CONTINUE_ON_FAILURE): Text 'Statutory Absence Notifications' is present on page 

2019-02-19 09:08:31 - [MESSAGE][PASSED] - Text 'Statutory Absence Notifications' is present on page 

2019-02-19 09:08:31 - [MESSAGE][PASSED] - Call Test Case 'Test Cases/Navigations/Navigation - Statutory Absence Notifications' successfully

2019-02-19 09:08:31 - [TEST_STEP][PASSED] - callTestCase(findTestCase("Navigations/Navigation - Holiday Entitlements"), [:], STOP_ON_FAILURE): Call Test Case 'Test Cases/Navigations/Navigation - Holiday Entitlements' successfully

2019-02-19 09:08:31 - [TEST_CASE][PASSED] - Test Cases/Navigations/Navigation - Holiday Entitlements: Test Cases/Navigations/Navigation - Holiday Entitlements

2019-02-19 09:08:31 - [TEST_STEP][PASSED] - delay(2): Delayed 2 second(s)

2019-02-19 09:08:33 - [MESSAGE][PASSED] - Delayed 2 second(s)

2019-02-19 09:08:33 - [TEST_STEP][PASSED] - click(findTestObject("Object Repository/Navigations/Navigation - Holiday Entitlements/span_Your Absence Rules")): Object: 'Object Repository/Navigations/Navigation - Holiday Entitlements/span_Your Absence Rules' is clicked on

2019-02-19 09:08:33 - [MESSAGE][PASSED] - Object: 'Object Repository/Navigations/Navigation - Holiday Entitlements/span_Your Absence Rules' is clicked on

2019-02-19 09:08:33 - [TEST_STEP][PASSED] - delay(2): Delayed 2 second(s)

2019-02-19 09:08:35 - [MESSAGE][PASSED] - Delayed 2 second(s)

2019-02-19 09:08:35 - [TEST_STEP][PASSED] - click(findTestObject("Object Repository/Navigations/Navigation - Holiday Entitlements/a_Holiday Entitlements")): Object: 'Object Repository/Navigations/Navigation - Holiday Entitlements/a_Holiday Entitlements' is clicked on

2019-02-19 09:08:37 - [MESSAGE][PASSED] - Object: 'Object Repository/Navigations/Navigation - Holiday Entitlements/a_Holiday Entitlements' is clicked on

2019-02-19 09:08:37 - [TEST_STEP][PASSED] - verifyTextPresent("HOLIDAY ENTITLEMENT SCHEMES", false): Text 'HOLIDAY ENTITLEMENT SCHEMES' is present on page 

2019-02-19 09:08:38 - [MESSAGE][PASSED] - Text 'HOLIDAY ENTITLEMENT SCHEMES' is present on page 

2019-02-19 09:08:38 - [TEST_STEP][PASSED] - click(findTestObject("Navigations/Navigation - Holiday Entitlements/Search")): Object: 'Object Repository/Navigations/Navigation - Holiday Entitlements/Search' is clicked on

2019-02-19 09:08:38 - [MESSAGE][PASSED] - Object: 'Object Repository/Navigations/Navigation - Holiday Entitlements/Search' is clicked on

2019-02-19 09:08:38 - [TEST_STEP][PASSED] - verifyTextPresent("HOLIDAY ENTITLEMENT SCHEMES", false): Text 'HOLIDAY ENTITLEMENT SCHEMES' is present on page 

2019-02-19 09:08:38 - [MESSAGE][PASSED] - Text 'HOLIDAY ENTITLEMENT SCHEMES' is present on page 

2019-02-19 09:08:38 - [MESSAGE][PASSED] - Call Test Case 'Test Cases/Navigations/Navigation - Holiday Entitlements' successfully

2019-02-19 09:08:38 - [TEST_STEP][PASSED] - callTestCase(findTestCase("Navigations/Navigation - Length of Service"), [:], STOP_ON_FAILURE): Call Test Case 'Test Cases/Navigations/Navigation - Length of Service' successfully

2019-02-19 09:08:38 - [TEST_CASE][PASSED] - Test Cases/Navigations/Navigation - Length of Service: Test Cases/Navigations/Navigation - Length of Service

2019-02-19 09:08:38 - [TEST_STEP][PASSED] - delay(2): Delayed 2 second(s)

2019-02-19 09:08:40 - [MESSAGE][PASSED] - Delayed 2 second(s)

2019-02-19 09:08:40 - [TEST_STEP][PASSED] - click(findTestObject("Object Repository/Navigations/Navigation - Holiday Entitlements/span_Your Absence Rules")): Object: 'Object Repository/Navigations/Navigation - Holiday Entitlements/span_Your Absence Rules' is clicked on

2019-02-19 09:08:40 - [MESSAGE][PASSED] - Object: 'Object Repository/Navigations/Navigation - Holiday Entitlements/span_Your Absence Rules' is clicked on

2019-02-19 09:08:40 - [TEST_STEP][PASSED] - delay(2): Delayed 2 second(s)

2019-02-19 09:08:42 - [MESSAGE][PASSED] - Delayed 2 second(s)

2019-02-19 09:08:42 - [TEST_STEP][PASSED] - click(findTestObject("Object Repository/Navigations/Navigation - Holiday Entitlements/a_Holiday Entitlements")): Object: 'Object Repository/Navigations/Navigation - Holiday Entitlements/a_Holiday Entitlements' is clicked on

2019-02-19 09:08:44 - [MESSAGE][PASSED] - Object: 'Object Repository/Navigations/Navigation - Holiday Entitlements/a_Holiday Entitlements' is clicked on

2019-02-19 09:08:44 - [TEST_STEP][PASSED] - click(findTestObject("Object Repository/Navigations/Navigation - Length of Service/a_Length Of Service Bands")): Object: 'Object Repository/Navigations/Navigation - Length of Service/a_Length Of Service Bands' is clicked on

2019-02-19 09:08:44 - [MESSAGE][PASSED] - Object: 'Object Repository/Navigations/Navigation - Length of Service/a_Length Of Service Bands' is clicked on

2019-02-19 09:08:44 - [TEST_STEP][PASSED] - verifyTextPresent("LENGTH OF SERVICE", false): Text 'LENGTH OF SERVICE' is present on page 

2019-02-19 09:08:44 - [MESSAGE][PASSED] - Text 'LENGTH OF SERVICE' is present on page 

2019-02-19 09:08:44 - [TEST_STEP][PASSED] - doubleClick(findTestObject("Navigations/Navigation - Length of Service/Search")): Object: 'Object Repository/Navigations/Navigation - Length of Service/Search' is double clicked on

2019-02-19 09:08:44 - [MESSAGE][PASSED] - Object: 'Object Repository/Navigations/Navigation - Length of Service/Search' is double clicked on

2019-02-19 09:08:44 - [TEST_STEP][PASSED] - verifyTextPresent("LENGTH OF SERVICE", false): Text 'LENGTH OF SERVICE' is present on page 

2019-02-19 09:08:44 - [MESSAGE][PASSED] - Text 'LENGTH OF SERVICE' is present on page 

2019-02-19 09:08:44 - [MESSAGE][PASSED] - Call Test Case 'Test Cases/Navigations/Navigation - Length of Service' successfully]]></system-out>
         <system-err><![CDATA[]]></system-err>
      </testcase>
      <testcase name="Test Cases/Smoke Test/NavigationYourStarterLeavers" classname="Test Cases/Smoke Test/NavigationYourStarterLeavers" status="PASSED">
         <system-out><![CDATA[2019-02-19 09:08:44 - [TEST_CASE][PASSED] - Test Cases/Smoke Test/NavigationYourStarterLeavers: Test Cases/Smoke Test/NavigationYourStarterLeavers

2019-02-19 09:08:44 - [TEST_STEP][PASSED] - callTestCase(findTestCase("Smoke Test/ValidLogin"), [:], STOP_ON_FAILURE): Call Test Case 'Test Cases/Smoke Test/ValidLogin' successfully

2019-02-19 09:08:45 - [TEST_CASE][PASSED] - Test Cases/Smoke Test/ValidLogin: Test Cases/Smoke Test/ValidLogin

2019-02-19 09:08:45 - [TEST_STEP][PASSED] - openBrowser(findTestData("Environment").getValue("URL", 1)): Browser is opened with url: 'https://implementationuat.sdworx.co.uk/'

2019-02-19 09:08:45 - [MESSAGE][WARNING] - A browser is already opened. Closing browser and opening a new one

2019-02-19 09:08:45 - [MESSAGE][INFO] - Starting 'Chrome' driver

2019-02-19 09:08:51 - [MESSAGE][PASSED] - Browser is opened with url: 'https://implementationuat.sdworx.co.uk/'

2019-02-19 09:08:51 - [TEST_STEP][PASSED] - maximizeWindow(): Current window maximized

2019-02-19 09:08:52 - [MESSAGE][PASSED] - Current window maximized

2019-02-19 09:08:52 - [TEST_STEP][PASSED] - navigateToUrl(findTestData("Environment").getValue("URL", 1)): Navigate to 'https://implementationuat.sdworx.co.uk/' successfully

2019-02-19 09:08:53 - [MESSAGE][PASSED] - Navigate to 'https://implementationuat.sdworx.co.uk/' successfully

2019-02-19 09:08:53 - [TEST_STEP][PASSED] - setText(findTestObject("Object Repository/Login/input_Email"), findTestData("Login").getValue("Username", 1)): Text 'purmanand.roopnah@sdworx.com' is set on object 'Object Repository/Login/input_Email'

2019-02-19 09:08:53 - [MESSAGE][PASSED] - Text 'purmanand.roopnah@sdworx.com' is set on object 'Object Repository/Login/input_Email'

2019-02-19 09:08:53 - [TEST_STEP][PASSED] - setText(findTestObject("Object Repository/Login/input_Password"), findTestData("Login").getValue("Password", 1)): Text 'Manish_2505' is set on object 'Object Repository/Login/input_Password'

2019-02-19 09:08:53 - [MESSAGE][PASSED] - Text 'Manish_2505' is set on object 'Object Repository/Login/input_Password'

2019-02-19 09:08:53 - [TEST_STEP][PASSED] - click(findTestObject("Object Repository/Login/input_btn btn-default")): Object: 'Object Repository/Login/input_btn btn-default' is clicked on

2019-02-19 09:08:56 - [MESSAGE][PASSED] - Object: 'Object Repository/Login/input_btn btn-default' is clicked on

2019-02-19 09:08:56 - [TEST_STEP][NOT_RUN] - selectOptionByLabel(findTestObject("Dropdown Lists/Select Organisation/Select Org"), "Panasonic Mauritius", true): NOT_RUN: selectOptionByLabel(findTestObject("Dropdown Lists/Select Organisation/Select Org"), "Panasonic Mauritius", true)

2019-02-19 09:08:56 - [MESSAGE][NOT_RUN] - NOT_RUN: selectOptionByLabel(findTestObject("Dropdown Lists/Select Organisation/Select Org"), "Panasonic Mauritius", true)

2019-02-19 09:08:56 - [TEST_STEP][NOT_RUN] - verifyElementPresent(findTestObject("Logout/Logout_dropdown"), 10, CONTINUE_ON_FAILURE): NOT_RUN: verifyElementPresent(findTestObject("Logout/Logout_dropdown"), 10, CONTINUE_ON_FAILURE)

2019-02-19 09:08:56 - [MESSAGE][NOT_RUN] - NOT_RUN: verifyElementPresent(findTestObject("Logout/Logout_dropdown"), 10, CONTINUE_ON_FAILURE)

2019-02-19 09:08:56 - [TEST_STEP][NOT_RUN] - click(findTestObject("Logout/Logout_dropdown")): NOT_RUN: click(findTestObject("Logout/Logout_dropdown"))

2019-02-19 09:08:56 - [MESSAGE][NOT_RUN] - NOT_RUN: click(findTestObject("Logout/Logout_dropdown"))

2019-02-19 09:08:56 - [TEST_STEP][NOT_RUN] - verifyElementPresent(findTestObject("Logout/a_Logout"), 10, CONTINUE_ON_FAILURE): NOT_RUN: verifyElementPresent(findTestObject("Logout/a_Logout"), 10, CONTINUE_ON_FAILURE)

2019-02-19 09:08:56 - [MESSAGE][NOT_RUN] - NOT_RUN: verifyElementPresent(findTestObject("Logout/a_Logout"), 10, CONTINUE_ON_FAILURE)

2019-02-19 09:08:56 - [TEST_STEP][NOT_RUN] - click(findTestObject("Logout/a_Logout")): NOT_RUN: click(findTestObject("Logout/a_Logout"))

2019-02-19 09:08:56 - [MESSAGE][NOT_RUN] - NOT_RUN: click(findTestObject("Logout/a_Logout"))

2019-02-19 09:08:56 - [TEST_STEP][NOT_RUN] - closeBrowser(): NOT_RUN: closeBrowser()

2019-02-19 09:08:56 - [MESSAGE][NOT_RUN] - NOT_RUN: closeBrowser()

2019-02-19 09:08:56 - [TEST_STEP][NOT_RUN] - toolkit.MySql.connectDB("CERRSQL2UTIL.aspnc.local", "ImplementationToolkit ", "4413", "ImpToolkit", "0E47iz93"): NOT_RUN: toolkit.MySql.connectDB("CERRSQL2UTIL.aspnc.local", "ImplementationToolkit ", "4413", "ImpToolkit", "0E47iz93")

2019-02-19 09:08:56 - [MESSAGE][NOT_RUN] - NOT_RUN: toolkit.MySql.connectDB("CERRSQL2UTIL.aspnc.local", "ImplementationToolkit ", "4413", "ImpToolkit", "0E47iz93")

2019-02-19 09:08:56 - [TEST_STEP][NOT_RUN] - Data = toolkit.MySql.executeQuery("select id from AspNetUsers where Email='purmanand.roopnah@sdworx.com';"): NOT_RUN: Data = toolkit.MySql.executeQuery("select id from AspNetUsers where Email='purmanand.roopnah@sdworx.com';")

2019-02-19 09:08:56 - [MESSAGE][NOT_RUN] - NOT_RUN: Data = toolkit.MySql.executeQuery("select id from AspNetUsers where Email='purmanand.roopnah@sdworx.com';")

2019-02-19 09:08:56 - [TEST_STEP][NOT_RUN] - PrintLn("Data"): NOT_RUN: PrintLn("Data")

2019-02-19 09:08:56 - [MESSAGE][NOT_RUN] - NOT_RUN: PrintLn("Data")

2019-02-19 09:08:56 - [MESSAGE][PASSED] - Call Test Case 'Test Cases/Smoke Test/ValidLogin' successfully

2019-02-19 09:08:56 - [TEST_STEP][PASSED] - callTestCase(findTestCase("Navigations/Navigation - Starters"), [:], CONTINUE_ON_FAILURE): Call Test Case 'Test Cases/Navigations/Navigation - Starters' successfully

2019-02-19 09:08:56 - [TEST_CASE][PASSED] - Test Cases/Navigations/Navigation - Starters: Test Cases/Navigations/Navigation - Starters

2019-02-19 09:08:56 - [TEST_STEP][PASSED] - delay(2): Delayed 2 second(s)

2019-02-19 09:08:58 - [MESSAGE][PASSED] - Delayed 2 second(s)

2019-02-19 09:08:58 - [TEST_STEP][PASSED] - click(findTestObject("Navigations/Navigation - Starters/span_Your Starter  Leavers")): Object: 'Object Repository/Navigations/Navigation - Starters/span_Your Starter  Leavers' is clicked on

2019-02-19 09:08:58 - [MESSAGE][PASSED] - Object: 'Object Repository/Navigations/Navigation - Starters/span_Your Starter  Leavers' is clicked on

2019-02-19 09:08:58 - [TEST_STEP][PASSED] - click(findTestObject("Navigations/Navigation - Starters/a_Starters")): Object: 'Object Repository/Navigations/Navigation - Starters/a_Starters' is clicked on

2019-02-19 09:09:00 - [MESSAGE][PASSED] - Object: 'Object Repository/Navigations/Navigation - Starters/a_Starters' is clicked on

2019-02-19 09:09:00 - [TEST_STEP][PASSED] - verifyTextPresent("NEW STARTERS", false): Text 'NEW STARTERS' is present on page 

2019-02-19 09:09:00 - [MESSAGE][PASSED] - Text 'NEW STARTERS' is present on page 

2019-02-19 09:09:00 - [TEST_STEP][PASSED] - scrollToElement(findTestObject("Navigations/Navigation - Starters/button_Save"), 5): Scroll to object 'Object Repository/Navigations/Navigation - Starters/button_Save' successfully

2019-02-19 09:09:00 - [MESSAGE][PASSED] - Scroll to object 'Object Repository/Navigations/Navigation - Starters/button_Save' successfully

2019-02-19 09:09:00 - [TEST_STEP][PASSED] - click(findTestObject("Navigations/Navigation - Starters/button_Save")): Object: 'Object Repository/Navigations/Navigation - Starters/button_Save' is clicked on

2019-02-19 09:09:00 - [MESSAGE][PASSED] - Object: 'Object Repository/Navigations/Navigation - Starters/button_Save' is clicked on

2019-02-19 09:09:00 - [TEST_STEP][PASSED] - verifyTextPresent("NEW STARTERS", false, CONTINUE_ON_FAILURE): Text 'NEW STARTERS' is present on page 

2019-02-19 09:09:00 - [MESSAGE][PASSED] - Text 'NEW STARTERS' is present on page 

2019-02-19 09:09:00 - [MESSAGE][PASSED] - Call Test Case 'Test Cases/Navigations/Navigation - Starters' successfully

2019-02-19 09:09:00 - [TEST_STEP][PASSED] - callTestCase(findTestCase("Navigations/Navigation - Probation Review"), [:], CONTINUE_ON_FAILURE): Call Test Case 'Test Cases/Navigations/Navigation - Probation Review' successfully

2019-02-19 09:09:00 - [TEST_CASE][PASSED] - Test Cases/Navigations/Navigation - Probation Review: Test Cases/Navigations/Navigation - Probation Review

2019-02-19 09:09:01 - [TEST_STEP][PASSED] - delay(2): Delayed 2 second(s)

2019-02-19 09:09:03 - [MESSAGE][PASSED] - Delayed 2 second(s)

2019-02-19 09:09:03 - [TEST_STEP][PASSED] - click(findTestObject("Navigations/Navigation - Starters/span_Your Starter  Leavers")): Object: 'Object Repository/Navigations/Navigation - Starters/span_Your Starter  Leavers' is clicked on

2019-02-19 09:09:03 - [MESSAGE][PASSED] - Object: 'Object Repository/Navigations/Navigation - Starters/span_Your Starter  Leavers' is clicked on

2019-02-19 09:09:03 - [TEST_STEP][PASSED] - delay(2): Delayed 2 second(s)

2019-02-19 09:09:05 - [MESSAGE][PASSED] - Delayed 2 second(s)

2019-02-19 09:09:05 - [TEST_STEP][PASSED] - click(findTestObject("Navigations/Navigation - Probation Review/a_Probation")): Object: 'Object Repository/Navigations/Navigation - Probation Review/a_Probation' is clicked on

2019-02-19 09:09:06 - [MESSAGE][PASSED] - Object: 'Object Repository/Navigations/Navigation - Probation Review/a_Probation' is clicked on

2019-02-19 09:09:06 - [TEST_STEP][PASSED] - verifyTextPresent("Probation Review Settings", false): Text 'Probation Review Settings' is present on page 

2019-02-19 09:09:06 - [MESSAGE][PASSED] - Text 'Probation Review Settings' is present on page 

2019-02-19 09:09:06 - [MESSAGE][PASSED] - Call Test Case 'Test Cases/Navigations/Navigation - Probation Review' successfully

2019-02-19 09:09:06 - [TEST_STEP][PASSED] - callTestCase(findTestCase("Navigations/Navigation - Probation Label"), [:], CONTINUE_ON_FAILURE): Call Test Case 'Test Cases/Navigations/Navigation - Probation Label' successfully

2019-02-19 09:09:06 - [TEST_CASE][PASSED] - Test Cases/Navigations/Navigation - Probation Label: Test Cases/Navigations/Navigation - Probation Label

2019-02-19 09:09:06 - [TEST_STEP][PASSED] - delay(2): Delayed 2 second(s)

2019-02-19 09:09:08 - [MESSAGE][PASSED] - Delayed 2 second(s)

2019-02-19 09:09:08 - [TEST_STEP][PASSED] - click(findTestObject("Navigations/Navigation - Starters/span_Your Starter  Leavers")): Object: 'Object Repository/Navigations/Navigation - Starters/span_Your Starter  Leavers' is clicked on

2019-02-19 09:09:09 - [MESSAGE][PASSED] - Object: 'Object Repository/Navigations/Navigation - Starters/span_Your Starter  Leavers' is clicked on

2019-02-19 09:09:09 - [TEST_STEP][PASSED] - delay(2): Delayed 2 second(s)

2019-02-19 09:09:11 - [MESSAGE][PASSED] - Delayed 2 second(s)

2019-02-19 09:09:11 - [TEST_STEP][PASSED] - click(findTestObject("Navigations/Navigation - Probation Label/Page_Implementation Toolkit/a_Probation")): Object: 'Object Repository/Navigations/Navigation - Probation Label/Page_Implementation Toolkit/a_Probation' is clicked on

2019-02-19 09:09:12 - [MESSAGE][PASSED] - Object: 'Object Repository/Navigations/Navigation - Probation Label/Page_Implementation Toolkit/a_Probation' is clicked on

2019-02-19 09:09:12 - [TEST_STEP][PASSED] - delay(2): Delayed 2 second(s)

2019-02-19 09:09:14 - [MESSAGE][PASSED] - Delayed 2 second(s)

2019-02-19 09:09:14 - [TEST_STEP][PASSED] - click(findTestObject("Navigations/Navigation - Probation Label/Page_Implementation Toolkit/a_Probation Labels")): Object: 'Object Repository/Navigations/Navigation - Probation Label/Page_Implementation Toolkit/a_Probation Labels' is clicked on

2019-02-19 09:09:15 - [MESSAGE][PASSED] - Object: 'Object Repository/Navigations/Navigation - Probation Label/Page_Implementation Toolkit/a_Probation Labels' is clicked on

2019-02-19 09:09:15 - [TEST_STEP][PASSED] - delay(2): Delayed 2 second(s)

2019-02-19 09:09:17 - [MESSAGE][PASSED] - Delayed 2 second(s)

2019-02-19 09:09:17 - [TEST_STEP][PASSED] - click(findTestObject("Navigations/Navigation - Probation Label/Page_Implementation Toolkit/button_Save")): Object: 'Object Repository/Navigations/Navigation - Probation Label/Page_Implementation Toolkit/button_Save' is clicked on

2019-02-19 09:09:17 - [MESSAGE][PASSED] - Object: 'Object Repository/Navigations/Navigation - Probation Label/Page_Implementation Toolkit/button_Save' is clicked on

2019-02-19 09:09:17 - [TEST_STEP][PASSED] - delay(5): Delayed 5 second(s)

2019-02-19 09:09:22 - [MESSAGE][PASSED] - Delayed 5 second(s)

2019-02-19 09:09:22 - [TEST_STEP][PASSED] - verifyTextPresent("Probation Labels", false): Text 'Probation Labels' is present on page 

2019-02-19 09:09:22 - [MESSAGE][PASSED] - Text 'Probation Labels' is present on page 

2019-02-19 09:09:22 - [MESSAGE][PASSED] - Call Test Case 'Test Cases/Navigations/Navigation - Probation Label' successfully

2019-02-19 09:09:22 - [TEST_STEP][PASSED] - callTestCase(findTestCase("Navigations/Navigation - Reason For Leaving"), [:], CONTINUE_ON_FAILURE): Call Test Case 'Test Cases/Navigations/Navigation - Reason For Leaving' successfully

2019-02-19 09:09:22 - [TEST_CASE][PASSED] - Test Cases/Navigations/Navigation - Reason For Leaving: Test Cases/Navigations/Navigation - Reason For Leaving

2019-02-19 09:09:22 - [TEST_STEP][PASSED] - delay(2): Delayed 2 second(s)

2019-02-19 09:09:24 - [MESSAGE][PASSED] - Delayed 2 second(s)

2019-02-19 09:09:24 - [TEST_STEP][PASSED] - click(findTestObject("Navigations/Navigation - Starters/span_Your Starter  Leavers")): Object: 'Object Repository/Navigations/Navigation - Starters/span_Your Starter  Leavers' is clicked on

2019-02-19 09:09:24 - [MESSAGE][PASSED] - Object: 'Object Repository/Navigations/Navigation - Starters/span_Your Starter  Leavers' is clicked on

2019-02-19 09:09:24 - [TEST_STEP][PASSED] - delay(2): Delayed 2 second(s)

2019-02-19 09:09:26 - [MESSAGE][PASSED] - Delayed 2 second(s)

2019-02-19 09:09:26 - [TEST_STEP][PASSED] - click(findTestObject("Navigations/Navigation - Reason For Leaving/a_Leaving Reasons")): Object: 'Object Repository/Navigations/Navigation - Reason For Leaving/a_Leaving Reasons' is clicked on

2019-02-19 09:09:28 - [MESSAGE][PASSED] - Object: 'Object Repository/Navigations/Navigation - Reason For Leaving/a_Leaving Reasons' is clicked on

2019-02-19 09:09:28 - [TEST_STEP][PASSED] - delay(3): Delayed 3 second(s)

2019-02-19 09:09:31 - [MESSAGE][PASSED] - Delayed 3 second(s)

2019-02-19 09:09:31 - [TEST_STEP][PASSED] - click(findTestObject("Navigations/Navigation - Reason For Leaving/a_Reasons For Leaving")): Object: 'Object Repository/Navigations/Navigation - Reason For Leaving/a_Reasons For Leaving' is clicked on

2019-02-19 09:09:31 - [MESSAGE][PASSED] - Object: 'Object Repository/Navigations/Navigation - Reason For Leaving/a_Reasons For Leaving' is clicked on

2019-02-19 09:09:31 - [TEST_STEP][PASSED] - waitForElementPresent(findTestObject("Navigations/Navigation - Reason For Leaving/a_Add Reason of Leaving"), 0): Object 'Object Repository/Navigations/Navigation - Reason For Leaving/a_Add Reason of Leaving' is present

2019-02-19 09:09:31 - [MESSAGE][WARNING] - Timeout '0' is invalid. Using default page load timeout: '30'

2019-02-19 09:09:31 - [MESSAGE][PASSED] - Object 'Object Repository/Navigations/Navigation - Reason For Leaving/a_Add Reason of Leaving' is present

2019-02-19 09:09:31 - [TEST_STEP][PASSED] - doubleClick(findTestObject("Navigations/Navigation - Reason For Leaving/Search")): Object: 'Object Repository/Navigations/Navigation - Reason For Leaving/Search' is double clicked on

2019-02-19 09:09:31 - [MESSAGE][PASSED] - Object: 'Object Repository/Navigations/Navigation - Reason For Leaving/Search' is double clicked on

2019-02-19 09:09:31 - [TEST_STEP][PASSED] - verifyTextPresent("Reasons For Leaving", false): Text 'Reasons For Leaving' is present on page 

2019-02-19 09:09:31 - [MESSAGE][PASSED] - Text 'Reasons For Leaving' is present on page 

2019-02-19 09:09:31 - [MESSAGE][PASSED] - Call Test Case 'Test Cases/Navigations/Navigation - Reason For Leaving' successfully

2019-02-19 09:09:31 - [TEST_STEP][PASSED] - callTestCase(findTestCase("Navigations/Navigation - Detailed Reason For Leaving"), [:], CONTINUE_ON_FAILURE): Call Test Case 'Test Cases/Navigations/Navigation - Detailed Reason For Leaving' successfully

2019-02-19 09:09:31 - [TEST_CASE][PASSED] - Test Cases/Navigations/Navigation - Detailed Reason For Leaving: Test Cases/Navigations/Navigation - Detailed Reason For Leaving

2019-02-19 09:09:32 - [TEST_STEP][PASSED] - delay(3): Delayed 3 second(s)

2019-02-19 09:09:35 - [MESSAGE][PASSED] - Delayed 3 second(s)

2019-02-19 09:09:35 - [TEST_STEP][PASSED] - click(findTestObject("Navigations/Navigation - Starters/span_Your Starter  Leavers")): Object: 'Object Repository/Navigations/Navigation - Starters/span_Your Starter  Leavers' is clicked on

2019-02-19 09:09:35 - [MESSAGE][PASSED] - Object: 'Object Repository/Navigations/Navigation - Starters/span_Your Starter  Leavers' is clicked on

2019-02-19 09:09:35 - [TEST_STEP][PASSED] - delay(3): Delayed 3 second(s)

2019-02-19 09:09:38 - [MESSAGE][PASSED] - Delayed 3 second(s)

2019-02-19 09:09:38 - [TEST_STEP][PASSED] - click(findTestObject("Navigations/Navigation - Detailed Reason For Leaving/a_Leaving Reasons")): Object: 'Object Repository/Navigations/Navigation - Detailed Reason For Leaving/a_Leaving Reasons' is clicked on

2019-02-19 09:09:39 - [MESSAGE][PASSED] - Object: 'Object Repository/Navigations/Navigation - Detailed Reason For Leaving/a_Leaving Reasons' is clicked on

2019-02-19 09:09:39 - [TEST_STEP][PASSED] - delay(3): Delayed 3 second(s)

2019-02-19 09:09:42 - [MESSAGE][PASSED] - Delayed 3 second(s)

2019-02-19 09:09:42 - [TEST_STEP][PASSED] - click(findTestObject("Navigations/Navigation - Detailed Reason For Leaving/a_Detailed Reasons For Leaving")): Object: 'Object Repository/Navigations/Navigation - Detailed Reason For Leaving/a_Detailed Reasons For Leaving' is clicked on

2019-02-19 09:09:42 - [MESSAGE][PASSED] - Object: 'Object Repository/Navigations/Navigation - Detailed Reason For Leaving/a_Detailed Reasons For Leaving' is clicked on

2019-02-19 09:09:42 - [TEST_STEP][PASSED] - delay(3): Delayed 3 second(s)

2019-02-19 09:09:45 - [MESSAGE][PASSED] - Delayed 3 second(s)

2019-02-19 09:09:45 - [TEST_STEP][PASSED] - verifyElementPresent(findTestObject("Navigations/Navigation - Detailed Reason For Leaving/a_Add Detailed Reasons For Lea"), 0): Object 'Object Repository/Navigations/Navigation - Detailed Reason For Leaving/a_Add Detailed Reasons For Lea' is present

2019-02-19 09:09:45 - [MESSAGE][WARNING] - Timeout '0' is invalid. Using default page load timeout: '30'

2019-02-19 09:09:45 - [MESSAGE][PASSED] - Object 'Object Repository/Navigations/Navigation - Detailed Reason For Leaving/a_Add Detailed Reasons For Lea' is present

2019-02-19 09:09:45 - [TEST_STEP][PASSED] - doubleClick(findTestObject("Navigations/Navigation - Reason For Leaving/Search")): Object: 'Object Repository/Navigations/Navigation - Reason For Leaving/Search' is double clicked on

2019-02-19 09:09:45 - [MESSAGE][PASSED] - Object: 'Object Repository/Navigations/Navigation - Reason For Leaving/Search' is double clicked on

2019-02-19 09:09:45 - [TEST_STEP][PASSED] - verifyTextPresent("Detailed Reasons For Leaving", false): Text 'Detailed Reasons For Leaving' is present on page 

2019-02-19 09:09:45 - [MESSAGE][PASSED] - Text 'Detailed Reasons For Leaving' is present on page 

2019-02-19 09:09:45 - [MESSAGE][PASSED] - Call Test Case 'Test Cases/Navigations/Navigation - Detailed Reason For Leaving' successfully

2019-02-19 09:09:45 - [TEST_STEP][PASSED] - callTestCase(findTestCase("Navigations/Navigation - GDPR"), [:], CONTINUE_ON_FAILURE): Call Test Case 'Test Cases/Navigations/Navigation - GDPR' successfully

2019-02-19 09:09:45 - [TEST_CASE][PASSED] - Test Cases/Navigations/Navigation - GDPR: Test Cases/Navigations/Navigation - GDPR

2019-02-19 09:09:46 - [TEST_STEP][PASSED] - delay(3): Delayed 3 second(s)

2019-02-19 09:09:49 - [MESSAGE][PASSED] - Delayed 3 second(s)

2019-02-19 09:09:49 - [TEST_STEP][PASSED] - click(findTestObject("Navigations/Navigation - Starters/span_Your Starter  Leavers")): Object: 'Object Repository/Navigations/Navigation - Starters/span_Your Starter  Leavers' is clicked on

2019-02-19 09:09:49 - [MESSAGE][PASSED] - Object: 'Object Repository/Navigations/Navigation - Starters/span_Your Starter  Leavers' is clicked on

2019-02-19 09:09:49 - [TEST_STEP][PASSED] - delay(3): Delayed 3 second(s)

2019-02-19 09:09:52 - [MESSAGE][PASSED] - Delayed 3 second(s)

2019-02-19 09:09:52 - [TEST_STEP][PASSED] - click(findTestObject("Navigations/Navigation - GDPR/a_GDPR")): Object: 'Object Repository/Navigations/Navigation - GDPR/a_GDPR' is clicked on

2019-02-19 09:09:53 - [MESSAGE][PASSED] - Object: 'Object Repository/Navigations/Navigation - GDPR/a_GDPR' is clicked on

2019-02-19 09:09:53 - [TEST_STEP][PASSED] - delay(3): Delayed 3 second(s)

2019-02-19 09:09:56 - [MESSAGE][PASSED] - Delayed 3 second(s)

2019-02-19 09:09:56 - [TEST_STEP][PASSED] - verifyElementPresent(findTestObject("Navigations/Navigation - GDPR/button_Save"), 0): Object 'Object Repository/Navigations/Navigation - GDPR/button_Save' is present

2019-02-19 09:09:56 - [MESSAGE][WARNING] - Timeout '0' is invalid. Using default page load timeout: '30'

2019-02-19 09:09:56 - [MESSAGE][PASSED] - Object 'Object Repository/Navigations/Navigation - GDPR/button_Save' is present

2019-02-19 09:09:56 - [TEST_STEP][PASSED] - click(findTestObject("Navigations/Navigation - GDPR/button_Save"), STOP_ON_FAILURE): Object: 'Object Repository/Navigations/Navigation - GDPR/button_Save' is clicked on

2019-02-19 09:09:56 - [MESSAGE][PASSED] - Object: 'Object Repository/Navigations/Navigation - GDPR/button_Save' is clicked on

2019-02-19 09:09:56 - [TEST_STEP][PASSED] - verifyTextPresent("GDPR", false): Text 'GDPR' is present on page 

2019-02-19 09:09:56 - [MESSAGE][PASSED] - Text 'GDPR' is present on page 

2019-02-19 09:09:56 - [MESSAGE][PASSED] - Call Test Case 'Test Cases/Navigations/Navigation - GDPR' successfully

2019-02-19 09:09:56 - [TEST_STEP][PASSED] - callTestCase(findTestCase("Navigations/Navigation - Leaving Interview"), [:], CONTINUE_ON_FAILURE): Call Test Case 'Test Cases/Navigations/Navigation - Leaving Interview' successfully

2019-02-19 09:09:56 - [TEST_CASE][PASSED] - Test Cases/Navigations/Navigation - Leaving Interview: Test Cases/Navigations/Navigation - Leaving Interview

2019-02-19 09:09:56 - [TEST_STEP][PASSED] - delay(3): Delayed 3 second(s)

2019-02-19 09:09:59 - [MESSAGE][PASSED] - Delayed 3 second(s)

2019-02-19 09:09:59 - [TEST_STEP][PASSED] - click(findTestObject("Navigations/Navigation - Starters/span_Your Starter  Leavers")): Object: 'Object Repository/Navigations/Navigation - Starters/span_Your Starter  Leavers' is clicked on

2019-02-19 09:10:00 - [MESSAGE][PASSED] - Object: 'Object Repository/Navigations/Navigation - Starters/span_Your Starter  Leavers' is clicked on

2019-02-19 09:10:00 - [TEST_STEP][PASSED] - delay(3): Delayed 3 second(s)

2019-02-19 09:10:03 - [MESSAGE][PASSED] - Delayed 3 second(s)

2019-02-19 09:10:03 - [TEST_STEP][PASSED] - click(findTestObject("Navigations/Navigation - Leaving Interview/a_Leaving Interview")): Object: 'Object Repository/Navigations/Navigation - Leaving Interview/a_Leaving Interview' is clicked on

2019-02-19 09:10:04 - [MESSAGE][PASSED] - Object: 'Object Repository/Navigations/Navigation - Leaving Interview/a_Leaving Interview' is clicked on

2019-02-19 09:10:04 - [TEST_STEP][PASSED] - delay(3): Delayed 3 second(s)

2019-02-19 09:10:07 - [MESSAGE][PASSED] - Delayed 3 second(s)

2019-02-19 09:10:07 - [TEST_STEP][PASSED] - click(findTestObject("Navigations/Navigation - Leaving Interview/button_Save")): Object: 'Object Repository/Navigations/Navigation - Leaving Interview/button_Save' is clicked on

2019-02-19 09:10:08 - [MESSAGE][PASSED] - Object: 'Object Repository/Navigations/Navigation - Leaving Interview/button_Save' is clicked on

2019-02-19 09:10:08 - [TEST_STEP][PASSED] - verifyTextPresent("LEAVING INTERVIEW QUESTIONS", false): Text 'LEAVING INTERVIEW QUESTIONS' is present on page 

2019-02-19 09:10:08 - [MESSAGE][PASSED] - Text 'LEAVING INTERVIEW QUESTIONS' is present on page 

2019-02-19 09:10:08 - [MESSAGE][PASSED] - Call Test Case 'Test Cases/Navigations/Navigation - Leaving Interview' successfully

2019-02-19 09:10:08 - [TEST_STEP][PASSED] - callTestCase(findTestCase("Navigations/Navigation - Employees and Leavers"), [:], CONTINUE_ON_FAILURE): Call Test Case 'Test Cases/Navigations/Navigation - Employees and Leavers' successfully

2019-02-19 09:10:08 - [TEST_CASE][PASSED] - Test Cases/Navigations/Navigation - Employees and Leavers: Test Cases/Navigations/Navigation - Employees and Leavers

2019-02-19 09:10:08 - [TEST_STEP][PASSED] - delay(3): Delayed 3 second(s)

2019-02-19 09:10:11 - [MESSAGE][PASSED] - Delayed 3 second(s)

2019-02-19 09:10:11 - [TEST_STEP][PASSED] - click(findTestObject("Navigations/Navigation - Starters/span_Your Starter  Leavers")): Object: 'Object Repository/Navigations/Navigation - Starters/span_Your Starter  Leavers' is clicked on

2019-02-19 09:10:11 - [MESSAGE][PASSED] - Object: 'Object Repository/Navigations/Navigation - Starters/span_Your Starter  Leavers' is clicked on

2019-02-19 09:10:11 - [TEST_STEP][PASSED] - delay(3): Delayed 3 second(s)

2019-02-19 09:10:14 - [MESSAGE][PASSED] - Delayed 3 second(s)

2019-02-19 09:10:14 - [TEST_STEP][PASSED] - click(findTestObject("Navigations/Navigation - Employees and Leavers/a_Employees  Leavers")): Object: 'Object Repository/Navigations/Navigation - Employees and Leavers/a_Employees  Leavers' is clicked on

2019-02-19 09:10:15 - [MESSAGE][PASSED] - Object: 'Object Repository/Navigations/Navigation - Employees and Leavers/a_Employees  Leavers' is clicked on

2019-02-19 09:10:15 - [TEST_STEP][PASSED] - delay(3): Delayed 3 second(s)

2019-02-19 09:10:18 - [MESSAGE][PASSED] - Delayed 3 second(s)

2019-02-19 09:10:18 - [TEST_STEP][PASSED] - verifyTextPresent("Employee Details", false): Text 'Employee Details' is present on page 

2019-02-19 09:10:19 - [MESSAGE][PASSED] - Text 'Employee Details' is present on page 

2019-02-19 09:10:19 - [TEST_STEP][PASSED] - scrollToElement(findTestObject("Navigations/Navigation - Employees and Leavers/button_Save"), 0): Scroll to object 'Object Repository/Navigations/Navigation - Employees and Leavers/button_Save' successfully

2019-02-19 09:10:19 - [MESSAGE][WARNING] - Timeout '0' is invalid. Using default page load timeout: '30'

2019-02-19 09:10:19 - [MESSAGE][PASSED] - Scroll to object 'Object Repository/Navigations/Navigation - Employees and Leavers/button_Save' successfully

2019-02-19 09:10:19 - [TEST_STEP][PASSED] - click(findTestObject("Navigations/Navigation - Employees and Leavers/button_Save")): Object: 'Object Repository/Navigations/Navigation - Employees and Leavers/button_Save' is clicked on

2019-02-19 09:10:20 - [MESSAGE][PASSED] - Object: 'Object Repository/Navigations/Navigation - Employees and Leavers/button_Save' is clicked on

2019-02-19 09:10:20 - [TEST_STEP][PASSED] - verifyTextPresent("EMPLOYEES & LEAVERS", false): Text 'EMPLOYEES & LEAVERS' is present on page 

2019-02-19 09:10:20 - [MESSAGE][PASSED] - Text 'EMPLOYEES & LEAVERS' is present on page 

2019-02-19 09:10:20 - [MESSAGE][PASSED] - Call Test Case 'Test Cases/Navigations/Navigation - Employees and Leavers' successfully]]></system-out>
         <system-err><![CDATA[]]></system-err>
      </testcase>
      <testcase name="Test Cases/Smoke Test/NavigationPayrollCopy" classname="Test Cases/Smoke Test/NavigationPayrollCopy" status="PASSED">
         <system-out><![CDATA[2019-02-19 09:10:20 - [TEST_CASE][PASSED] - Test Cases/Smoke Test/NavigationPayrollCopy: Test Cases/Smoke Test/NavigationPayrollCopy

2019-02-19 09:10:20 - [TEST_STEP][PASSED] - callTestCase(findTestCase("Smoke Test/ValidLogin"), [:], STOP_ON_FAILURE): Call Test Case 'Test Cases/Smoke Test/ValidLogin' successfully

2019-02-19 09:10:20 - [TEST_CASE][PASSED] - Test Cases/Smoke Test/ValidLogin: Test Cases/Smoke Test/ValidLogin

2019-02-19 09:10:20 - [TEST_STEP][PASSED] - openBrowser(findTestData("Environment").getValue("URL", 1)): Browser is opened with url: 'https://implementationuat.sdworx.co.uk/'

2019-02-19 09:10:20 - [MESSAGE][WARNING] - A browser is already opened. Closing browser and opening a new one

2019-02-19 09:10:21 - [MESSAGE][INFO] - Starting 'Chrome' driver

2019-02-19 09:10:27 - [MESSAGE][PASSED] - Browser is opened with url: 'https://implementationuat.sdworx.co.uk/'

2019-02-19 09:10:27 - [TEST_STEP][PASSED] - maximizeWindow(): Current window maximized

2019-02-19 09:10:28 - [MESSAGE][PASSED] - Current window maximized

2019-02-19 09:10:28 - [TEST_STEP][PASSED] - navigateToUrl(findTestData("Environment").getValue("URL", 1)): Navigate to 'https://implementationuat.sdworx.co.uk/' successfully

2019-02-19 09:10:29 - [MESSAGE][PASSED] - Navigate to 'https://implementationuat.sdworx.co.uk/' successfully

2019-02-19 09:10:29 - [TEST_STEP][PASSED] - setText(findTestObject("Object Repository/Login/input_Email"), findTestData("Login").getValue("Username", 1)): Text 'purmanand.roopnah@sdworx.com' is set on object 'Object Repository/Login/input_Email'

2019-02-19 09:10:29 - [MESSAGE][PASSED] - Text 'purmanand.roopnah@sdworx.com' is set on object 'Object Repository/Login/input_Email'

2019-02-19 09:10:29 - [TEST_STEP][PASSED] - setText(findTestObject("Object Repository/Login/input_Password"), findTestData("Login").getValue("Password", 1)): Text 'Manish_2505' is set on object 'Object Repository/Login/input_Password'

2019-02-19 09:10:29 - [MESSAGE][PASSED] - Text 'Manish_2505' is set on object 'Object Repository/Login/input_Password'

2019-02-19 09:10:29 - [TEST_STEP][PASSED] - click(findTestObject("Object Repository/Login/input_btn btn-default")): Object: 'Object Repository/Login/input_btn btn-default' is clicked on

2019-02-19 09:10:31 - [MESSAGE][PASSED] - Object: 'Object Repository/Login/input_btn btn-default' is clicked on

2019-02-19 09:10:31 - [TEST_STEP][NOT_RUN] - selectOptionByLabel(findTestObject("Dropdown Lists/Select Organisation/Select Org"), "Panasonic Mauritius", true): NOT_RUN: selectOptionByLabel(findTestObject("Dropdown Lists/Select Organisation/Select Org"), "Panasonic Mauritius", true)

2019-02-19 09:10:31 - [MESSAGE][NOT_RUN] - NOT_RUN: selectOptionByLabel(findTestObject("Dropdown Lists/Select Organisation/Select Org"), "Panasonic Mauritius", true)

2019-02-19 09:10:31 - [TEST_STEP][NOT_RUN] - verifyElementPresent(findTestObject("Logout/Logout_dropdown"), 10, CONTINUE_ON_FAILURE): NOT_RUN: verifyElementPresent(findTestObject("Logout/Logout_dropdown"), 10, CONTINUE_ON_FAILURE)

2019-02-19 09:10:31 - [MESSAGE][NOT_RUN] - NOT_RUN: verifyElementPresent(findTestObject("Logout/Logout_dropdown"), 10, CONTINUE_ON_FAILURE)

2019-02-19 09:10:31 - [TEST_STEP][NOT_RUN] - click(findTestObject("Logout/Logout_dropdown")): NOT_RUN: click(findTestObject("Logout/Logout_dropdown"))

2019-02-19 09:10:31 - [MESSAGE][NOT_RUN] - NOT_RUN: click(findTestObject("Logout/Logout_dropdown"))

2019-02-19 09:10:31 - [TEST_STEP][NOT_RUN] - verifyElementPresent(findTestObject("Logout/a_Logout"), 10, CONTINUE_ON_FAILURE): NOT_RUN: verifyElementPresent(findTestObject("Logout/a_Logout"), 10, CONTINUE_ON_FAILURE)

2019-02-19 09:10:31 - [MESSAGE][NOT_RUN] - NOT_RUN: verifyElementPresent(findTestObject("Logout/a_Logout"), 10, CONTINUE_ON_FAILURE)

2019-02-19 09:10:31 - [TEST_STEP][NOT_RUN] - click(findTestObject("Logout/a_Logout")): NOT_RUN: click(findTestObject("Logout/a_Logout"))

2019-02-19 09:10:31 - [MESSAGE][NOT_RUN] - NOT_RUN: click(findTestObject("Logout/a_Logout"))

2019-02-19 09:10:31 - [TEST_STEP][NOT_RUN] - closeBrowser(): NOT_RUN: closeBrowser()

2019-02-19 09:10:31 - [MESSAGE][NOT_RUN] - NOT_RUN: closeBrowser()

2019-02-19 09:10:31 - [TEST_STEP][NOT_RUN] - toolkit.MySql.connectDB("CERRSQL2UTIL.aspnc.local", "ImplementationToolkit ", "4413", "ImpToolkit", "0E47iz93"): NOT_RUN: toolkit.MySql.connectDB("CERRSQL2UTIL.aspnc.local", "ImplementationToolkit ", "4413", "ImpToolkit", "0E47iz93")

2019-02-19 09:10:31 - [MESSAGE][NOT_RUN] - NOT_RUN: toolkit.MySql.connectDB("CERRSQL2UTIL.aspnc.local", "ImplementationToolkit ", "4413", "ImpToolkit", "0E47iz93")

2019-02-19 09:10:31 - [TEST_STEP][NOT_RUN] - Data = toolkit.MySql.executeQuery("select id from AspNetUsers where Email='purmanand.roopnah@sdworx.com';"): NOT_RUN: Data = toolkit.MySql.executeQuery("select id from AspNetUsers where Email='purmanand.roopnah@sdworx.com';")

2019-02-19 09:10:31 - [MESSAGE][NOT_RUN] - NOT_RUN: Data = toolkit.MySql.executeQuery("select id from AspNetUsers where Email='purmanand.roopnah@sdworx.com';")

2019-02-19 09:10:31 - [TEST_STEP][NOT_RUN] - PrintLn("Data"): NOT_RUN: PrintLn("Data")

2019-02-19 09:10:31 - [MESSAGE][NOT_RUN] - NOT_RUN: PrintLn("Data")

2019-02-19 09:10:31 - [MESSAGE][PASSED] - Call Test Case 'Test Cases/Smoke Test/ValidLogin' successfully

2019-02-19 09:10:31 - [TEST_STEP][PASSED] - callTestCase(findTestCase("Navigations/Navigation - Payroll Copy"), [:], STOP_ON_FAILURE): Call Test Case 'Test Cases/Navigations/Navigation - Payroll Copy' successfully

2019-02-19 09:10:31 - [TEST_CASE][PASSED] - Test Cases/Navigations/Navigation - Payroll Copy: Test Cases/Navigations/Navigation - Payroll Copy

2019-02-19 09:10:32 - [TEST_STEP][PASSED] - click(findTestObject("Navigations/Navigation - Payroll Copy/span_Payroll Copy")): Object: 'Object Repository/Navigations/Navigation - Payroll Copy/span_Payroll Copy' is clicked on

2019-02-19 09:10:33 - [MESSAGE][PASSED] - Object: 'Object Repository/Navigations/Navigation - Payroll Copy/span_Payroll Copy' is clicked on

2019-02-19 09:10:33 - [TEST_STEP][PASSED] - delay(2): Delayed 2 second(s)

2019-02-19 09:10:35 - [MESSAGE][PASSED] - Delayed 2 second(s)

2019-02-19 09:10:35 - [TEST_STEP][PASSED] - verifyElementPresent(findTestObject("Navigations/Navigation - Payroll Copy/label_Copy From"), 0): Object 'Object Repository/Navigations/Navigation - Payroll Copy/label_Copy From' is present

2019-02-19 09:10:35 - [MESSAGE][WARNING] - Timeout '0' is invalid. Using default page load timeout: '30'

2019-02-19 09:10:35 - [MESSAGE][PASSED] - Object 'Object Repository/Navigations/Navigation - Payroll Copy/label_Copy From' is present

2019-02-19 09:10:35 - [TEST_STEP][PASSED] - click(findTestObject("Navigations/Navigation - Payroll Copy/select_Please Select330223 - P")): Object: 'Object Repository/Navigations/Navigation - Payroll Copy/select_Please Select330223 - P' is clicked on

2019-02-19 09:10:35 - [MESSAGE][PASSED] - Object: 'Object Repository/Navigations/Navigation - Payroll Copy/select_Please Select330223 - P' is clicked on

2019-02-19 09:10:35 - [TEST_STEP][PASSED] - verifyTextPresent("PAYROLL COPY", false): Text 'PAYROLL COPY' is present on page 

2019-02-19 09:10:36 - [MESSAGE][PASSED] - Text 'PAYROLL COPY' is present on page 

2019-02-19 09:10:36 - [MESSAGE][PASSED] - Call Test Case 'Test Cases/Navigations/Navigation - Payroll Copy' successfully]]></system-out>
         <system-err><![CDATA[]]></system-err>
      </testcase>
      <testcase name="Test Cases/Smoke Test/NavigationOnlineReporting" classname="Test Cases/Smoke Test/NavigationOnlineReporting" status="PASSED">
         <system-out><![CDATA[2019-02-19 09:10:36 - [TEST_CASE][PASSED] - Test Cases/Smoke Test/NavigationOnlineReporting: Test Cases/Smoke Test/NavigationOnlineReporting

2019-02-19 09:10:36 - [TEST_STEP][PASSED] - callTestCase(findTestCase("Smoke Test/ValidLogin"), [:], STOP_ON_FAILURE): Call Test Case 'Test Cases/Smoke Test/ValidLogin' successfully

2019-02-19 09:10:36 - [TEST_CASE][PASSED] - Test Cases/Smoke Test/ValidLogin: Test Cases/Smoke Test/ValidLogin

2019-02-19 09:10:36 - [TEST_STEP][PASSED] - openBrowser(findTestData("Environment").getValue("URL", 1)): Browser is opened with url: 'https://implementationuat.sdworx.co.uk/'

2019-02-19 09:10:36 - [MESSAGE][WARNING] - A browser is already opened. Closing browser and opening a new one

2019-02-19 09:10:37 - [MESSAGE][INFO] - Starting 'Chrome' driver

2019-02-19 09:10:42 - [MESSAGE][PASSED] - Browser is opened with url: 'https://implementationuat.sdworx.co.uk/'

2019-02-19 09:10:42 - [TEST_STEP][PASSED] - maximizeWindow(): Current window maximized

2019-02-19 09:10:43 - [MESSAGE][PASSED] - Current window maximized

2019-02-19 09:10:43 - [TEST_STEP][PASSED] - navigateToUrl(findTestData("Environment").getValue("URL", 1)): Navigate to 'https://implementationuat.sdworx.co.uk/' successfully

2019-02-19 09:10:44 - [MESSAGE][PASSED] - Navigate to 'https://implementationuat.sdworx.co.uk/' successfully

2019-02-19 09:10:44 - [TEST_STEP][PASSED] - setText(findTestObject("Object Repository/Login/input_Email"), findTestData("Login").getValue("Username", 1)): Text 'purmanand.roopnah@sdworx.com' is set on object 'Object Repository/Login/input_Email'

2019-02-19 09:10:44 - [MESSAGE][PASSED] - Text 'purmanand.roopnah@sdworx.com' is set on object 'Object Repository/Login/input_Email'

2019-02-19 09:10:44 - [TEST_STEP][PASSED] - setText(findTestObject("Object Repository/Login/input_Password"), findTestData("Login").getValue("Password", 1)): Text 'Manish_2505' is set on object 'Object Repository/Login/input_Password'

2019-02-19 09:10:44 - [MESSAGE][PASSED] - Text 'Manish_2505' is set on object 'Object Repository/Login/input_Password'

2019-02-19 09:10:44 - [TEST_STEP][PASSED] - click(findTestObject("Object Repository/Login/input_btn btn-default")): Object: 'Object Repository/Login/input_btn btn-default' is clicked on

2019-02-19 09:10:47 - [MESSAGE][PASSED] - Object: 'Object Repository/Login/input_btn btn-default' is clicked on

2019-02-19 09:10:47 - [TEST_STEP][NOT_RUN] - selectOptionByLabel(findTestObject("Dropdown Lists/Select Organisation/Select Org"), "Panasonic Mauritius", true): NOT_RUN: selectOptionByLabel(findTestObject("Dropdown Lists/Select Organisation/Select Org"), "Panasonic Mauritius", true)

2019-02-19 09:10:47 - [MESSAGE][NOT_RUN] - NOT_RUN: selectOptionByLabel(findTestObject("Dropdown Lists/Select Organisation/Select Org"), "Panasonic Mauritius", true)

2019-02-19 09:10:47 - [TEST_STEP][NOT_RUN] - verifyElementPresent(findTestObject("Logout/Logout_dropdown"), 10, CONTINUE_ON_FAILURE): NOT_RUN: verifyElementPresent(findTestObject("Logout/Logout_dropdown"), 10, CONTINUE_ON_FAILURE)

2019-02-19 09:10:47 - [MESSAGE][NOT_RUN] - NOT_RUN: verifyElementPresent(findTestObject("Logout/Logout_dropdown"), 10, CONTINUE_ON_FAILURE)

2019-02-19 09:10:47 - [TEST_STEP][NOT_RUN] - click(findTestObject("Logout/Logout_dropdown")): NOT_RUN: click(findTestObject("Logout/Logout_dropdown"))

2019-02-19 09:10:47 - [MESSAGE][NOT_RUN] - NOT_RUN: click(findTestObject("Logout/Logout_dropdown"))

2019-02-19 09:10:47 - [TEST_STEP][NOT_RUN] - verifyElementPresent(findTestObject("Logout/a_Logout"), 10, CONTINUE_ON_FAILURE): NOT_RUN: verifyElementPresent(findTestObject("Logout/a_Logout"), 10, CONTINUE_ON_FAILURE)

2019-02-19 09:10:47 - [MESSAGE][NOT_RUN] - NOT_RUN: verifyElementPresent(findTestObject("Logout/a_Logout"), 10, CONTINUE_ON_FAILURE)

2019-02-19 09:10:47 - [TEST_STEP][NOT_RUN] - click(findTestObject("Logout/a_Logout")): NOT_RUN: click(findTestObject("Logout/a_Logout"))

2019-02-19 09:10:47 - [MESSAGE][NOT_RUN] - NOT_RUN: click(findTestObject("Logout/a_Logout"))

2019-02-19 09:10:47 - [TEST_STEP][NOT_RUN] - closeBrowser(): NOT_RUN: closeBrowser()

2019-02-19 09:10:47 - [MESSAGE][NOT_RUN] - NOT_RUN: closeBrowser()

2019-02-19 09:10:47 - [TEST_STEP][NOT_RUN] - toolkit.MySql.connectDB("CERRSQL2UTIL.aspnc.local", "ImplementationToolkit ", "4413", "ImpToolkit", "0E47iz93"): NOT_RUN: toolkit.MySql.connectDB("CERRSQL2UTIL.aspnc.local", "ImplementationToolkit ", "4413", "ImpToolkit", "0E47iz93")

2019-02-19 09:10:47 - [MESSAGE][NOT_RUN] - NOT_RUN: toolkit.MySql.connectDB("CERRSQL2UTIL.aspnc.local", "ImplementationToolkit ", "4413", "ImpToolkit", "0E47iz93")

2019-02-19 09:10:47 - [TEST_STEP][NOT_RUN] - Data = toolkit.MySql.executeQuery("select id from AspNetUsers where Email='purmanand.roopnah@sdworx.com';"): NOT_RUN: Data = toolkit.MySql.executeQuery("select id from AspNetUsers where Email='purmanand.roopnah@sdworx.com';")

2019-02-19 09:10:47 - [MESSAGE][NOT_RUN] - NOT_RUN: Data = toolkit.MySql.executeQuery("select id from AspNetUsers where Email='purmanand.roopnah@sdworx.com';")

2019-02-19 09:10:47 - [TEST_STEP][NOT_RUN] - PrintLn("Data"): NOT_RUN: PrintLn("Data")

2019-02-19 09:10:47 - [MESSAGE][NOT_RUN] - NOT_RUN: PrintLn("Data")

2019-02-19 09:10:47 - [MESSAGE][PASSED] - Call Test Case 'Test Cases/Smoke Test/ValidLogin' successfully

2019-02-19 09:10:47 - [TEST_STEP][PASSED] - callTestCase(findTestCase("Navigations/Navigation - Online Reporting"), [:], STOP_ON_FAILURE): Call Test Case 'Test Cases/Navigations/Navigation - Online Reporting' successfully

2019-02-19 09:10:47 - [TEST_CASE][PASSED] - Test Cases/Navigations/Navigation - Online Reporting: Test Cases/Navigations/Navigation - Online Reporting

2019-02-19 09:10:47 - [TEST_STEP][PASSED] - click(findTestObject("Navigations/Navigation - Online Reporting/span_Online Reporting")): Object: 'Object Repository/Navigations/Navigation - Online Reporting/span_Online Reporting' is clicked on

2019-02-19 09:10:48 - [MESSAGE][PASSED] - Object: 'Object Repository/Navigations/Navigation - Online Reporting/span_Online Reporting' is clicked on

2019-02-19 09:10:48 - [TEST_STEP][PASSED] - delay(2): Delayed 2 second(s)

2019-02-19 09:10:50 - [MESSAGE][PASSED] - Delayed 2 second(s)

2019-02-19 09:10:50 - [TEST_STEP][PASSED] - verifyElementPresent(findTestObject("Navigations/Navigation - Online Reporting/a_Generate Report"), 0): Object 'Object Repository/Navigations/Navigation - Online Reporting/a_Generate Report' is present

2019-02-19 09:10:50 - [MESSAGE][WARNING] - Timeout '0' is invalid. Using default page load timeout: '30'

2019-02-19 09:10:50 - [MESSAGE][PASSED] - Object 'Object Repository/Navigations/Navigation - Online Reporting/a_Generate Report' is present

2019-02-19 09:10:50 - [TEST_STEP][PASSED] - doubleClick(findTestObject("Navigations/Navigation - Online Reporting/select_PDW")): Object: 'Object Repository/Navigations/Navigation - Online Reporting/select_PDW' is double clicked on

2019-02-19 09:10:50 - [MESSAGE][PASSED] - Object: 'Object Repository/Navigations/Navigation - Online Reporting/select_PDW' is double clicked on

2019-02-19 09:10:50 - [TEST_STEP][PASSED] - verifyTextPresent("ONLINE REPORTING", false): Text 'ONLINE REPORTING' is present on page 

2019-02-19 09:10:51 - [MESSAGE][PASSED] - Text 'ONLINE REPORTING' is present on page 

2019-02-19 09:10:51 - [MESSAGE][PASSED] - Call Test Case 'Test Cases/Navigations/Navigation - Online Reporting' successfully]]></system-out>
         <system-err><![CDATA[]]></system-err>
      </testcase>
      <testcase name="Test Cases/Smoke Test/NavigationAuditReport" classname="Test Cases/Smoke Test/NavigationAuditReport" status="PASSED">
         <system-out><![CDATA[2019-02-19 09:10:51 - [TEST_CASE][PASSED] - Test Cases/Smoke Test/NavigationAuditReport: Test Cases/Smoke Test/NavigationAuditReport

2019-02-19 09:10:51 - [TEST_STEP][PASSED] - callTestCase(findTestCase("Smoke Test/ValidLogin"), [:], STOP_ON_FAILURE): Call Test Case 'Test Cases/Smoke Test/ValidLogin' successfully

2019-02-19 09:10:51 - [TEST_CASE][PASSED] - Test Cases/Smoke Test/ValidLogin: Test Cases/Smoke Test/ValidLogin

2019-02-19 09:10:51 - [TEST_STEP][PASSED] - openBrowser(findTestData("Environment").getValue("URL", 1)): Browser is opened with url: 'https://implementationuat.sdworx.co.uk/'

2019-02-19 09:10:51 - [MESSAGE][WARNING] - A browser is already opened. Closing browser and opening a new one

2019-02-19 09:10:52 - [MESSAGE][INFO] - Starting 'Chrome' driver

2019-02-19 09:10:57 - [MESSAGE][PASSED] - Browser is opened with url: 'https://implementationuat.sdworx.co.uk/'

2019-02-19 09:10:57 - [TEST_STEP][PASSED] - maximizeWindow(): Current window maximized

2019-02-19 09:10:58 - [MESSAGE][PASSED] - Current window maximized

2019-02-19 09:10:58 - [TEST_STEP][PASSED] - navigateToUrl(findTestData("Environment").getValue("URL", 1)): Navigate to 'https://implementationuat.sdworx.co.uk/' successfully

2019-02-19 09:10:59 - [MESSAGE][PASSED] - Navigate to 'https://implementationuat.sdworx.co.uk/' successfully

2019-02-19 09:10:59 - [TEST_STEP][PASSED] - setText(findTestObject("Object Repository/Login/input_Email"), findTestData("Login").getValue("Username", 1)): Text 'purmanand.roopnah@sdworx.com' is set on object 'Object Repository/Login/input_Email'

2019-02-19 09:10:59 - [MESSAGE][PASSED] - Text 'purmanand.roopnah@sdworx.com' is set on object 'Object Repository/Login/input_Email'

2019-02-19 09:10:59 - [TEST_STEP][PASSED] - setText(findTestObject("Object Repository/Login/input_Password"), findTestData("Login").getValue("Password", 1)): Text 'Manish_2505' is set on object 'Object Repository/Login/input_Password'

2019-02-19 09:10:59 - [MESSAGE][PASSED] - Text 'Manish_2505' is set on object 'Object Repository/Login/input_Password'

2019-02-19 09:10:59 - [TEST_STEP][PASSED] - click(findTestObject("Object Repository/Login/input_btn btn-default")): Object: 'Object Repository/Login/input_btn btn-default' is clicked on

2019-02-19 09:11:02 - [MESSAGE][PASSED] - Object: 'Object Repository/Login/input_btn btn-default' is clicked on

2019-02-19 09:11:02 - [TEST_STEP][NOT_RUN] - selectOptionByLabel(findTestObject("Dropdown Lists/Select Organisation/Select Org"), "Panasonic Mauritius", true): NOT_RUN: selectOptionByLabel(findTestObject("Dropdown Lists/Select Organisation/Select Org"), "Panasonic Mauritius", true)

2019-02-19 09:11:02 - [MESSAGE][NOT_RUN] - NOT_RUN: selectOptionByLabel(findTestObject("Dropdown Lists/Select Organisation/Select Org"), "Panasonic Mauritius", true)

2019-02-19 09:11:02 - [TEST_STEP][NOT_RUN] - verifyElementPresent(findTestObject("Logout/Logout_dropdown"), 10, CONTINUE_ON_FAILURE): NOT_RUN: verifyElementPresent(findTestObject("Logout/Logout_dropdown"), 10, CONTINUE_ON_FAILURE)

2019-02-19 09:11:02 - [MESSAGE][NOT_RUN] - NOT_RUN: verifyElementPresent(findTestObject("Logout/Logout_dropdown"), 10, CONTINUE_ON_FAILURE)

2019-02-19 09:11:02 - [TEST_STEP][NOT_RUN] - click(findTestObject("Logout/Logout_dropdown")): NOT_RUN: click(findTestObject("Logout/Logout_dropdown"))

2019-02-19 09:11:02 - [MESSAGE][NOT_RUN] - NOT_RUN: click(findTestObject("Logout/Logout_dropdown"))

2019-02-19 09:11:02 - [TEST_STEP][NOT_RUN] - verifyElementPresent(findTestObject("Logout/a_Logout"), 10, CONTINUE_ON_FAILURE): NOT_RUN: verifyElementPresent(findTestObject("Logout/a_Logout"), 10, CONTINUE_ON_FAILURE)

2019-02-19 09:11:02 - [MESSAGE][NOT_RUN] - NOT_RUN: verifyElementPresent(findTestObject("Logout/a_Logout"), 10, CONTINUE_ON_FAILURE)

2019-02-19 09:11:02 - [TEST_STEP][NOT_RUN] - click(findTestObject("Logout/a_Logout")): NOT_RUN: click(findTestObject("Logout/a_Logout"))

2019-02-19 09:11:02 - [MESSAGE][NOT_RUN] - NOT_RUN: click(findTestObject("Logout/a_Logout"))

2019-02-19 09:11:02 - [TEST_STEP][NOT_RUN] - closeBrowser(): NOT_RUN: closeBrowser()

2019-02-19 09:11:02 - [MESSAGE][NOT_RUN] - NOT_RUN: closeBrowser()

2019-02-19 09:11:02 - [TEST_STEP][NOT_RUN] - toolkit.MySql.connectDB("CERRSQL2UTIL.aspnc.local", "ImplementationToolkit ", "4413", "ImpToolkit", "0E47iz93"): NOT_RUN: toolkit.MySql.connectDB("CERRSQL2UTIL.aspnc.local", "ImplementationToolkit ", "4413", "ImpToolkit", "0E47iz93")

2019-02-19 09:11:02 - [MESSAGE][NOT_RUN] - NOT_RUN: toolkit.MySql.connectDB("CERRSQL2UTIL.aspnc.local", "ImplementationToolkit ", "4413", "ImpToolkit", "0E47iz93")

2019-02-19 09:11:02 - [TEST_STEP][NOT_RUN] - Data = toolkit.MySql.executeQuery("select id from AspNetUsers where Email='purmanand.roopnah@sdworx.com';"): NOT_RUN: Data = toolkit.MySql.executeQuery("select id from AspNetUsers where Email='purmanand.roopnah@sdworx.com';")

2019-02-19 09:11:02 - [MESSAGE][NOT_RUN] - NOT_RUN: Data = toolkit.MySql.executeQuery("select id from AspNetUsers where Email='purmanand.roopnah@sdworx.com';")

2019-02-19 09:11:02 - [TEST_STEP][NOT_RUN] - PrintLn("Data"): NOT_RUN: PrintLn("Data")

2019-02-19 09:11:02 - [MESSAGE][NOT_RUN] - NOT_RUN: PrintLn("Data")

2019-02-19 09:11:02 - [MESSAGE][PASSED] - Call Test Case 'Test Cases/Smoke Test/ValidLogin' successfully

2019-02-19 09:11:02 - [TEST_STEP][PASSED] - callTestCase(findTestCase("Navigations/Navigation -Audit Report"), [:], STOP_ON_FAILURE): Call Test Case 'Test Cases/Navigations/Navigation -Audit Report' successfully

2019-02-19 09:11:02 - [TEST_CASE][PASSED] - Test Cases/Navigations/Navigation -Audit Report: Test Cases/Navigations/Navigation -Audit Report

2019-02-19 09:11:03 - [TEST_STEP][PASSED] - click(findTestObject("Navigations/Navigation - Audit Report/span_Audit Report")): Object: 'Object Repository/Navigations/Navigation - Audit Report/span_Audit Report' is clicked on

2019-02-19 09:11:04 - [MESSAGE][PASSED] - Object: 'Object Repository/Navigations/Navigation - Audit Report/span_Audit Report' is clicked on

2019-02-19 09:11:04 - [TEST_STEP][PASSED] - delay(2): Delayed 2 second(s)

2019-02-19 09:11:06 - [MESSAGE][PASSED] - Delayed 2 second(s)

2019-02-19 09:11:06 - [TEST_STEP][PASSED] - verifyElementPresent(findTestObject("Navigations/Navigation - Audit Report/a_Export"), 0): Object 'Object Repository/Navigations/Navigation - Audit Report/a_Export' is present

2019-02-19 09:11:06 - [MESSAGE][WARNING] - Timeout '0' is invalid. Using default page load timeout: '30'

2019-02-19 09:11:07 - [MESSAGE][PASSED] - Object 'Object Repository/Navigations/Navigation - Audit Report/a_Export' is present

2019-02-19 09:11:07 - [TEST_STEP][PASSED] - doubleClick(findTestObject("Navigations/Navigation - Audit Report/input_Record ID_RecordID")): Object: 'Object Repository/Navigations/Navigation - Audit Report/input_Record ID_RecordID' is double clicked on

2019-02-19 09:11:07 - [MESSAGE][PASSED] - Object: 'Object Repository/Navigations/Navigation - Audit Report/input_Record ID_RecordID' is double clicked on

2019-02-19 09:11:07 - [TEST_STEP][PASSED] - verifyTextPresent("Audit Report", false): Text 'Audit Report' is present on page 

2019-02-19 09:11:07 - [MESSAGE][PASSED] - Text 'Audit Report' is present on page 

2019-02-19 09:11:07 - [MESSAGE][PASSED] - Call Test Case 'Test Cases/Navigations/Navigation -Audit Report' successfully]]></system-out>
         <system-err><![CDATA[]]></system-err>
      </testcase>
      <testcase name="Test Cases/Smoke Test/NavigationAdmin" classname="Test Cases/Smoke Test/NavigationAdmin" status="PASSED">
         <system-out><![CDATA[2019-02-19 09:11:07 - [TEST_CASE][PASSED] - Test Cases/Smoke Test/NavigationAdmin: Test Cases/Smoke Test/NavigationAdmin

2019-02-19 09:11:07 - [TEST_STEP][PASSED] - callTestCase(findTestCase("Smoke Test/ValidLogin"), [:], STOP_ON_FAILURE): Call Test Case 'Test Cases/Smoke Test/ValidLogin' successfully

2019-02-19 09:11:07 - [TEST_CASE][PASSED] - Test Cases/Smoke Test/ValidLogin: Test Cases/Smoke Test/ValidLogin

2019-02-19 09:11:07 - [TEST_STEP][PASSED] - openBrowser(findTestData("Environment").getValue("URL", 1)): Browser is opened with url: 'https://implementationuat.sdworx.co.uk/'

2019-02-19 09:11:07 - [MESSAGE][WARNING] - A browser is already opened. Closing browser and opening a new one

2019-02-19 09:11:08 - [MESSAGE][INFO] - Starting 'Chrome' driver

2019-02-19 09:11:15 - [MESSAGE][PASSED] - Browser is opened with url: 'https://implementationuat.sdworx.co.uk/'

2019-02-19 09:11:15 - [TEST_STEP][PASSED] - maximizeWindow(): Current window maximized

2019-02-19 09:11:16 - [MESSAGE][PASSED] - Current window maximized

2019-02-19 09:11:16 - [TEST_STEP][PASSED] - navigateToUrl(findTestData("Environment").getValue("URL", 1)): Navigate to 'https://implementationuat.sdworx.co.uk/' successfully

2019-02-19 09:11:17 - [MESSAGE][PASSED] - Navigate to 'https://implementationuat.sdworx.co.uk/' successfully

2019-02-19 09:11:17 - [TEST_STEP][PASSED] - setText(findTestObject("Object Repository/Login/input_Email"), findTestData("Login").getValue("Username", 1)): Text 'purmanand.roopnah@sdworx.com' is set on object 'Object Repository/Login/input_Email'

2019-02-19 09:11:17 - [MESSAGE][PASSED] - Text 'purmanand.roopnah@sdworx.com' is set on object 'Object Repository/Login/input_Email'

2019-02-19 09:11:17 - [TEST_STEP][PASSED] - setText(findTestObject("Object Repository/Login/input_Password"), findTestData("Login").getValue("Password", 1)): Text 'Manish_2505' is set on object 'Object Repository/Login/input_Password'

2019-02-19 09:11:18 - [MESSAGE][PASSED] - Text 'Manish_2505' is set on object 'Object Repository/Login/input_Password'

2019-02-19 09:11:18 - [TEST_STEP][PASSED] - click(findTestObject("Object Repository/Login/input_btn btn-default")): Object: 'Object Repository/Login/input_btn btn-default' is clicked on

2019-02-19 09:11:24 - [MESSAGE][PASSED] - Object: 'Object Repository/Login/input_btn btn-default' is clicked on

2019-02-19 09:11:24 - [TEST_STEP][NOT_RUN] - selectOptionByLabel(findTestObject("Dropdown Lists/Select Organisation/Select Org"), "Panasonic Mauritius", true): NOT_RUN: selectOptionByLabel(findTestObject("Dropdown Lists/Select Organisation/Select Org"), "Panasonic Mauritius", true)

2019-02-19 09:11:24 - [MESSAGE][NOT_RUN] - NOT_RUN: selectOptionByLabel(findTestObject("Dropdown Lists/Select Organisation/Select Org"), "Panasonic Mauritius", true)

2019-02-19 09:11:24 - [TEST_STEP][NOT_RUN] - verifyElementPresent(findTestObject("Logout/Logout_dropdown"), 10, CONTINUE_ON_FAILURE): NOT_RUN: verifyElementPresent(findTestObject("Logout/Logout_dropdown"), 10, CONTINUE_ON_FAILURE)

2019-02-19 09:11:24 - [MESSAGE][NOT_RUN] - NOT_RUN: verifyElementPresent(findTestObject("Logout/Logout_dropdown"), 10, CONTINUE_ON_FAILURE)

2019-02-19 09:11:24 - [TEST_STEP][NOT_RUN] - click(findTestObject("Logout/Logout_dropdown")): NOT_RUN: click(findTestObject("Logout/Logout_dropdown"))

2019-02-19 09:11:24 - [MESSAGE][NOT_RUN] - NOT_RUN: click(findTestObject("Logout/Logout_dropdown"))

2019-02-19 09:11:24 - [TEST_STEP][NOT_RUN] - verifyElementPresent(findTestObject("Logout/a_Logout"), 10, CONTINUE_ON_FAILURE): NOT_RUN: verifyElementPresent(findTestObject("Logout/a_Logout"), 10, CONTINUE_ON_FAILURE)

2019-02-19 09:11:24 - [MESSAGE][NOT_RUN] - NOT_RUN: verifyElementPresent(findTestObject("Logout/a_Logout"), 10, CONTINUE_ON_FAILURE)

2019-02-19 09:11:24 - [TEST_STEP][NOT_RUN] - click(findTestObject("Logout/a_Logout")): NOT_RUN: click(findTestObject("Logout/a_Logout"))

2019-02-19 09:11:24 - [MESSAGE][NOT_RUN] - NOT_RUN: click(findTestObject("Logout/a_Logout"))

2019-02-19 09:11:24 - [TEST_STEP][NOT_RUN] - closeBrowser(): NOT_RUN: closeBrowser()

2019-02-19 09:11:24 - [MESSAGE][NOT_RUN] - NOT_RUN: closeBrowser()

2019-02-19 09:11:24 - [TEST_STEP][NOT_RUN] - toolkit.MySql.connectDB("CERRSQL2UTIL.aspnc.local", "ImplementationToolkit ", "4413", "ImpToolkit", "0E47iz93"): NOT_RUN: toolkit.MySql.connectDB("CERRSQL2UTIL.aspnc.local", "ImplementationToolkit ", "4413", "ImpToolkit", "0E47iz93")

2019-02-19 09:11:24 - [MESSAGE][NOT_RUN] - NOT_RUN: toolkit.MySql.connectDB("CERRSQL2UTIL.aspnc.local", "ImplementationToolkit ", "4413", "ImpToolkit", "0E47iz93")

2019-02-19 09:11:24 - [TEST_STEP][NOT_RUN] - Data = toolkit.MySql.executeQuery("select id from AspNetUsers where Email='purmanand.roopnah@sdworx.com';"): NOT_RUN: Data = toolkit.MySql.executeQuery("select id from AspNetUsers where Email='purmanand.roopnah@sdworx.com';")

2019-02-19 09:11:24 - [MESSAGE][NOT_RUN] - NOT_RUN: Data = toolkit.MySql.executeQuery("select id from AspNetUsers where Email='purmanand.roopnah@sdworx.com';")

2019-02-19 09:11:24 - [TEST_STEP][NOT_RUN] - PrintLn("Data"): NOT_RUN: PrintLn("Data")

2019-02-19 09:11:24 - [MESSAGE][NOT_RUN] - NOT_RUN: PrintLn("Data")

2019-02-19 09:11:24 - [MESSAGE][PASSED] - Call Test Case 'Test Cases/Smoke Test/ValidLogin' successfully

2019-02-19 09:11:24 - [TEST_STEP][PASSED] - callTestCase(findTestCase("Navigations/Navigation - Client Setup"), [:], CONTINUE_ON_FAILURE): Call Test Case 'Test Cases/Navigations/Navigation - Client Setup' successfully

2019-02-19 09:11:24 - [TEST_CASE][PASSED] - Test Cases/Navigations/Navigation - Client Setup: Test Cases/Navigations/Navigation - Client Setup

2019-02-19 09:11:25 - [TEST_STEP][PASSED] - click(findTestObject("Navigations/Navigation - Client Setup/span_Admin")): Object: 'Object Repository/Navigations/Navigation - Client Setup/span_Admin' is clicked on

2019-02-19 09:11:25 - [MESSAGE][PASSED] - Object: 'Object Repository/Navigations/Navigation - Client Setup/span_Admin' is clicked on

2019-02-19 09:11:25 - [TEST_STEP][PASSED] - delay(2): Delayed 2 second(s)

2019-02-19 09:11:27 - [MESSAGE][PASSED] - Delayed 2 second(s)

2019-02-19 09:11:27 - [TEST_STEP][PASSED] - click(findTestObject("Navigations/Navigation - Client Setup/a_Payroll  Client Setup")): Object: 'Object Repository/Navigations/Navigation - Client Setup/a_Payroll  Client Setup' is clicked on

2019-02-19 09:11:30 - [MESSAGE][PASSED] - Object: 'Object Repository/Navigations/Navigation - Client Setup/a_Payroll  Client Setup' is clicked on

2019-02-19 09:11:30 - [TEST_STEP][PASSED] - delay(2): Delayed 2 second(s)

2019-02-19 09:11:32 - [MESSAGE][PASSED] - Delayed 2 second(s)

2019-02-19 09:11:32 - [TEST_STEP][PASSED] - click(findTestObject("Navigations/Navigation - Client Setup/a_Client Setup")): Object: 'Object Repository/Navigations/Navigation - Client Setup/a_Client Setup' is clicked on

2019-02-19 09:11:32 - [MESSAGE][PASSED] - Object: 'Object Repository/Navigations/Navigation - Client Setup/a_Client Setup' is clicked on

2019-02-19 09:11:32 - [TEST_STEP][PASSED] - delay(2): Delayed 2 second(s)

2019-02-19 09:11:34 - [MESSAGE][PASSED] - Delayed 2 second(s)

2019-02-19 09:11:34 - [TEST_STEP][PASSED] - verifyElementPresent(findTestObject("Navigations/Navigation - Client Setup/button_Add Customer"), 0): Object 'Object Repository/Navigations/Navigation - Client Setup/button_Add Customer' is present

2019-02-19 09:11:34 - [MESSAGE][WARNING] - Timeout '0' is invalid. Using default page load timeout: '30'

2019-02-19 09:11:34 - [MESSAGE][PASSED] - Object 'Object Repository/Navigations/Navigation - Client Setup/button_Add Customer' is present

2019-02-19 09:11:34 - [TEST_STEP][PASSED] - doubleClick(findTestObject("Navigations/Navigation - Client Setup/Search")): Object: 'Object Repository/Navigations/Navigation - Client Setup/Search' is double clicked on

2019-02-19 09:11:34 - [MESSAGE][PASSED] - Object: 'Object Repository/Navigations/Navigation - Client Setup/Search' is double clicked on

2019-02-19 09:11:34 - [TEST_STEP][PASSED] - verifyTextPresent("Client Setup", false): Text 'Client Setup' is present on page 

2019-02-19 09:11:34 - [MESSAGE][PASSED] - Text 'Client Setup' is present on page 

2019-02-19 09:11:34 - [MESSAGE][PASSED] - Call Test Case 'Test Cases/Navigations/Navigation - Client Setup' successfully

2019-02-19 09:11:34 - [TEST_STEP][PASSED] - callTestCase(findTestCase("Navigations/Navigation - Payroll Setup"), [:], CONTINUE_ON_FAILURE): Call Test Case 'Test Cases/Navigations/Navigation - Payroll Setup' successfully

2019-02-19 09:11:34 - [TEST_CASE][PASSED] - Test Cases/Navigations/Navigation - Payroll Setup: Test Cases/Navigations/Navigation - Payroll Setup

2019-02-19 09:11:34 - [TEST_STEP][PASSED] - click(findTestObject("Navigations/Navigation - Payroll Setup/span_Admin")): Object: 'Object Repository/Navigations/Navigation - Payroll Setup/span_Admin' is clicked on

2019-02-19 09:11:34 - [MESSAGE][PASSED] - Object: 'Object Repository/Navigations/Navigation - Payroll Setup/span_Admin' is clicked on

2019-02-19 09:11:34 - [TEST_STEP][PASSED] - delay(2): Delayed 2 second(s)

2019-02-19 09:11:36 - [MESSAGE][PASSED] - Delayed 2 second(s)

2019-02-19 09:11:36 - [TEST_STEP][PASSED] - click(findTestObject("Navigations/Navigation - Payroll Setup/a_Payroll  Client Setup")): Object: 'Object Repository/Navigations/Navigation - Payroll Setup/a_Payroll  Client Setup' is clicked on

2019-02-19 09:11:38 - [MESSAGE][PASSED] - Object: 'Object Repository/Navigations/Navigation - Payroll Setup/a_Payroll  Client Setup' is clicked on

2019-02-19 09:11:38 - [TEST_STEP][PASSED] - delay(2): Delayed 2 second(s)

2019-02-19 09:11:40 - [MESSAGE][PASSED] - Delayed 2 second(s)

2019-02-19 09:11:40 - [TEST_STEP][PASSED] - click(findTestObject("Navigations/Navigation - Payroll Setup/a_Payroll Setup")): Object: 'Object Repository/Navigations/Navigation - Payroll Setup/a_Payroll Setup' is clicked on

2019-02-19 09:11:40 - [MESSAGE][PASSED] - Object: 'Object Repository/Navigations/Navigation - Payroll Setup/a_Payroll Setup' is clicked on

2019-02-19 09:11:40 - [TEST_STEP][PASSED] - delay(2): Delayed 2 second(s)

2019-02-19 09:11:42 - [MESSAGE][PASSED] - Delayed 2 second(s)

2019-02-19 09:11:42 - [TEST_STEP][PASSED] - verifyElementPresent(findTestObject("Navigations/Navigation - Payroll Setup/a_Add Payroll"), 0): Object 'Object Repository/Navigations/Navigation - Payroll Setup/a_Add Payroll' is present

2019-02-19 09:11:42 - [MESSAGE][WARNING] - Timeout '0' is invalid. Using default page load timeout: '30'

2019-02-19 09:11:42 - [MESSAGE][PASSED] - Object 'Object Repository/Navigations/Navigation - Payroll Setup/a_Add Payroll' is present

2019-02-19 09:11:42 - [TEST_STEP][PASSED] - doubleClick(findTestObject("Navigations/Navigation - Client Setup/Search")): Object: 'Object Repository/Navigations/Navigation - Client Setup/Search' is double clicked on

2019-02-19 09:11:42 - [MESSAGE][PASSED] - Object: 'Object Repository/Navigations/Navigation - Client Setup/Search' is double clicked on

2019-02-19 09:11:42 - [TEST_STEP][PASSED] - verifyTextPresent("Payroll Setup", false): Text 'Payroll Setup' is present on page 

2019-02-19 09:11:42 - [MESSAGE][PASSED] - Text 'Payroll Setup' is present on page 

2019-02-19 09:11:42 - [MESSAGE][PASSED] - Call Test Case 'Test Cases/Navigations/Navigation - Payroll Setup' successfully

2019-02-19 09:11:42 - [TEST_STEP][PASSED] - callTestCase(findTestCase("Navigations/Navigation - SSP Rules"), [:], CONTINUE_ON_FAILURE): Call Test Case 'Test Cases/Navigations/Navigation - SSP Rules' successfully

2019-02-19 09:11:42 - [TEST_CASE][PASSED] - Test Cases/Navigations/Navigation - SSP Rules: Test Cases/Navigations/Navigation - SSP Rules

2019-02-19 09:11:43 - [TEST_STEP][PASSED] - click(findTestObject("Navigations/Navigation - SSP Rules/span_Admin")): Object: 'Object Repository/Navigations/Navigation - SSP Rules/span_Admin' is clicked on

2019-02-19 09:11:43 - [MESSAGE][PASSED] - Object: 'Object Repository/Navigations/Navigation - SSP Rules/span_Admin' is clicked on

2019-02-19 09:11:43 - [TEST_STEP][PASSED] - delay(2): Delayed 2 second(s)

2019-02-19 09:11:45 - [MESSAGE][PASSED] - Delayed 2 second(s)

2019-02-19 09:11:45 - [TEST_STEP][PASSED] - click(findTestObject("Navigations/Navigation - SSP Rules/a_Payroll  Client Setup")): Object: 'Object Repository/Navigations/Navigation - SSP Rules/a_Payroll  Client Setup' is clicked on

2019-02-19 09:11:46 - [MESSAGE][PASSED] - Object: 'Object Repository/Navigations/Navigation - SSP Rules/a_Payroll  Client Setup' is clicked on

2019-02-19 09:11:46 - [TEST_STEP][PASSED] - delay(2): Delayed 2 second(s)

2019-02-19 09:11:48 - [MESSAGE][PASSED] - Delayed 2 second(s)

2019-02-19 09:11:48 - [TEST_STEP][PASSED] - click(findTestObject("Navigations/Navigation - SSP Rules/a_SSP Rules")): Object: 'Object Repository/Navigations/Navigation - SSP Rules/a_SSP Rules' is clicked on

2019-02-19 09:11:48 - [MESSAGE][PASSED] - Object: 'Object Repository/Navigations/Navigation - SSP Rules/a_SSP Rules' is clicked on

2019-02-19 09:11:48 - [TEST_STEP][PASSED] - delay(2): Delayed 2 second(s)

2019-02-19 09:11:50 - [MESSAGE][PASSED] - Delayed 2 second(s)

2019-02-19 09:11:50 - [TEST_STEP][PASSED] - click(findTestObject("Navigations/Navigation - SSP Rules/a_Add SSP Rule")): Object: 'Object Repository/Navigations/Navigation - SSP Rules/a_Add SSP Rule' is clicked on

2019-02-19 09:11:50 - [MESSAGE][PASSED] - Object: 'Object Repository/Navigations/Navigation - SSP Rules/a_Add SSP Rule' is clicked on

2019-02-19 09:11:50 - [TEST_STEP][PASSED] - doubleClick(findTestObject("Navigations/Navigation - Client Setup/Search")): Object: 'Object Repository/Navigations/Navigation - Client Setup/Search' is double clicked on

2019-02-19 09:11:50 - [MESSAGE][PASSED] - Object: 'Object Repository/Navigations/Navigation - Client Setup/Search' is double clicked on

2019-02-19 09:11:50 - [TEST_STEP][PASSED] - verifyTextPresent("SSP Rules", false): Text 'SSP Rules' is present on page 

2019-02-19 09:11:51 - [MESSAGE][PASSED] - Text 'SSP Rules' is present on page 

2019-02-19 09:11:51 - [MESSAGE][PASSED] - Call Test Case 'Test Cases/Navigations/Navigation - SSP Rules' successfully

2019-02-19 09:11:51 - [TEST_STEP][PASSED] - callTestCase(findTestCase("Navigations/Navigation - Database Details"), [:], CONTINUE_ON_FAILURE): Call Test Case 'Test Cases/Navigations/Navigation - Database Details' successfully

2019-02-19 09:11:51 - [TEST_CASE][PASSED] - Test Cases/Navigations/Navigation - Database Details: Test Cases/Navigations/Navigation - Database Details

2019-02-19 09:11:51 - [TEST_STEP][PASSED] - click(findTestObject("Navigations/Navigation - Database Details/span_Admin")): Object: 'Object Repository/Navigations/Navigation - Database Details/span_Admin' is clicked on

2019-02-19 09:11:51 - [MESSAGE][PASSED] - Object: 'Object Repository/Navigations/Navigation - Database Details/span_Admin' is clicked on

2019-02-19 09:11:51 - [TEST_STEP][PASSED] - delay(2): Delayed 2 second(s)

2019-02-19 09:11:53 - [MESSAGE][PASSED] - Delayed 2 second(s)

2019-02-19 09:11:53 - [TEST_STEP][PASSED] - click(findTestObject("Navigations/Navigation - SSP Rules/a_Payroll  Client Setup")): Object: 'Object Repository/Navigations/Navigation - SSP Rules/a_Payroll  Client Setup' is clicked on

2019-02-19 09:11:54 - [MESSAGE][PASSED] - Object: 'Object Repository/Navigations/Navigation - SSP Rules/a_Payroll  Client Setup' is clicked on

2019-02-19 09:11:54 - [TEST_STEP][PASSED] - delay(2): Delayed 2 second(s)

2019-02-19 09:11:56 - [MESSAGE][PASSED] - Delayed 2 second(s)

2019-02-19 09:11:56 - [TEST_STEP][PASSED] - click(findTestObject("Navigations/Navigation - Database Details/a_Database Details")): Object: 'Object Repository/Navigations/Navigation - Database Details/a_Database Details' is clicked on

2019-02-19 09:11:56 - [MESSAGE][PASSED] - Object: 'Object Repository/Navigations/Navigation - Database Details/a_Database Details' is clicked on

2019-02-19 09:11:56 - [TEST_STEP][PASSED] - verifyElementPresent(findTestObject("Navigations/Navigation - Database Details/a_Add Server Details"), 0): Object 'Object Repository/Navigations/Navigation - Database Details/a_Add Server Details' is present

2019-02-19 09:11:56 - [MESSAGE][WARNING] - Timeout '0' is invalid. Using default page load timeout: '30'

2019-02-19 09:11:56 - [MESSAGE][PASSED] - Object 'Object Repository/Navigations/Navigation - Database Details/a_Add Server Details' is present

2019-02-19 09:11:56 - [TEST_STEP][PASSED] - doubleClick(findTestObject("Navigations/Navigation - Client Setup/Search")): Object: 'Object Repository/Navigations/Navigation - Client Setup/Search' is double clicked on

2019-02-19 09:11:57 - [MESSAGE][PASSED] - Object: 'Object Repository/Navigations/Navigation - Client Setup/Search' is double clicked on

2019-02-19 09:11:57 - [TEST_STEP][PASSED] - verifyTextPresent("Database Details", false): Text 'Database Details' is present on page 

2019-02-19 09:11:57 - [MESSAGE][PASSED] - Text 'Database Details' is present on page 

2019-02-19 09:11:57 - [MESSAGE][PASSED] - Call Test Case 'Test Cases/Navigations/Navigation - Database Details' successfully

2019-02-19 09:11:57 - [TEST_STEP][PASSED] - callTestCase(findTestCase("Navigations/Navigation - Process Data"), [:], STOP_ON_FAILURE): Call Test Case 'Test Cases/Navigations/Navigation - Process Data' successfully

2019-02-19 09:11:57 - [TEST_CASE][PASSED] - Test Cases/Navigations/Navigation - Process Data: Test Cases/Navigations/Navigation - Process Data

2019-02-19 09:11:57 - [TEST_STEP][PASSED] - click(findTestObject("Navigations/Navigation - Process Data/span_Admin")): Object: 'Object Repository/Navigations/Navigation - Process Data/span_Admin' is clicked on

2019-02-19 09:11:57 - [MESSAGE][PASSED] - Object: 'Object Repository/Navigations/Navigation - Process Data/span_Admin' is clicked on

2019-02-19 09:11:57 - [TEST_STEP][PASSED] - delay(2): Delayed 2 second(s)

2019-02-19 09:11:59 - [MESSAGE][PASSED] - Delayed 2 second(s)

2019-02-19 09:11:59 - [TEST_STEP][PASSED] - click(findTestObject("Navigations/Navigation - Process Data/a_Process Data"), STOP_ON_FAILURE): Object: 'Object Repository/Navigations/Navigation - Process Data/a_Process Data' is clicked on

2019-02-19 09:12:01 - [MESSAGE][PASSED] - Object: 'Object Repository/Navigations/Navigation - Process Data/a_Process Data' is clicked on

2019-02-19 09:12:01 - [TEST_STEP][PASSED] - delay(2): Delayed 2 second(s)

2019-02-19 09:12:03 - [MESSAGE][PASSED] - Delayed 2 second(s)

2019-02-19 09:12:03 - [TEST_STEP][PASSED] - verifyElementPresent(findTestObject("Navigations/Navigation - Process Data/button_Save"), 0): Object 'Object Repository/Navigations/Navigation - Process Data/button_Save' is present

2019-02-19 09:12:03 - [MESSAGE][WARNING] - Timeout '0' is invalid. Using default page load timeout: '30'

2019-02-19 09:12:03 - [MESSAGE][PASSED] - Object 'Object Repository/Navigations/Navigation - Process Data/button_Save' is present

2019-02-19 09:12:03 - [TEST_STEP][PASSED] - scrollToElement(findTestObject("Navigations/Navigation - Process Data/button_Save"), 0): Scroll to object 'Object Repository/Navigations/Navigation - Process Data/button_Save' successfully

2019-02-19 09:12:03 - [MESSAGE][WARNING] - Timeout '0' is invalid. Using default page load timeout: '30'

2019-02-19 09:12:03 - [MESSAGE][PASSED] - Scroll to object 'Object Repository/Navigations/Navigation - Process Data/button_Save' successfully

2019-02-19 09:12:03 - [TEST_STEP][PASSED] - click(findTestObject("Navigations/Navigation - Process Data/button_Save")): Object: 'Object Repository/Navigations/Navigation - Process Data/button_Save' is clicked on

2019-02-19 09:12:03 - [MESSAGE][PASSED] - Object: 'Object Repository/Navigations/Navigation - Process Data/button_Save' is clicked on

2019-02-19 09:12:03 - [TEST_STEP][PASSED] - verifyTextPresent("PROCESS DATA", false): Text 'PROCESS DATA' is present on page 

2019-02-19 09:12:03 - [MESSAGE][PASSED] - Text 'PROCESS DATA' is present on page 

2019-02-19 09:12:03 - [MESSAGE][PASSED] - Call Test Case 'Test Cases/Navigations/Navigation - Process Data' successfully]]></system-out>
         <system-err><![CDATA[]]></system-err>
      </testcase>
      <testcase name="Test Cases/Smoke Test/Navigation - DatacodeMapping" classname="Test Cases/Smoke Test/Navigation - DatacodeMapping" status="PASSED">
         <system-out><![CDATA[2019-02-19 09:12:03 - [TEST_CASE][PASSED] - Test Cases/Smoke Test/Navigation - DatacodeMapping: Test Cases/Smoke Test/Navigation - DatacodeMapping

2019-02-19 09:12:03 - [TEST_STEP][PASSED] - callTestCase(findTestCase("Smoke Test/ValidLogin"), [:], CONTINUE_ON_FAILURE): Call Test Case 'Test Cases/Smoke Test/ValidLogin' successfully

2019-02-19 09:12:03 - [TEST_CASE][PASSED] - Test Cases/Smoke Test/ValidLogin: Test Cases/Smoke Test/ValidLogin

2019-02-19 09:12:03 - [TEST_STEP][PASSED] - openBrowser(findTestData("Environment").getValue("URL", 1)): Browser is opened with url: 'https://implementationuat.sdworx.co.uk/'

2019-02-19 09:12:04 - [MESSAGE][WARNING] - A browser is already opened. Closing browser and opening a new one

2019-02-19 09:12:04 - [MESSAGE][INFO] - Starting 'Chrome' driver

2019-02-19 09:12:10 - [MESSAGE][PASSED] - Browser is opened with url: 'https://implementationuat.sdworx.co.uk/'

2019-02-19 09:12:10 - [TEST_STEP][PASSED] - maximizeWindow(): Current window maximized

2019-02-19 09:12:11 - [MESSAGE][PASSED] - Current window maximized

2019-02-19 09:12:11 - [TEST_STEP][PASSED] - navigateToUrl(findTestData("Environment").getValue("URL", 1)): Navigate to 'https://implementationuat.sdworx.co.uk/' successfully

2019-02-19 09:12:12 - [MESSAGE][PASSED] - Navigate to 'https://implementationuat.sdworx.co.uk/' successfully

2019-02-19 09:12:12 - [TEST_STEP][PASSED] - setText(findTestObject("Object Repository/Login/input_Email"), findTestData("Login").getValue("Username", 1)): Text 'purmanand.roopnah@sdworx.com' is set on object 'Object Repository/Login/input_Email'

2019-02-19 09:12:12 - [MESSAGE][PASSED] - Text 'purmanand.roopnah@sdworx.com' is set on object 'Object Repository/Login/input_Email'

2019-02-19 09:12:12 - [TEST_STEP][PASSED] - setText(findTestObject("Object Repository/Login/input_Password"), findTestData("Login").getValue("Password", 1)): Text 'Manish_2505' is set on object 'Object Repository/Login/input_Password'

2019-02-19 09:12:12 - [MESSAGE][PASSED] - Text 'Manish_2505' is set on object 'Object Repository/Login/input_Password'

2019-02-19 09:12:12 - [TEST_STEP][PASSED] - click(findTestObject("Object Repository/Login/input_btn btn-default")): Object: 'Object Repository/Login/input_btn btn-default' is clicked on

2019-02-19 09:12:14 - [MESSAGE][PASSED] - Object: 'Object Repository/Login/input_btn btn-default' is clicked on

2019-02-19 09:12:14 - [TEST_STEP][NOT_RUN] - selectOptionByLabel(findTestObject("Dropdown Lists/Select Organisation/Select Org"), "Panasonic Mauritius", true): NOT_RUN: selectOptionByLabel(findTestObject("Dropdown Lists/Select Organisation/Select Org"), "Panasonic Mauritius", true)

2019-02-19 09:12:14 - [MESSAGE][NOT_RUN] - NOT_RUN: selectOptionByLabel(findTestObject("Dropdown Lists/Select Organisation/Select Org"), "Panasonic Mauritius", true)

2019-02-19 09:12:14 - [TEST_STEP][NOT_RUN] - verifyElementPresent(findTestObject("Logout/Logout_dropdown"), 10, CONTINUE_ON_FAILURE): NOT_RUN: verifyElementPresent(findTestObject("Logout/Logout_dropdown"), 10, CONTINUE_ON_FAILURE)

2019-02-19 09:12:14 - [MESSAGE][NOT_RUN] - NOT_RUN: verifyElementPresent(findTestObject("Logout/Logout_dropdown"), 10, CONTINUE_ON_FAILURE)

2019-02-19 09:12:14 - [TEST_STEP][NOT_RUN] - click(findTestObject("Logout/Logout_dropdown")): NOT_RUN: click(findTestObject("Logout/Logout_dropdown"))

2019-02-19 09:12:14 - [MESSAGE][NOT_RUN] - NOT_RUN: click(findTestObject("Logout/Logout_dropdown"))

2019-02-19 09:12:14 - [TEST_STEP][NOT_RUN] - verifyElementPresent(findTestObject("Logout/a_Logout"), 10, CONTINUE_ON_FAILURE): NOT_RUN: verifyElementPresent(findTestObject("Logout/a_Logout"), 10, CONTINUE_ON_FAILURE)

2019-02-19 09:12:14 - [MESSAGE][NOT_RUN] - NOT_RUN: verifyElementPresent(findTestObject("Logout/a_Logout"), 10, CONTINUE_ON_FAILURE)

2019-02-19 09:12:14 - [TEST_STEP][NOT_RUN] - click(findTestObject("Logout/a_Logout")): NOT_RUN: click(findTestObject("Logout/a_Logout"))

2019-02-19 09:12:14 - [MESSAGE][NOT_RUN] - NOT_RUN: click(findTestObject("Logout/a_Logout"))

2019-02-19 09:12:14 - [TEST_STEP][NOT_RUN] - closeBrowser(): NOT_RUN: closeBrowser()

2019-02-19 09:12:14 - [MESSAGE][NOT_RUN] - NOT_RUN: closeBrowser()

2019-02-19 09:12:14 - [TEST_STEP][NOT_RUN] - toolkit.MySql.connectDB("CERRSQL2UTIL.aspnc.local", "ImplementationToolkit ", "4413", "ImpToolkit", "0E47iz93"): NOT_RUN: toolkit.MySql.connectDB("CERRSQL2UTIL.aspnc.local", "ImplementationToolkit ", "4413", "ImpToolkit", "0E47iz93")

2019-02-19 09:12:14 - [MESSAGE][NOT_RUN] - NOT_RUN: toolkit.MySql.connectDB("CERRSQL2UTIL.aspnc.local", "ImplementationToolkit ", "4413", "ImpToolkit", "0E47iz93")

2019-02-19 09:12:14 - [TEST_STEP][NOT_RUN] - Data = toolkit.MySql.executeQuery("select id from AspNetUsers where Email='purmanand.roopnah@sdworx.com';"): NOT_RUN: Data = toolkit.MySql.executeQuery("select id from AspNetUsers where Email='purmanand.roopnah@sdworx.com';")

2019-02-19 09:12:14 - [MESSAGE][NOT_RUN] - NOT_RUN: Data = toolkit.MySql.executeQuery("select id from AspNetUsers where Email='purmanand.roopnah@sdworx.com';")

2019-02-19 09:12:14 - [TEST_STEP][NOT_RUN] - PrintLn("Data"): NOT_RUN: PrintLn("Data")

2019-02-19 09:12:14 - [MESSAGE][NOT_RUN] - NOT_RUN: PrintLn("Data")

2019-02-19 09:12:14 - [MESSAGE][PASSED] - Call Test Case 'Test Cases/Smoke Test/ValidLogin' successfully

2019-02-19 09:12:14 - [TEST_STEP][PASSED] - callTestCase(findTestCase("Navigations/Navigation - Pay Element Groups"), [:], CONTINUE_ON_FAILURE): Call Test Case 'Test Cases/Navigations/Navigation - Pay Element Groups' successfully

2019-02-19 09:12:14 - [TEST_CASE][PASSED] - Test Cases/Navigations/Navigation - Pay Element Groups: Test Cases/Navigations/Navigation - Pay Element Groups

2019-02-19 09:12:15 - [TEST_STEP][PASSED] - click(findTestObject("Navigations/Navigation - Pay Element Groups/span_Reconciliation")): Object: 'Object Repository/Navigations/Navigation - Pay Element Groups/span_Reconciliation' is clicked on

2019-02-19 09:12:18 - [MESSAGE][PASSED] - Object: 'Object Repository/Navigations/Navigation - Pay Element Groups/span_Reconciliation' is clicked on

2019-02-19 09:12:18 - [TEST_STEP][PASSED] - waitForPageLoad(30): Wait for page load successfully

2019-02-19 09:12:18 - [MESSAGE][PASSED] - Wait for page load successfully

2019-02-19 09:12:18 - [TEST_STEP][PASSED] - click(findTestObject("Navigations/Navigation - Pay Element Groups/a_Add Pay Element Group")): Object: 'Object Repository/Navigations/Navigation - Pay Element Groups/a_Add Pay Element Group' is clicked on

2019-02-19 09:12:35 - [MESSAGE][PASSED] - Object: 'Object Repository/Navigations/Navigation - Pay Element Groups/a_Add Pay Element Group' is clicked on

2019-02-19 09:12:35 - [TEST_STEP][PASSED] - verifyElementPresent(findTestObject("Navigations/Navigation - Pay Element Groups/a_Add Pay Element Group"), 0): Object 'Object Repository/Navigations/Navigation - Pay Element Groups/a_Add Pay Element Group' is present

2019-02-19 09:12:35 - [MESSAGE][WARNING] - Timeout '0' is invalid. Using default page load timeout: '30'

2019-02-19 09:12:35 - [MESSAGE][PASSED] - Object 'Object Repository/Navigations/Navigation - Pay Element Groups/a_Add Pay Element Group' is present

2019-02-19 09:12:35 - [TEST_STEP][PASSED] - doubleClick(findTestObject("Navigations/Navigation - Pay Element Groups/Search")): Object: 'Object Repository/Navigations/Navigation - Pay Element Groups/Search' is double clicked on

2019-02-19 09:12:35 - [MESSAGE][PASSED] - Object: 'Object Repository/Navigations/Navigation - Pay Element Groups/Search' is double clicked on

2019-02-19 09:12:35 - [TEST_STEP][PASSED] - verifyTextPresent("Pay Element Groups", false): Text 'Pay Element Groups' is present on page 

2019-02-19 09:12:35 - [MESSAGE][PASSED] - Text 'Pay Element Groups' is present on page 

2019-02-19 09:12:35 - [MESSAGE][PASSED] - Call Test Case 'Test Cases/Navigations/Navigation - Pay Element Groups' successfully

2019-02-19 09:12:35 - [TEST_STEP][PASSED] - callTestCase(findTestCase("Navigations/Navigation - SDWorx Allowance Mapping"), [:], CONTINUE_ON_FAILURE): Call Test Case 'Test Cases/Navigations/Navigation - SDWorx Allowance Mapping' successfully

2019-02-19 09:12:35 - [TEST_CASE][PASSED] - Test Cases/Navigations/Navigation - SDWorx Allowance Mapping: Test Cases/Navigations/Navigation - SDWorx Allowance Mapping

2019-02-19 09:12:35 - [TEST_STEP][PASSED] - click(findTestObject("Navigations/Navigation - SDWorx Allowance Mapping/label_SDWorx Allowance Mapping")): Object: 'Object Repository/Navigations/Navigation - SDWorx Allowance Mapping/label_SDWorx Allowance Mapping' is clicked on

2019-02-19 09:12:35 - [MESSAGE][PASSED] - Object: 'Object Repository/Navigations/Navigation - SDWorx Allowance Mapping/label_SDWorx Allowance Mapping' is clicked on

2019-02-19 09:12:35 - [TEST_STEP][PASSED] - verifyElementPresent(findTestObject("Navigations/Navigation - SDWorx Allowance Mapping/SearchTextbox"), 0): Object 'Object Repository/Navigations/Navigation - SDWorx Allowance Mapping/SearchTextbox' is present

2019-02-19 09:12:35 - [MESSAGE][WARNING] - Timeout '0' is invalid. Using default page load timeout: '30'

2019-02-19 09:12:35 - [MESSAGE][PASSED] - Object 'Object Repository/Navigations/Navigation - SDWorx Allowance Mapping/SearchTextbox' is present

2019-02-19 09:12:35 - [TEST_STEP][PASSED] - doubleClick(findTestObject("Navigations/Navigation - SDWorx Allowance Mapping/SearchTextbox"), STOP_ON_FAILURE): Object: 'Object Repository/Navigations/Navigation - SDWorx Allowance Mapping/SearchTextbox' is double clicked on

2019-02-19 09:12:35 - [MESSAGE][PASSED] - Object: 'Object Repository/Navigations/Navigation - SDWorx Allowance Mapping/SearchTextbox' is double clicked on

2019-02-19 09:12:35 - [TEST_STEP][PASSED] - verifyTextPresent("SDWorx Allowance Mapping", false): Text 'SDWorx Allowance Mapping' is present on page 

2019-02-19 09:12:35 - [MESSAGE][PASSED] - Text 'SDWorx Allowance Mapping' is present on page 

2019-02-19 09:12:35 - [MESSAGE][PASSED] - Call Test Case 'Test Cases/Navigations/Navigation - SDWorx Allowance Mapping' successfully

2019-02-19 09:12:35 - [TEST_STEP][PASSED] - callTestCase(findTestCase("Navigations/Navigation - SDWorx Deduction Mapping"), [:], CONTINUE_ON_FAILURE): Call Test Case 'Test Cases/Navigations/Navigation - SDWorx Deduction Mapping' successfully

2019-02-19 09:12:35 - [TEST_CASE][PASSED] - Test Cases/Navigations/Navigation - SDWorx Deduction Mapping: Test Cases/Navigations/Navigation - SDWorx Deduction Mapping

2019-02-19 09:12:36 - [TEST_STEP][PASSED] - click(findTestObject("Navigations/Navigation - SDWorx Deduction Mapping/label_SDWorx Deduction Mapping")): Object: 'Object Repository/Navigations/Navigation - SDWorx Deduction Mapping/label_SDWorx Deduction Mapping' is clicked on

2019-02-19 09:12:36 - [MESSAGE][PASSED] - Object: 'Object Repository/Navigations/Navigation - SDWorx Deduction Mapping/label_SDWorx Deduction Mapping' is clicked on

2019-02-19 09:12:36 - [TEST_STEP][PASSED] - verifyElementPresent(findTestObject("Navigations/Navigation - SDWorx Allowance Mapping/SearchTextbox"), 0): Object 'Object Repository/Navigations/Navigation - SDWorx Allowance Mapping/SearchTextbox' is present

2019-02-19 09:12:36 - [MESSAGE][WARNING] - Timeout '0' is invalid. Using default page load timeout: '30'

2019-02-19 09:12:36 - [MESSAGE][PASSED] - Object 'Object Repository/Navigations/Navigation - SDWorx Allowance Mapping/SearchTextbox' is present

2019-02-19 09:12:36 - [TEST_STEP][PASSED] - doubleClick(findTestObject("Navigations/Navigation - SDWorx Allowance Mapping/SearchTextbox"), STOP_ON_FAILURE): Object: 'Object Repository/Navigations/Navigation - SDWorx Allowance Mapping/SearchTextbox' is double clicked on

2019-02-19 09:12:36 - [MESSAGE][PASSED] - Object: 'Object Repository/Navigations/Navigation - SDWorx Allowance Mapping/SearchTextbox' is double clicked on

2019-02-19 09:12:36 - [TEST_STEP][PASSED] - verifyTextPresent("SDWorx Deduction Mapping", false): Text 'SDWorx Deduction Mapping' is present on page 

2019-02-19 09:12:36 - [MESSAGE][PASSED] - Text 'SDWorx Deduction Mapping' is present on page 

2019-02-19 09:12:36 - [MESSAGE][PASSED] - Call Test Case 'Test Cases/Navigations/Navigation - SDWorx Deduction Mapping' successfully

2019-02-19 09:12:36 - [TEST_STEP][PASSED] - callTestCase(findTestCase("Navigations/Navigation - SDWorx Pensions Mapping"), [:], CONTINUE_ON_FAILURE): Call Test Case 'Test Cases/Navigations/Navigation - SDWorx Pensions Mapping' successfully

2019-02-19 09:12:36 - [TEST_CASE][PASSED] - Test Cases/Navigations/Navigation - SDWorx Pensions Mapping: Test Cases/Navigations/Navigation - SDWorx Pensions Mapping

2019-02-19 09:12:36 - [TEST_STEP][PASSED] - click(findTestObject("Navigations/Navigation - SDWorx Pension Mapping/label_SDWorx Pension Mapping")): Object: 'Object Repository/Navigations/Navigation - SDWorx Pension Mapping/label_SDWorx Pension Mapping' is clicked on

2019-02-19 09:12:36 - [MESSAGE][PASSED] - Object: 'Object Repository/Navigations/Navigation - SDWorx Pension Mapping/label_SDWorx Pension Mapping' is clicked on

2019-02-19 09:12:36 - [TEST_STEP][PASSED] - verifyElementPresent(findTestObject("Navigations/Navigation - SDWorx Allowance Mapping/SearchTextbox"), 0): Object 'Object Repository/Navigations/Navigation - SDWorx Allowance Mapping/SearchTextbox' is present

2019-02-19 09:12:36 - [MESSAGE][WARNING] - Timeout '0' is invalid. Using default page load timeout: '30'

2019-02-19 09:12:36 - [MESSAGE][PASSED] - Object 'Object Repository/Navigations/Navigation - SDWorx Allowance Mapping/SearchTextbox' is present

2019-02-19 09:12:36 - [TEST_STEP][PASSED] - doubleClick(findTestObject("Navigations/Navigation - SDWorx Allowance Mapping/SearchTextbox"), STOP_ON_FAILURE): Object: 'Object Repository/Navigations/Navigation - SDWorx Allowance Mapping/SearchTextbox' is double clicked on

2019-02-19 09:12:37 - [MESSAGE][PASSED] - Object: 'Object Repository/Navigations/Navigation - SDWorx Allowance Mapping/SearchTextbox' is double clicked on

2019-02-19 09:12:37 - [TEST_STEP][PASSED] - verifyTextPresent("SDWorx Pension Mapping", false): Text 'SDWorx Pension Mapping' is present on page 

2019-02-19 09:12:37 - [MESSAGE][PASSED] - Text 'SDWorx Pension Mapping' is present on page 

2019-02-19 09:12:37 - [MESSAGE][PASSED] - Call Test Case 'Test Cases/Navigations/Navigation - SDWorx Pensions Mapping' successfully

2019-02-19 09:12:37 - [TEST_STEP][PASSED] - callTestCase(findTestCase("Navigations/Navigation - Client Data Mapping"), [:], CONTINUE_ON_FAILURE): Call Test Case 'Test Cases/Navigations/Navigation - Client Data Mapping' successfully

2019-02-19 09:12:37 - [TEST_CASE][PASSED] - Test Cases/Navigations/Navigation - Client Data Mapping: Test Cases/Navigations/Navigation - Client Data Mapping

2019-02-19 09:12:37 - [TEST_STEP][PASSED] - click(findTestObject("Navigations/Navigation - Client Data Mapping/label_Client Data Mapping")): Object: 'Object Repository/Navigations/Navigation - Client Data Mapping/label_Client Data Mapping' is clicked on

2019-02-19 09:12:37 - [MESSAGE][PASSED] - Object: 'Object Repository/Navigations/Navigation - Client Data Mapping/label_Client Data Mapping' is clicked on

2019-02-19 09:12:37 - [TEST_STEP][PASSED] - verifyElementPresent(findTestObject("Navigations/Navigation - Client Data Mapping/a_Add Client Data Mapping"), 0): Object 'Object Repository/Navigations/Navigation - Client Data Mapping/a_Add Client Data Mapping' is present

2019-02-19 09:12:37 - [MESSAGE][WARNING] - Timeout '0' is invalid. Using default page load timeout: '30'

2019-02-19 09:12:37 - [MESSAGE][PASSED] - Object 'Object Repository/Navigations/Navigation - Client Data Mapping/a_Add Client Data Mapping' is present

2019-02-19 09:12:37 - [TEST_STEP][PASSED] - verifyElementPresent(findTestObject("Navigations/Navigation - SDWorx Allowance Mapping/SearchTextbox"), 0): Object 'Object Repository/Navigations/Navigation - SDWorx Allowance Mapping/SearchTextbox' is present

2019-02-19 09:12:37 - [MESSAGE][WARNING] - Timeout '0' is invalid. Using default page load timeout: '30'

2019-02-19 09:12:37 - [MESSAGE][PASSED] - Object 'Object Repository/Navigations/Navigation - SDWorx Allowance Mapping/SearchTextbox' is present

2019-02-19 09:12:37 - [TEST_STEP][PASSED] - doubleClick(findTestObject("Navigations/Navigation - SDWorx Allowance Mapping/SearchTextbox"), STOP_ON_FAILURE): Object: 'Object Repository/Navigations/Navigation - SDWorx Allowance Mapping/SearchTextbox' is double clicked on

2019-02-19 09:12:37 - [MESSAGE][PASSED] - Object: 'Object Repository/Navigations/Navigation - SDWorx Allowance Mapping/SearchTextbox' is double clicked on

2019-02-19 09:12:37 - [TEST_STEP][PASSED] - verifyTextPresent("Client Data Mapping", false): Text 'Client Data Mapping' is present on page 

2019-02-19 09:12:37 - [MESSAGE][PASSED] - Text 'Client Data Mapping' is present on page 

2019-02-19 09:12:37 - [MESSAGE][PASSED] - Call Test Case 'Test Cases/Navigations/Navigation - Client Data Mapping' successfully]]></system-out>
         <system-err><![CDATA[]]></system-err>
      </testcase>
      <testcase name="Test Cases/Smoke Test/Navigation - Payroll Result Load" classname="Test Cases/Smoke Test/Navigation - Payroll Result Load" status="PASSED">
         <system-out><![CDATA[2019-02-19 09:12:37 - [TEST_CASE][PASSED] - Test Cases/Smoke Test/Navigation - Payroll Result Load: Test Cases/Smoke Test/Navigation - Payroll Result Load

2019-02-19 09:12:38 - [TEST_STEP][PASSED] - callTestCase(findTestCase("Smoke Test/ValidLogin"), [:], STOP_ON_FAILURE): Call Test Case 'Test Cases/Smoke Test/ValidLogin' successfully

2019-02-19 09:12:38 - [TEST_CASE][PASSED] - Test Cases/Smoke Test/ValidLogin: Test Cases/Smoke Test/ValidLogin

2019-02-19 09:12:38 - [TEST_STEP][PASSED] - openBrowser(findTestData("Environment").getValue("URL", 1)): Browser is opened with url: 'https://implementationuat.sdworx.co.uk/'

2019-02-19 09:12:38 - [MESSAGE][WARNING] - A browser is already opened. Closing browser and opening a new one

2019-02-19 09:12:38 - [MESSAGE][INFO] - Starting 'Chrome' driver

2019-02-19 09:12:44 - [MESSAGE][PASSED] - Browser is opened with url: 'https://implementationuat.sdworx.co.uk/'

2019-02-19 09:12:44 - [TEST_STEP][PASSED] - maximizeWindow(): Current window maximized

2019-02-19 09:12:45 - [MESSAGE][PASSED] - Current window maximized

2019-02-19 09:12:45 - [TEST_STEP][PASSED] - navigateToUrl(findTestData("Environment").getValue("URL", 1)): Navigate to 'https://implementationuat.sdworx.co.uk/' successfully

2019-02-19 09:12:46 - [MESSAGE][PASSED] - Navigate to 'https://implementationuat.sdworx.co.uk/' successfully

2019-02-19 09:12:46 - [TEST_STEP][PASSED] - setText(findTestObject("Object Repository/Login/input_Email"), findTestData("Login").getValue("Username", 1)): Text 'purmanand.roopnah@sdworx.com' is set on object 'Object Repository/Login/input_Email'

2019-02-19 09:12:46 - [MESSAGE][PASSED] - Text 'purmanand.roopnah@sdworx.com' is set on object 'Object Repository/Login/input_Email'

2019-02-19 09:12:46 - [TEST_STEP][PASSED] - setText(findTestObject("Object Repository/Login/input_Password"), findTestData("Login").getValue("Password", 1)): Text 'Manish_2505' is set on object 'Object Repository/Login/input_Password'

2019-02-19 09:12:46 - [MESSAGE][PASSED] - Text 'Manish_2505' is set on object 'Object Repository/Login/input_Password'

2019-02-19 09:12:46 - [TEST_STEP][PASSED] - click(findTestObject("Object Repository/Login/input_btn btn-default")): Object: 'Object Repository/Login/input_btn btn-default' is clicked on

2019-02-19 09:12:49 - [MESSAGE][PASSED] - Object: 'Object Repository/Login/input_btn btn-default' is clicked on

2019-02-19 09:12:49 - [TEST_STEP][NOT_RUN] - selectOptionByLabel(findTestObject("Dropdown Lists/Select Organisation/Select Org"), "Panasonic Mauritius", true): NOT_RUN: selectOptionByLabel(findTestObject("Dropdown Lists/Select Organisation/Select Org"), "Panasonic Mauritius", true)

2019-02-19 09:12:49 - [MESSAGE][NOT_RUN] - NOT_RUN: selectOptionByLabel(findTestObject("Dropdown Lists/Select Organisation/Select Org"), "Panasonic Mauritius", true)

2019-02-19 09:12:49 - [TEST_STEP][NOT_RUN] - verifyElementPresent(findTestObject("Logout/Logout_dropdown"), 10, CONTINUE_ON_FAILURE): NOT_RUN: verifyElementPresent(findTestObject("Logout/Logout_dropdown"), 10, CONTINUE_ON_FAILURE)

2019-02-19 09:12:49 - [MESSAGE][NOT_RUN] - NOT_RUN: verifyElementPresent(findTestObject("Logout/Logout_dropdown"), 10, CONTINUE_ON_FAILURE)

2019-02-19 09:12:49 - [TEST_STEP][NOT_RUN] - click(findTestObject("Logout/Logout_dropdown")): NOT_RUN: click(findTestObject("Logout/Logout_dropdown"))

2019-02-19 09:12:49 - [MESSAGE][NOT_RUN] - NOT_RUN: click(findTestObject("Logout/Logout_dropdown"))

2019-02-19 09:12:49 - [TEST_STEP][NOT_RUN] - verifyElementPresent(findTestObject("Logout/a_Logout"), 10, CONTINUE_ON_FAILURE): NOT_RUN: verifyElementPresent(findTestObject("Logout/a_Logout"), 10, CONTINUE_ON_FAILURE)

2019-02-19 09:12:49 - [MESSAGE][NOT_RUN] - NOT_RUN: verifyElementPresent(findTestObject("Logout/a_Logout"), 10, CONTINUE_ON_FAILURE)

2019-02-19 09:12:49 - [TEST_STEP][NOT_RUN] - click(findTestObject("Logout/a_Logout")): NOT_RUN: click(findTestObject("Logout/a_Logout"))

2019-02-19 09:12:49 - [MESSAGE][NOT_RUN] - NOT_RUN: click(findTestObject("Logout/a_Logout"))

2019-02-19 09:12:49 - [TEST_STEP][NOT_RUN] - closeBrowser(): NOT_RUN: closeBrowser()

2019-02-19 09:12:49 - [MESSAGE][NOT_RUN] - NOT_RUN: closeBrowser()

2019-02-19 09:12:49 - [TEST_STEP][NOT_RUN] - toolkit.MySql.connectDB("CERRSQL2UTIL.aspnc.local", "ImplementationToolkit ", "4413", "ImpToolkit", "0E47iz93"): NOT_RUN: toolkit.MySql.connectDB("CERRSQL2UTIL.aspnc.local", "ImplementationToolkit ", "4413", "ImpToolkit", "0E47iz93")

2019-02-19 09:12:49 - [MESSAGE][NOT_RUN] - NOT_RUN: toolkit.MySql.connectDB("CERRSQL2UTIL.aspnc.local", "ImplementationToolkit ", "4413", "ImpToolkit", "0E47iz93")

2019-02-19 09:12:49 - [TEST_STEP][NOT_RUN] - Data = toolkit.MySql.executeQuery("select id from AspNetUsers where Email='purmanand.roopnah@sdworx.com';"): NOT_RUN: Data = toolkit.MySql.executeQuery("select id from AspNetUsers where Email='purmanand.roopnah@sdworx.com';")

2019-02-19 09:12:49 - [MESSAGE][NOT_RUN] - NOT_RUN: Data = toolkit.MySql.executeQuery("select id from AspNetUsers where Email='purmanand.roopnah@sdworx.com';")

2019-02-19 09:12:49 - [TEST_STEP][NOT_RUN] - PrintLn("Data"): NOT_RUN: PrintLn("Data")

2019-02-19 09:12:49 - [MESSAGE][NOT_RUN] - NOT_RUN: PrintLn("Data")

2019-02-19 09:12:49 - [MESSAGE][PASSED] - Call Test Case 'Test Cases/Smoke Test/ValidLogin' successfully

2019-02-19 09:12:49 - [TEST_STEP][PASSED] - delay(5): Delayed 5 second(s)

2019-02-19 09:12:54 - [MESSAGE][PASSED] - Delayed 5 second(s)

2019-02-19 09:12:54 - [TEST_STEP][PASSED] - click(findTestObject("Navigations/Navigation - Payrun Comparison/span_Reconciliation")): Object: 'Object Repository/Navigations/Navigation - Payrun Comparison/span_Reconciliation' is clicked on

2019-02-19 09:12:59 - [MESSAGE][PASSED] - Object: 'Object Repository/Navigations/Navigation - Payrun Comparison/span_Reconciliation' is clicked on

2019-02-19 09:12:59 - [TEST_STEP][PASSED] - delay(20): Delayed 20 second(s)

2019-02-19 09:13:19 - [MESSAGE][PASSED] - Delayed 20 second(s)

2019-02-19 09:13:19 - [TEST_STEP][PASSED] - callTestCase(findTestCase("Navigations/Navigation - Client Payroll Results"), [:], CONTINUE_ON_FAILURE): Call Test Case 'Test Cases/Navigations/Navigation - Client Payroll Results' successfully

2019-02-19 09:13:19 - [TEST_CASE][PASSED] - Test Cases/Navigations/Navigation - Client Payroll Results: Test Cases/Navigations/Navigation - Client Payroll Results

2019-02-19 09:13:19 - [TEST_STEP][PASSED] - click(findTestObject("Navigations/Navigation - Client Payroll Results/li_Payroll Result Load")): Object: 'Object Repository/Navigations/Navigation - Client Payroll Results/li_Payroll Result Load' is clicked on

2019-02-19 09:13:19 - [MESSAGE][PASSED] - Object: 'Object Repository/Navigations/Navigation - Client Payroll Results/li_Payroll Result Load' is clicked on

2019-02-19 09:13:19 - [TEST_STEP][PASSED] - delay(5): Delayed 5 second(s)

2019-02-19 09:13:24 - [MESSAGE][PASSED] - Delayed 5 second(s)

2019-02-19 09:13:24 - [TEST_STEP][PASSED] - click(findTestObject("Navigations/Navigation - Client Payroll Results/label_Client Payroll Results")): Object: 'Object Repository/Navigations/Navigation - Client Payroll Results/label_Client Payroll Results' is clicked on

2019-02-19 09:13:24 - [MESSAGE][PASSED] - Object: 'Object Repository/Navigations/Navigation - Client Payroll Results/label_Client Payroll Results' is clicked on

2019-02-19 09:13:24 - [TEST_STEP][PASSED] - verifyTextPresent("Dataload Summary", false): Text 'Dataload Summary' is present on page 

2019-02-19 09:13:24 - [MESSAGE][PASSED] - Text 'Dataload Summary' is present on page 

2019-02-19 09:13:24 - [TEST_STEP][PASSED] - verifyTextPresent("Load New File", false): Text 'Load New File' is present on page 

2019-02-19 09:13:25 - [MESSAGE][PASSED] - Text 'Load New File' is present on page 

2019-02-19 09:13:25 - [TEST_STEP][PASSED] - click(findTestObject("Navigations/Navigation - Client Payroll Results/button_Cancel")): Object: 'Object Repository/Navigations/Navigation - Client Payroll Results/button_Cancel' is clicked on

2019-02-19 09:13:25 - [MESSAGE][PASSED] - Object: 'Object Repository/Navigations/Navigation - Client Payroll Results/button_Cancel' is clicked on

2019-02-19 09:13:25 - [TEST_STEP][PASSED] - verifyTextPresent("Load New File", false): Text 'Load New File' is present on page 

2019-02-19 09:13:25 - [MESSAGE][PASSED] - Text 'Load New File' is present on page 

2019-02-19 09:13:25 - [MESSAGE][PASSED] - Call Test Case 'Test Cases/Navigations/Navigation - Client Payroll Results' successfully

2019-02-19 09:13:25 - [TEST_STEP][PASSED] - callTestCase(findTestCase("Navigations/Navigation - SDWorx Payroll Results"), [:], CONTINUE_ON_FAILURE): Call Test Case 'Test Cases/Navigations/Navigation - SDWorx Payroll Results' successfully

2019-02-19 09:13:25 - [TEST_CASE][PASSED] - Test Cases/Navigations/Navigation - SDWorx Payroll Results: Test Cases/Navigations/Navigation - SDWorx Payroll Results

2019-02-19 09:13:25 - [TEST_STEP][PASSED] - click(findTestObject("Navigations/Navigation - SDWorx Payroll Results/a_Payroll Result Load")): Object: 'Object Repository/Navigations/Navigation - SDWorx Payroll Results/a_Payroll Result Load' is clicked on

2019-02-19 09:13:25 - [MESSAGE][PASSED] - Object: 'Object Repository/Navigations/Navigation - SDWorx Payroll Results/a_Payroll Result Load' is clicked on

2019-02-19 09:13:25 - [TEST_STEP][PASSED] - waitForPageLoad(15): Wait for page load successfully

2019-02-19 09:13:25 - [MESSAGE][PASSED] - Wait for page load successfully

2019-02-19 09:13:25 - [TEST_STEP][PASSED] - click(findTestObject("Navigations/Navigation - SDWorx Payroll Results/label_SDWorx Payroll Results")): Object: 'Object Repository/Navigations/Navigation - SDWorx Payroll Results/label_SDWorx Payroll Results' is clicked on

2019-02-19 09:13:25 - [MESSAGE][PASSED] - Object: 'Object Repository/Navigations/Navigation - SDWorx Payroll Results/label_SDWorx Payroll Results' is clicked on

2019-02-19 09:13:25 - [TEST_STEP][PASSED] - verifyTextPresent("Dataload Summary", false): Text 'Dataload Summary' is present on page 

2019-02-19 09:13:25 - [MESSAGE][PASSED] - Text 'Dataload Summary' is present on page 

2019-02-19 09:13:25 - [TEST_STEP][PASSED] - verifyTextPresent("Load New Payroll Results", false): Text 'Load New Payroll Results' is present on page 

2019-02-19 09:13:25 - [MESSAGE][PASSED] - Text 'Load New Payroll Results' is present on page 

2019-02-19 09:13:25 - [MESSAGE][PASSED] - Call Test Case 'Test Cases/Navigations/Navigation - SDWorx Payroll Results' successfully]]></system-out>
         <system-err><![CDATA[]]></system-err>
      </testcase>
      <testcase name="Test Cases/Smoke Test/Navigation - Reporting" classname="Test Cases/Smoke Test/Navigation - Reporting" status="FAILED">
         <failure type="FAILED" message="Test Cases/Smoke Test/Navigation - Reporting FAILED.
Reason:
com.kms.katalon.core.exception.StepFailedException: Unable to click on object 'Object Repository/Navigations/Navigation - Payrun Comparison/label_Payrun Comparison' (Root cause: org.openqa.selenium.WebDriverException: unknown error: Element &lt;label _ngcontent-c10=&quot;&quot; for=&quot;tab1&quot;>...&lt;/label> is not clickable at point (367, 131). Other element would receive the click: &lt;div _ngcontent-c11=&quot;&quot; class=&quot;loader ng-star-inserted&quot;>...&lt;/div>
  (Session info: chrome=72.0.3626.109)
  (Driver info: chromedriver=2.43.600210 (68dcf5eebde37173d4027fa8635e332711d2874a),platform=Windows NT 10.0.16299 x86_64) (WARNING: The server did not provide any stacktrace information)
Command duration or timeout: 0 milliseconds
Build info: version: '3.7.1', revision: '8a0099a', time: '2017-11-06T21:07:36.161Z'
System info: host: 'PC0871RF', ip: '192.168.97.1', os.name: 'Windows 10', os.arch: 'amd64', os.version: '10.0', java.version: '1.8.0_181'
Driver info: com.kms.katalon.selenium.driver.CChromeDriver
Capabilities {acceptInsecureCerts: false, acceptSslCerts: false, applicationCacheEnabled: false, browserConnectionEnabled: false, browserName: chrome, chrome: {chromedriverVersion: 2.43.600210 (68dcf5eebde371..., userDataDir: C:\Users\SD4665~1.DAN\AppDa...}, cssSelectorsEnabled: true, databaseEnabled: false, goog:chromeOptions: {debuggerAddress: localhost:63720}, handlesAlerts: true, hasTouchScreen: false, javascriptEnabled: true, locationContextEnabled: true, mobileEmulationEnabled: false, nativeEvents: true, networkConnectionEnabled: false, pageLoadStrategy: normal, platform: XP, platformName: XP, rotatable: false, setWindowRect: true, takesHeapSnapshot: true, takesScreenshot: true, unexpectedAlertBehaviour: , unhandledPromptBehavior: , version: 72.0.3626.109, webStorageEnabled: true}
Session ID: bf936eadaa905bd0dc2dec22909adc96)
	at com.kms.katalon.core.keyword.internal.KeywordMain.stepFailed(KeywordMain.groovy:36)
	at com.kms.katalon.core.webui.keyword.internal.WebUIKeywordMain.stepFailed(WebUIKeywordMain.groovy:65)
	at com.kms.katalon.core.webui.keyword.internal.WebUIKeywordMain.runKeyword(WebUIKeywordMain.groovy:27)
	at com.kms.katalon.core.webui.keyword.builtin.ClickKeyword.click(ClickKeyword.groovy:86)
	at com.kms.katalon.core.webui.keyword.builtin.ClickKeyword.execute(ClickKeyword.groovy:67)
	at com.kms.katalon.core.keyword.internal.KeywordExecutor.executeKeywordForPlatform(KeywordExecutor.groovy:53)
	at com.kms.katalon.core.webui.keyword.WebUiBuiltInKeywords.click(WebUiBuiltInKeywords.groovy:616)
	at com.kms.katalon.core.webui.keyword.WebUiBuiltInKeywords$click$3.call(Unknown Source)
	at Navigation - Payrun Comparison.run(Navigation - Payrun Comparison:16)
	at com.kms.katalon.core.main.ScriptEngine.run(ScriptEngine.java:194)
	at com.kms.katalon.core.main.ScriptEngine.runScriptAsRawText(ScriptEngine.java:119)
	at com.kms.katalon.core.main.TestCaseExecutor.runScript(TestCaseExecutor.java:328)
	at com.kms.katalon.core.main.TestCaseExecutor.doExecute(TestCaseExecutor.java:319)
	at com.kms.katalon.core.main.TestCaseExecutor.processExecutionPhase(TestCaseExecutor.java:298)
	at com.kms.katalon.core.main.TestCaseExecutor.accessMainPhase(TestCaseExecutor.java:290)
	at com.kms.katalon.core.main.TestCaseExecutor.execute(TestCaseExecutor.java:224)
	at com.kms.katalon.core.main.TestCaseMain.runTestCase(TestCaseMain.java:106)
	at com.kms.katalon.core.keyword.builtin.CallTestCaseKeyword$_callTestCase_closure1.doCall(CallTestCaseKeyword.groovy:59)
	at com.kms.katalon.core.keyword.builtin.CallTestCaseKeyword$_callTestCase_closure1.call(CallTestCaseKeyword.groovy)
	at com.kms.katalon.core.keyword.internal.KeywordMain.runKeyword(KeywordMain.groovy:54)
	at com.kms.katalon.core.keyword.builtin.CallTestCaseKeyword.callTestCase(CallTestCaseKeyword.groovy:80)
	at com.kms.katalon.core.keyword.builtin.CallTestCaseKeyword.execute(CallTestCaseKeyword.groovy:44)
	at com.kms.katalon.core.keyword.internal.KeywordExecutor.executeKeywordForPlatform(KeywordExecutor.groovy:53)
	at com.kms.katalon.core.keyword.BuiltinKeywords.callTestCase(BuiltinKeywords.groovy:334)
	at Navigation - Reporting.run(Navigation - Reporting:26)
	at com.kms.katalon.core.main.ScriptEngine.run(ScriptEngine.java:194)
	at com.kms.katalon.core.main.ScriptEngine.runScriptAsRawText(ScriptEngine.java:119)
	at com.kms.katalon.core.main.TestCaseExecutor.runScript(TestCaseExecutor.java:328)
	at com.kms.katalon.core.main.TestCaseExecutor.doExecute(TestCaseExecutor.java:319)
	at com.kms.katalon.core.main.TestCaseExecutor.processExecutionPhase(TestCaseExecutor.java:298)
	at com.kms.katalon.core.main.TestCaseExecutor.accessMainPhase(TestCaseExecutor.java:290)
	at com.kms.katalon.core.main.TestCaseExecutor.execute(TestCaseExecutor.java:224)
	at com.kms.katalon.core.main.TestSuiteExecutor.accessTestCaseMainPhase(TestSuiteExecutor.java:129)
	at com.kms.katalon.core.main.TestSuiteExecutor.accessTestSuiteMainPhase(TestSuiteExecutor.java:112)
	at com.kms.katalon.core.main.TestSuiteExecutor.execute(TestSuiteExecutor.java:81)
	at com.kms.katalon.core.main.TestCaseMain.startTestSuite(TestCaseMain.java:149)
	at com.kms.katalon.core.main.TestCaseMain$startTestSuite$0.call(Unknown Source)
	at TempTestSuite1550552648495.run(TempTestSuite1550552648495.groovy:36)
"/>
         <system-out><![CDATA[2019-02-19 09:13:25 - [TEST_CASE][FAILED] - Test Cases/Smoke Test/Navigation - Reporting: Test Cases/Smoke Test/Navigation - Reporting FAILED.
Reason:
com.kms.katalon.core.exception.StepFailedException: Unable to click on object 'Object Repository/Navigations/Navigation - Payrun Comparison/label_Payrun Comparison' (Root cause: org.openqa.selenium.WebDriverException: unknown error: Element <label _ngcontent-c10="" for="tab1">...</label> is not clickable at point (367, 131). Other element would receive the click: <div _ngcontent-c11="" class="loader ng-star-inserted">...</div>
  (Session info: chrome=72.0.3626.109)
  (Driver info: chromedriver=2.43.600210 (68dcf5eebde37173d4027fa8635e332711d2874a),platform=Windows NT 10.0.16299 x86_64) (WARNING: The server did not provide any stacktrace information)
Command duration or timeout: 0 milliseconds
Build info: version: '3.7.1', revision: '8a0099a', time: '2017-11-06T21:07:36.161Z'
System info: host: 'PC0871RF', ip: '192.168.97.1', os.name: 'Windows 10', os.arch: 'amd64', os.version: '10.0', java.version: '1.8.0_181'
Driver info: com.kms.katalon.selenium.driver.CChromeDriver
Capabilities {acceptInsecureCerts: false, acceptSslCerts: false, applicationCacheEnabled: false, browserConnectionEnabled: false, browserName: chrome, chrome: {chromedriverVersion: 2.43.600210 (68dcf5eebde371..., userDataDir: C:\Users\SD4665~1.DAN\AppDa...}, cssSelectorsEnabled: true, databaseEnabled: false, goog:chromeOptions: {debuggerAddress: localhost:63720}, handlesAlerts: true, hasTouchScreen: false, javascriptEnabled: true, locationContextEnabled: true, mobileEmulationEnabled: false, nativeEvents: true, networkConnectionEnabled: false, pageLoadStrategy: normal, platform: XP, platformName: XP, rotatable: false, setWindowRect: true, takesHeapSnapshot: true, takesScreenshot: true, unexpectedAlertBehaviour: , unhandledPromptBehavior: , version: 72.0.3626.109, webStorageEnabled: true}
Session ID: bf936eadaa905bd0dc2dec22909adc96)
	at com.kms.katalon.core.keyword.internal.KeywordMain.stepFailed(KeywordMain.groovy:36)
	at com.kms.katalon.core.webui.keyword.internal.WebUIKeywordMain.stepFailed(WebUIKeywordMain.groovy:65)
	at com.kms.katalon.core.webui.keyword.internal.WebUIKeywordMain.runKeyword(WebUIKeywordMain.groovy:27)
	at com.kms.katalon.core.webui.keyword.builtin.ClickKeyword.click(ClickKeyword.groovy:86)
	at com.kms.katalon.core.webui.keyword.builtin.ClickKeyword.execute(ClickKeyword.groovy:67)
	at com.kms.katalon.core.keyword.internal.KeywordExecutor.executeKeywordForPlatform(KeywordExecutor.groovy:53)
	at com.kms.katalon.core.webui.keyword.WebUiBuiltInKeywords.click(WebUiBuiltInKeywords.groovy:616)
	at com.kms.katalon.core.webui.keyword.WebUiBuiltInKeywords$click$3.call(Unknown Source)
	at Navigation - Payrun Comparison.run(Navigation - Payrun Comparison:16)
	at com.kms.katalon.core.main.ScriptEngine.run(ScriptEngine.java:194)
	at com.kms.katalon.core.main.ScriptEngine.runScriptAsRawText(ScriptEngine.java:119)
	at com.kms.katalon.core.main.TestCaseExecutor.runScript(TestCaseExecutor.java:328)
	at com.kms.katalon.core.main.TestCaseExecutor.doExecute(TestCaseExecutor.java:319)
	at com.kms.katalon.core.main.TestCaseExecutor.processExecutionPhase(TestCaseExecutor.java:298)
	at com.kms.katalon.core.main.TestCaseExecutor.accessMainPhase(TestCaseExecutor.java:290)
	at com.kms.katalon.core.main.TestCaseExecutor.execute(TestCaseExecutor.java:224)
	at com.kms.katalon.core.main.TestCaseMain.runTestCase(TestCaseMain.java:106)
	at com.kms.katalon.core.keyword.builtin.CallTestCaseKeyword$_callTestCase_closure1.doCall(CallTestCaseKeyword.groovy:59)
	at com.kms.katalon.core.keyword.builtin.CallTestCaseKeyword$_callTestCase_closure1.call(CallTestCaseKeyword.groovy)
	at com.kms.katalon.core.keyword.internal.KeywordMain.runKeyword(KeywordMain.groovy:54)
	at com.kms.katalon.core.keyword.builtin.CallTestCaseKeyword.callTestCase(CallTestCaseKeyword.groovy:80)
	at com.kms.katalon.core.keyword.builtin.CallTestCaseKeyword.execute(CallTestCaseKeyword.groovy:44)
	at com.kms.katalon.core.keyword.internal.KeywordExecutor.executeKeywordForPlatform(KeywordExecutor.groovy:53)
	at com.kms.katalon.core.keyword.BuiltinKeywords.callTestCase(BuiltinKeywords.groovy:334)
	at Navigation - Reporting.run(Navigation - Reporting:26)
	at com.kms.katalon.core.main.ScriptEngine.run(ScriptEngine.java:194)
	at com.kms.katalon.core.main.ScriptEngine.runScriptAsRawText(ScriptEngine.java:119)
	at com.kms.katalon.core.main.TestCaseExecutor.runScript(TestCaseExecutor.java:328)
	at com.kms.katalon.core.main.TestCaseExecutor.doExecute(TestCaseExecutor.java:319)
	at com.kms.katalon.core.main.TestCaseExecutor.processExecutionPhase(TestCaseExecutor.java:298)
	at com.kms.katalon.core.main.TestCaseExecutor.accessMainPhase(TestCaseExecutor.java:290)
	at com.kms.katalon.core.main.TestCaseExecutor.execute(TestCaseExecutor.java:224)
	at com.kms.katalon.core.main.TestSuiteExecutor.accessTestCaseMainPhase(TestSuiteExecutor.java:129)
	at com.kms.katalon.core.main.TestSuiteExecutor.accessTestSuiteMainPhase(TestSuiteExecutor.java:112)
	at com.kms.katalon.core.main.TestSuiteExecutor.execute(TestSuiteExecutor.java:81)
	at com.kms.katalon.core.main.TestCaseMain.startTestSuite(TestCaseMain.java:149)
	at com.kms.katalon.core.main.TestCaseMain$startTestSuite$0.call(Unknown Source)
	at TempTestSuite1550552648495.run(TempTestSuite1550552648495.groovy:36)


2019-02-19 09:13:26 - [TEST_STEP][PASSED] - callTestCase(findTestCase("Smoke Test/ValidLogin"), [:], STOP_ON_FAILURE): Call Test Case 'Test Cases/Smoke Test/ValidLogin' successfully

2019-02-19 09:13:26 - [TEST_CASE][PASSED] - Test Cases/Smoke Test/ValidLogin: Test Cases/Smoke Test/ValidLogin

2019-02-19 09:13:26 - [TEST_STEP][PASSED] - openBrowser(findTestData("Environment").getValue("URL", 1)): Browser is opened with url: 'https://implementationuat.sdworx.co.uk/'

2019-02-19 09:13:26 - [MESSAGE][WARNING] - A browser is already opened. Closing browser and opening a new one

2019-02-19 09:13:26 - [MESSAGE][INFO] - Starting 'Chrome' driver

2019-02-19 09:13:32 - [MESSAGE][PASSED] - Browser is opened with url: 'https://implementationuat.sdworx.co.uk/'

2019-02-19 09:13:32 - [TEST_STEP][PASSED] - maximizeWindow(): Current window maximized

2019-02-19 09:13:33 - [MESSAGE][PASSED] - Current window maximized

2019-02-19 09:13:33 - [TEST_STEP][PASSED] - navigateToUrl(findTestData("Environment").getValue("URL", 1)): Navigate to 'https://implementationuat.sdworx.co.uk/' successfully

2019-02-19 09:13:34 - [MESSAGE][PASSED] - Navigate to 'https://implementationuat.sdworx.co.uk/' successfully

2019-02-19 09:13:34 - [TEST_STEP][PASSED] - setText(findTestObject("Object Repository/Login/input_Email"), findTestData("Login").getValue("Username", 1)): Text 'purmanand.roopnah@sdworx.com' is set on object 'Object Repository/Login/input_Email'

2019-02-19 09:13:34 - [MESSAGE][PASSED] - Text 'purmanand.roopnah@sdworx.com' is set on object 'Object Repository/Login/input_Email'

2019-02-19 09:13:34 - [TEST_STEP][PASSED] - setText(findTestObject("Object Repository/Login/input_Password"), findTestData("Login").getValue("Password", 1)): Text 'Manish_2505' is set on object 'Object Repository/Login/input_Password'

2019-02-19 09:13:34 - [MESSAGE][PASSED] - Text 'Manish_2505' is set on object 'Object Repository/Login/input_Password'

2019-02-19 09:13:34 - [TEST_STEP][PASSED] - click(findTestObject("Object Repository/Login/input_btn btn-default")): Object: 'Object Repository/Login/input_btn btn-default' is clicked on

2019-02-19 09:13:37 - [MESSAGE][PASSED] - Object: 'Object Repository/Login/input_btn btn-default' is clicked on

2019-02-19 09:13:37 - [TEST_STEP][NOT_RUN] - selectOptionByLabel(findTestObject("Dropdown Lists/Select Organisation/Select Org"), "Panasonic Mauritius", true): NOT_RUN: selectOptionByLabel(findTestObject("Dropdown Lists/Select Organisation/Select Org"), "Panasonic Mauritius", true)

2019-02-19 09:13:37 - [MESSAGE][NOT_RUN] - NOT_RUN: selectOptionByLabel(findTestObject("Dropdown Lists/Select Organisation/Select Org"), "Panasonic Mauritius", true)

2019-02-19 09:13:37 - [TEST_STEP][NOT_RUN] - verifyElementPresent(findTestObject("Logout/Logout_dropdown"), 10, CONTINUE_ON_FAILURE): NOT_RUN: verifyElementPresent(findTestObject("Logout/Logout_dropdown"), 10, CONTINUE_ON_FAILURE)

2019-02-19 09:13:37 - [MESSAGE][NOT_RUN] - NOT_RUN: verifyElementPresent(findTestObject("Logout/Logout_dropdown"), 10, CONTINUE_ON_FAILURE)

2019-02-19 09:13:37 - [TEST_STEP][NOT_RUN] - click(findTestObject("Logout/Logout_dropdown")): NOT_RUN: click(findTestObject("Logout/Logout_dropdown"))

2019-02-19 09:13:37 - [MESSAGE][NOT_RUN] - NOT_RUN: click(findTestObject("Logout/Logout_dropdown"))

2019-02-19 09:13:37 - [TEST_STEP][NOT_RUN] - verifyElementPresent(findTestObject("Logout/a_Logout"), 10, CONTINUE_ON_FAILURE): NOT_RUN: verifyElementPresent(findTestObject("Logout/a_Logout"), 10, CONTINUE_ON_FAILURE)

2019-02-19 09:13:37 - [MESSAGE][NOT_RUN] - NOT_RUN: verifyElementPresent(findTestObject("Logout/a_Logout"), 10, CONTINUE_ON_FAILURE)

2019-02-19 09:13:37 - [TEST_STEP][NOT_RUN] - click(findTestObject("Logout/a_Logout")): NOT_RUN: click(findTestObject("Logout/a_Logout"))

2019-02-19 09:13:37 - [MESSAGE][NOT_RUN] - NOT_RUN: click(findTestObject("Logout/a_Logout"))

2019-02-19 09:13:37 - [TEST_STEP][NOT_RUN] - closeBrowser(): NOT_RUN: closeBrowser()

2019-02-19 09:13:37 - [MESSAGE][NOT_RUN] - NOT_RUN: closeBrowser()

2019-02-19 09:13:37 - [TEST_STEP][NOT_RUN] - toolkit.MySql.connectDB("CERRSQL2UTIL.aspnc.local", "ImplementationToolkit ", "4413", "ImpToolkit", "0E47iz93"): NOT_RUN: toolkit.MySql.connectDB("CERRSQL2UTIL.aspnc.local", "ImplementationToolkit ", "4413", "ImpToolkit", "0E47iz93")

2019-02-19 09:13:37 - [MESSAGE][NOT_RUN] - NOT_RUN: toolkit.MySql.connectDB("CERRSQL2UTIL.aspnc.local", "ImplementationToolkit ", "4413", "ImpToolkit", "0E47iz93")

2019-02-19 09:13:37 - [TEST_STEP][NOT_RUN] - Data = toolkit.MySql.executeQuery("select id from AspNetUsers where Email='purmanand.roopnah@sdworx.com';"): NOT_RUN: Data = toolkit.MySql.executeQuery("select id from AspNetUsers where Email='purmanand.roopnah@sdworx.com';")

2019-02-19 09:13:37 - [MESSAGE][NOT_RUN] - NOT_RUN: Data = toolkit.MySql.executeQuery("select id from AspNetUsers where Email='purmanand.roopnah@sdworx.com';")

2019-02-19 09:13:37 - [TEST_STEP][NOT_RUN] - PrintLn("Data"): NOT_RUN: PrintLn("Data")

2019-02-19 09:13:37 - [MESSAGE][NOT_RUN] - NOT_RUN: PrintLn("Data")

2019-02-19 09:13:37 - [MESSAGE][PASSED] - Call Test Case 'Test Cases/Smoke Test/ValidLogin' successfully

2019-02-19 09:13:37 - [TEST_STEP][PASSED] - delay(5): Delayed 5 second(s)

2019-02-19 09:13:42 - [MESSAGE][PASSED] - Delayed 5 second(s)

2019-02-19 09:13:42 - [TEST_STEP][PASSED] - click(findTestObject("Navigations/Navigation - Payrun Comparison/span_Reconciliation")): Object: 'Object Repository/Navigations/Navigation - Payrun Comparison/span_Reconciliation' is clicked on

2019-02-19 09:13:47 - [MESSAGE][PASSED] - Object: 'Object Repository/Navigations/Navigation - Payrun Comparison/span_Reconciliation' is clicked on

2019-02-19 09:13:47 - [TEST_STEP][PASSED] - delay(20): Delayed 20 second(s)

2019-02-19 09:14:07 - [MESSAGE][PASSED] - Delayed 20 second(s)

2019-02-19 09:14:07 - [TEST_STEP][PASSED] - click(findTestObject("Navigations/Navigation - Payrun Comparison/a_Reporting")): Object: 'Object Repository/Navigations/Navigation - Payrun Comparison/a_Reporting' is clicked on

2019-02-19 09:14:07 - [MESSAGE][PASSED] - Object: 'Object Repository/Navigations/Navigation - Payrun Comparison/a_Reporting' is clicked on

2019-02-19 09:14:07 - [TEST_STEP][FAILED] - callTestCase(findTestCase("Navigations/Navigation - Payrun Comparison"), [:], STOP_ON_FAILURE): callTestCase(findTestCase("Navigations/Navigation - Payrun Comparison"), [:], STOP_ON_FAILURE) FAILED.
Reason:
com.kms.katalon.core.exception.StepFailedException: Unable to click on object 'Object Repository/Navigations/Navigation - Payrun Comparison/label_Payrun Comparison' (Root cause: org.openqa.selenium.WebDriverException: unknown error: Element <label _ngcontent-c10="" for="tab1">...</label> is not clickable at point (367, 131). Other element would receive the click: <div _ngcontent-c11="" class="loader ng-star-inserted">...</div>
  (Session info: chrome=72.0.3626.109)
  (Driver info: chromedriver=2.43.600210 (68dcf5eebde37173d4027fa8635e332711d2874a),platform=Windows NT 10.0.16299 x86_64) (WARNING: The server did not provide any stacktrace information)
Command duration or timeout: 0 milliseconds
Build info: version: '3.7.1', revision: '8a0099a', time: '2017-11-06T21:07:36.161Z'
System info: host: 'PC0871RF', ip: '192.168.97.1', os.name: 'Windows 10', os.arch: 'amd64', os.version: '10.0', java.version: '1.8.0_181'
Driver info: com.kms.katalon.selenium.driver.CChromeDriver
Capabilities {acceptInsecureCerts: false, acceptSslCerts: false, applicationCacheEnabled: false, browserConnectionEnabled: false, browserName: chrome, chrome: {chromedriverVersion: 2.43.600210 (68dcf5eebde371..., userDataDir: C:\Users\SD4665~1.DAN\AppDa...}, cssSelectorsEnabled: true, databaseEnabled: false, goog:chromeOptions: {debuggerAddress: localhost:63720}, handlesAlerts: true, hasTouchScreen: false, javascriptEnabled: true, locationContextEnabled: true, mobileEmulationEnabled: false, nativeEvents: true, networkConnectionEnabled: false, pageLoadStrategy: normal, platform: XP, platformName: XP, rotatable: false, setWindowRect: true, takesHeapSnapshot: true, takesScreenshot: true, unexpectedAlertBehaviour: , unhandledPromptBehavior: , version: 72.0.3626.109, webStorageEnabled: true}
Session ID: bf936eadaa905bd0dc2dec22909adc96)
	at com.kms.katalon.core.keyword.internal.KeywordMain.stepFailed(KeywordMain.groovy:36)
	at com.kms.katalon.core.webui.keyword.internal.WebUIKeywordMain.stepFailed(WebUIKeywordMain.groovy:65)
	at com.kms.katalon.core.webui.keyword.internal.WebUIKeywordMain.runKeyword(WebUIKeywordMain.groovy:27)
	at com.kms.katalon.core.webui.keyword.builtin.ClickKeyword.click(ClickKeyword.groovy:86)
	at com.kms.katalon.core.webui.keyword.builtin.ClickKeyword.execute(ClickKeyword.groovy:67)
	at com.kms.katalon.core.keyword.internal.KeywordExecutor.executeKeywordForPlatform(KeywordExecutor.groovy:53)
	at com.kms.katalon.core.webui.keyword.WebUiBuiltInKeywords.click(WebUiBuiltInKeywords.groovy:616)
	at com.kms.katalon.core.webui.keyword.WebUiBuiltInKeywords$click$3.call(Unknown Source)
	at Navigation - Payrun Comparison.run(Navigation - Payrun Comparison:16)
	at com.kms.katalon.core.main.ScriptEngine.run(ScriptEngine.java:194)
	at com.kms.katalon.core.main.ScriptEngine.runScriptAsRawText(ScriptEngine.java:119)
	at com.kms.katalon.core.main.TestCaseExecutor.runScript(TestCaseExecutor.java:328)
	at com.kms.katalon.core.main.TestCaseExecutor.doExecute(TestCaseExecutor.java:319)
	at com.kms.katalon.core.main.TestCaseExecutor.processExecutionPhase(TestCaseExecutor.java:298)
	at com.kms.katalon.core.main.TestCaseExecutor.accessMainPhase(TestCaseExecutor.java:290)
	at com.kms.katalon.core.main.TestCaseExecutor.execute(TestCaseExecutor.java:224)
	at com.kms.katalon.core.main.TestCaseMain.runTestCase(TestCaseMain.java:106)
	at com.kms.katalon.core.keyword.builtin.CallTestCaseKeyword$_callTestCase_closure1.doCall(CallTestCaseKeyword.groovy:59)
	at com.kms.katalon.core.keyword.builtin.CallTestCaseKeyword$_callTestCase_closure1.call(CallTestCaseKeyword.groovy)
	at com.kms.katalon.core.keyword.internal.KeywordMain.runKeyword(KeywordMain.groovy:54)
	at com.kms.katalon.core.keyword.builtin.CallTestCaseKeyword.callTestCase(CallTestCaseKeyword.groovy:80)
	at com.kms.katalon.core.keyword.builtin.CallTestCaseKeyword.execute(CallTestCaseKeyword.groovy:44)
	at com.kms.katalon.core.keyword.internal.KeywordExecutor.executeKeywordForPlatform(KeywordExecutor.groovy:53)
	at com.kms.katalon.core.keyword.BuiltinKeywords.callTestCase(BuiltinKeywords.groovy:334)
	at Navigation - Reporting.run(Navigation - Reporting:26)
	at com.kms.katalon.core.main.ScriptEngine.run(ScriptEngine.java:194)
	at com.kms.katalon.core.main.ScriptEngine.runScriptAsRawText(ScriptEngine.java:119)
	at com.kms.katalon.core.main.TestCaseExecutor.runScript(TestCaseExecutor.java:328)
	at com.kms.katalon.core.main.TestCaseExecutor.doExecute(TestCaseExecutor.java:319)
	at com.kms.katalon.core.main.TestCaseExecutor.processExecutionPhase(TestCaseExecutor.java:298)
	at com.kms.katalon.core.main.TestCaseExecutor.accessMainPhase(TestCaseExecutor.java:290)
	at com.kms.katalon.core.main.TestCaseExecutor.execute(TestCaseExecutor.java:224)
	at com.kms.katalon.core.main.TestSuiteExecutor.accessTestCaseMainPhase(TestSuiteExecutor.java:129)
	at com.kms.katalon.core.main.TestSuiteExecutor.accessTestSuiteMainPhase(TestSuiteExecutor.java:112)
	at com.kms.katalon.core.main.TestSuiteExecutor.execute(TestSuiteExecutor.java:81)
	at com.kms.katalon.core.main.TestCaseMain.startTestSuite(TestCaseMain.java:149)
	at com.kms.katalon.core.main.TestCaseMain$startTestSuite$0.call(Unknown Source)
	at TempTestSuite1550552648495.run(TempTestSuite1550552648495.groovy:36)


2019-02-19 09:14:07 - [TEST_CASE][FAILED] - Test Cases/Navigations/Navigation - Payrun Comparison: Test Cases/Navigations/Navigation - Payrun Comparison FAILED.
Reason:
com.kms.katalon.core.exception.StepFailedException: Unable to click on object 'Object Repository/Navigations/Navigation - Payrun Comparison/label_Payrun Comparison' (Root cause: org.openqa.selenium.WebDriverException: unknown error: Element <label _ngcontent-c10="" for="tab1">...</label> is not clickable at point (367, 131). Other element would receive the click: <div _ngcontent-c11="" class="loader ng-star-inserted">...</div>
  (Session info: chrome=72.0.3626.109)
  (Driver info: chromedriver=2.43.600210 (68dcf5eebde37173d4027fa8635e332711d2874a),platform=Windows NT 10.0.16299 x86_64) (WARNING: The server did not provide any stacktrace information)
Command duration or timeout: 0 milliseconds
Build info: version: '3.7.1', revision: '8a0099a', time: '2017-11-06T21:07:36.161Z'
System info: host: 'PC0871RF', ip: '192.168.97.1', os.name: 'Windows 10', os.arch: 'amd64', os.version: '10.0', java.version: '1.8.0_181'
Driver info: com.kms.katalon.selenium.driver.CChromeDriver
Capabilities {acceptInsecureCerts: false, acceptSslCerts: false, applicationCacheEnabled: false, browserConnectionEnabled: false, browserName: chrome, chrome: {chromedriverVersion: 2.43.600210 (68dcf5eebde371..., userDataDir: C:\Users\SD4665~1.DAN\AppDa...}, cssSelectorsEnabled: true, databaseEnabled: false, goog:chromeOptions: {debuggerAddress: localhost:63720}, handlesAlerts: true, hasTouchScreen: false, javascriptEnabled: true, locationContextEnabled: true, mobileEmulationEnabled: false, nativeEvents: true, networkConnectionEnabled: false, pageLoadStrategy: normal, platform: XP, platformName: XP, rotatable: false, setWindowRect: true, takesHeapSnapshot: true, takesScreenshot: true, unexpectedAlertBehaviour: , unhandledPromptBehavior: , version: 72.0.3626.109, webStorageEnabled: true}
Session ID: bf936eadaa905bd0dc2dec22909adc96)
	at com.kms.katalon.core.keyword.internal.KeywordMain.stepFailed(KeywordMain.groovy:36)
	at com.kms.katalon.core.webui.keyword.internal.WebUIKeywordMain.stepFailed(WebUIKeywordMain.groovy:65)
	at com.kms.katalon.core.webui.keyword.internal.WebUIKeywordMain.runKeyword(WebUIKeywordMain.groovy:27)
	at com.kms.katalon.core.webui.keyword.builtin.ClickKeyword.click(ClickKeyword.groovy:86)
	at com.kms.katalon.core.webui.keyword.builtin.ClickKeyword.execute(ClickKeyword.groovy:67)
	at com.kms.katalon.core.keyword.internal.KeywordExecutor.executeKeywordForPlatform(KeywordExecutor.groovy:53)
	at com.kms.katalon.core.webui.keyword.WebUiBuiltInKeywords.click(WebUiBuiltInKeywords.groovy:616)
	at com.kms.katalon.core.webui.keyword.WebUiBuiltInKeywords$click$3.call(Unknown Source)
	at Navigation - Payrun Comparison.run(Navigation - Payrun Comparison:16)
	at com.kms.katalon.core.main.ScriptEngine.run(ScriptEngine.java:194)
	at com.kms.katalon.core.main.ScriptEngine.runScriptAsRawText(ScriptEngine.java:119)
	at com.kms.katalon.core.main.TestCaseExecutor.runScript(TestCaseExecutor.java:328)
	at com.kms.katalon.core.main.TestCaseExecutor.doExecute(TestCaseExecutor.java:319)
	at com.kms.katalon.core.main.TestCaseExecutor.processExecutionPhase(TestCaseExecutor.java:298)
	at com.kms.katalon.core.main.TestCaseExecutor.accessMainPhase(TestCaseExecutor.java:290)
	at com.kms.katalon.core.main.TestCaseExecutor.execute(TestCaseExecutor.java:224)
	at com.kms.katalon.core.main.TestCaseMain.runTestCase(TestCaseMain.java:106)
	at com.kms.katalon.core.keyword.builtin.CallTestCaseKeyword$_callTestCase_closure1.doCall(CallTestCaseKeyword.groovy:59)
	at com.kms.katalon.core.keyword.builtin.CallTestCaseKeyword$_callTestCase_closure1.call(CallTestCaseKeyword.groovy)
	at com.kms.katalon.core.keyword.internal.KeywordMain.runKeyword(KeywordMain.groovy:54)
	at com.kms.katalon.core.keyword.builtin.CallTestCaseKeyword.callTestCase(CallTestCaseKeyword.groovy:80)
	at com.kms.katalon.core.keyword.builtin.CallTestCaseKeyword.execute(CallTestCaseKeyword.groovy:44)
	at com.kms.katalon.core.keyword.internal.KeywordExecutor.executeKeywordForPlatform(KeywordExecutor.groovy:53)
	at com.kms.katalon.core.keyword.BuiltinKeywords.callTestCase(BuiltinKeywords.groovy:334)
	at Navigation - Reporting.run(Navigation - Reporting:26)
	at com.kms.katalon.core.main.ScriptEngine.run(ScriptEngine.java:194)
	at com.kms.katalon.core.main.ScriptEngine.runScriptAsRawText(ScriptEngine.java:119)
	at com.kms.katalon.core.main.TestCaseExecutor.runScript(TestCaseExecutor.java:328)
	at com.kms.katalon.core.main.TestCaseExecutor.doExecute(TestCaseExecutor.java:319)
	at com.kms.katalon.core.main.TestCaseExecutor.processExecutionPhase(TestCaseExecutor.java:298)
	at com.kms.katalon.core.main.TestCaseExecutor.accessMainPhase(TestCaseExecutor.java:290)
	at com.kms.katalon.core.main.TestCaseExecutor.execute(TestCaseExecutor.java:224)
	at com.kms.katalon.core.main.TestSuiteExecutor.accessTestCaseMainPhase(TestSuiteExecutor.java:129)
	at com.kms.katalon.core.main.TestSuiteExecutor.accessTestSuiteMainPhase(TestSuiteExecutor.java:112)
	at com.kms.katalon.core.main.TestSuiteExecutor.execute(TestSuiteExecutor.java:81)
	at com.kms.katalon.core.main.TestCaseMain.startTestSuite(TestCaseMain.java:149)
	at com.kms.katalon.core.main.TestCaseMain$startTestSuite$0.call(Unknown Source)
	at TempTestSuite1550552648495.run(TempTestSuite1550552648495.groovy:36)


2019-02-19 09:14:07 - [TEST_STEP][FAILED] - click(findTestObject("Navigations/Navigation - Payrun Comparison/label_Payrun Comparison")): click(findTestObject("Navigations/Navigation - Payrun Comparison/label_Payrun Comparison")) FAILED.
Reason:
com.kms.katalon.core.exception.StepFailedException: Unable to click on object 'Object Repository/Navigations/Navigation - Payrun Comparison/label_Payrun Comparison' (Root cause: org.openqa.selenium.WebDriverException: unknown error: Element <label _ngcontent-c10="" for="tab1">...</label> is not clickable at point (367, 131). Other element would receive the click: <div _ngcontent-c11="" class="loader ng-star-inserted">...</div>
  (Session info: chrome=72.0.3626.109)
  (Driver info: chromedriver=2.43.600210 (68dcf5eebde37173d4027fa8635e332711d2874a),platform=Windows NT 10.0.16299 x86_64) (WARNING: The server did not provide any stacktrace information)
Command duration or timeout: 0 milliseconds
Build info: version: '3.7.1', revision: '8a0099a', time: '2017-11-06T21:07:36.161Z'
System info: host: 'PC0871RF', ip: '192.168.97.1', os.name: 'Windows 10', os.arch: 'amd64', os.version: '10.0', java.version: '1.8.0_181'
Driver info: com.kms.katalon.selenium.driver.CChromeDriver
Capabilities {acceptInsecureCerts: false, acceptSslCerts: false, applicationCacheEnabled: false, browserConnectionEnabled: false, browserName: chrome, chrome: {chromedriverVersion: 2.43.600210 (68dcf5eebde371..., userDataDir: C:\Users\SD4665~1.DAN\AppDa...}, cssSelectorsEnabled: true, databaseEnabled: false, goog:chromeOptions: {debuggerAddress: localhost:63720}, handlesAlerts: true, hasTouchScreen: false, javascriptEnabled: true, locationContextEnabled: true, mobileEmulationEnabled: false, nativeEvents: true, networkConnectionEnabled: false, pageLoadStrategy: normal, platform: XP, platformName: XP, rotatable: false, setWindowRect: true, takesHeapSnapshot: true, takesScreenshot: true, unexpectedAlertBehaviour: , unhandledPromptBehavior: , version: 72.0.3626.109, webStorageEnabled: true}
Session ID: bf936eadaa905bd0dc2dec22909adc96)
	at com.kms.katalon.core.keyword.internal.KeywordMain.stepFailed(KeywordMain.groovy:36)
	at com.kms.katalon.core.webui.keyword.internal.WebUIKeywordMain.stepFailed(WebUIKeywordMain.groovy:65)
	at com.kms.katalon.core.webui.keyword.internal.WebUIKeywordMain.runKeyword(WebUIKeywordMain.groovy:27)
	at com.kms.katalon.core.webui.keyword.builtin.ClickKeyword.click(ClickKeyword.groovy:86)
	at com.kms.katalon.core.webui.keyword.builtin.ClickKeyword.execute(ClickKeyword.groovy:67)
	at com.kms.katalon.core.keyword.internal.KeywordExecutor.executeKeywordForPlatform(KeywordExecutor.groovy:53)
	at com.kms.katalon.core.webui.keyword.WebUiBuiltInKeywords.click(WebUiBuiltInKeywords.groovy:616)
	at com.kms.katalon.core.webui.keyword.WebUiBuiltInKeywords$click$3.call(Unknown Source)
	at Navigation - Payrun Comparison.run(Navigation - Payrun Comparison:16)
	at com.kms.katalon.core.main.ScriptEngine.run(ScriptEngine.java:194)
	at com.kms.katalon.core.main.ScriptEngine.runScriptAsRawText(ScriptEngine.java:119)
	at com.kms.katalon.core.main.TestCaseExecutor.runScript(TestCaseExecutor.java:328)
	at com.kms.katalon.core.main.TestCaseExecutor.doExecute(TestCaseExecutor.java:319)
	at com.kms.katalon.core.main.TestCaseExecutor.processExecutionPhase(TestCaseExecutor.java:298)
	at com.kms.katalon.core.main.TestCaseExecutor.accessMainPhase(TestCaseExecutor.java:290)
	at com.kms.katalon.core.main.TestCaseExecutor.execute(TestCaseExecutor.java:224)
	at com.kms.katalon.core.main.TestCaseMain.runTestCase(TestCaseMain.java:106)
	at com.kms.katalon.core.keyword.builtin.CallTestCaseKeyword$_callTestCase_closure1.doCall(CallTestCaseKeyword.groovy:59)
	at com.kms.katalon.core.keyword.builtin.CallTestCaseKeyword$_callTestCase_closure1.call(CallTestCaseKeyword.groovy)
	at com.kms.katalon.core.keyword.internal.KeywordMain.runKeyword(KeywordMain.groovy:54)
	at com.kms.katalon.core.keyword.builtin.CallTestCaseKeyword.callTestCase(CallTestCaseKeyword.groovy:80)
	at com.kms.katalon.core.keyword.builtin.CallTestCaseKeyword.execute(CallTestCaseKeyword.groovy:44)
	at com.kms.katalon.core.keyword.internal.KeywordExecutor.executeKeywordForPlatform(KeywordExecutor.groovy:53)
	at com.kms.katalon.core.keyword.BuiltinKeywords.callTestCase(BuiltinKeywords.groovy:334)
	at Navigation - Reporting.run(Navigation - Reporting:26)
	at com.kms.katalon.core.main.ScriptEngine.run(ScriptEngine.java:194)
	at com.kms.katalon.core.main.ScriptEngine.runScriptAsRawText(ScriptEngine.java:119)
	at com.kms.katalon.core.main.TestCaseExecutor.runScript(TestCaseExecutor.java:328)
	at com.kms.katalon.core.main.TestCaseExecutor.doExecute(TestCaseExecutor.java:319)
	at com.kms.katalon.core.main.TestCaseExecutor.processExecutionPhase(TestCaseExecutor.java:298)
	at com.kms.katalon.core.main.TestCaseExecutor.accessMainPhase(TestCaseExecutor.java:290)
	at com.kms.katalon.core.main.TestCaseExecutor.execute(TestCaseExecutor.java:224)
	at com.kms.katalon.core.main.TestSuiteExecutor.accessTestCaseMainPhase(TestSuiteExecutor.java:129)
	at com.kms.katalon.core.main.TestSuiteExecutor.accessTestSuiteMainPhase(TestSuiteExecutor.java:112)
	at com.kms.katalon.core.main.TestSuiteExecutor.execute(TestSuiteExecutor.java:81)
	at com.kms.katalon.core.main.TestCaseMain.startTestSuite(TestCaseMain.java:149)
	at com.kms.katalon.core.main.TestCaseMain$startTestSuite$0.call(Unknown Source)
	at TempTestSuite1550552648495.run(TempTestSuite1550552648495.groovy:36)


2019-02-19 09:14:08 - [MESSAGE][FAILED] - Unable to click on object 'Object Repository/Navigations/Navigation - Payrun Comparison/label_Payrun Comparison' (Root cause: org.openqa.selenium.WebDriverException: unknown error: Element <label _ngcontent-c10="" for="tab1">...</label> is not clickable at point (367, 131). Other element would receive the click: <div _ngcontent-c11="" class="loader ng-star-inserted">...</div>
  (Session info: chrome=72.0.3626.109)
  (Driver info: chromedriver=2.43.600210 (68dcf5eebde37173d4027fa8635e332711d2874a),platform=Windows NT 10.0.16299 x86_64) (WARNING: The server did not provide any stacktrace information)
Command duration or timeout: 0 milliseconds
Build info: version: '3.7.1', revision: '8a0099a', time: '2017-11-06T21:07:36.161Z'
System info: host: 'PC0871RF', ip: '192.168.97.1', os.name: 'Windows 10', os.arch: 'amd64', os.version: '10.0', java.version: '1.8.0_181'
Driver info: com.kms.katalon.selenium.driver.CChromeDriver
Capabilities {acceptInsecureCerts: false, acceptSslCerts: false, applicationCacheEnabled: false, browserConnectionEnabled: false, browserName: chrome, chrome: {chromedriverVersion: 2.43.600210 (68dcf5eebde371..., userDataDir: C:\Users\SD4665~1.DAN\AppDa...}, cssSelectorsEnabled: true, databaseEnabled: false, goog:chromeOptions: {debuggerAddress: localhost:63720}, handlesAlerts: true, hasTouchScreen: false, javascriptEnabled: true, locationContextEnabled: true, mobileEmulationEnabled: false, nativeEvents: true, networkConnectionEnabled: false, pageLoadStrategy: normal, platform: XP, platformName: XP, rotatable: false, setWindowRect: true, takesHeapSnapshot: true, takesScreenshot: true, unexpectedAlertBehaviour: , unhandledPromptBehavior: , version: 72.0.3626.109, webStorageEnabled: true}
Session ID: bf936eadaa905bd0dc2dec22909adc96)
[[ATTACHMENT|C:\\Users\\SD466525.DAN001\\git\\Test-Automation_ToolkitVersion2\\Reports\\Smoke Test\\20190219_090403\\1550553247905.png]]

2019-02-19 09:14:08 - [MESSAGE][FAILED] - click(findTestObject("Navigations/Navigation - Payrun Comparison/label_Payrun Comparison")) FAILED.
Reason:
com.kms.katalon.core.exception.StepFailedException: Unable to click on object 'Object Repository/Navigations/Navigation - Payrun Comparison/label_Payrun Comparison' (Root cause: org.openqa.selenium.WebDriverException: unknown error: Element <label _ngcontent-c10="" for="tab1">...</label> is not clickable at point (367, 131). Other element would receive the click: <div _ngcontent-c11="" class="loader ng-star-inserted">...</div>
  (Session info: chrome=72.0.3626.109)
  (Driver info: chromedriver=2.43.600210 (68dcf5eebde37173d4027fa8635e332711d2874a),platform=Windows NT 10.0.16299 x86_64) (WARNING: The server did not provide any stacktrace information)
Command duration or timeout: 0 milliseconds
Build info: version: '3.7.1', revision: '8a0099a', time: '2017-11-06T21:07:36.161Z'
System info: host: 'PC0871RF', ip: '192.168.97.1', os.name: 'Windows 10', os.arch: 'amd64', os.version: '10.0', java.version: '1.8.0_181'
Driver info: com.kms.katalon.selenium.driver.CChromeDriver
Capabilities {acceptInsecureCerts: false, acceptSslCerts: false, applicationCacheEnabled: false, browserConnectionEnabled: false, browserName: chrome, chrome: {chromedriverVersion: 2.43.600210 (68dcf5eebde371..., userDataDir: C:\Users\SD4665~1.DAN\AppDa...}, cssSelectorsEnabled: true, databaseEnabled: false, goog:chromeOptions: {debuggerAddress: localhost:63720}, handlesAlerts: true, hasTouchScreen: false, javascriptEnabled: true, locationContextEnabled: true, mobileEmulationEnabled: false, nativeEvents: true, networkConnectionEnabled: false, pageLoadStrategy: normal, platform: XP, platformName: XP, rotatable: false, setWindowRect: true, takesHeapSnapshot: true, takesScreenshot: true, unexpectedAlertBehaviour: , unhandledPromptBehavior: , version: 72.0.3626.109, webStorageEnabled: true}
Session ID: bf936eadaa905bd0dc2dec22909adc96)
	at com.kms.katalon.core.keyword.internal.KeywordMain.stepFailed(KeywordMain.groovy:36)
	at com.kms.katalon.core.webui.keyword.internal.WebUIKeywordMain.stepFailed(WebUIKeywordMain.groovy:65)
	at com.kms.katalon.core.webui.keyword.internal.WebUIKeywordMain.runKeyword(WebUIKeywordMain.groovy:27)
	at com.kms.katalon.core.webui.keyword.builtin.ClickKeyword.click(ClickKeyword.groovy:86)
	at com.kms.katalon.core.webui.keyword.builtin.ClickKeyword.execute(ClickKeyword.groovy:67)
	at com.kms.katalon.core.keyword.internal.KeywordExecutor.executeKeywordForPlatform(KeywordExecutor.groovy:53)
	at com.kms.katalon.core.webui.keyword.WebUiBuiltInKeywords.click(WebUiBuiltInKeywords.groovy:616)
	at com.kms.katalon.core.webui.keyword.WebUiBuiltInKeywords$click$3.call(Unknown Source)
	at Navigation - Payrun Comparison.run(Navigation - Payrun Comparison:16)
	at com.kms.katalon.core.main.ScriptEngine.run(ScriptEngine.java:194)
	at com.kms.katalon.core.main.ScriptEngine.runScriptAsRawText(ScriptEngine.java:119)
	at com.kms.katalon.core.main.TestCaseExecutor.runScript(TestCaseExecutor.java:328)
	at com.kms.katalon.core.main.TestCaseExecutor.doExecute(TestCaseExecutor.java:319)
	at com.kms.katalon.core.main.TestCaseExecutor.processExecutionPhase(TestCaseExecutor.java:298)
	at com.kms.katalon.core.main.TestCaseExecutor.accessMainPhase(TestCaseExecutor.java:290)
	at com.kms.katalon.core.main.TestCaseExecutor.execute(TestCaseExecutor.java:224)
	at com.kms.katalon.core.main.TestCaseMain.runTestCase(TestCaseMain.java:106)
	at com.kms.katalon.core.keyword.builtin.CallTestCaseKeyword$_callTestCase_closure1.doCall(CallTestCaseKeyword.groovy:59)
	at com.kms.katalon.core.keyword.builtin.CallTestCaseKeyword$_callTestCase_closure1.call(CallTestCaseKeyword.groovy)
	at com.kms.katalon.core.keyword.internal.KeywordMain.runKeyword(KeywordMain.groovy:54)
	at com.kms.katalon.core.keyword.builtin.CallTestCaseKeyword.callTestCase(CallTestCaseKeyword.groovy:80)
	at com.kms.katalon.core.keyword.builtin.CallTestCaseKeyword.execute(CallTestCaseKeyword.groovy:44)
	at com.kms.katalon.core.keyword.internal.KeywordExecutor.executeKeywordForPlatform(KeywordExecutor.groovy:53)
	at com.kms.katalon.core.keyword.BuiltinKeywords.callTestCase(BuiltinKeywords.groovy:334)
	at Navigation - Reporting.run(Navigation - Reporting:26)
	at com.kms.katalon.core.main.ScriptEngine.run(ScriptEngine.java:194)
	at com.kms.katalon.core.main.ScriptEngine.runScriptAsRawText(ScriptEngine.java:119)
	at com.kms.katalon.core.main.TestCaseExecutor.runScript(TestCaseExecutor.java:328)
	at com.kms.katalon.core.main.TestCaseExecutor.doExecute(TestCaseExecutor.java:319)
	at com.kms.katalon.core.main.TestCaseExecutor.processExecutionPhase(TestCaseExecutor.java:298)
	at com.kms.katalon.core.main.TestCaseExecutor.accessMainPhase(TestCaseExecutor.java:290)
	at com.kms.katalon.core.main.TestCaseExecutor.execute(TestCaseExecutor.java:224)
	at com.kms.katalon.core.main.TestSuiteExecutor.accessTestCaseMainPhase(TestSuiteExecutor.java:129)
	at com.kms.katalon.core.main.TestSuiteExecutor.accessTestSuiteMainPhase(TestSuiteExecutor.java:112)
	at com.kms.katalon.core.main.TestSuiteExecutor.execute(TestSuiteExecutor.java:81)
	at com.kms.katalon.core.main.TestCaseMain.startTestSuite(TestCaseMain.java:149)
	at com.kms.katalon.core.main.TestCaseMain$startTestSuite$0.call(Unknown Source)
	at TempTestSuite1550552648495.run(TempTestSuite1550552648495.groovy:36)


2019-02-19 09:14:08 - [MESSAGE][FAILED] - Unable to call Test Case 'Test Cases/Navigations/Navigation - Payrun Comparison' (Root cause: com.kms.katalon.core.exception.StepFailedException: Call Test Case 'Test Cases/Navigations/Navigation - Payrun Comparison' failed)

2019-02-19 09:14:08 - [MESSAGE][FAILED] - callTestCase(findTestCase("Navigations/Navigation - Payrun Comparison"), [:], STOP_ON_FAILURE) FAILED.
Reason:
com.kms.katalon.core.exception.StepFailedException: Unable to click on object 'Object Repository/Navigations/Navigation - Payrun Comparison/label_Payrun Comparison' (Root cause: org.openqa.selenium.WebDriverException: unknown error: Element <label _ngcontent-c10="" for="tab1">...</label> is not clickable at point (367, 131). Other element would receive the click: <div _ngcontent-c11="" class="loader ng-star-inserted">...</div>
  (Session info: chrome=72.0.3626.109)
  (Driver info: chromedriver=2.43.600210 (68dcf5eebde37173d4027fa8635e332711d2874a),platform=Windows NT 10.0.16299 x86_64) (WARNING: The server did not provide any stacktrace information)
Command duration or timeout: 0 milliseconds
Build info: version: '3.7.1', revision: '8a0099a', time: '2017-11-06T21:07:36.161Z'
System info: host: 'PC0871RF', ip: '192.168.97.1', os.name: 'Windows 10', os.arch: 'amd64', os.version: '10.0', java.version: '1.8.0_181'
Driver info: com.kms.katalon.selenium.driver.CChromeDriver
Capabilities {acceptInsecureCerts: false, acceptSslCerts: false, applicationCacheEnabled: false, browserConnectionEnabled: false, browserName: chrome, chrome: {chromedriverVersion: 2.43.600210 (68dcf5eebde371..., userDataDir: C:\Users\SD4665~1.DAN\AppDa...}, cssSelectorsEnabled: true, databaseEnabled: false, goog:chromeOptions: {debuggerAddress: localhost:63720}, handlesAlerts: true, hasTouchScreen: false, javascriptEnabled: true, locationContextEnabled: true, mobileEmulationEnabled: false, nativeEvents: true, networkConnectionEnabled: false, pageLoadStrategy: normal, platform: XP, platformName: XP, rotatable: false, setWindowRect: true, takesHeapSnapshot: true, takesScreenshot: true, unexpectedAlertBehaviour: , unhandledPromptBehavior: , version: 72.0.3626.109, webStorageEnabled: true}
Session ID: bf936eadaa905bd0dc2dec22909adc96)
	at com.kms.katalon.core.keyword.internal.KeywordMain.stepFailed(KeywordMain.groovy:36)
	at com.kms.katalon.core.webui.keyword.internal.WebUIKeywordMain.stepFailed(WebUIKeywordMain.groovy:65)
	at com.kms.katalon.core.webui.keyword.internal.WebUIKeywordMain.runKeyword(WebUIKeywordMain.groovy:27)
	at com.kms.katalon.core.webui.keyword.builtin.ClickKeyword.click(ClickKeyword.groovy:86)
	at com.kms.katalon.core.webui.keyword.builtin.ClickKeyword.execute(ClickKeyword.groovy:67)
	at com.kms.katalon.core.keyword.internal.KeywordExecutor.executeKeywordForPlatform(KeywordExecutor.groovy:53)
	at com.kms.katalon.core.webui.keyword.WebUiBuiltInKeywords.click(WebUiBuiltInKeywords.groovy:616)
	at com.kms.katalon.core.webui.keyword.WebUiBuiltInKeywords$click$3.call(Unknown Source)
	at Navigation - Payrun Comparison.run(Navigation - Payrun Comparison:16)
	at com.kms.katalon.core.main.ScriptEngine.run(ScriptEngine.java:194)
	at com.kms.katalon.core.main.ScriptEngine.runScriptAsRawText(ScriptEngine.java:119)
	at com.kms.katalon.core.main.TestCaseExecutor.runScript(TestCaseExecutor.java:328)
	at com.kms.katalon.core.main.TestCaseExecutor.doExecute(TestCaseExecutor.java:319)
	at com.kms.katalon.core.main.TestCaseExecutor.processExecutionPhase(TestCaseExecutor.java:298)
	at com.kms.katalon.core.main.TestCaseExecutor.accessMainPhase(TestCaseExecutor.java:290)
	at com.kms.katalon.core.main.TestCaseExecutor.execute(TestCaseExecutor.java:224)
	at com.kms.katalon.core.main.TestCaseMain.runTestCase(TestCaseMain.java:106)
	at com.kms.katalon.core.keyword.builtin.CallTestCaseKeyword$_callTestCase_closure1.doCall(CallTestCaseKeyword.groovy:59)
	at com.kms.katalon.core.keyword.builtin.CallTestCaseKeyword$_callTestCase_closure1.call(CallTestCaseKeyword.groovy)
	at com.kms.katalon.core.keyword.internal.KeywordMain.runKeyword(KeywordMain.groovy:54)
	at com.kms.katalon.core.keyword.builtin.CallTestCaseKeyword.callTestCase(CallTestCaseKeyword.groovy:80)
	at com.kms.katalon.core.keyword.builtin.CallTestCaseKeyword.execute(CallTestCaseKeyword.groovy:44)
	at com.kms.katalon.core.keyword.internal.KeywordExecutor.executeKeywordForPlatform(KeywordExecutor.groovy:53)
	at com.kms.katalon.core.keyword.BuiltinKeywords.callTestCase(BuiltinKeywords.groovy:334)
	at Navigation - Reporting.run(Navigation - Reporting:26)
	at com.kms.katalon.core.main.ScriptEngine.run(ScriptEngine.java:194)
	at com.kms.katalon.core.main.ScriptEngine.runScriptAsRawText(ScriptEngine.java:119)
	at com.kms.katalon.core.main.TestCaseExecutor.runScript(TestCaseExecutor.java:328)
	at com.kms.katalon.core.main.TestCaseExecutor.doExecute(TestCaseExecutor.java:319)
	at com.kms.katalon.core.main.TestCaseExecutor.processExecutionPhase(TestCaseExecutor.java:298)
	at com.kms.katalon.core.main.TestCaseExecutor.accessMainPhase(TestCaseExecutor.java:290)
	at com.kms.katalon.core.main.TestCaseExecutor.execute(TestCaseExecutor.java:224)
	at com.kms.katalon.core.main.TestSuiteExecutor.accessTestCaseMainPhase(TestSuiteExecutor.java:129)
	at com.kms.katalon.core.main.TestSuiteExecutor.accessTestSuiteMainPhase(TestSuiteExecutor.java:112)
	at com.kms.katalon.core.main.TestSuiteExecutor.execute(TestSuiteExecutor.java:81)
	at com.kms.katalon.core.main.TestCaseMain.startTestSuite(TestCaseMain.java:149)
	at com.kms.katalon.core.main.TestCaseMain$startTestSuite$0.call(Unknown Source)
	at TempTestSuite1550552648495.run(TempTestSuite1550552648495.groovy:36)]]></system-out>
         <system-err><![CDATA[2019-02-19 09:13:25 - [TEST_CASE][FAILED] - Test Cases/Smoke Test/Navigation - Reporting: Test Cases/Smoke Test/Navigation - Reporting FAILED.
Reason:
com.kms.katalon.core.exception.StepFailedException: Unable to click on object 'Object Repository/Navigations/Navigation - Payrun Comparison/label_Payrun Comparison' (Root cause: org.openqa.selenium.WebDriverException: unknown error: Element <label _ngcontent-c10="" for="tab1">...</label> is not clickable at point (367, 131). Other element would receive the click: <div _ngcontent-c11="" class="loader ng-star-inserted">...</div>
  (Session info: chrome=72.0.3626.109)
  (Driver info: chromedriver=2.43.600210 (68dcf5eebde37173d4027fa8635e332711d2874a),platform=Windows NT 10.0.16299 x86_64) (WARNING: The server did not provide any stacktrace information)
Command duration or timeout: 0 milliseconds
Build info: version: '3.7.1', revision: '8a0099a', time: '2017-11-06T21:07:36.161Z'
System info: host: 'PC0871RF', ip: '192.168.97.1', os.name: 'Windows 10', os.arch: 'amd64', os.version: '10.0', java.version: '1.8.0_181'
Driver info: com.kms.katalon.selenium.driver.CChromeDriver
Capabilities {acceptInsecureCerts: false, acceptSslCerts: false, applicationCacheEnabled: false, browserConnectionEnabled: false, browserName: chrome, chrome: {chromedriverVersion: 2.43.600210 (68dcf5eebde371..., userDataDir: C:\Users\SD4665~1.DAN\AppDa...}, cssSelectorsEnabled: true, databaseEnabled: false, goog:chromeOptions: {debuggerAddress: localhost:63720}, handlesAlerts: true, hasTouchScreen: false, javascriptEnabled: true, locationContextEnabled: true, mobileEmulationEnabled: false, nativeEvents: true, networkConnectionEnabled: false, pageLoadStrategy: normal, platform: XP, platformName: XP, rotatable: false, setWindowRect: true, takesHeapSnapshot: true, takesScreenshot: true, unexpectedAlertBehaviour: , unhandledPromptBehavior: , version: 72.0.3626.109, webStorageEnabled: true}
Session ID: bf936eadaa905bd0dc2dec22909adc96)
	at com.kms.katalon.core.keyword.internal.KeywordMain.stepFailed(KeywordMain.groovy:36)
	at com.kms.katalon.core.webui.keyword.internal.WebUIKeywordMain.stepFailed(WebUIKeywordMain.groovy:65)
	at com.kms.katalon.core.webui.keyword.internal.WebUIKeywordMain.runKeyword(WebUIKeywordMain.groovy:27)
	at com.kms.katalon.core.webui.keyword.builtin.ClickKeyword.click(ClickKeyword.groovy:86)
	at com.kms.katalon.core.webui.keyword.builtin.ClickKeyword.execute(ClickKeyword.groovy:67)
	at com.kms.katalon.core.keyword.internal.KeywordExecutor.executeKeywordForPlatform(KeywordExecutor.groovy:53)
	at com.kms.katalon.core.webui.keyword.WebUiBuiltInKeywords.click(WebUiBuiltInKeywords.groovy:616)
	at com.kms.katalon.core.webui.keyword.WebUiBuiltInKeywords$click$3.call(Unknown Source)
	at Navigation - Payrun Comparison.run(Navigation - Payrun Comparison:16)
	at com.kms.katalon.core.main.ScriptEngine.run(ScriptEngine.java:194)
	at com.kms.katalon.core.main.ScriptEngine.runScriptAsRawText(ScriptEngine.java:119)
	at com.kms.katalon.core.main.TestCaseExecutor.runScript(TestCaseExecutor.java:328)
	at com.kms.katalon.core.main.TestCaseExecutor.doExecute(TestCaseExecutor.java:319)
	at com.kms.katalon.core.main.TestCaseExecutor.processExecutionPhase(TestCaseExecutor.java:298)
	at com.kms.katalon.core.main.TestCaseExecutor.accessMainPhase(TestCaseExecutor.java:290)
	at com.kms.katalon.core.main.TestCaseExecutor.execute(TestCaseExecutor.java:224)
	at com.kms.katalon.core.main.TestCaseMain.runTestCase(TestCaseMain.java:106)
	at com.kms.katalon.core.keyword.builtin.CallTestCaseKeyword$_callTestCase_closure1.doCall(CallTestCaseKeyword.groovy:59)
	at com.kms.katalon.core.keyword.builtin.CallTestCaseKeyword$_callTestCase_closure1.call(CallTestCaseKeyword.groovy)
	at com.kms.katalon.core.keyword.internal.KeywordMain.runKeyword(KeywordMain.groovy:54)
	at com.kms.katalon.core.keyword.builtin.CallTestCaseKeyword.callTestCase(CallTestCaseKeyword.groovy:80)
	at com.kms.katalon.core.keyword.builtin.CallTestCaseKeyword.execute(CallTestCaseKeyword.groovy:44)
	at com.kms.katalon.core.keyword.internal.KeywordExecutor.executeKeywordForPlatform(KeywordExecutor.groovy:53)
	at com.kms.katalon.core.keyword.BuiltinKeywords.callTestCase(BuiltinKeywords.groovy:334)
	at Navigation - Reporting.run(Navigation - Reporting:26)
	at com.kms.katalon.core.main.ScriptEngine.run(ScriptEngine.java:194)
	at com.kms.katalon.core.main.ScriptEngine.runScriptAsRawText(ScriptEngine.java:119)
	at com.kms.katalon.core.main.TestCaseExecutor.runScript(TestCaseExecutor.java:328)
	at com.kms.katalon.core.main.TestCaseExecutor.doExecute(TestCaseExecutor.java:319)
	at com.kms.katalon.core.main.TestCaseExecutor.processExecutionPhase(TestCaseExecutor.java:298)
	at com.kms.katalon.core.main.TestCaseExecutor.accessMainPhase(TestCaseExecutor.java:290)
	at com.kms.katalon.core.main.TestCaseExecutor.execute(TestCaseExecutor.java:224)
	at com.kms.katalon.core.main.TestSuiteExecutor.accessTestCaseMainPhase(TestSuiteExecutor.java:129)
	at com.kms.katalon.core.main.TestSuiteExecutor.accessTestSuiteMainPhase(TestSuiteExecutor.java:112)
	at com.kms.katalon.core.main.TestSuiteExecutor.execute(TestSuiteExecutor.java:81)
	at com.kms.katalon.core.main.TestCaseMain.startTestSuite(TestCaseMain.java:149)
	at com.kms.katalon.core.main.TestCaseMain$startTestSuite$0.call(Unknown Source)
	at TempTestSuite1550552648495.run(TempTestSuite1550552648495.groovy:36)]]></system-err>
      </testcase>
      <system-out><![CDATA[2019-02-19 09:04:12 - [TEST_SUITE][FAILED] - Smoke Test: Test Cases/Smoke Test/NavigationYourPayAndBenefits FAILED.
Reason:
com.kms.katalon.core.exception.StepFailedException: Unable to click on object 'Object Repository/Navigations/Navigation - Allowances/button_Add Allowance' (Root cause: org.openqa.selenium.WebDriverException: unknown error: Element <button class="add btn btn-success" id="addAllowanceDetailsButton" style="margin-bottom:5px;">...</button> is not clickable at point (177, 331). Other element would receive the click: <div id="loader"></div>
  (Session info: chrome=72.0.3626.109)
  (Driver info: chromedriver=2.43.600210 (68dcf5eebde37173d4027fa8635e332711d2874a),platform=Windows NT 10.0.16299 x86_64) (WARNING: The server did not provide any stacktrace information)
Command duration or timeout: 0 milliseconds
Build info: version: '3.7.1', revision: '8a0099a', time: '2017-11-06T21:07:36.161Z'
System info: host: 'PC0871RF', ip: '192.168.97.1', os.name: 'Windows 10', os.arch: 'amd64', os.version: '10.0', java.version: '1.8.0_181'
Driver info: com.kms.katalon.selenium.driver.CChromeDriver
Capabilities {acceptInsecureCerts: false, acceptSslCerts: false, applicationCacheEnabled: false, browserConnectionEnabled: false, browserName: chrome, chrome: {chromedriverVersion: 2.43.600210 (68dcf5eebde371..., userDataDir: C:\Users\SD4665~1.DAN\AppDa...}, cssSelectorsEnabled: true, databaseEnabled: false, goog:chromeOptions: {debuggerAddress: localhost:63468}, handlesAlerts: true, hasTouchScreen: false, javascriptEnabled: true, locationContextEnabled: true, mobileEmulationEnabled: false, nativeEvents: true, networkConnectionEnabled: false, pageLoadStrategy: normal, platform: XP, platformName: XP, rotatable: false, setWindowRect: true, takesHeapSnapshot: true, takesScreenshot: true, unexpectedAlertBehaviour: , unhandledPromptBehavior: , version: 72.0.3626.109, webStorageEnabled: true}
Session ID: 2c9a396bf136be9eaf7b9b8357d44fd6)
	at com.kms.katalon.core.keyword.internal.KeywordMain.stepFailed(KeywordMain.groovy:36)
	at com.kms.katalon.core.webui.keyword.internal.WebUIKeywordMain.stepFailed(WebUIKeywordMain.groovy:65)
	at com.kms.katalon.core.webui.keyword.internal.WebUIKeywordMain.runKeyword(WebUIKeywordMain.groovy:27)
	at com.kms.katalon.core.webui.keyword.builtin.ClickKeyword.click(ClickKeyword.groovy:86)
	at com.kms.katalon.core.webui.keyword.builtin.ClickKeyword.execute(ClickKeyword.groovy:67)
	at com.kms.katalon.core.keyword.internal.KeywordExecutor.executeKeywordForPlatform(KeywordExecutor.groovy:53)
	at com.kms.katalon.core.webui.keyword.WebUiBuiltInKeywords.click(WebUiBuiltInKeywords.groovy:604)
	at com.kms.katalon.core.webui.keyword.WebUiBuiltInKeywords$click$9.call(Unknown Source)
	at Navigation - Allowances.run(Navigation - Allowances:38)
	at com.kms.katalon.core.main.ScriptEngine.run(ScriptEngine.java:194)
	at com.kms.katalon.core.main.ScriptEngine.runScriptAsRawText(ScriptEngine.java:119)
	at com.kms.katalon.core.main.TestCaseExecutor.runScript(TestCaseExecutor.java:328)
	at com.kms.katalon.core.main.TestCaseExecutor.doExecute(TestCaseExecutor.java:319)
	at com.kms.katalon.core.main.TestCaseExecutor.processExecutionPhase(TestCaseExecutor.java:298)
	at com.kms.katalon.core.main.TestCaseExecutor.accessMainPhase(TestCaseExecutor.java:290)
	at com.kms.katalon.core.main.TestCaseExecutor.execute(TestCaseExecutor.java:224)
	at com.kms.katalon.core.main.TestCaseMain.runTestCase(TestCaseMain.java:106)
	at com.kms.katalon.core.keyword.builtin.CallTestCaseKeyword$_callTestCase_closure1.doCall(CallTestCaseKeyword.groovy:59)
	at com.kms.katalon.core.keyword.builtin.CallTestCaseKeyword$_callTestCase_closure1.call(CallTestCaseKeyword.groovy)
	at com.kms.katalon.core.keyword.internal.KeywordMain.runKeyword(KeywordMain.groovy:54)
	at com.kms.katalon.core.keyword.builtin.CallTestCaseKeyword.callTestCase(CallTestCaseKeyword.groovy:80)
	at com.kms.katalon.core.keyword.builtin.CallTestCaseKeyword.execute(CallTestCaseKeyword.groovy:44)
	at com.kms.katalon.core.keyword.internal.KeywordExecutor.executeKeywordForPlatform(KeywordExecutor.groovy:53)
	at com.kms.katalon.core.keyword.BuiltinKeywords.callTestCase(BuiltinKeywords.groovy:334)
	at NavigationYourPayAndBenefits.run(NavigationYourPayAndBenefits:18)
	at com.kms.katalon.core.main.ScriptEngine.run(ScriptEngine.java:194)
	at com.kms.katalon.core.main.ScriptEngine.runScriptAsRawText(ScriptEngine.java:119)
	at com.kms.katalon.core.main.TestCaseExecutor.runScript(TestCaseExecutor.java:328)
	at com.kms.katalon.core.main.TestCaseExecutor.doExecute(TestCaseExecutor.java:319)
	at com.kms.katalon.core.main.TestCaseExecutor.processExecutionPhase(TestCaseExecutor.java:298)
	at com.kms.katalon.core.main.TestCaseExecutor.accessMainPhase(TestCaseExecutor.java:290)
	at com.kms.katalon.core.main.TestCaseExecutor.execute(TestCaseExecutor.java:224)
	at com.kms.katalon.core.main.TestSuiteExecutor.accessTestCaseMainPhase(TestSuiteExecutor.java:129)
	at com.kms.katalon.core.main.TestSuiteExecutor.accessTestSuiteMainPhase(TestSuiteExecutor.java:112)
	at com.kms.katalon.core.main.TestSuiteExecutor.execute(TestSuiteExecutor.java:81)
	at com.kms.katalon.core.main.TestCaseMain.startTestSuite(TestCaseMain.java:149)
	at com.kms.katalon.core.main.TestCaseMain$startTestSuite$0.call(Unknown Source)
	at TempTestSuite1550552648495.run(TempTestSuite1550552648495.groovy:36)]]></system-out>
      <system-err><![CDATA[2019-02-19 09:04:12 - [TEST_SUITE][FAILED] - Smoke Test: Test Cases/Smoke Test/NavigationYourPayAndBenefits FAILED.
Reason:
com.kms.katalon.core.exception.StepFailedException: Unable to click on object 'Object Repository/Navigations/Navigation - Allowances/button_Add Allowance' (Root cause: org.openqa.selenium.WebDriverException: unknown error: Element <button class="add btn btn-success" id="addAllowanceDetailsButton" style="margin-bottom:5px;">...</button> is not clickable at point (177, 331). Other element would receive the click: <div id="loader"></div>
  (Session info: chrome=72.0.3626.109)
  (Driver info: chromedriver=2.43.600210 (68dcf5eebde37173d4027fa8635e332711d2874a),platform=Windows NT 10.0.16299 x86_64) (WARNING: The server did not provide any stacktrace information)
Command duration or timeout: 0 milliseconds
Build info: version: '3.7.1', revision: '8a0099a', time: '2017-11-06T21:07:36.161Z'
System info: host: 'PC0871RF', ip: '192.168.97.1', os.name: 'Windows 10', os.arch: 'amd64', os.version: '10.0', java.version: '1.8.0_181'
Driver info: com.kms.katalon.selenium.driver.CChromeDriver
Capabilities {acceptInsecureCerts: false, acceptSslCerts: false, applicationCacheEnabled: false, browserConnectionEnabled: false, browserName: chrome, chrome: {chromedriverVersion: 2.43.600210 (68dcf5eebde371..., userDataDir: C:\Users\SD4665~1.DAN\AppDa...}, cssSelectorsEnabled: true, databaseEnabled: false, goog:chromeOptions: {debuggerAddress: localhost:63468}, handlesAlerts: true, hasTouchScreen: false, javascriptEnabled: true, locationContextEnabled: true, mobileEmulationEnabled: false, nativeEvents: true, networkConnectionEnabled: false, pageLoadStrategy: normal, platform: XP, platformName: XP, rotatable: false, setWindowRect: true, takesHeapSnapshot: true, takesScreenshot: true, unexpectedAlertBehaviour: , unhandledPromptBehavior: , version: 72.0.3626.109, webStorageEnabled: true}
Session ID: 2c9a396bf136be9eaf7b9b8357d44fd6)
	at com.kms.katalon.core.keyword.internal.KeywordMain.stepFailed(KeywordMain.groovy:36)
	at com.kms.katalon.core.webui.keyword.internal.WebUIKeywordMain.stepFailed(WebUIKeywordMain.groovy:65)
	at com.kms.katalon.core.webui.keyword.internal.WebUIKeywordMain.runKeyword(WebUIKeywordMain.groovy:27)
	at com.kms.katalon.core.webui.keyword.builtin.ClickKeyword.click(ClickKeyword.groovy:86)
	at com.kms.katalon.core.webui.keyword.builtin.ClickKeyword.execute(ClickKeyword.groovy:67)
	at com.kms.katalon.core.keyword.internal.KeywordExecutor.executeKeywordForPlatform(KeywordExecutor.groovy:53)
	at com.kms.katalon.core.webui.keyword.WebUiBuiltInKeywords.click(WebUiBuiltInKeywords.groovy:604)
	at com.kms.katalon.core.webui.keyword.WebUiBuiltInKeywords$click$9.call(Unknown Source)
	at Navigation - Allowances.run(Navigation - Allowances:38)
	at com.kms.katalon.core.main.ScriptEngine.run(ScriptEngine.java:194)
	at com.kms.katalon.core.main.ScriptEngine.runScriptAsRawText(ScriptEngine.java:119)
	at com.kms.katalon.core.main.TestCaseExecutor.runScript(TestCaseExecutor.java:328)
	at com.kms.katalon.core.main.TestCaseExecutor.doExecute(TestCaseExecutor.java:319)
	at com.kms.katalon.core.main.TestCaseExecutor.processExecutionPhase(TestCaseExecutor.java:298)
	at com.kms.katalon.core.main.TestCaseExecutor.accessMainPhase(TestCaseExecutor.java:290)
	at com.kms.katalon.core.main.TestCaseExecutor.execute(TestCaseExecutor.java:224)
	at com.kms.katalon.core.main.TestCaseMain.runTestCase(TestCaseMain.java:106)
	at com.kms.katalon.core.keyword.builtin.CallTestCaseKeyword$_callTestCase_closure1.doCall(CallTestCaseKeyword.groovy:59)
	at com.kms.katalon.core.keyword.builtin.CallTestCaseKeyword$_callTestCase_closure1.call(CallTestCaseKeyword.groovy)
	at com.kms.katalon.core.keyword.internal.KeywordMain.runKeyword(KeywordMain.groovy:54)
	at com.kms.katalon.core.keyword.builtin.CallTestCaseKeyword.callTestCase(CallTestCaseKeyword.groovy:80)
	at com.kms.katalon.core.keyword.builtin.CallTestCaseKeyword.execute(CallTestCaseKeyword.groovy:44)
	at com.kms.katalon.core.keyword.internal.KeywordExecutor.executeKeywordForPlatform(KeywordExecutor.groovy:53)
	at com.kms.katalon.core.keyword.BuiltinKeywords.callTestCase(BuiltinKeywords.groovy:334)
	at NavigationYourPayAndBenefits.run(NavigationYourPayAndBenefits:18)
	at com.kms.katalon.core.main.ScriptEngine.run(ScriptEngine.java:194)
	at com.kms.katalon.core.main.ScriptEngine.runScriptAsRawText(ScriptEngine.java:119)
	at com.kms.katalon.core.main.TestCaseExecutor.runScript(TestCaseExecutor.java:328)
	at com.kms.katalon.core.main.TestCaseExecutor.doExecute(TestCaseExecutor.java:319)
	at com.kms.katalon.core.main.TestCaseExecutor.processExecutionPhase(TestCaseExecutor.java:298)
	at com.kms.katalon.core.main.TestCaseExecutor.accessMainPhase(TestCaseExecutor.java:290)
	at com.kms.katalon.core.main.TestCaseExecutor.execute(TestCaseExecutor.java:224)
	at com.kms.katalon.core.main.TestSuiteExecutor.accessTestCaseMainPhase(TestSuiteExecutor.java:129)
	at com.kms.katalon.core.main.TestSuiteExecutor.accessTestSuiteMainPhase(TestSuiteExecutor.java:112)
	at com.kms.katalon.core.main.TestSuiteExecutor.execute(TestSuiteExecutor.java:81)
	at com.kms.katalon.core.main.TestCaseMain.startTestSuite(TestCaseMain.java:149)
	at com.kms.katalon.core.main.TestCaseMain$startTestSuite$0.call(Unknown Source)
	at TempTestSuite1550552648495.run(TempTestSuite1550552648495.groovy:36)]]></system-err>
   </testsuite>
</testsuites>
